2023-11-22 11:59:44,627 [INFO] Activator:176 - 


2023-11-22 11:59:44,627 [INFO] Activator:177 - !SESSION log4j initialized
2023-11-22 11:59:48,342 [INFO] LogOutputStream:77 - [STDOUT_REDIRECT] 
2023-11-22 11:59:49,457 [INFO] ApplicationProperties:184 - Using Application install path: C:\ST\STM32CubeIDE_1.13.1\STM32CubeIDE\plugins\com.st.stm32cube.common.mx_6.9.2.202309101412
2023-11-22 11:59:49,469 [INFO] DbMcusXml:78 - Set database path to: C:\ST\STM32CubeIDE_1.13.1\STM32CubeIDE\plugins\com.st.stm32cube.common.mx_6.9.2.202309101412\\db\/mcu/
2023-11-22 11:59:49,470 [INFO] ApiDb:274 - Set plugin database path to: C:\ST\STM32CubeIDE_1.13.1\STM32CubeIDE\plugins\com.st.stm32cube.common.mx_6.9.2.202309101412\\db\/plugins/boardmanager/
2023-11-22 11:59:49,470 [WARN] ApiDb:259 - Overriding images path with different value:  => C:\ST\STM32CubeIDE_1.13.1\STM32CubeIDE\plugins\com.st.stm32cube.common.mx_6.9.2.202309101412\\db\/plugins/mcufinder/images/
2023-11-22 11:59:49,481 [INFO] ApiDb:250 - Set database path to: C:\Users\Ubaid\.stmcufinder\plugins\mcufinder//mcu/
2023-11-22 11:59:49,482 [INFO] DbMcusAds:125 - Set database path to: C:\Users\Ubaid\.stmcufinder\plugins\mcufinder//mcu/
2023-11-22 11:59:49,483 [INFO] CrossReferenceDbSqlite:203 - Set database path to: C:\Users\Ubaid\.stmcufinder\plugins\mcufinder//mcu/cs/
2023-11-22 11:59:49,568 [INFO] RulesReader:64 - Compatibility file has been processed (293 Rules)
2023-11-22 11:59:49,621 [INFO] DbMcusXml:78 - Set database path to: C:\ST\STM32CubeIDE_1.13.1\STM32CubeIDE\plugins\com.st.stm32cube.common.mx_6.9.2.202309101412\\db\/mcu/
2023-11-22 11:59:49,621 [INFO] ApiDb:274 - Set plugin database path to: C:\ST\STM32CubeIDE_1.13.1\STM32CubeIDE\plugins\com.st.stm32cube.common.mx_6.9.2.202309101412\\db\/plugins/boardmanager/
2023-11-22 11:59:49,621 [INFO] ApiDb:261 - Set plugin images path to: C:\ST\STM32CubeIDE_1.13.1\STM32CubeIDE\plugins\com.st.stm32cube.common.mx_6.9.2.202309101412\\db\/plugins/mcufinder/images/
2023-11-22 11:59:49,621 [WARN] DbFile:41 - Overriding database path with different value: C:\Users\Ubaid\.stmcufinder\plugins\mcufinder/ => C:\Users\Ubaid\.stmcufinder\plugins\mcufinder
2023-11-22 11:59:49,621 [INFO] ApiDb:250 - Set database path to: C:\Users\Ubaid\.stmcufinder\plugins\mcufinder//mcu/
2023-11-22 11:59:49,622 [WARN] DbFile:41 - Overriding database path with different value: C:\Users\Ubaid\.stmcufinder\plugins\mcufinder/ => C:\Users\Ubaid\.stmcufinder\plugins\mcufinder
2023-11-22 11:59:49,622 [INFO] DbMcusAds:125 - Set database path to: C:\Users\Ubaid\.stmcufinder\plugins\mcufinder//mcu/
2023-11-22 11:59:49,622 [WARN] DbFile:41 - Overriding database path with different value: C:\Users\Ubaid\.stmcufinder\plugins\mcufinder/ => C:\Users\Ubaid\.stmcufinder\plugins\mcufinder
2023-11-22 11:59:49,622 [WARN] DbFile:41 - Overriding database path with different value: C:\Users\Ubaid\.stmcufinder\plugins\mcufinder/ => C:\Users\Ubaid\.stmcufinder\plugins\mcufinder
2023-11-22 11:59:49,622 [INFO] CrossReferenceDbSqlite:203 - Set database path to: C:\Users\Ubaid\.stmcufinder\plugins\mcufinder//mcu/cs/
2023-11-22 11:59:49,679 [INFO] MainPanel:262 - HeapMemory: 268435456
2023-11-22 11:59:49,740 [INFO] DbMcusXml:78 - Set database path to: C:\ST\STM32CubeIDE_1.13.1\STM32CubeIDE\plugins\com.st.stm32cube.common.mx_6.9.2.202309101412\\db\/mcu/
2023-11-22 11:59:49,740 [INFO] ApiDb:274 - Set plugin database path to: C:\ST\STM32CubeIDE_1.13.1\STM32CubeIDE\plugins\com.st.stm32cube.common.mx_6.9.2.202309101412\\db\/plugins/boardmanager/
2023-11-22 11:59:49,740 [INFO] ApiDb:261 - Set plugin images path to: C:\ST\STM32CubeIDE_1.13.1\STM32CubeIDE\plugins\com.st.stm32cube.common.mx_6.9.2.202309101412\\db\/plugins/mcufinder/images/
2023-11-22 11:59:49,740 [WARN] DbFile:41 - Overriding database path with different value: C:\Users\Ubaid\.stmcufinder\plugins\mcufinder/ => C:\Users\Ubaid\.stmcufinder\plugins\mcufinder
2023-11-22 11:59:49,740 [INFO] ApiDb:250 - Set database path to: C:\Users\Ubaid\.stmcufinder\plugins\mcufinder//mcu/
2023-11-22 11:59:49,740 [WARN] DbFile:41 - Overriding database path with different value: C:\Users\Ubaid\.stmcufinder\plugins\mcufinder/ => C:\Users\Ubaid\.stmcufinder\plugins\mcufinder
2023-11-22 11:59:49,740 [INFO] DbMcusAds:125 - Set database path to: C:\Users\Ubaid\.stmcufinder\plugins\mcufinder//mcu/
2023-11-22 11:59:49,740 [WARN] DbFile:41 - Overriding database path with different value: C:\Users\Ubaid\.stmcufinder\plugins\mcufinder/ => C:\Users\Ubaid\.stmcufinder\plugins\mcufinder
2023-11-22 11:59:49,740 [WARN] DbFile:41 - Overriding database path with different value: C:\Users\Ubaid\.stmcufinder\plugins\mcufinder/ => C:\Users\Ubaid\.stmcufinder\plugins\mcufinder
2023-11-22 11:59:49,740 [INFO] CrossReferenceDbSqlite:203 - Set database path to: C:\Users\Ubaid\.stmcufinder\plugins\mcufinder//mcu/cs/
2023-11-22 11:59:49,753 [INFO] ApplicationProperties:184 - Using Application install path: C:\ST\STM32CubeIDE_1.13.1\STM32CubeIDE\plugins\com.st.stm32cube.common.mx_6.9.2.202309101412
2023-11-22 11:59:49,754 [INFO] PluginManage:196 - Search for loadable plugins [exclusion list=, ]
2023-11-22 11:59:49,756 [INFO] PluginManage:310 - Check plugin analytics
2023-11-22 11:59:49,885 [INFO] AnalyticsPlugin:253 - Accepted Software Licenses: STM32CubeMX.6.9.1
2023-11-22 11:59:49,885 [INFO] AnalyticsPlugin:255 - Accepted CMSIS Pack Licenses: 
2023-11-22 11:59:49,885 [INFO] AnalyticsPlugin:257 - Accepted Firmware Licenses: FW.F4.1.27.0
2023-11-22 11:59:49,887 [INFO] PluginManage:359 - Loaded plugin analytics (category:tool,tabindex:-1)
2023-11-22 11:59:49,888 [INFO] PluginManage:310 - Check plugin cadmodel
2023-11-22 11:59:49,898 [INFO] CADModel:105 - Init CAD model plugin
2023-11-22 11:59:49,898 [INFO] PluginManage:359 - Loaded plugin cadmodel (category:power,tabindex:5)
2023-11-22 11:59:49,898 [INFO] PluginManage:310 - Check plugin clock
2023-11-22 11:59:49,913 [INFO] PluginManage:359 - Loaded plugin clock (category:base,tabindex:2)
2023-11-22 11:59:49,914 [INFO] PluginManage:310 - Check plugin ddr
2023-11-22 11:59:49,916 [INFO] PluginManage:359 - Loaded plugin ddr (category:tool,tabindex:6)
2023-11-22 11:59:49,916 [INFO] PluginManage:310 - Check plugin filemanager
2023-11-22 11:59:50,012 [INFO] PluginManage:359 - Loaded plugin filemanager (category:base,tabindex:10)
2023-11-22 11:59:50,012 [INFO] PluginManage:310 - Check plugin ipmanager
2023-11-22 11:59:50,017 [INFO] PluginManage:359 - Loaded plugin ipmanager (category:base,tabindex:5)
2023-11-22 11:59:50,017 [INFO] PluginManage:310 - Check plugin lpbam
2023-11-22 11:59:50,029 [INFO] PluginManage:359 - Loaded plugin lpbam (category:base,tabindex:0)
2023-11-22 11:59:50,031 [INFO] PluginManage:310 - Check plugin memorymap
2023-11-22 11:59:50,046 [INFO] PluginManage:359 - Loaded plugin memorymap (category:base,tabindex:4)
2023-11-22 11:59:50,046 [INFO] PluginManage:310 - Check plugin pinoutandconfiguration
2023-11-22 11:59:50,057 [INFO] PluginManage:359 - Loaded plugin pinoutandconfiguration (category:base,tabindex:1)
2023-11-22 11:59:50,057 [INFO] PluginManage:310 - Check plugin pinoutconfig
2023-11-22 11:59:50,118 [WARN] SupportedApi:132 - Cannot load RTOS API schema: s4s-elt-must-match.1: The content of 'definitions' must match (annotation?, (simpleType | complexType)?, (unique | key | keyref)*)). A problem was found starting at: attribute.
2023-11-22 11:59:50,208 [INFO] PluginManage:359 - Loaded plugin pinoutconfig (category:base,tabindex:0)
2023-11-22 11:59:50,208 [INFO] PluginManage:310 - Check plugin power
2023-11-22 11:59:50,225 [INFO] PluginManage:359 - Loaded plugin power (category:power,tabindex:4)
2023-11-22 11:59:50,225 [INFO] PluginManage:310 - Check plugin projectmanager
2023-11-22 11:59:50,234 [INFO] PluginManage:359 - Loaded plugin projectmanager (category:projectmanager,tabindex:3)
2023-11-22 11:59:50,234 [INFO] PluginManage:310 - Check plugin thirdparty
2023-11-22 11:59:50,412 [INFO] PluginManage:359 - Loaded plugin thirdparty (category:base,tabindex:-1)
2023-11-22 11:59:50,412 [INFO] PluginManage:310 - Check plugin tools
2023-11-22 11:59:50,412 [WARN] IntegrityCheckThread:84 - waiting for thirdparty lock release [integrity check]
2023-11-22 11:59:50,413 [INFO] IntegrityCheckThread:86 - entering critical section [integrity check]
2023-11-22 11:59:50,413 [INFO] ThirdPartyUpdaterWithRetryManager:70 - Updater plugin not ready yet. [1/15]
2023-11-22 11:59:50,430 [INFO] PluginManage:359 - Loaded plugin tools (category:base,tabindex:7)
2023-11-22 11:59:50,430 [INFO] PluginManage:310 - Check plugin tutovideos
2023-11-22 11:59:50,553 [INFO] PluginManage:359 - Loaded plugin tutovideos (category:base,tabindex:-1)
2023-11-22 11:59:50,554 [INFO] PluginManage:310 - Check plugin updater
2023-11-22 11:59:50,561 [INFO] PluginManage:359 - Loaded plugin updater (category:base,tabindex:12)
2023-11-22 11:59:50,561 [INFO] PluginManage:310 - Check plugin userauth
2023-11-22 11:59:50,565 [INFO] UserAuth:113 - Init User Auth plugin
2023-11-22 11:59:50,565 [INFO] PluginManage:359 - Loaded plugin userauth (category:base,tabindex:14)
2023-11-22 11:59:50,565 [INFO] PluginManage:283 - PluginManage : Loaded plugins [17]
2023-11-22 11:59:50,722 [INFO] PinOutPanel:1499 - setPackage(No Configuration,No Configuration)
2023-11-22 11:59:50,787 [INFO] CADModel:165 - CPN selected for project level
2023-11-22 11:59:50,787 [INFO] CADModel:114 - Register for checkConnection events
2023-11-22 11:59:50,805 [INFO] IPUIPlugin:80 - create IPUIPlugin
2023-11-22 11:59:50,805 [INFO] PluginManager:220 - loadIPPluginJar : add adc
2023-11-22 11:59:50,826 [INFO] IPUIPlugin:80 - create IPUIPlugin
2023-11-22 11:59:50,826 [INFO] PluginManager:220 - loadIPPluginJar : add aes
2023-11-22 11:59:50,847 [INFO] IPUIPlugin:80 - create IPUIPlugin
2023-11-22 11:59:50,847 [INFO] PluginManager:220 - loadIPPluginJar : add can
2023-11-22 11:59:50,858 [INFO] IPUIPlugin:80 - create IPUIPlugin
2023-11-22 11:59:50,858 [INFO] PluginManager:220 - loadIPPluginJar : add comp
2023-11-22 11:59:50,888 [INFO] IPUIPlugin:80 - create IPUIPlugin
2023-11-22 11:59:50,888 [INFO] PluginManager:220 - loadIPPluginJar : add cryp
2023-11-22 11:59:50,902 [INFO] IPUIPlugin:80 - create IPUIPlugin
2023-11-22 11:59:50,902 [INFO] PluginManager:220 - loadIPPluginJar : add dfsdm
2023-11-22 11:59:50,914 [INFO] IPUIPlugin:80 - create IPUIPlugin
2023-11-22 11:59:50,914 [INFO] PluginManager:220 - loadIPPluginJar : add dma
2023-11-22 11:59:50,938 [INFO] IPUIPlugin:80 - create IPUIPlugin
2023-11-22 11:59:50,938 [INFO] PluginManager:220 - loadIPPluginJar : add dma3
2023-11-22 11:59:50,949 [INFO] IPUIPlugin:80 - create IPUIPlugin
2023-11-22 11:59:50,949 [INFO] PluginManager:220 - loadIPPluginJar : add fatfs
2023-11-22 11:59:50,973 [INFO] IPUIPlugin:80 - create IPUIPlugin
2023-11-22 11:59:50,973 [INFO] PluginManager:220 - loadIPPluginJar : add fmc
2023-11-22 11:59:50,981 [INFO] IPUIPlugin:80 - create IPUIPlugin
2023-11-22 11:59:50,981 [INFO] PluginManager:220 - loadIPPluginJar : add freertos
2023-11-22 11:59:50,993 [INFO] IPUIPlugin:80 - create IPUIPlugin
2023-11-22 11:59:50,993 [INFO] PluginManager:220 - loadIPPluginJar : add genericplugin
2023-11-22 11:59:51,045 [INFO] IPUIPlugin:80 - create IPUIPlugin
2023-11-22 11:59:51,045 [INFO] PluginManager:220 - loadIPPluginJar : add gfxmmu
2023-11-22 11:59:51,121 [INFO] IPUIPlugin:80 - create IPUIPlugin
2023-11-22 11:59:51,121 [INFO] PluginManager:220 - loadIPPluginJar : add gic
2023-11-22 11:59:51,131 [INFO] IPUIPlugin:80 - create IPUIPlugin
2023-11-22 11:59:51,132 [INFO] PluginManager:220 - loadIPPluginJar : add gpio
2023-11-22 11:59:51,180 [INFO] IPUIPlugin:80 - create IPUIPlugin
2023-11-22 11:59:51,180 [INFO] PluginManager:220 - loadIPPluginJar : add gtzc
2023-11-22 11:59:51,195 [INFO] IPUIPlugin:80 - create IPUIPlugin
2023-11-22 11:59:51,195 [INFO] PluginManager:220 - loadIPPluginJar : add hash
2023-11-22 11:59:51,222 [INFO] IPUIPlugin:80 - create IPUIPlugin
2023-11-22 11:59:51,222 [INFO] PluginManager:220 - loadIPPluginJar : add i2c
2023-11-22 11:59:51,250 [INFO] IPUIPlugin:80 - create IPUIPlugin
2023-11-22 11:59:51,250 [INFO] PluginManager:220 - loadIPPluginJar : add i2s
2023-11-22 11:59:51,271 [INFO] IPUIPlugin:80 - create IPUIPlugin
2023-11-22 11:59:51,272 [INFO] PluginManager:220 - loadIPPluginJar : add i3c
2023-11-22 11:59:51,342 [INFO] IPUIPlugin:80 - create IPUIPlugin
2023-11-22 11:59:51,342 [INFO] PluginManager:220 - loadIPPluginJar : add ipddr
2023-11-22 11:59:51,395 [INFO] IPUIPlugin:80 - create IPUIPlugin
2023-11-22 11:59:51,395 [INFO] PluginManager:220 - loadIPPluginJar : add linkedlist
2023-11-22 11:59:51,414 [INFO] IPUIPlugin:80 - create IPUIPlugin
2023-11-22 11:59:51,414 [INFO] PluginManager:220 - loadIPPluginJar : add lorawan
2023-11-22 11:59:51,435 [INFO] IPUIPlugin:80 - create IPUIPlugin
2023-11-22 11:59:51,435 [INFO] PluginManager:220 - loadIPPluginJar : add ltdc
2023-11-22 11:59:51,445 [INFO] IPUIPlugin:80 - create IPUIPlugin
2023-11-22 11:59:51,445 [INFO] PluginManager:220 - loadIPPluginJar : add mdma
2023-11-22 11:59:51,454 [INFO] IPUIPlugin:80 - create IPUIPlugin
2023-11-22 11:59:51,454 [INFO] PluginManager:220 - loadIPPluginJar : add nvic
2023-11-22 11:59:51,472 [INFO] IPUIPlugin:80 - create IPUIPlugin
2023-11-22 11:59:51,473 [INFO] PluginManager:220 - loadIPPluginJar : add opamp
2023-11-22 11:59:51,506 [INFO] IPUIPlugin:80 - create IPUIPlugin
2023-11-22 11:59:51,507 [INFO] PluginManager:220 - loadIPPluginJar : add openamp
2023-11-22 11:59:51,530 [INFO] IPUIPlugin:80 - create IPUIPlugin
2023-11-22 11:59:51,530 [INFO] PluginManager:220 - loadIPPluginJar : add pdm2pcm
2023-11-22 11:59:51,540 [INFO] IPUIPlugin:80 - create IPUIPlugin
2023-11-22 11:59:51,542 [INFO] PluginManager:220 - loadIPPluginJar : add plateformsettings
2023-11-22 11:59:51,553 [INFO] IPUIPlugin:80 - create IPUIPlugin
2023-11-22 11:59:51,553 [INFO] PluginManager:220 - loadIPPluginJar : add quadspi
2023-11-22 11:59:51,562 [INFO] IPUIPlugin:80 - create IPUIPlugin
2023-11-22 11:59:51,562 [INFO] PluginManager:220 - loadIPPluginJar : add resmgrutility
2023-11-22 11:59:51,588 [INFO] IPUIPlugin:80 - create IPUIPlugin
2023-11-22 11:59:51,588 [INFO] PluginManager:220 - loadIPPluginJar : add sai
2023-11-22 11:59:51,609 [INFO] IPUIPlugin:80 - create IPUIPlugin
2023-11-22 11:59:51,609 [INFO] PluginManager:220 - loadIPPluginJar : add spi
2023-11-22 11:59:51,641 [INFO] IPUIPlugin:80 - create IPUIPlugin
2023-11-22 11:59:51,641 [INFO] PluginManager:220 - loadIPPluginJar : add stm32_wpan
2023-11-22 11:59:51,655 [INFO] IPUIPlugin:80 - create IPUIPlugin
2023-11-22 11:59:51,655 [INFO] PluginManager:220 - loadIPPluginJar : add tim
2023-11-22 11:59:51,685 [INFO] IPUIPlugin:80 - create IPUIPlugin
2023-11-22 11:59:51,686 [INFO] PluginManager:220 - loadIPPluginJar : add touchsensing
2023-11-22 11:59:51,697 [INFO] IPUIPlugin:80 - create IPUIPlugin
2023-11-22 11:59:51,697 [INFO] PluginManager:220 - loadIPPluginJar : add tracer_emb
2023-11-22 11:59:51,709 [INFO] IPUIPlugin:80 - create IPUIPlugin
2023-11-22 11:59:51,709 [INFO] PluginManager:220 - loadIPPluginJar : add ts
2023-11-22 11:59:51,719 [INFO] IPUIPlugin:80 - create IPUIPlugin
2023-11-22 11:59:51,719 [INFO] PluginManager:220 - loadIPPluginJar : add tsc
2023-11-22 11:59:51,731 [INFO] IPUIPlugin:80 - create IPUIPlugin
2023-11-22 11:59:51,731 [INFO] PluginManager:220 - loadIPPluginJar : add ucpd
2023-11-22 11:59:51,754 [INFO] IPUIPlugin:80 - create IPUIPlugin
2023-11-22 11:59:51,754 [INFO] PluginManager:220 - loadIPPluginJar : add usart
2023-11-22 11:59:51,778 [INFO] IPUIPlugin:80 - create IPUIPlugin
2023-11-22 11:59:51,778 [INFO] PluginManager:220 - loadIPPluginJar : add usbx
2023-11-22 11:59:51,882 [INFO] CADModel:165 - CPN selected for project level
2023-11-22 11:59:51,882 [INFO] CADModel:114 - Register for checkConnection events
2023-11-22 11:59:51,882 [FATAL] Updater:308 - Updater called before beeing initialized
2023-11-22 11:59:51,882 [ERROR] CADModel:125 - Updater not yet initialized, retry later 
2023-11-22 11:59:51,994 [INFO] CADModel:165 - CPN selected for project level
2023-11-22 11:59:51,994 [INFO] CADModel:114 - Register for checkConnection events
2023-11-22 11:59:51,994 [FATAL] Updater:308 - Updater called before beeing initialized
2023-11-22 11:59:51,994 [ERROR] CADModel:125 - Updater not yet initialized, retry later 
2023-11-22 11:59:51,997 [FATAL] Updater:308 - Updater called before beeing initialized
2023-11-22 11:59:52,077 [FATAL] Updater:308 - Updater called before beeing initialized
2023-11-22 11:59:52,084 [INFO] DbMcusAds:53 - JSON generation date=Tue Mar 07 14:20:55 IST 2023 (1678179055114)
2023-11-22 11:59:52,084 [FATAL] Updater:308 - Updater called before beeing initialized
2023-11-22 11:59:52,134 [WARN] DetailPanel:346 - Failed to get advertising image, set to default
2023-11-22 11:59:52,192 [FATAL] Updater:308 - Updater called before beeing initialized
2023-11-22 11:59:52,193 [FATAL] Updater:308 - Updater called before beeing initialized
2023-11-22 11:59:52,193 [FATAL] Updater:308 - Updater called before beeing initialized
2023-11-22 11:59:52,193 [WARN] DetailPanel:346 - Failed to get advertising image, set to default
2023-11-22 11:59:52,195 [FATAL] Updater:308 - Updater called before beeing initialized
2023-11-22 11:59:52,231 [ERROR] Updater:1120 - MainUpdater not yet initialized. External WinMGr cannot be set.
2023-11-22 11:59:52,237 [INFO] Updater:1056 - Updater Version found : 6.9.2
2023-11-22 11:59:52,251 [INFO] ApplicationProperties:184 - Using Application install path: C:\ST\STM32CubeIDE_1.13.1\STM32CubeIDE\plugins\com.st.stm32cube.common.mx_6.9.2.202309101412
2023-11-22 11:59:53,173 [INFO] MainUpdater:2868 - connection check result : 10
2023-11-22 11:59:53,173 [INFO] MainUpdater:3562 - Updater definition file requires update
2023-11-22 11:59:53,173 [INFO] MainUpdater:285 - Updater Check For Update Now.
2023-11-22 11:59:53,173 [INFO] MicroXplorer:498 - Change Database Version : DB.6.0.92
2023-11-22 11:59:53,188 [INFO] McuFinderGlobals:63 - Set McuFinder mode to 2 (CubeIDE integrated)
2023-11-22 11:59:53,188 [INFO] UserAuth:179 - activating auth plugin
2023-11-22 11:59:53,190 [INFO] UserAuth:393 - Internet connection configuration mode: 1
2023-11-22 11:59:53,206 [INFO] JxBrowserEngine:151 - Initiate JxBrowser Engine with user profile folder
2023-11-22 11:59:53,354 [INFO] ServerAccessManage:473 - Download File updaters.zip
2023-11-22 11:59:53,414 [WARN] MainUpdater:1189 - Updater busy. Cannot search thirdparties
2023-11-22 11:59:53,414 [INFO] ThirdPartyUpdaterWithRetryManager:96 - Updater plugin is busy. [1/15]
2023-11-22 11:59:53,446 [INFO] FileExtend:240 - Unzip File : updaters.zip
2023-11-22 11:59:53,446 [INFO] FileExtend:255 - Standard Zip Deflate
2023-11-22 11:59:53,709 [INFO] ServerAccessManage:473 - Download File PacksControlFlags.xml
2023-11-22 11:59:53,898 [INFO] ServerAccessManage:473 - Download File cubemx.pidx
2023-11-22 11:59:54,340 [INFO] ServerAccessManage:473 - Download File STMicroelectronics.FP-SNS-MOTENVWB1.pdsc
2023-11-22 11:59:54,940 [INFO] WebApp:157 - Instantiating new browser for Auth
2023-11-22 11:59:55,035 [INFO] ServerAccessManage:473 - Download File STMicroelectronics.X-CUBE-TOF1.pdsc
2023-11-22 11:59:55,310 [INFO] WebApp:753 - Register for checkConnection events
2023-11-22 11:59:55,310 [INFO] WebApp:390 - Apply proxy settings
2023-11-22 11:59:55,310 [INFO] WebApp:475 - Chromium requires no authentication
2023-11-22 11:59:55,315 [INFO] WebApp:418 - Direct internet connection detected
2023-11-22 11:59:55,412 [INFO] WebApp:188 - Starting web application
2023-11-22 11:59:55,413 [INFO] WebApp:520 - Web application path used C:\ST\STM32CubeIDE_1.13.1\STM32CubeIDE\plugins\com.st.stm32cube.common.mx_6.9.2.202309101412\db\plugins\mcufinder\reactClient1\index.html
2023-11-22 11:59:56,415 [WARN] MainUpdater:1189 - Updater busy. Cannot search thirdparties
2023-11-22 11:59:56,415 [INFO] ThirdPartyUpdaterWithRetryManager:96 - Updater plugin is busy. [2/15]
2023-11-22 11:59:57,411 [ERROR] ServerAccessManage:1089 - Problem, file not found on Server
2023-11-22 11:59:59,006 [ERROR] ServerAccessManage:1096 - Problem, Http access forbiden
2023-11-22 11:59:59,006 [ERROR] ServerAccessManage:651 - Problem, Http access forbiden : RoweBots.I-CUBE-UNISONRTOS.pdsc.
2023-11-22 11:59:59,118 [WARN] PackLoader:240 - Cannot read IP mode file for STMicroelectronics.FP-SNS-MOTENVWB1.1.3.0
2023-11-22 11:59:59,133 [WARN] PackLoader:240 - Cannot read IP mode file for STMicroelectronics.X-CUBE-TOF1.3.4.0
2023-11-22 11:59:59,144 [INFO] PopulateThirdPartyThread:66 - Ending populate Thread
2023-11-22 11:59:59,146 [INFO] ThirdParty:1030 - CMSIS Pack Vendor :STMicroelectronics FP-SNS-MOTENVWB1 1.3.0
2023-11-22 11:59:59,146 [INFO] ThirdParty:1030 - CMSIS Pack Vendor :STMicroelectronics X-CUBE-TOF1 3.4.0
2023-11-22 11:59:59,146 [INFO] LoadServerUpdatesThread:373 - End of LoadServerUpdate Thread
2023-11-22 11:59:59,269 [INFO] CheckServerUpdateThread:120 - End of CheckServer Thread
2023-11-22 11:59:59,504 [WARN] PackLoader:240 - Cannot read IP mode file for STMicroelectronics.X-CUBE-SMBUS.2.1.0
2023-11-22 11:59:59,527 [WARN] PackLoader:240 - Cannot read IP mode file for STMicroelectronics.X-CUBE-AZRTOS-F7.1.1.0
2023-11-22 11:59:59,541 [WARN] PackLoader:240 - Cannot read IP mode file for STMicroelectronics.FP-SNS-MOTENV1.4.3.2
2023-11-22 11:59:59,545 [WARN] PackLoader:240 - Cannot read IP mode file for STMicroelectronics.FP-SNS-FLIGHT1.5.0.2
2023-11-22 11:59:59,555 [WARN] PackLoader:240 - Cannot read IP mode file for STMicroelectronics.X-CUBE-DISPLAY.3.0.0
2023-11-22 11:59:59,570 [WARN] PackLoader:240 - Cannot read IP mode file for STMicroelectronics.X-CUBE-BLE1.7.0.0
2023-11-22 11:59:59,581 [WARN] PackLoader:240 - Cannot read IP mode file for emotas.I-CUBE-CANOPEN.1.3.0
2023-11-22 11:59:59,590 [WARN] PackLoader:240 - Cannot read IP mode file for STMicroelectronics.X-CUBE-TOUCHGFX.4.22.0
2023-11-22 11:59:59,597 [WARN] PackLoader:240 - Cannot read IP mode file for STMicroelectronics.X-CUBE-TOUCHGFX.4.22.1
2023-11-22 11:59:59,603 [WARN] PackLoader:240 - Cannot read IP mode file for STMicroelectronics.FP-SNS-SMARTAG2.1.2.0
2023-11-22 11:59:59,618 [INFO] LogOutputStream:77 - [STDOUT_REDIRECT] 1 : Invalid condition id : UX_CORESTACK_Condition cause : null
2023-11-22 11:59:59,618 [INFO] LogOutputStream:77 - [STDOUT_REDIRECT] 1 : Invalid condition id : UX_CORESTACK_Condition cause : null
2023-11-22 11:59:59,619 [INFO] LogOutputStream:77 - [STDOUT_REDIRECT] 1 : Invalid condition id : UX_CORESTACK_Condition cause : null
2023-11-22 11:59:59,620 [INFO] LogOutputStream:77 - [STDOUT_REDIRECT] 1 : Invalid condition id : UX_CORESTACK_Condition cause : null
2023-11-22 11:59:59,620 [INFO] LogOutputStream:77 - [STDOUT_REDIRECT] 1 : Invalid condition id : UX_CORESTACK_Condition cause : null
2023-11-22 11:59:59,622 [WARN] PackLoader:240 - Cannot read IP mode file for STMicroelectronics.X-CUBE-AZRTOS-WL.2.0.0
2023-11-22 11:59:59,632 [WARN] PackLoader:240 - Cannot read IP mode file for WES.I-CUBE-Cesium.1.3.0
2023-11-22 11:59:59,640 [WARN] PackLoader:240 - Cannot read IP mode file for STMicroelectronics.X-CUBE-BLE2.3.3.0
2023-11-22 11:59:59,651 [WARN] PackLoader:240 - Cannot read IP mode file for STMicroelectronics.X-CUBE-ALGOBUILD.1.3.0
2023-11-22 11:59:59,675 [WARN] PackLoader:240 - Cannot read IP mode file for STMicroelectronics.X-CUBE-AZRTOS-G0.1.1.0
2023-11-22 11:59:59,688 [WARN] PackLoader:240 - Cannot read IP mode file for STMicroelectronics.X-CUBE-NFC4.3.0.0
2023-11-22 11:59:59,701 [WARN] PackLoader:240 - Cannot read IP mode file for STMicroelectronics.X-CUBE-BLEMGR.3.0.0
2023-11-22 11:59:59,707 [WARN] PackLoader:240 - Cannot read IP mode file for STMicroelectronics.FP-ATR-SIGFOX1.3.2.0
2023-11-22 11:59:59,743 [WARN] PackLoader:240 - Cannot read IP mode file for SEGGER.I-CUBE-embOS.1.3.1
2023-11-22 11:59:59,781 [WARN] PackLoader:240 - Cannot read IP mode file for STMicroelectronics.X-CUBE-GNSS1.6.0.0
2023-11-22 11:59:59,809 [WARN] PackLoader:240 - Cannot read IP mode file for STMicroelectronics.X-CUBE-AZRTOS-F4.1.1.0
2023-11-22 11:59:59,825 [WARN] PackLoader:240 - Cannot read IP mode file for wolfSSL.I-CUBE-wolfSSL.5.6.3
2023-11-22 11:59:59,852 [WARN] PackLoader:240 - Cannot read IP mode file for STMicroelectronics.X-CUBE-AZRTOS-L5.2.0.0
2023-11-22 11:59:59,904 [WARN] PackLoader:240 - Cannot read IP mode file for STMicroelectronics.X-CUBE-MEMS1.9.6.0
2023-11-22 11:59:59,983 [WARN] PackLoader:240 - Cannot read IP mode file for STMicroelectronics.X-CUBE-EEPRMA1.4.2.0
2023-11-22 11:59:59,996 [WARN] PackLoader:240 - Cannot read IP mode file for ITTIA_DB.I-CUBE-ITTIADB.8.8.0
2023-11-22 12:00:00,012 [WARN] PackLoader:240 - Cannot read IP mode file for STMicroelectronics.X-CUBE-BLEMGR.2.0.0
2023-11-22 12:00:00,040 [WARN] ConditionMgr:438 - getConditionDescription Invalid condition id : UX DEVICE CLASS RTOS Condition cause : null
2023-11-22 12:00:00,040 [WARN] ConditionMgr:438 - getConditionDescription Invalid condition id : UX DEVICE CLASS RTOS Condition cause : null
2023-11-22 12:00:00,042 [WARN] PackLoader:240 - Cannot read IP mode file for STMicroelectronics.X-CUBE-AZRTOS-H7.3.1.0
2023-11-22 12:00:00,043 [WARN] ConditionMgr:1039 - genDependencies : Invalid condition id : UX DEVICE CLASS RTOS Condition cause : null
2023-11-22 12:00:00,043 [WARN] ConditionMgr:1039 - genDependencies : Invalid condition id : UX DEVICE CLASS RTOS Condition cause : null
2023-11-22 12:00:00,044 [WARN] ConditionMgr:1039 - genDependencies : Invalid condition id : UX DEVICE CLASS RTOS Condition cause : null
2023-11-22 12:00:00,044 [WARN] ConditionMgr:1039 - genDependencies : Invalid condition id : UX DEVICE CLASS RTOS Condition cause : null
2023-11-22 12:00:00,044 [WARN] ConditionMgr:1039 - genDependencies : Invalid condition id : UX DEVICE CLASS RTOS Condition cause : null
2023-11-22 12:00:00,056 [WARN] PackLoader:240 - Cannot read IP mode file for STMicroelectronics.X-CUBE-NFC7.1.0.1
2023-11-22 12:00:00,071 [WARN] PackLoader:240 - Cannot read IP mode file for STMicroelectronics.X-CUBE-NFC6.3.0.0
2023-11-22 12:00:00,092 [WARN] PackLoader:240 - Cannot read IP mode file for STMicroelectronics.X-CUBE-EEPRMA1.4.1.0
2023-11-22 12:00:00,105 [WARN] PackLoader:240 - Cannot read IP mode file for STMicroelectronics.X-CUBE-AI.8.1.0
2023-11-22 12:00:00,129 [WARN] ConditionMgr:438 - getConditionDescription Invalid condition id : LAN8742 Phy interface Condition cause : null
2023-11-22 12:00:00,129 [WARN] PackLoader:240 - Cannot read IP mode file for STMicroelectronics.X-CUBE-AZRTOS-L4.2.0.0
2023-11-22 12:00:00,131 [WARN] ConditionMgr:1039 - genDependencies : Invalid condition id : LAN8742 Phy interface Condition cause : null
2023-11-22 12:00:00,131 [WARN] ConditionMgr:1039 - genDependencies : Invalid condition id : LAN8742 Phy interface Condition cause : null
2023-11-22 12:00:00,131 [WARN] ConditionMgr:1039 - genDependencies : Invalid condition id : LAN8742 Phy interface Condition cause : null
2023-11-22 12:00:00,146 [WARN] PackLoader:240 - Cannot read IP mode file for STMicroelectronics.X-CUBE-SFXS2LP1.4.0.0
2023-11-22 12:00:00,159 [WARN] PackLoader:240 - Cannot read IP mode file for STMicroelectronics.X-CUBE-ISPU.1.1.0
2023-11-22 12:00:00,180 [WARN] ConditionMgr:438 - getConditionDescription Invalid condition id : UX DEVICE CLASS RTOS Condition cause : null
2023-11-22 12:00:00,180 [WARN] ConditionMgr:438 - getConditionDescription Invalid condition id : UX DEVICE CLASS RTOS Condition cause : null
2023-11-22 12:00:00,182 [WARN] PackLoader:240 - Cannot read IP mode file for STMicroelectronics.X-CUBE-AZRTOS-WB.2.0.0
2023-11-22 12:00:00,183 [WARN] ConditionMgr:1039 - genDependencies : Invalid condition id : UX DEVICE CLASS RTOS Condition cause : null
2023-11-22 12:00:00,183 [WARN] ConditionMgr:1039 - genDependencies : Invalid condition id : UX DEVICE CLASS RTOS Condition cause : null
2023-11-22 12:00:00,183 [WARN] ConditionMgr:1039 - genDependencies : Invalid condition id : UX DEVICE CLASS RTOS Condition cause : null
2023-11-22 12:00:00,183 [WARN] ConditionMgr:1039 - genDependencies : Invalid condition id : UX DEVICE CLASS RTOS Condition cause : null
2023-11-22 12:00:00,183 [WARN] ConditionMgr:1039 - genDependencies : Invalid condition id : UX DEVICE CLASS RTOS Condition cause : null
2023-11-22 12:00:00,203 [WARN] PackLoader:240 - Cannot read IP mode file for STMicroelectronics.X-CUBE-SUBG2.5.0.0
2023-11-22 12:00:00,223 [WARN] PackLoader:240 - Cannot read IP mode file for STMicroelectronics.X-CUBE-TOF1.3.3.1
2023-11-22 12:00:00,246 [WARN] PackLoader:240 - Cannot read IP mode file for STMicroelectronics.X-CUBE-AZRTOS-G4.2.0.0
2023-11-22 12:00:00,268 [WARN] PackLoader:240 - Cannot read IP mode file for Infineon.AIROC-Wi-Fi-Bluetooth-STM32.1.5.1
2023-11-22 12:00:00,273 [WARN] PackLoader:240 - Cannot read IP mode file for STMicroelectronics.FP-SNS-MOTENVWB1.1.3.0
2023-11-22 12:00:00,311 [WARN] PackLoader:240 - Cannot read IP mode file for STMicroelectronics.X-CUBE-MEMS1.10.0.0
2023-11-22 12:00:00,381 [WARN] PackLoader:240 - Cannot read IP mode file for STMicroelectronics.X-CUBE-FREERTOS.1.1.0
2023-11-22 12:00:00,392 [WARN] PackLoader:240 - Cannot read IP mode file for portGmbH.I-Cube-SoM-uGOAL.1.1.0
2023-11-22 12:00:00,401 [WARN] PackLoader:240 - Cannot read IP mode file for STMicroelectronics.X-CUBE-ALS.1.0.1
2023-11-22 12:00:00,409 [WARN] PackLoader:240 - Cannot read IP mode file for STMicroelectronics.FP-ATR-ASTRA1.2.0.0
2023-11-22 12:00:00,415 [WARN] PackLoader:240 - Cannot read IP mode file for STMicroelectronics.X-CUBE-TOF1.3.4.0
2023-11-22 12:00:00,421 [INFO] ThirdParty:978 - Integrity check success = true
2023-11-22 12:00:00,421 [INFO] IntegrityCheckThread:100 - exiting critical section [integrity check]
2023-11-22 12:00:00,421 [INFO] IntegrityCheckThread:103 - End integrity checks thread
2023-11-22 12:00:09,163 [ERROR] LogOutputStream:75 - [STDERR_REDIRECT] SLF4J: Failed to load class "org.slf4j.impl.StaticLoggerBinder".
2023-11-22 12:00:09,164 [ERROR] LogOutputStream:75 - [STDERR_REDIRECT] SLF4J: Defaulting to no-operation (NOP) logger implementation
2023-11-22 12:00:09,164 [ERROR] LogOutputStream:75 - [STDERR_REDIRECT] SLF4J: See http://www.slf4j.org/codes.html#StaticLoggerBinder for further details.
2023-11-22 12:16:45,137 [ERROR] LogOutputStream:75 - [STDERR_REDIRECT] 
