2023-10-26 07:29:12,459 [INFO] Activator:176 - 


2023-10-26 07:29:12,459 [INFO] Activator:177 - !SESSION log4j initialized
2023-10-26 07:29:15,666 [INFO] LogOutputStream:77 - [STDOUT_REDIRECT] 
2023-10-26 07:29:16,795 [INFO] ApplicationProperties:184 - Using Application install path: C:\ST\STM32CubeIDE_1.13.1\STM32CubeIDE\plugins\com.st.stm32cube.common.mx_6.9.2.202309101412
2023-10-26 07:29:16,808 [INFO] DbMcusXml:78 - Set database path to: C:\ST\STM32CubeIDE_1.13.1\STM32CubeIDE\plugins\com.st.stm32cube.common.mx_6.9.2.202309101412\\db\/mcu/
2023-10-26 07:29:16,808 [INFO] ApiDb:274 - Set plugin database path to: C:\ST\STM32CubeIDE_1.13.1\STM32CubeIDE\plugins\com.st.stm32cube.common.mx_6.9.2.202309101412\\db\/plugins/boardmanager/
2023-10-26 07:29:16,809 [WARN] ApiDb:259 - Overriding images path with different value:  => C:\ST\STM32CubeIDE_1.13.1\STM32CubeIDE\plugins\com.st.stm32cube.common.mx_6.9.2.202309101412\\db\/plugins/mcufinder/images/
2023-10-26 07:29:16,820 [INFO] ApiDb:250 - Set database path to: C:\Users\Ubaid\.stmcufinder\plugins\mcufinder//mcu/
2023-10-26 07:29:16,821 [INFO] DbMcusAds:125 - Set database path to: C:\Users\Ubaid\.stmcufinder\plugins\mcufinder//mcu/
2023-10-26 07:29:16,823 [INFO] CrossReferenceDbSqlite:203 - Set database path to: C:\Users\Ubaid\.stmcufinder\plugins\mcufinder//mcu/cs/
2023-10-26 07:29:16,891 [INFO] RulesReader:64 - Compatibility file has been processed (293 Rules)
2023-10-26 07:29:16,945 [INFO] DbMcusXml:78 - Set database path to: C:\ST\STM32CubeIDE_1.13.1\STM32CubeIDE\plugins\com.st.stm32cube.common.mx_6.9.2.202309101412\\db\/mcu/
2023-10-26 07:29:16,945 [INFO] ApiDb:274 - Set plugin database path to: C:\ST\STM32CubeIDE_1.13.1\STM32CubeIDE\plugins\com.st.stm32cube.common.mx_6.9.2.202309101412\\db\/plugins/boardmanager/
2023-10-26 07:29:16,945 [INFO] ApiDb:261 - Set plugin images path to: C:\ST\STM32CubeIDE_1.13.1\STM32CubeIDE\plugins\com.st.stm32cube.common.mx_6.9.2.202309101412\\db\/plugins/mcufinder/images/
2023-10-26 07:29:16,946 [WARN] DbFile:41 - Overriding database path with different value: C:\Users\Ubaid\.stmcufinder\plugins\mcufinder/ => C:\Users\Ubaid\.stmcufinder\plugins\mcufinder
2023-10-26 07:29:16,946 [INFO] ApiDb:250 - Set database path to: C:\Users\Ubaid\.stmcufinder\plugins\mcufinder//mcu/
2023-10-26 07:29:16,946 [WARN] DbFile:41 - Overriding database path with different value: C:\Users\Ubaid\.stmcufinder\plugins\mcufinder/ => C:\Users\Ubaid\.stmcufinder\plugins\mcufinder
2023-10-26 07:29:16,946 [INFO] DbMcusAds:125 - Set database path to: C:\Users\Ubaid\.stmcufinder\plugins\mcufinder//mcu/
2023-10-26 07:29:16,946 [WARN] DbFile:41 - Overriding database path with different value: C:\Users\Ubaid\.stmcufinder\plugins\mcufinder/ => C:\Users\Ubaid\.stmcufinder\plugins\mcufinder
2023-10-26 07:29:16,946 [WARN] DbFile:41 - Overriding database path with different value: C:\Users\Ubaid\.stmcufinder\plugins\mcufinder/ => C:\Users\Ubaid\.stmcufinder\plugins\mcufinder
2023-10-26 07:29:16,946 [INFO] CrossReferenceDbSqlite:203 - Set database path to: C:\Users\Ubaid\.stmcufinder\plugins\mcufinder//mcu/cs/
2023-10-26 07:29:17,002 [INFO] MainPanel:262 - HeapMemory: 268435456
2023-10-26 07:29:17,068 [INFO] DbMcusXml:78 - Set database path to: C:\ST\STM32CubeIDE_1.13.1\STM32CubeIDE\plugins\com.st.stm32cube.common.mx_6.9.2.202309101412\\db\/mcu/
2023-10-26 07:29:17,069 [INFO] ApiDb:274 - Set plugin database path to: C:\ST\STM32CubeIDE_1.13.1\STM32CubeIDE\plugins\com.st.stm32cube.common.mx_6.9.2.202309101412\\db\/plugins/boardmanager/
2023-10-26 07:29:17,069 [INFO] ApiDb:261 - Set plugin images path to: C:\ST\STM32CubeIDE_1.13.1\STM32CubeIDE\plugins\com.st.stm32cube.common.mx_6.9.2.202309101412\\db\/plugins/mcufinder/images/
2023-10-26 07:29:17,069 [WARN] DbFile:41 - Overriding database path with different value: C:\Users\Ubaid\.stmcufinder\plugins\mcufinder/ => C:\Users\Ubaid\.stmcufinder\plugins\mcufinder
2023-10-26 07:29:17,069 [INFO] ApiDb:250 - Set database path to: C:\Users\Ubaid\.stmcufinder\plugins\mcufinder//mcu/
2023-10-26 07:29:17,069 [WARN] DbFile:41 - Overriding database path with different value: C:\Users\Ubaid\.stmcufinder\plugins\mcufinder/ => C:\Users\Ubaid\.stmcufinder\plugins\mcufinder
2023-10-26 07:29:17,069 [INFO] DbMcusAds:125 - Set database path to: C:\Users\Ubaid\.stmcufinder\plugins\mcufinder//mcu/
2023-10-26 07:29:17,069 [WARN] DbFile:41 - Overriding database path with different value: C:\Users\Ubaid\.stmcufinder\plugins\mcufinder/ => C:\Users\Ubaid\.stmcufinder\plugins\mcufinder
2023-10-26 07:29:17,069 [WARN] DbFile:41 - Overriding database path with different value: C:\Users\Ubaid\.stmcufinder\plugins\mcufinder/ => C:\Users\Ubaid\.stmcufinder\plugins\mcufinder
2023-10-26 07:29:17,069 [INFO] CrossReferenceDbSqlite:203 - Set database path to: C:\Users\Ubaid\.stmcufinder\plugins\mcufinder//mcu/cs/
2023-10-26 07:29:17,082 [INFO] ApplicationProperties:184 - Using Application install path: C:\ST\STM32CubeIDE_1.13.1\STM32CubeIDE\plugins\com.st.stm32cube.common.mx_6.9.2.202309101412
2023-10-26 07:29:17,084 [INFO] PluginManage:196 - Search for loadable plugins [exclusion list=, ]
2023-10-26 07:29:17,085 [INFO] PluginManage:310 - Check plugin analytics
2023-10-26 07:29:17,196 [INFO] AnalyticsPlugin:253 - Accepted Software Licenses: STM32CubeMX.6.9.1
2023-10-26 07:29:17,196 [INFO] AnalyticsPlugin:255 - Accepted CMSIS Pack Licenses: 
2023-10-26 07:29:17,196 [INFO] AnalyticsPlugin:257 - Accepted Firmware Licenses: FW.F4.1.27.0
2023-10-26 07:29:17,198 [INFO] PluginManage:359 - Loaded plugin analytics (category:tool,tabindex:-1)
2023-10-26 07:29:17,198 [INFO] PluginManage:310 - Check plugin cadmodel
2023-10-26 07:29:17,208 [INFO] CADModel:105 - Init CAD model plugin
2023-10-26 07:29:17,209 [INFO] PluginManage:359 - Loaded plugin cadmodel (category:power,tabindex:5)
2023-10-26 07:29:17,209 [INFO] PluginManage:310 - Check plugin clock
2023-10-26 07:29:17,223 [INFO] PluginManage:359 - Loaded plugin clock (category:base,tabindex:2)
2023-10-26 07:29:17,223 [INFO] PluginManage:310 - Check plugin ddr
2023-10-26 07:29:17,224 [INFO] PluginManage:359 - Loaded plugin ddr (category:tool,tabindex:6)
2023-10-26 07:29:17,224 [INFO] PluginManage:310 - Check plugin filemanager
2023-10-26 07:29:17,316 [INFO] PluginManage:359 - Loaded plugin filemanager (category:base,tabindex:10)
2023-10-26 07:29:17,316 [INFO] PluginManage:310 - Check plugin ipmanager
2023-10-26 07:29:17,320 [INFO] PluginManage:359 - Loaded plugin ipmanager (category:base,tabindex:5)
2023-10-26 07:29:17,321 [INFO] PluginManage:310 - Check plugin lpbam
2023-10-26 07:29:17,332 [INFO] PluginManage:359 - Loaded plugin lpbam (category:base,tabindex:0)
2023-10-26 07:29:17,332 [INFO] PluginManage:310 - Check plugin memorymap
2023-10-26 07:29:17,347 [INFO] PluginManage:359 - Loaded plugin memorymap (category:base,tabindex:4)
2023-10-26 07:29:17,347 [INFO] PluginManage:310 - Check plugin pinoutandconfiguration
2023-10-26 07:29:17,357 [INFO] PluginManage:359 - Loaded plugin pinoutandconfiguration (category:base,tabindex:1)
2023-10-26 07:29:17,357 [INFO] PluginManage:310 - Check plugin pinoutconfig
2023-10-26 07:29:17,421 [WARN] SupportedApi:132 - Cannot load RTOS API schema: s4s-elt-must-match.1: The content of 'definitions' must match (annotation?, (simpleType | complexType)?, (unique | key | keyref)*)). A problem was found starting at: attribute.
2023-10-26 07:29:17,521 [INFO] PluginManage:359 - Loaded plugin pinoutconfig (category:base,tabindex:0)
2023-10-26 07:29:17,521 [INFO] PluginManage:310 - Check plugin power
2023-10-26 07:29:17,534 [INFO] PluginManage:359 - Loaded plugin power (category:power,tabindex:4)
2023-10-26 07:29:17,535 [INFO] PluginManage:310 - Check plugin projectmanager
2023-10-26 07:29:17,544 [INFO] PluginManage:359 - Loaded plugin projectmanager (category:projectmanager,tabindex:3)
2023-10-26 07:29:17,544 [INFO] PluginManage:310 - Check plugin thirdparty
2023-10-26 07:29:17,717 [INFO] PluginManage:359 - Loaded plugin thirdparty (category:base,tabindex:-1)
2023-10-26 07:29:17,717 [WARN] IntegrityCheckThread:84 - waiting for thirdparty lock release [integrity check]
2023-10-26 07:29:17,718 [INFO] PluginManage:310 - Check plugin tools
2023-10-26 07:29:17,718 [INFO] IntegrityCheckThread:86 - entering critical section [integrity check]
2023-10-26 07:29:17,718 [INFO] ThirdPartyUpdaterWithRetryManager:70 - Updater plugin not ready yet. [1/15]
2023-10-26 07:29:17,737 [INFO] PluginManage:359 - Loaded plugin tools (category:base,tabindex:7)
2023-10-26 07:29:17,737 [INFO] PluginManage:310 - Check plugin tutovideos
2023-10-26 07:29:17,859 [INFO] PluginManage:359 - Loaded plugin tutovideos (category:base,tabindex:-1)
2023-10-26 07:29:17,860 [INFO] PluginManage:310 - Check plugin updater
2023-10-26 07:29:17,867 [INFO] PluginManage:359 - Loaded plugin updater (category:base,tabindex:12)
2023-10-26 07:29:17,867 [INFO] PluginManage:310 - Check plugin userauth
2023-10-26 07:29:17,871 [INFO] UserAuth:113 - Init User Auth plugin
2023-10-26 07:29:17,871 [INFO] PluginManage:359 - Loaded plugin userauth (category:base,tabindex:14)
2023-10-26 07:29:17,871 [INFO] PluginManage:283 - PluginManage : Loaded plugins [17]
2023-10-26 07:29:18,029 [INFO] PinOutPanel:1499 - setPackage(No Configuration,No Configuration)
2023-10-26 07:29:18,094 [INFO] CADModel:165 - CPN selected for project level
2023-10-26 07:29:18,094 [INFO] CADModel:114 - Register for checkConnection events
2023-10-26 07:29:18,111 [INFO] IPUIPlugin:80 - create IPUIPlugin
2023-10-26 07:29:18,111 [INFO] PluginManager:220 - loadIPPluginJar : add adc
2023-10-26 07:29:18,133 [INFO] IPUIPlugin:80 - create IPUIPlugin
2023-10-26 07:29:18,133 [INFO] PluginManager:220 - loadIPPluginJar : add aes
2023-10-26 07:29:18,154 [INFO] IPUIPlugin:80 - create IPUIPlugin
2023-10-26 07:29:18,154 [INFO] PluginManager:220 - loadIPPluginJar : add can
2023-10-26 07:29:18,165 [INFO] IPUIPlugin:80 - create IPUIPlugin
2023-10-26 07:29:18,166 [INFO] PluginManager:220 - loadIPPluginJar : add comp
2023-10-26 07:29:18,183 [INFO] IPUIPlugin:80 - create IPUIPlugin
2023-10-26 07:29:18,183 [INFO] PluginManager:220 - loadIPPluginJar : add cryp
2023-10-26 07:29:18,199 [INFO] IPUIPlugin:80 - create IPUIPlugin
2023-10-26 07:29:18,199 [INFO] PluginManager:220 - loadIPPluginJar : add dfsdm
2023-10-26 07:29:18,208 [INFO] IPUIPlugin:80 - create IPUIPlugin
2023-10-26 07:29:18,209 [INFO] PluginManager:220 - loadIPPluginJar : add dma
2023-10-26 07:29:18,233 [INFO] IPUIPlugin:80 - create IPUIPlugin
2023-10-26 07:29:18,233 [INFO] PluginManager:220 - loadIPPluginJar : add dma3
2023-10-26 07:29:18,244 [INFO] IPUIPlugin:80 - create IPUIPlugin
2023-10-26 07:29:18,244 [INFO] PluginManager:220 - loadIPPluginJar : add fatfs
2023-10-26 07:29:18,271 [INFO] IPUIPlugin:80 - create IPUIPlugin
2023-10-26 07:29:18,271 [INFO] PluginManager:220 - loadIPPluginJar : add fmc
2023-10-26 07:29:18,281 [INFO] IPUIPlugin:80 - create IPUIPlugin
2023-10-26 07:29:18,281 [INFO] PluginManager:220 - loadIPPluginJar : add freertos
2023-10-26 07:29:18,294 [INFO] IPUIPlugin:80 - create IPUIPlugin
2023-10-26 07:29:18,294 [INFO] PluginManager:220 - loadIPPluginJar : add genericplugin
2023-10-26 07:29:18,342 [INFO] IPUIPlugin:80 - create IPUIPlugin
2023-10-26 07:29:18,342 [INFO] PluginManager:220 - loadIPPluginJar : add gfxmmu
2023-10-26 07:29:18,412 [INFO] IPUIPlugin:80 - create IPUIPlugin
2023-10-26 07:29:18,412 [INFO] PluginManager:220 - loadIPPluginJar : add gic
2023-10-26 07:29:18,421 [INFO] IPUIPlugin:80 - create IPUIPlugin
2023-10-26 07:29:18,421 [INFO] PluginManager:220 - loadIPPluginJar : add gpio
2023-10-26 07:29:18,469 [INFO] IPUIPlugin:80 - create IPUIPlugin
2023-10-26 07:29:18,469 [INFO] PluginManager:220 - loadIPPluginJar : add gtzc
2023-10-26 07:29:18,487 [INFO] IPUIPlugin:80 - create IPUIPlugin
2023-10-26 07:29:18,487 [INFO] PluginManager:220 - loadIPPluginJar : add hash
2023-10-26 07:29:18,548 [INFO] IPUIPlugin:80 - create IPUIPlugin
2023-10-26 07:29:18,548 [INFO] PluginManager:220 - loadIPPluginJar : add i2c
2023-10-26 07:29:18,570 [INFO] IPUIPlugin:80 - create IPUIPlugin
2023-10-26 07:29:18,570 [INFO] PluginManager:220 - loadIPPluginJar : add i2s
2023-10-26 07:29:18,593 [INFO] IPUIPlugin:80 - create IPUIPlugin
2023-10-26 07:29:18,593 [INFO] PluginManager:220 - loadIPPluginJar : add i3c
2023-10-26 07:29:18,700 [INFO] IPUIPlugin:80 - create IPUIPlugin
2023-10-26 07:29:18,700 [INFO] PluginManager:220 - loadIPPluginJar : add ipddr
2023-10-26 07:29:18,751 [INFO] IPUIPlugin:80 - create IPUIPlugin
2023-10-26 07:29:18,751 [INFO] PluginManager:220 - loadIPPluginJar : add linkedlist
2023-10-26 07:29:18,769 [INFO] IPUIPlugin:80 - create IPUIPlugin
2023-10-26 07:29:18,769 [INFO] PluginManager:220 - loadIPPluginJar : add lorawan
2023-10-26 07:29:18,790 [INFO] IPUIPlugin:80 - create IPUIPlugin
2023-10-26 07:29:18,790 [INFO] PluginManager:220 - loadIPPluginJar : add ltdc
2023-10-26 07:29:18,800 [INFO] IPUIPlugin:80 - create IPUIPlugin
2023-10-26 07:29:18,801 [INFO] PluginManager:220 - loadIPPluginJar : add mdma
2023-10-26 07:29:18,808 [INFO] IPUIPlugin:80 - create IPUIPlugin
2023-10-26 07:29:18,808 [INFO] PluginManager:220 - loadIPPluginJar : add nvic
2023-10-26 07:29:18,829 [INFO] IPUIPlugin:80 - create IPUIPlugin
2023-10-26 07:29:18,829 [INFO] PluginManager:220 - loadIPPluginJar : add opamp
2023-10-26 07:29:18,859 [INFO] IPUIPlugin:80 - create IPUIPlugin
2023-10-26 07:29:18,860 [INFO] PluginManager:220 - loadIPPluginJar : add openamp
2023-10-26 07:29:18,881 [INFO] IPUIPlugin:80 - create IPUIPlugin
2023-10-26 07:29:18,881 [INFO] PluginManager:220 - loadIPPluginJar : add pdm2pcm
2023-10-26 07:29:18,889 [INFO] IPUIPlugin:80 - create IPUIPlugin
2023-10-26 07:29:18,891 [INFO] PluginManager:220 - loadIPPluginJar : add plateformsettings
2023-10-26 07:29:18,902 [INFO] IPUIPlugin:80 - create IPUIPlugin
2023-10-26 07:29:18,902 [INFO] PluginManager:220 - loadIPPluginJar : add quadspi
2023-10-26 07:29:18,911 [INFO] IPUIPlugin:80 - create IPUIPlugin
2023-10-26 07:29:18,911 [INFO] PluginManager:220 - loadIPPluginJar : add resmgrutility
2023-10-26 07:29:18,936 [INFO] IPUIPlugin:80 - create IPUIPlugin
2023-10-26 07:29:18,936 [INFO] PluginManager:220 - loadIPPluginJar : add sai
2023-10-26 07:29:18,955 [INFO] IPUIPlugin:80 - create IPUIPlugin
2023-10-26 07:29:18,956 [INFO] PluginManager:220 - loadIPPluginJar : add spi
2023-10-26 07:29:18,988 [INFO] IPUIPlugin:80 - create IPUIPlugin
2023-10-26 07:29:18,988 [INFO] PluginManager:220 - loadIPPluginJar : add stm32_wpan
2023-10-26 07:29:19,001 [INFO] IPUIPlugin:80 - create IPUIPlugin
2023-10-26 07:29:19,001 [INFO] PluginManager:220 - loadIPPluginJar : add tim
2023-10-26 07:29:19,046 [INFO] IPUIPlugin:80 - create IPUIPlugin
2023-10-26 07:29:19,046 [INFO] PluginManager:220 - loadIPPluginJar : add touchsensing
2023-10-26 07:29:19,059 [INFO] IPUIPlugin:80 - create IPUIPlugin
2023-10-26 07:29:19,059 [INFO] PluginManager:220 - loadIPPluginJar : add tracer_emb
2023-10-26 07:29:19,075 [INFO] IPUIPlugin:80 - create IPUIPlugin
2023-10-26 07:29:19,075 [INFO] PluginManager:220 - loadIPPluginJar : add ts
2023-10-26 07:29:19,087 [INFO] IPUIPlugin:80 - create IPUIPlugin
2023-10-26 07:29:19,087 [INFO] PluginManager:220 - loadIPPluginJar : add tsc
2023-10-26 07:29:19,099 [INFO] IPUIPlugin:80 - create IPUIPlugin
2023-10-26 07:29:19,099 [INFO] PluginManager:220 - loadIPPluginJar : add ucpd
2023-10-26 07:29:19,122 [INFO] IPUIPlugin:80 - create IPUIPlugin
2023-10-26 07:29:19,122 [INFO] PluginManager:220 - loadIPPluginJar : add usart
2023-10-26 07:29:19,144 [INFO] IPUIPlugin:80 - create IPUIPlugin
2023-10-26 07:29:19,144 [INFO] PluginManager:220 - loadIPPluginJar : add usbx
2023-10-26 07:29:19,249 [INFO] CADModel:165 - CPN selected for project level
2023-10-26 07:29:19,250 [INFO] CADModel:114 - Register for checkConnection events
2023-10-26 07:29:19,250 [FATAL] Updater:308 - Updater called before beeing initialized
2023-10-26 07:29:19,250 [ERROR] CADModel:125 - Updater not yet initialized, retry later 
2023-10-26 07:29:19,355 [INFO] CADModel:165 - CPN selected for project level
2023-10-26 07:29:19,355 [INFO] CADModel:114 - Register for checkConnection events
2023-10-26 07:29:19,355 [FATAL] Updater:308 - Updater called before beeing initialized
2023-10-26 07:29:19,355 [ERROR] CADModel:125 - Updater not yet initialized, retry later 
2023-10-26 07:29:19,358 [FATAL] Updater:308 - Updater called before beeing initialized
2023-10-26 07:29:19,421 [FATAL] Updater:308 - Updater called before beeing initialized
2023-10-26 07:29:19,425 [INFO] DbMcusAds:53 - JSON generation date=Tue Mar 07 14:20:55 IST 2023 (1678179055114)
2023-10-26 07:29:19,425 [FATAL] Updater:308 - Updater called before beeing initialized
2023-10-26 07:29:19,473 [WARN] DetailPanel:346 - Failed to get advertising image, set to default
2023-10-26 07:29:19,535 [FATAL] Updater:308 - Updater called before beeing initialized
2023-10-26 07:29:19,536 [FATAL] Updater:308 - Updater called before beeing initialized
2023-10-26 07:29:19,537 [FATAL] Updater:308 - Updater called before beeing initialized
2023-10-26 07:29:19,537 [WARN] DetailPanel:346 - Failed to get advertising image, set to default
2023-10-26 07:29:19,538 [FATAL] Updater:308 - Updater called before beeing initialized
2023-10-26 07:29:19,574 [ERROR] Updater:1120 - MainUpdater not yet initialized. External WinMGr cannot be set.
2023-10-26 07:29:19,581 [INFO] Updater:1056 - Updater Version found : 6.9.2
2023-10-26 07:29:19,600 [INFO] ApplicationProperties:184 - Using Application install path: C:\ST\STM32CubeIDE_1.13.1\STM32CubeIDE\plugins\com.st.stm32cube.common.mx_6.9.2.202309101412
2023-10-26 07:29:19,973 [INFO] MainUpdater:2868 - connection check result : 10
2023-10-26 07:29:19,974 [INFO] MainUpdater:285 - Updater Check For Update Now.
2023-10-26 07:29:19,975 [INFO] MicroXplorer:498 - Change Database Version : DB.6.0.92
2023-10-26 07:29:20,004 [INFO] McuFinderGlobals:63 - Set McuFinder mode to 2 (CubeIDE integrated)
2023-10-26 07:29:20,004 [INFO] UserAuth:179 - activating auth plugin
2023-10-26 07:29:20,007 [INFO] UserAuth:393 - Internet connection configuration mode: 1
2023-10-26 07:29:20,057 [INFO] JxBrowserEngine:151 - Initiate JxBrowser Engine with user profile folder
2023-10-26 07:29:20,185 [INFO] CheckServerUpdateThread:120 - End of CheckServer Thread
2023-10-26 07:29:20,811 [WARN] PackLoader:240 - Cannot read IP mode file for STMicroelectronics.X-CUBE-SMBUS.2.1.0
2023-10-26 07:29:20,837 [WARN] PackLoader:240 - Cannot read IP mode file for STMicroelectronics.X-CUBE-AZRTOS-F7.1.1.0
2023-10-26 07:29:20,853 [WARN] PackLoader:240 - Cannot read IP mode file for STMicroelectronics.FP-SNS-MOTENV1.4.3.2
2023-10-26 07:29:20,866 [WARN] PackLoader:240 - Cannot read IP mode file for STMicroelectronics.FP-SNS-FLIGHT1.5.0.2
2023-10-26 07:29:20,879 [WARN] PackLoader:240 - Cannot read IP mode file for STMicroelectronics.X-CUBE-DISPLAY.3.0.0
2023-10-26 07:29:20,892 [WARN] PackLoader:240 - Cannot read IP mode file for STMicroelectronics.X-CUBE-BLE1.7.0.0
2023-10-26 07:29:20,901 [WARN] PackLoader:240 - Cannot read IP mode file for emotas.I-CUBE-CANOPEN.1.3.0
2023-10-26 07:29:20,909 [WARN] PackLoader:240 - Cannot read IP mode file for STMicroelectronics.X-CUBE-TOUCHGFX.4.22.0
2023-10-26 07:29:20,915 [WARN] PackLoader:240 - Cannot read IP mode file for STMicroelectronics.X-CUBE-TOUCHGFX.4.22.1
2023-10-26 07:29:20,921 [WARN] PackLoader:240 - Cannot read IP mode file for STMicroelectronics.FP-SNS-SMARTAG2.1.2.0
2023-10-26 07:29:20,932 [INFO] LogOutputStream:77 - [STDOUT_REDIRECT] 1 : Invalid condition id : UX_CORESTACK_Condition cause : null
2023-10-26 07:29:20,932 [INFO] LogOutputStream:77 - [STDOUT_REDIRECT] 1 : Invalid condition id : UX_CORESTACK_Condition cause : null
2023-10-26 07:29:20,933 [INFO] LogOutputStream:77 - [STDOUT_REDIRECT] 1 : Invalid condition id : UX_CORESTACK_Condition cause : null
2023-10-26 07:29:20,934 [INFO] LogOutputStream:77 - [STDOUT_REDIRECT] 1 : Invalid condition id : UX_CORESTACK_Condition cause : null
2023-10-26 07:29:20,934 [INFO] LogOutputStream:77 - [STDOUT_REDIRECT] 1 : Invalid condition id : UX_CORESTACK_Condition cause : null
2023-10-26 07:29:20,936 [WARN] PackLoader:240 - Cannot read IP mode file for STMicroelectronics.X-CUBE-AZRTOS-WL.2.0.0
2023-10-26 07:29:20,946 [WARN] PackLoader:240 - Cannot read IP mode file for WES.I-CUBE-Cesium.1.3.0
2023-10-26 07:29:20,954 [WARN] PackLoader:240 - Cannot read IP mode file for STMicroelectronics.X-CUBE-BLE2.3.3.0
2023-10-26 07:29:20,964 [WARN] PackLoader:240 - Cannot read IP mode file for STMicroelectronics.X-CUBE-ALGOBUILD.1.3.0
2023-10-26 07:29:20,985 [WARN] PackLoader:240 - Cannot read IP mode file for STMicroelectronics.X-CUBE-AZRTOS-G0.1.1.0
2023-10-26 07:29:20,998 [WARN] PackLoader:240 - Cannot read IP mode file for STMicroelectronics.X-CUBE-NFC4.3.0.0
2023-10-26 07:29:21,007 [WARN] PackLoader:240 - Cannot read IP mode file for STMicroelectronics.FP-ATR-SIGFOX1.3.2.0
2023-10-26 07:29:21,032 [WARN] PackLoader:240 - Cannot read IP mode file for SEGGER.I-CUBE-embOS.1.3.1
2023-10-26 07:29:21,072 [WARN] PackLoader:240 - Cannot read IP mode file for STMicroelectronics.X-CUBE-GNSS1.6.0.0
2023-10-26 07:29:21,091 [WARN] PackLoader:240 - Cannot read IP mode file for STMicroelectronics.X-CUBE-AZRTOS-F4.1.1.0
2023-10-26 07:29:21,102 [WARN] PackLoader:240 - Cannot read IP mode file for wolfSSL.I-CUBE-wolfSSL.5.6.3
2023-10-26 07:29:21,124 [WARN] PackLoader:240 - Cannot read IP mode file for STMicroelectronics.X-CUBE-AZRTOS-L5.2.0.0
2023-10-26 07:29:21,162 [WARN] PackLoader:240 - Cannot read IP mode file for STMicroelectronics.X-CUBE-MEMS1.9.6.0
2023-10-26 07:29:21,264 [WARN] PackLoader:240 - Cannot read IP mode file for ITTIA_DB.I-CUBE-ITTIADB.8.8.0
2023-10-26 07:29:21,282 [WARN] PackLoader:240 - Cannot read IP mode file for STMicroelectronics.X-CUBE-BLEMGR.2.0.0
2023-10-26 07:29:21,307 [WARN] ConditionMgr:438 - getConditionDescription Invalid condition id : UX DEVICE CLASS RTOS Condition cause : null
2023-10-26 07:29:21,307 [WARN] ConditionMgr:438 - getConditionDescription Invalid condition id : UX DEVICE CLASS RTOS Condition cause : null
2023-10-26 07:29:21,309 [WARN] PackLoader:240 - Cannot read IP mode file for STMicroelectronics.X-CUBE-AZRTOS-H7.3.1.0
2023-10-26 07:29:21,310 [WARN] ConditionMgr:1039 - genDependencies : Invalid condition id : UX DEVICE CLASS RTOS Condition cause : null
2023-10-26 07:29:21,310 [WARN] ConditionMgr:1039 - genDependencies : Invalid condition id : UX DEVICE CLASS RTOS Condition cause : null
2023-10-26 07:29:21,310 [WARN] ConditionMgr:1039 - genDependencies : Invalid condition id : UX DEVICE CLASS RTOS Condition cause : null
2023-10-26 07:29:21,311 [WARN] ConditionMgr:1039 - genDependencies : Invalid condition id : UX DEVICE CLASS RTOS Condition cause : null
2023-10-26 07:29:21,311 [WARN] ConditionMgr:1039 - genDependencies : Invalid condition id : UX DEVICE CLASS RTOS Condition cause : null
2023-10-26 07:29:21,322 [WARN] PackLoader:240 - Cannot read IP mode file for STMicroelectronics.X-CUBE-NFC7.1.0.1
2023-10-26 07:29:21,340 [WARN] PackLoader:240 - Cannot read IP mode file for STMicroelectronics.X-CUBE-NFC6.3.0.0
2023-10-26 07:29:21,351 [WARN] PackLoader:240 - Cannot read IP mode file for STMicroelectronics.X-CUBE-EEPRMA1.4.1.0
2023-10-26 07:29:21,360 [WARN] PackLoader:240 - Cannot read IP mode file for STMicroelectronics.X-CUBE-AI.8.1.0
2023-10-26 07:29:21,392 [WARN] ConditionMgr:438 - getConditionDescription Invalid condition id : LAN8742 Phy interface Condition cause : null
2023-10-26 07:29:21,393 [WARN] PackLoader:240 - Cannot read IP mode file for STMicroelectronics.X-CUBE-AZRTOS-L4.2.0.0
2023-10-26 07:29:21,394 [WARN] ConditionMgr:1039 - genDependencies : Invalid condition id : LAN8742 Phy interface Condition cause : null
2023-10-26 07:29:21,395 [WARN] ConditionMgr:1039 - genDependencies : Invalid condition id : LAN8742 Phy interface Condition cause : null
2023-10-26 07:29:21,395 [WARN] ConditionMgr:1039 - genDependencies : Invalid condition id : LAN8742 Phy interface Condition cause : null
2023-10-26 07:29:21,411 [WARN] PackLoader:240 - Cannot read IP mode file for STMicroelectronics.X-CUBE-SFXS2LP1.4.0.0
2023-10-26 07:29:21,423 [WARN] PackLoader:240 - Cannot read IP mode file for STMicroelectronics.X-CUBE-ISPU.1.1.0
2023-10-26 07:29:21,448 [WARN] ConditionMgr:438 - getConditionDescription Invalid condition id : UX DEVICE CLASS RTOS Condition cause : null
2023-10-26 07:29:21,449 [WARN] ConditionMgr:438 - getConditionDescription Invalid condition id : UX DEVICE CLASS RTOS Condition cause : null
2023-10-26 07:29:21,451 [WARN] PackLoader:240 - Cannot read IP mode file for STMicroelectronics.X-CUBE-AZRTOS-WB.2.0.0
2023-10-26 07:29:21,453 [WARN] ConditionMgr:1039 - genDependencies : Invalid condition id : UX DEVICE CLASS RTOS Condition cause : null
2023-10-26 07:29:21,454 [WARN] ConditionMgr:1039 - genDependencies : Invalid condition id : UX DEVICE CLASS RTOS Condition cause : null
2023-10-26 07:29:21,454 [WARN] ConditionMgr:1039 - genDependencies : Invalid condition id : UX DEVICE CLASS RTOS Condition cause : null
2023-10-26 07:29:21,455 [WARN] ConditionMgr:1039 - genDependencies : Invalid condition id : UX DEVICE CLASS RTOS Condition cause : null
2023-10-26 07:29:21,455 [WARN] ConditionMgr:1039 - genDependencies : Invalid condition id : UX DEVICE CLASS RTOS Condition cause : null
2023-10-26 07:29:21,496 [WARN] PackLoader:240 - Cannot read IP mode file for STMicroelectronics.X-CUBE-SUBG2.5.0.0
2023-10-26 07:29:21,518 [WARN] PackLoader:240 - Cannot read IP mode file for STMicroelectronics.X-CUBE-TOF1.3.3.1
2023-10-26 07:29:21,548 [WARN] PackLoader:240 - Cannot read IP mode file for STMicroelectronics.X-CUBE-AZRTOS-G4.2.0.0
2023-10-26 07:29:21,572 [WARN] PackLoader:240 - Cannot read IP mode file for Infineon.AIROC-Wi-Fi-Bluetooth-STM32.1.5.1
2023-10-26 07:29:21,587 [WARN] PackLoader:240 - Cannot read IP mode file for STMicroelectronics.X-CUBE-FREERTOS.1.1.0
2023-10-26 07:29:21,611 [WARN] PackLoader:240 - Cannot read IP mode file for portGmbH.I-Cube-SoM-uGOAL.1.1.0
2023-10-26 07:29:21,627 [WARN] PackLoader:240 - Cannot read IP mode file for STMicroelectronics.X-CUBE-ALS.1.0.1
2023-10-26 07:29:21,645 [WARN] PackLoader:240 - Cannot read IP mode file for STMicroelectronics.FP-ATR-ASTRA1.2.0.0
2023-10-26 07:29:21,646 [INFO] ThirdParty:978 - Integrity check success = true
2023-10-26 07:29:21,647 [INFO] IntegrityCheckThread:100 - exiting critical section [integrity check]
2023-10-26 07:29:21,647 [INFO] IntegrityCheckThread:103 - End integrity checks thread
2023-10-26 07:29:21,920 [INFO] WebApp:157 - Instantiating new browser for Auth
2023-10-26 07:29:22,357 [INFO] WebApp:753 - Register for checkConnection events
2023-10-26 07:29:22,357 [INFO] WebApp:390 - Apply proxy settings
2023-10-26 07:29:22,357 [INFO] WebApp:475 - Chromium requires no authentication
2023-10-26 07:29:22,362 [INFO] WebApp:418 - Direct internet connection detected
2023-10-26 07:29:22,463 [INFO] WebApp:188 - Starting web application
2023-10-26 07:29:22,463 [INFO] WebApp:520 - Web application path used C:\ST\STM32CubeIDE_1.13.1\STM32CubeIDE\plugins\com.st.stm32cube.common.mx_6.9.2.202309101412\db\plugins\mcufinder\reactClient1\index.html
2023-10-26 07:29:36,489 [ERROR] LogOutputStream:75 - [STDERR_REDIRECT] SLF4J: Failed to load class "org.slf4j.impl.StaticLoggerBinder".
2023-10-26 07:29:36,489 [ERROR] LogOutputStream:75 - [STDERR_REDIRECT] SLF4J: Defaulting to no-operation (NOP) logger implementation
2023-10-26 07:29:36,489 [ERROR] LogOutputStream:75 - [STDERR_REDIRECT] SLF4J: See http://www.slf4j.org/codes.html#StaticLoggerBinder for further details.
2023-10-26 08:34:07,446 [ERROR] LogOutputStream:75 - [STDERR_REDIRECT] 
