2023-10-17 07:41:12,326 [INFO] Activator:176 - 


2023-10-17 07:41:12,334 [INFO] Activator:177 - !SESSION log4j initialized
2023-10-17 07:41:20,290 [INFO] LogOutputStream:77 - [STDOUT_REDIRECT] 
2023-10-17 07:41:22,911 [INFO] ApplicationProperties:184 - Using Application install path: C:\ST\STM32CubeIDE_1.13.1\STM32CubeIDE\plugins\com.st.stm32cube.common.mx_6.9.2.202309101412
2023-10-17 07:41:22,961 [INFO] DbMcusXml:78 - Set database path to: C:\ST\STM32CubeIDE_1.13.1\STM32CubeIDE\plugins\com.st.stm32cube.common.mx_6.9.2.202309101412\\db\/mcu/
2023-10-17 07:41:22,961 [INFO] ApiDb:274 - Set plugin database path to: C:\ST\STM32CubeIDE_1.13.1\STM32CubeIDE\plugins\com.st.stm32cube.common.mx_6.9.2.202309101412\\db\/plugins/boardmanager/
2023-10-17 07:41:22,963 [WARN] ApiDb:259 - Overriding images path with different value:  => C:\ST\STM32CubeIDE_1.13.1\STM32CubeIDE\plugins\com.st.stm32cube.common.mx_6.9.2.202309101412\\db\/plugins/mcufinder/images/
2023-10-17 07:41:22,998 [INFO] ApiDb:250 - Set database path to: C:\Users\Ubaid\.stmcufinder\plugins\mcufinder//mcu/
2023-10-17 07:41:23,002 [INFO] DbMcusAds:125 - Set database path to: C:\Users\Ubaid\.stmcufinder\plugins\mcufinder//mcu/
2023-10-17 07:41:23,005 [INFO] CrossReferenceDbSqlite:203 - Set database path to: C:\Users\Ubaid\.stmcufinder\plugins\mcufinder//mcu/cs/
2023-10-17 07:41:23,398 [INFO] RulesReader:64 - Compatibility file has been processed (293 Rules)
2023-10-17 07:41:23,520 [INFO] DbMcusXml:78 - Set database path to: C:\ST\STM32CubeIDE_1.13.1\STM32CubeIDE\plugins\com.st.stm32cube.common.mx_6.9.2.202309101412\\db\/mcu/
2023-10-17 07:41:23,520 [INFO] ApiDb:274 - Set plugin database path to: C:\ST\STM32CubeIDE_1.13.1\STM32CubeIDE\plugins\com.st.stm32cube.common.mx_6.9.2.202309101412\\db\/plugins/boardmanager/
2023-10-17 07:41:23,521 [INFO] ApiDb:261 - Set plugin images path to: C:\ST\STM32CubeIDE_1.13.1\STM32CubeIDE\plugins\com.st.stm32cube.common.mx_6.9.2.202309101412\\db\/plugins/mcufinder/images/
2023-10-17 07:41:23,521 [WARN] DbFile:41 - Overriding database path with different value: C:\Users\Ubaid\.stmcufinder\plugins\mcufinder/ => C:\Users\Ubaid\.stmcufinder\plugins\mcufinder
2023-10-17 07:41:23,522 [INFO] ApiDb:250 - Set database path to: C:\Users\Ubaid\.stmcufinder\plugins\mcufinder//mcu/
2023-10-17 07:41:23,522 [WARN] DbFile:41 - Overriding database path with different value: C:\Users\Ubaid\.stmcufinder\plugins\mcufinder/ => C:\Users\Ubaid\.stmcufinder\plugins\mcufinder
2023-10-17 07:41:23,522 [INFO] DbMcusAds:125 - Set database path to: C:\Users\Ubaid\.stmcufinder\plugins\mcufinder//mcu/
2023-10-17 07:41:23,522 [WARN] DbFile:41 - Overriding database path with different value: C:\Users\Ubaid\.stmcufinder\plugins\mcufinder/ => C:\Users\Ubaid\.stmcufinder\plugins\mcufinder
2023-10-17 07:41:23,522 [WARN] DbFile:41 - Overriding database path with different value: C:\Users\Ubaid\.stmcufinder\plugins\mcufinder/ => C:\Users\Ubaid\.stmcufinder\plugins\mcufinder
2023-10-17 07:41:23,523 [INFO] CrossReferenceDbSqlite:203 - Set database path to: C:\Users\Ubaid\.stmcufinder\plugins\mcufinder//mcu/cs/
2023-10-17 07:41:23,647 [INFO] MainPanel:262 - HeapMemory: 268435456
2023-10-17 07:41:23,847 [INFO] DbMcusXml:78 - Set database path to: C:\ST\STM32CubeIDE_1.13.1\STM32CubeIDE\plugins\com.st.stm32cube.common.mx_6.9.2.202309101412\\db\/mcu/
2023-10-17 07:41:23,847 [INFO] ApiDb:274 - Set plugin database path to: C:\ST\STM32CubeIDE_1.13.1\STM32CubeIDE\plugins\com.st.stm32cube.common.mx_6.9.2.202309101412\\db\/plugins/boardmanager/
2023-10-17 07:41:23,847 [INFO] ApiDb:261 - Set plugin images path to: C:\ST\STM32CubeIDE_1.13.1\STM32CubeIDE\plugins\com.st.stm32cube.common.mx_6.9.2.202309101412\\db\/plugins/mcufinder/images/
2023-10-17 07:41:23,847 [WARN] DbFile:41 - Overriding database path with different value: C:\Users\Ubaid\.stmcufinder\plugins\mcufinder/ => C:\Users\Ubaid\.stmcufinder\plugins\mcufinder
2023-10-17 07:41:23,847 [INFO] ApiDb:250 - Set database path to: C:\Users\Ubaid\.stmcufinder\plugins\mcufinder//mcu/
2023-10-17 07:41:23,847 [WARN] DbFile:41 - Overriding database path with different value: C:\Users\Ubaid\.stmcufinder\plugins\mcufinder/ => C:\Users\Ubaid\.stmcufinder\plugins\mcufinder
2023-10-17 07:41:23,847 [INFO] DbMcusAds:125 - Set database path to: C:\Users\Ubaid\.stmcufinder\plugins\mcufinder//mcu/
2023-10-17 07:41:23,847 [WARN] DbFile:41 - Overriding database path with different value: C:\Users\Ubaid\.stmcufinder\plugins\mcufinder/ => C:\Users\Ubaid\.stmcufinder\plugins\mcufinder
2023-10-17 07:41:23,847 [WARN] DbFile:41 - Overriding database path with different value: C:\Users\Ubaid\.stmcufinder\plugins\mcufinder/ => C:\Users\Ubaid\.stmcufinder\plugins\mcufinder
2023-10-17 07:41:23,847 [INFO] CrossReferenceDbSqlite:203 - Set database path to: C:\Users\Ubaid\.stmcufinder\plugins\mcufinder//mcu/cs/
2023-10-17 07:41:23,885 [INFO] ApplicationProperties:184 - Using Application install path: C:\ST\STM32CubeIDE_1.13.1\STM32CubeIDE\plugins\com.st.stm32cube.common.mx_6.9.2.202309101412
2023-10-17 07:41:23,887 [INFO] PluginManage:196 - Search for loadable plugins [exclusion list=, ]
2023-10-17 07:41:23,891 [INFO] PluginManage:310 - Check plugin analytics
2023-10-17 07:41:24,227 [INFO] AnalyticsPlugin:253 - Accepted Software Licenses: STM32CubeMX.6.9.1
2023-10-17 07:41:24,227 [INFO] AnalyticsPlugin:255 - Accepted CMSIS Pack Licenses: 
2023-10-17 07:41:24,227 [INFO] AnalyticsPlugin:257 - Accepted Firmware Licenses: FW.F4.1.27.0
2023-10-17 07:41:24,227 [INFO] PluginManage:359 - Loaded plugin analytics (category:tool,tabindex:-1)
2023-10-17 07:41:24,227 [INFO] PluginManage:310 - Check plugin cadmodel
2023-10-17 07:41:24,257 [INFO] CADModel:105 - Init CAD model plugin
2023-10-17 07:41:24,257 [INFO] PluginManage:359 - Loaded plugin cadmodel (category:power,tabindex:5)
2023-10-17 07:41:24,257 [INFO] PluginManage:310 - Check plugin clock
2023-10-17 07:41:24,281 [INFO] PluginManage:359 - Loaded plugin clock (category:base,tabindex:2)
2023-10-17 07:41:24,281 [INFO] PluginManage:310 - Check plugin ddr
2023-10-17 07:41:24,287 [INFO] PluginManage:359 - Loaded plugin ddr (category:tool,tabindex:6)
2023-10-17 07:41:24,287 [INFO] PluginManage:310 - Check plugin filemanager
2023-10-17 07:41:24,476 [INFO] PluginManage:359 - Loaded plugin filemanager (category:base,tabindex:10)
2023-10-17 07:41:24,476 [INFO] PluginManage:310 - Check plugin ipmanager
2023-10-17 07:41:24,486 [INFO] PluginManage:359 - Loaded plugin ipmanager (category:base,tabindex:5)
2023-10-17 07:41:24,486 [INFO] PluginManage:310 - Check plugin lpbam
2023-10-17 07:41:24,507 [INFO] PluginManage:359 - Loaded plugin lpbam (category:base,tabindex:0)
2023-10-17 07:41:24,507 [INFO] PluginManage:310 - Check plugin memorymap
2023-10-17 07:41:24,537 [INFO] PluginManage:359 - Loaded plugin memorymap (category:base,tabindex:4)
2023-10-17 07:41:24,537 [INFO] PluginManage:310 - Check plugin pinoutandconfiguration
2023-10-17 07:41:24,567 [INFO] PluginManage:359 - Loaded plugin pinoutandconfiguration (category:base,tabindex:1)
2023-10-17 07:41:24,567 [INFO] PluginManage:310 - Check plugin pinoutconfig
2023-10-17 07:41:24,709 [WARN] SupportedApi:132 - Cannot load RTOS API schema: s4s-elt-must-match.1: The content of 'definitions' must match (annotation?, (simpleType | complexType)?, (unique | key | keyref)*)). A problem was found starting at: attribute.
2023-10-17 07:41:24,965 [INFO] PluginManage:359 - Loaded plugin pinoutconfig (category:base,tabindex:0)
2023-10-17 07:41:24,967 [INFO] PluginManage:310 - Check plugin power
2023-10-17 07:41:25,007 [INFO] PluginManage:359 - Loaded plugin power (category:power,tabindex:4)
2023-10-17 07:41:25,007 [INFO] PluginManage:310 - Check plugin projectmanager
2023-10-17 07:41:25,037 [INFO] PluginManage:359 - Loaded plugin projectmanager (category:projectmanager,tabindex:3)
2023-10-17 07:41:25,037 [INFO] PluginManage:310 - Check plugin thirdparty
2023-10-17 07:41:25,456 [INFO] PluginManage:359 - Loaded plugin thirdparty (category:base,tabindex:-1)
2023-10-17 07:41:25,456 [INFO] PluginManage:310 - Check plugin tools
2023-10-17 07:41:25,456 [WARN] IntegrityCheckThread:84 - waiting for thirdparty lock release [integrity check]
2023-10-17 07:41:25,456 [INFO] IntegrityCheckThread:86 - entering critical section [integrity check]
2023-10-17 07:41:25,456 [INFO] ThirdPartyUpdaterWithRetryManager:70 - Updater plugin not ready yet. [1/15]
2023-10-17 07:41:25,507 [INFO] PluginManage:359 - Loaded plugin tools (category:base,tabindex:7)
2023-10-17 07:41:25,507 [INFO] PluginManage:310 - Check plugin tutovideos
2023-10-17 07:41:25,798 [INFO] PluginManage:359 - Loaded plugin tutovideos (category:base,tabindex:-1)
2023-10-17 07:41:25,798 [INFO] PluginManage:310 - Check plugin updater
2023-10-17 07:41:25,806 [INFO] PluginManage:359 - Loaded plugin updater (category:base,tabindex:12)
2023-10-17 07:41:25,815 [INFO] PluginManage:310 - Check plugin userauth
2023-10-17 07:41:25,822 [INFO] UserAuth:113 - Init User Auth plugin
2023-10-17 07:41:25,822 [INFO] PluginManage:359 - Loaded plugin userauth (category:base,tabindex:14)
2023-10-17 07:41:25,825 [INFO] PluginManage:283 - PluginManage : Loaded plugins [17]
2023-10-17 07:41:26,137 [INFO] PinOutPanel:1499 - setPackage(No Configuration,No Configuration)
2023-10-17 07:41:26,291 [INFO] CADModel:165 - CPN selected for project level
2023-10-17 07:41:26,291 [INFO] CADModel:114 - Register for checkConnection events
2023-10-17 07:41:26,327 [INFO] IPUIPlugin:80 - create IPUIPlugin
2023-10-17 07:41:26,327 [INFO] PluginManager:220 - loadIPPluginJar : add adc
2023-10-17 07:41:26,385 [INFO] IPUIPlugin:80 - create IPUIPlugin
2023-10-17 07:41:26,385 [INFO] PluginManager:220 - loadIPPluginJar : add aes
2023-10-17 07:41:26,445 [INFO] IPUIPlugin:80 - create IPUIPlugin
2023-10-17 07:41:26,446 [INFO] PluginManager:220 - loadIPPluginJar : add can
2023-10-17 07:41:26,489 [INFO] IPUIPlugin:80 - create IPUIPlugin
2023-10-17 07:41:26,489 [INFO] PluginManager:220 - loadIPPluginJar : add comp
2023-10-17 07:41:26,532 [INFO] IPUIPlugin:80 - create IPUIPlugin
2023-10-17 07:41:26,532 [INFO] PluginManager:220 - loadIPPluginJar : add cryp
2023-10-17 07:41:26,571 [INFO] IPUIPlugin:80 - create IPUIPlugin
2023-10-17 07:41:26,572 [INFO] PluginManager:220 - loadIPPluginJar : add dfsdm
2023-10-17 07:41:26,588 [INFO] IPUIPlugin:80 - create IPUIPlugin
2023-10-17 07:41:26,589 [INFO] PluginManager:220 - loadIPPluginJar : add dma
2023-10-17 07:41:26,768 [INFO] IPUIPlugin:80 - create IPUIPlugin
2023-10-17 07:41:26,769 [INFO] PluginManager:220 - loadIPPluginJar : add dma3
2023-10-17 07:41:26,796 [INFO] IPUIPlugin:80 - create IPUIPlugin
2023-10-17 07:41:26,797 [INFO] PluginManager:220 - loadIPPluginJar : add fatfs
2023-10-17 07:41:26,843 [INFO] IPUIPlugin:80 - create IPUIPlugin
2023-10-17 07:41:26,843 [INFO] PluginManager:220 - loadIPPluginJar : add fmc
2023-10-17 07:41:26,858 [INFO] IPUIPlugin:80 - create IPUIPlugin
2023-10-17 07:41:26,859 [INFO] PluginManager:220 - loadIPPluginJar : add freertos
2023-10-17 07:41:26,875 [INFO] IPUIPlugin:80 - create IPUIPlugin
2023-10-17 07:41:26,875 [INFO] PluginManager:220 - loadIPPluginJar : add genericplugin
2023-10-17 07:41:26,940 [INFO] IPUIPlugin:80 - create IPUIPlugin
2023-10-17 07:41:26,940 [INFO] PluginManager:220 - loadIPPluginJar : add gfxmmu
2023-10-17 07:41:27,182 [INFO] IPUIPlugin:80 - create IPUIPlugin
2023-10-17 07:41:27,182 [INFO] PluginManager:220 - loadIPPluginJar : add gic
2023-10-17 07:41:27,198 [INFO] IPUIPlugin:80 - create IPUIPlugin
2023-10-17 07:41:27,198 [INFO] PluginManager:220 - loadIPPluginJar : add gpio
2023-10-17 07:41:27,359 [INFO] IPUIPlugin:80 - create IPUIPlugin
2023-10-17 07:41:27,359 [INFO] PluginManager:220 - loadIPPluginJar : add gtzc
2023-10-17 07:41:27,402 [INFO] IPUIPlugin:80 - create IPUIPlugin
2023-10-17 07:41:27,403 [INFO] PluginManager:220 - loadIPPluginJar : add hash
2023-10-17 07:41:27,465 [INFO] IPUIPlugin:80 - create IPUIPlugin
2023-10-17 07:41:27,466 [INFO] PluginManager:220 - loadIPPluginJar : add i2c
2023-10-17 07:41:27,530 [INFO] IPUIPlugin:80 - create IPUIPlugin
2023-10-17 07:41:27,530 [INFO] PluginManager:220 - loadIPPluginJar : add i2s
2023-10-17 07:41:27,630 [INFO] IPUIPlugin:80 - create IPUIPlugin
2023-10-17 07:41:27,630 [INFO] PluginManager:220 - loadIPPluginJar : add i3c
2023-10-17 07:41:27,796 [INFO] IPUIPlugin:80 - create IPUIPlugin
2023-10-17 07:41:27,796 [INFO] PluginManager:220 - loadIPPluginJar : add ipddr
2023-10-17 07:41:27,937 [INFO] IPUIPlugin:80 - create IPUIPlugin
2023-10-17 07:41:27,937 [INFO] PluginManager:220 - loadIPPluginJar : add linkedlist
2023-10-17 07:41:28,067 [INFO] IPUIPlugin:80 - create IPUIPlugin
2023-10-17 07:41:28,067 [INFO] PluginManager:220 - loadIPPluginJar : add lorawan
2023-10-17 07:41:28,155 [INFO] IPUIPlugin:80 - create IPUIPlugin
2023-10-17 07:41:28,155 [INFO] PluginManager:220 - loadIPPluginJar : add ltdc
2023-10-17 07:41:28,180 [INFO] IPUIPlugin:80 - create IPUIPlugin
2023-10-17 07:41:28,181 [INFO] PluginManager:220 - loadIPPluginJar : add mdma
2023-10-17 07:41:28,200 [INFO] IPUIPlugin:80 - create IPUIPlugin
2023-10-17 07:41:28,201 [INFO] PluginManager:220 - loadIPPluginJar : add nvic
2023-10-17 07:41:28,269 [INFO] IPUIPlugin:80 - create IPUIPlugin
2023-10-17 07:41:28,269 [INFO] PluginManager:220 - loadIPPluginJar : add opamp
2023-10-17 07:41:28,377 [INFO] IPUIPlugin:80 - create IPUIPlugin
2023-10-17 07:41:28,377 [INFO] PluginManager:220 - loadIPPluginJar : add openamp
2023-10-17 07:41:28,434 [INFO] IPUIPlugin:80 - create IPUIPlugin
2023-10-17 07:41:28,434 [INFO] PluginManager:220 - loadIPPluginJar : add pdm2pcm
2023-10-17 07:41:28,452 [INFO] IPUIPlugin:80 - create IPUIPlugin
2023-10-17 07:41:28,455 [INFO] PluginManager:220 - loadIPPluginJar : add plateformsettings
2023-10-17 07:41:28,465 [INFO] ThirdPartyUpdaterWithRetryManager:70 - Updater plugin not ready yet. [2/15]
2023-10-17 07:41:28,497 [INFO] IPUIPlugin:80 - create IPUIPlugin
2023-10-17 07:41:28,497 [INFO] PluginManager:220 - loadIPPluginJar : add quadspi
2023-10-17 07:41:28,514 [INFO] IPUIPlugin:80 - create IPUIPlugin
2023-10-17 07:41:28,515 [INFO] PluginManager:220 - loadIPPluginJar : add resmgrutility
2023-10-17 07:41:28,646 [INFO] IPUIPlugin:80 - create IPUIPlugin
2023-10-17 07:41:28,647 [INFO] PluginManager:220 - loadIPPluginJar : add sai
2023-10-17 07:41:28,711 [INFO] IPUIPlugin:80 - create IPUIPlugin
2023-10-17 07:41:28,711 [INFO] PluginManager:220 - loadIPPluginJar : add spi
2023-10-17 07:41:28,839 [INFO] IPUIPlugin:80 - create IPUIPlugin
2023-10-17 07:41:28,840 [INFO] PluginManager:220 - loadIPPluginJar : add stm32_wpan
2023-10-17 07:41:28,882 [INFO] IPUIPlugin:80 - create IPUIPlugin
2023-10-17 07:41:28,882 [INFO] PluginManager:220 - loadIPPluginJar : add tim
2023-10-17 07:41:28,996 [INFO] IPUIPlugin:80 - create IPUIPlugin
2023-10-17 07:41:28,996 [INFO] PluginManager:220 - loadIPPluginJar : add touchsensing
2023-10-17 07:41:29,040 [INFO] IPUIPlugin:80 - create IPUIPlugin
2023-10-17 07:41:29,040 [INFO] PluginManager:220 - loadIPPluginJar : add tracer_emb
2023-10-17 07:41:29,074 [INFO] IPUIPlugin:80 - create IPUIPlugin
2023-10-17 07:41:29,075 [INFO] PluginManager:220 - loadIPPluginJar : add ts
2023-10-17 07:41:29,102 [INFO] IPUIPlugin:80 - create IPUIPlugin
2023-10-17 07:41:29,102 [INFO] PluginManager:220 - loadIPPluginJar : add tsc
2023-10-17 07:41:29,147 [INFO] IPUIPlugin:80 - create IPUIPlugin
2023-10-17 07:41:29,148 [INFO] PluginManager:220 - loadIPPluginJar : add ucpd
2023-10-17 07:41:29,244 [INFO] IPUIPlugin:80 - create IPUIPlugin
2023-10-17 07:41:29,244 [INFO] PluginManager:220 - loadIPPluginJar : add usart
2023-10-17 07:41:29,349 [INFO] IPUIPlugin:80 - create IPUIPlugin
2023-10-17 07:41:29,350 [INFO] PluginManager:220 - loadIPPluginJar : add usbx
2023-10-17 07:41:29,566 [INFO] CADModel:165 - CPN selected for project level
2023-10-17 07:41:29,566 [INFO] CADModel:114 - Register for checkConnection events
2023-10-17 07:41:29,566 [FATAL] Updater:308 - Updater called before beeing initialized
2023-10-17 07:41:29,567 [ERROR] CADModel:125 - Updater not yet initialized, retry later 
2023-10-17 07:41:29,825 [INFO] CADModel:165 - CPN selected for project level
2023-10-17 07:41:29,826 [INFO] CADModel:114 - Register for checkConnection events
2023-10-17 07:41:29,826 [FATAL] Updater:308 - Updater called before beeing initialized
2023-10-17 07:41:29,826 [ERROR] CADModel:125 - Updater not yet initialized, retry later 
2023-10-17 07:41:29,832 [FATAL] Updater:308 - Updater called before beeing initialized
2023-10-17 07:41:30,245 [FATAL] Updater:308 - Updater called before beeing initialized
2023-10-17 07:41:30,268 [INFO] DbMcusAds:53 - JSON generation date=Tue Mar 07 14:20:55 IST 2023 (1678179055114)
2023-10-17 07:41:30,268 [FATAL] Updater:308 - Updater called before beeing initialized
2023-10-17 07:41:30,370 [WARN] DetailPanel:346 - Failed to get advertising image, set to default
2023-10-17 07:41:30,589 [FATAL] Updater:308 - Updater called before beeing initialized
2023-10-17 07:41:30,591 [FATAL] Updater:308 - Updater called before beeing initialized
2023-10-17 07:41:30,592 [FATAL] Updater:308 - Updater called before beeing initialized
2023-10-17 07:41:30,592 [WARN] DetailPanel:346 - Failed to get advertising image, set to default
2023-10-17 07:41:30,593 [FATAL] Updater:308 - Updater called before beeing initialized
2023-10-17 07:41:30,663 [ERROR] Updater:1120 - MainUpdater not yet initialized. External WinMGr cannot be set.
2023-10-17 07:41:30,674 [INFO] Updater:1056 - Updater Version found : 6.9.2
2023-10-17 07:41:30,703 [INFO] ApplicationProperties:184 - Using Application install path: C:\ST\STM32CubeIDE_1.13.1\STM32CubeIDE\plugins\com.st.stm32cube.common.mx_6.9.2.202309101412
2023-10-17 07:41:31,473 [INFO] ThirdPartyUpdaterWithRetryManager:70 - Updater plugin not ready yet. [3/15]
2023-10-17 07:41:32,685 [INFO] MainUpdater:2868 - connection check result : 10
2023-10-17 07:41:32,686 [INFO] MainUpdater:3562 - Updater definition file requires update
2023-10-17 07:41:32,687 [INFO] MainUpdater:285 - Updater Check For Update Now.
2023-10-17 07:41:32,687 [INFO] MicroXplorer:498 - Change Database Version : DB.6.0.92
2023-10-17 07:41:32,710 [INFO] McuFinderGlobals:63 - Set McuFinder mode to 2 (CubeIDE integrated)
2023-10-17 07:41:32,711 [INFO] UserAuth:179 - activating auth plugin
2023-10-17 07:41:32,714 [INFO] UserAuth:393 - Internet connection configuration mode: 1
2023-10-17 07:41:32,743 [INFO] JxBrowserEngine:151 - Initiate JxBrowser Engine with user profile folder
2023-10-17 07:41:32,779 [INFO] ServerAccessManage:473 - Download File updaters.zip
2023-10-17 07:41:32,971 [INFO] FileExtend:240 - Unzip File : updaters.zip
2023-10-17 07:41:32,971 [INFO] FileExtend:255 - Standard Zip Deflate
2023-10-17 07:41:33,367 [INFO] ServerAccessManage:473 - Download File PacksControlFlags.xml
2023-10-17 07:41:33,467 [INFO] ServerAccessManage:473 - Download File cubemx.pidx
2023-10-17 07:41:34,498 [WARN] MainUpdater:1189 - Updater busy. Cannot search thirdparties
2023-10-17 07:41:34,498 [INFO] ThirdPartyUpdaterWithRetryManager:96 - Updater plugin is busy. [1/15]
2023-10-17 07:41:34,783 [INFO] ServerAccessManage:473 - Download File STMicroelectronics.X-CUBE-MEMS1.pdsc
2023-10-17 07:41:35,676 [ERROR] ServerAccessManage:1089 - Problem, file not found on Server
2023-10-17 07:41:36,493 [INFO] WebApp:157 - Instantiating new browser for Auth
2023-10-17 07:41:37,446 [INFO] WebApp:753 - Register for checkConnection events
2023-10-17 07:41:37,447 [INFO] WebApp:390 - Apply proxy settings
2023-10-17 07:41:37,447 [INFO] WebApp:475 - Chromium requires no authentication
2023-10-17 07:41:37,451 [ERROR] ServerAccessManage:1096 - Problem, Http access forbiden
2023-10-17 07:41:37,453 [ERROR] ServerAccessManage:651 - Problem, Http access forbiden : RoweBots.I-CUBE-UNISONRTOS.pdsc.
2023-10-17 07:41:37,457 [INFO] WebApp:418 - Direct internet connection detected
2023-10-17 07:41:37,509 [WARN] MainUpdater:1189 - Updater busy. Cannot search thirdparties
2023-10-17 07:41:37,509 [INFO] ThirdPartyUpdaterWithRetryManager:96 - Updater plugin is busy. [2/15]
2023-10-17 07:41:37,902 [INFO] WebApp:188 - Starting web application
2023-10-17 07:41:37,902 [INFO] WebApp:520 - Web application path used C:\ST\STM32CubeIDE_1.13.1\STM32CubeIDE\plugins\com.st.stm32cube.common.mx_6.9.2.202309101412\db\plugins\mcufinder\reactClient1\index.html
2023-10-17 07:41:38,528 [INFO] PopulateThirdPartyThread:66 - Ending populate Thread
2023-10-17 07:41:38,531 [INFO] ThirdParty:1030 - CMSIS Pack Vendor :STMicroelectronics X-CUBE-MEMS1 10.0.0
2023-10-17 07:41:38,531 [INFO] LoadServerUpdatesThread:373 - End of LoadServerUpdate Thread
2023-10-17 07:41:38,550 [INFO] CheckServerUpdateThread:120 - End of CheckServer Thread
2023-10-17 07:41:40,746 [WARN] PackLoader:240 - Cannot read IP mode file for STMicroelectronics.X-CUBE-SMBUS.2.1.0
2023-10-17 07:41:40,784 [WARN] PackLoader:240 - Cannot read IP mode file for STMicroelectronics.X-CUBE-AZRTOS-F7.1.1.0
2023-10-17 07:41:40,813 [WARN] PackLoader:240 - Cannot read IP mode file for STMicroelectronics.FP-SNS-MOTENV1.4.3.2
2023-10-17 07:41:40,822 [WARN] PackLoader:240 - Cannot read IP mode file for STMicroelectronics.FP-SNS-FLIGHT1.5.0.2
2023-10-17 07:41:40,854 [WARN] PackLoader:240 - Cannot read IP mode file for STMicroelectronics.X-CUBE-DISPLAY.3.0.0
2023-10-17 07:41:40,878 [WARN] PackLoader:240 - Cannot read IP mode file for STMicroelectronics.X-CUBE-BLE1.7.0.0
2023-10-17 07:41:40,898 [WARN] PackLoader:240 - Cannot read IP mode file for emotas.I-CUBE-CANOPEN.1.3.0
2023-10-17 07:41:40,911 [WARN] PackLoader:240 - Cannot read IP mode file for STMicroelectronics.X-CUBE-TOUCHGFX.4.22.0
2023-10-17 07:41:40,924 [WARN] PackLoader:240 - Cannot read IP mode file for STMicroelectronics.X-CUBE-TOUCHGFX.4.22.1
2023-10-17 07:41:40,936 [WARN] PackLoader:240 - Cannot read IP mode file for STMicroelectronics.FP-SNS-SMARTAG2.1.2.0
2023-10-17 07:41:40,961 [INFO] LogOutputStream:77 - [STDOUT_REDIRECT] 1 : Invalid condition id : UX_CORESTACK_Condition cause : null
2023-10-17 07:41:40,961 [INFO] LogOutputStream:77 - [STDOUT_REDIRECT] 1 : Invalid condition id : UX_CORESTACK_Condition cause : null
2023-10-17 07:41:40,962 [INFO] LogOutputStream:77 - [STDOUT_REDIRECT] 1 : Invalid condition id : UX_CORESTACK_Condition cause : null
2023-10-17 07:41:40,966 [INFO] LogOutputStream:77 - [STDOUT_REDIRECT] 1 : Invalid condition id : UX_CORESTACK_Condition cause : null
2023-10-17 07:41:40,967 [INFO] LogOutputStream:77 - [STDOUT_REDIRECT] 1 : Invalid condition id : UX_CORESTACK_Condition cause : null
2023-10-17 07:41:40,971 [WARN] PackLoader:240 - Cannot read IP mode file for STMicroelectronics.X-CUBE-AZRTOS-WL.2.0.0
2023-10-17 07:41:40,989 [WARN] PackLoader:240 - Cannot read IP mode file for WES.I-CUBE-Cesium.1.3.0
2023-10-17 07:41:41,003 [WARN] PackLoader:240 - Cannot read IP mode file for STMicroelectronics.X-CUBE-BLE2.3.3.0
2023-10-17 07:41:41,021 [WARN] PackLoader:240 - Cannot read IP mode file for STMicroelectronics.X-CUBE-ALGOBUILD.1.3.0
2023-10-17 07:41:41,059 [WARN] PackLoader:240 - Cannot read IP mode file for STMicroelectronics.X-CUBE-AZRTOS-G0.1.1.0
2023-10-17 07:41:41,090 [WARN] PackLoader:240 - Cannot read IP mode file for STMicroelectronics.X-CUBE-NFC4.3.0.0
2023-10-17 07:41:41,099 [WARN] PackLoader:240 - Cannot read IP mode file for STMicroelectronics.FP-ATR-SIGFOX1.3.2.0
2023-10-17 07:41:41,159 [WARN] PackLoader:240 - Cannot read IP mode file for SEGGER.I-CUBE-embOS.1.3.1
2023-10-17 07:41:41,275 [WARN] PackLoader:240 - Cannot read IP mode file for STMicroelectronics.X-CUBE-GNSS1.6.0.0
2023-10-17 07:41:41,359 [WARN] PackLoader:240 - Cannot read IP mode file for STMicroelectronics.X-CUBE-AZRTOS-F4.1.1.0
2023-10-17 07:41:41,391 [WARN] PackLoader:240 - Cannot read IP mode file for wolfSSL.I-CUBE-wolfSSL.5.6.3
2023-10-17 07:41:41,474 [WARN] PackLoader:240 - Cannot read IP mode file for STMicroelectronics.X-CUBE-AZRTOS-L5.2.0.0
2023-10-17 07:41:41,712 [WARN] PackLoader:240 - Cannot read IP mode file for STMicroelectronics.X-CUBE-MEMS1.9.6.0
2023-10-17 07:41:42,278 [WARN] PackLoader:240 - Cannot read IP mode file for ITTIA_DB.I-CUBE-ITTIADB.8.8.0
2023-10-17 07:41:42,340 [WARN] PackLoader:240 - Cannot read IP mode file for STMicroelectronics.X-CUBE-BLEMGR.2.0.0
2023-10-17 07:41:42,430 [WARN] ConditionMgr:438 - getConditionDescription Invalid condition id : UX DEVICE CLASS RTOS Condition cause : null
2023-10-17 07:41:42,432 [WARN] ConditionMgr:438 - getConditionDescription Invalid condition id : UX DEVICE CLASS RTOS Condition cause : null
2023-10-17 07:41:42,436 [WARN] PackLoader:240 - Cannot read IP mode file for STMicroelectronics.X-CUBE-AZRTOS-H7.3.1.0
2023-10-17 07:41:42,438 [WARN] ConditionMgr:1039 - genDependencies : Invalid condition id : UX DEVICE CLASS RTOS Condition cause : null
2023-10-17 07:41:42,438 [WARN] ConditionMgr:1039 - genDependencies : Invalid condition id : UX DEVICE CLASS RTOS Condition cause : null
2023-10-17 07:41:42,439 [WARN] ConditionMgr:1039 - genDependencies : Invalid condition id : UX DEVICE CLASS RTOS Condition cause : null
2023-10-17 07:41:42,440 [WARN] ConditionMgr:1039 - genDependencies : Invalid condition id : UX DEVICE CLASS RTOS Condition cause : null
2023-10-17 07:41:42,440 [WARN] ConditionMgr:1039 - genDependencies : Invalid condition id : UX DEVICE CLASS RTOS Condition cause : null
2023-10-17 07:41:42,471 [WARN] PackLoader:240 - Cannot read IP mode file for STMicroelectronics.X-CUBE-NFC7.1.0.1
2023-10-17 07:41:42,504 [WARN] PackLoader:240 - Cannot read IP mode file for STMicroelectronics.X-CUBE-NFC6.3.0.0
2023-10-17 07:41:42,596 [WARN] PackLoader:240 - Cannot read IP mode file for STMicroelectronics.X-CUBE-EEPRMA1.4.1.0
2023-10-17 07:41:42,634 [WARN] PackLoader:240 - Cannot read IP mode file for STMicroelectronics.X-CUBE-AI.8.1.0
2023-10-17 07:41:42,725 [WARN] ConditionMgr:438 - getConditionDescription Invalid condition id : LAN8742 Phy interface Condition cause : null
2023-10-17 07:41:42,726 [WARN] PackLoader:240 - Cannot read IP mode file for STMicroelectronics.X-CUBE-AZRTOS-L4.2.0.0
2023-10-17 07:41:42,727 [WARN] ConditionMgr:1039 - genDependencies : Invalid condition id : LAN8742 Phy interface Condition cause : null
2023-10-17 07:41:42,727 [WARN] ConditionMgr:1039 - genDependencies : Invalid condition id : LAN8742 Phy interface Condition cause : null
2023-10-17 07:41:42,728 [WARN] ConditionMgr:1039 - genDependencies : Invalid condition id : LAN8742 Phy interface Condition cause : null
2023-10-17 07:41:42,778 [WARN] PackLoader:240 - Cannot read IP mode file for STMicroelectronics.X-CUBE-SFXS2LP1.4.0.0
2023-10-17 07:41:42,825 [WARN] PackLoader:240 - Cannot read IP mode file for STMicroelectronics.X-CUBE-ISPU.1.1.0
2023-10-17 07:41:42,892 [WARN] ConditionMgr:438 - getConditionDescription Invalid condition id : UX DEVICE CLASS RTOS Condition cause : null
2023-10-17 07:41:42,893 [WARN] ConditionMgr:438 - getConditionDescription Invalid condition id : UX DEVICE CLASS RTOS Condition cause : null
2023-10-17 07:41:42,895 [WARN] PackLoader:240 - Cannot read IP mode file for STMicroelectronics.X-CUBE-AZRTOS-WB.2.0.0
2023-10-17 07:41:42,896 [WARN] ConditionMgr:1039 - genDependencies : Invalid condition id : UX DEVICE CLASS RTOS Condition cause : null
2023-10-17 07:41:42,896 [WARN] ConditionMgr:1039 - genDependencies : Invalid condition id : UX DEVICE CLASS RTOS Condition cause : null
2023-10-17 07:41:42,896 [WARN] ConditionMgr:1039 - genDependencies : Invalid condition id : UX DEVICE CLASS RTOS Condition cause : null
2023-10-17 07:41:42,896 [WARN] ConditionMgr:1039 - genDependencies : Invalid condition id : UX DEVICE CLASS RTOS Condition cause : null
2023-10-17 07:41:42,896 [WARN] ConditionMgr:1039 - genDependencies : Invalid condition id : UX DEVICE CLASS RTOS Condition cause : null
2023-10-17 07:41:43,058 [WARN] PackLoader:240 - Cannot read IP mode file for STMicroelectronics.X-CUBE-SUBG2.5.0.0
2023-10-17 07:41:43,072 [ERROR] LogOutputStream:75 - [STDERR_REDIRECT] SLF4J: Failed to load class "org.slf4j.impl.StaticLoggerBinder".
2023-10-17 07:41:43,073 [ERROR] LogOutputStream:75 - [STDERR_REDIRECT] SLF4J: Defaulting to no-operation (NOP) logger implementation
2023-10-17 07:41:43,075 [ERROR] LogOutputStream:75 - [STDERR_REDIRECT] SLF4J: See http://www.slf4j.org/codes.html#StaticLoggerBinder for further details.
2023-10-17 07:41:43,114 [WARN] PackLoader:240 - Cannot read IP mode file for STMicroelectronics.X-CUBE-TOF1.3.3.1
2023-10-17 07:41:43,292 [WARN] PackLoader:240 - Cannot read IP mode file for STMicroelectronics.X-CUBE-AZRTOS-G4.2.0.0
2023-10-17 07:41:43,339 [WARN] PackLoader:240 - Cannot read IP mode file for Infineon.AIROC-Wi-Fi-Bluetooth-STM32.1.5.1
2023-10-17 07:41:43,376 [WARN] PackLoader:240 - Cannot read IP mode file for STMicroelectronics.X-CUBE-FREERTOS.1.1.0
2023-10-17 07:41:43,398 [WARN] PackLoader:240 - Cannot read IP mode file for portGmbH.I-Cube-SoM-uGOAL.1.1.0
2023-10-17 07:41:43,423 [WARN] PackLoader:240 - Cannot read IP mode file for STMicroelectronics.X-CUBE-ALS.1.0.1
2023-10-17 07:41:43,464 [WARN] PackLoader:240 - Cannot read IP mode file for STMicroelectronics.FP-ATR-ASTRA1.2.0.0
2023-10-17 07:41:43,466 [INFO] ThirdParty:978 - Integrity check success = true
2023-10-17 07:41:43,467 [INFO] IntegrityCheckThread:100 - exiting critical section [integrity check]
2023-10-17 07:41:43,467 [INFO] IntegrityCheckThread:103 - End integrity checks thread
2023-10-17 08:21:04,892 [ERROR] LogOutputStream:75 - [STDERR_REDIRECT] 
