2023-10-25 07:24:29,124 [INFO] Activator:176 - 


2023-10-25 07:24:29,124 [INFO] Activator:177 - !SESSION log4j initialized
2023-10-25 07:24:32,805 [INFO] LogOutputStream:77 - [STDOUT_REDIRECT] 
2023-10-25 07:24:33,716 [INFO] ApplicationProperties:184 - Using Application install path: C:\ST\STM32CubeIDE_1.13.1\STM32CubeIDE\plugins\com.st.stm32cube.common.mx_6.9.2.202309101412
2023-10-25 07:24:33,731 [INFO] DbMcusXml:78 - Set database path to: C:\ST\STM32CubeIDE_1.13.1\STM32CubeIDE\plugins\com.st.stm32cube.common.mx_6.9.2.202309101412\\db\/mcu/
2023-10-25 07:24:33,731 [INFO] ApiDb:274 - Set plugin database path to: C:\ST\STM32CubeIDE_1.13.1\STM32CubeIDE\plugins\com.st.stm32cube.common.mx_6.9.2.202309101412\\db\/plugins/boardmanager/
2023-10-25 07:24:33,731 [WARN] ApiDb:259 - Overriding images path with different value:  => C:\ST\STM32CubeIDE_1.13.1\STM32CubeIDE\plugins\com.st.stm32cube.common.mx_6.9.2.202309101412\\db\/plugins/mcufinder/images/
2023-10-25 07:24:33,740 [INFO] ApiDb:250 - Set database path to: C:\Users\Ubaid\.stmcufinder\plugins\mcufinder//mcu/
2023-10-25 07:24:33,741 [INFO] DbMcusAds:125 - Set database path to: C:\Users\Ubaid\.stmcufinder\plugins\mcufinder//mcu/
2023-10-25 07:24:33,742 [INFO] CrossReferenceDbSqlite:203 - Set database path to: C:\Users\Ubaid\.stmcufinder\plugins\mcufinder//mcu/cs/
2023-10-25 07:24:33,806 [INFO] RulesReader:64 - Compatibility file has been processed (293 Rules)
2023-10-25 07:24:33,864 [INFO] DbMcusXml:78 - Set database path to: C:\ST\STM32CubeIDE_1.13.1\STM32CubeIDE\plugins\com.st.stm32cube.common.mx_6.9.2.202309101412\\db\/mcu/
2023-10-25 07:24:33,864 [INFO] ApiDb:274 - Set plugin database path to: C:\ST\STM32CubeIDE_1.13.1\STM32CubeIDE\plugins\com.st.stm32cube.common.mx_6.9.2.202309101412\\db\/plugins/boardmanager/
2023-10-25 07:24:33,864 [INFO] ApiDb:261 - Set plugin images path to: C:\ST\STM32CubeIDE_1.13.1\STM32CubeIDE\plugins\com.st.stm32cube.common.mx_6.9.2.202309101412\\db\/plugins/mcufinder/images/
2023-10-25 07:24:33,864 [WARN] DbFile:41 - Overriding database path with different value: C:\Users\Ubaid\.stmcufinder\plugins\mcufinder/ => C:\Users\Ubaid\.stmcufinder\plugins\mcufinder
2023-10-25 07:24:33,864 [INFO] ApiDb:250 - Set database path to: C:\Users\Ubaid\.stmcufinder\plugins\mcufinder//mcu/
2023-10-25 07:24:33,864 [WARN] DbFile:41 - Overriding database path with different value: C:\Users\Ubaid\.stmcufinder\plugins\mcufinder/ => C:\Users\Ubaid\.stmcufinder\plugins\mcufinder
2023-10-25 07:24:33,865 [INFO] DbMcusAds:125 - Set database path to: C:\Users\Ubaid\.stmcufinder\plugins\mcufinder//mcu/
2023-10-25 07:24:33,865 [WARN] DbFile:41 - Overriding database path with different value: C:\Users\Ubaid\.stmcufinder\plugins\mcufinder/ => C:\Users\Ubaid\.stmcufinder\plugins\mcufinder
2023-10-25 07:24:33,865 [WARN] DbFile:41 - Overriding database path with different value: C:\Users\Ubaid\.stmcufinder\plugins\mcufinder/ => C:\Users\Ubaid\.stmcufinder\plugins\mcufinder
2023-10-25 07:24:33,865 [INFO] CrossReferenceDbSqlite:203 - Set database path to: C:\Users\Ubaid\.stmcufinder\plugins\mcufinder//mcu/cs/
2023-10-25 07:24:33,919 [INFO] MainPanel:262 - HeapMemory: 268435456
2023-10-25 07:24:33,983 [INFO] DbMcusXml:78 - Set database path to: C:\ST\STM32CubeIDE_1.13.1\STM32CubeIDE\plugins\com.st.stm32cube.common.mx_6.9.2.202309101412\\db\/mcu/
2023-10-25 07:24:33,983 [INFO] ApiDb:274 - Set plugin database path to: C:\ST\STM32CubeIDE_1.13.1\STM32CubeIDE\plugins\com.st.stm32cube.common.mx_6.9.2.202309101412\\db\/plugins/boardmanager/
2023-10-25 07:24:33,983 [INFO] ApiDb:261 - Set plugin images path to: C:\ST\STM32CubeIDE_1.13.1\STM32CubeIDE\plugins\com.st.stm32cube.common.mx_6.9.2.202309101412\\db\/plugins/mcufinder/images/
2023-10-25 07:24:33,983 [WARN] DbFile:41 - Overriding database path with different value: C:\Users\Ubaid\.stmcufinder\plugins\mcufinder/ => C:\Users\Ubaid\.stmcufinder\plugins\mcufinder
2023-10-25 07:24:33,983 [INFO] ApiDb:250 - Set database path to: C:\Users\Ubaid\.stmcufinder\plugins\mcufinder//mcu/
2023-10-25 07:24:33,984 [WARN] DbFile:41 - Overriding database path with different value: C:\Users\Ubaid\.stmcufinder\plugins\mcufinder/ => C:\Users\Ubaid\.stmcufinder\plugins\mcufinder
2023-10-25 07:24:33,984 [INFO] DbMcusAds:125 - Set database path to: C:\Users\Ubaid\.stmcufinder\plugins\mcufinder//mcu/
2023-10-25 07:24:33,984 [WARN] DbFile:41 - Overriding database path with different value: C:\Users\Ubaid\.stmcufinder\plugins\mcufinder/ => C:\Users\Ubaid\.stmcufinder\plugins\mcufinder
2023-10-25 07:24:33,984 [WARN] DbFile:41 - Overriding database path with different value: C:\Users\Ubaid\.stmcufinder\plugins\mcufinder/ => C:\Users\Ubaid\.stmcufinder\plugins\mcufinder
2023-10-25 07:24:33,984 [INFO] CrossReferenceDbSqlite:203 - Set database path to: C:\Users\Ubaid\.stmcufinder\plugins\mcufinder//mcu/cs/
2023-10-25 07:24:33,996 [INFO] ApplicationProperties:184 - Using Application install path: C:\ST\STM32CubeIDE_1.13.1\STM32CubeIDE\plugins\com.st.stm32cube.common.mx_6.9.2.202309101412
2023-10-25 07:24:33,997 [INFO] PluginManage:196 - Search for loadable plugins [exclusion list=, ]
2023-10-25 07:24:33,998 [INFO] PluginManage:310 - Check plugin analytics
2023-10-25 07:24:34,105 [INFO] AnalyticsPlugin:253 - Accepted Software Licenses: STM32CubeMX.6.9.1
2023-10-25 07:24:34,105 [INFO] AnalyticsPlugin:255 - Accepted CMSIS Pack Licenses: 
2023-10-25 07:24:34,105 [INFO] AnalyticsPlugin:257 - Accepted Firmware Licenses: FW.F4.1.27.0
2023-10-25 07:24:34,107 [INFO] PluginManage:359 - Loaded plugin analytics (category:tool,tabindex:-1)
2023-10-25 07:24:34,108 [INFO] PluginManage:310 - Check plugin cadmodel
2023-10-25 07:24:34,120 [INFO] CADModel:105 - Init CAD model plugin
2023-10-25 07:24:34,121 [INFO] PluginManage:359 - Loaded plugin cadmodel (category:power,tabindex:5)
2023-10-25 07:24:34,121 [INFO] PluginManage:310 - Check plugin clock
2023-10-25 07:24:34,134 [INFO] PluginManage:359 - Loaded plugin clock (category:base,tabindex:2)
2023-10-25 07:24:34,134 [INFO] PluginManage:310 - Check plugin ddr
2023-10-25 07:24:34,136 [INFO] PluginManage:359 - Loaded plugin ddr (category:tool,tabindex:6)
2023-10-25 07:24:34,136 [INFO] PluginManage:310 - Check plugin filemanager
2023-10-25 07:24:34,230 [INFO] PluginManage:359 - Loaded plugin filemanager (category:base,tabindex:10)
2023-10-25 07:24:34,230 [INFO] PluginManage:310 - Check plugin ipmanager
2023-10-25 07:24:34,235 [INFO] PluginManage:359 - Loaded plugin ipmanager (category:base,tabindex:5)
2023-10-25 07:24:34,235 [INFO] PluginManage:310 - Check plugin lpbam
2023-10-25 07:24:34,247 [INFO] PluginManage:359 - Loaded plugin lpbam (category:base,tabindex:0)
2023-10-25 07:24:34,247 [INFO] PluginManage:310 - Check plugin memorymap
2023-10-25 07:24:34,267 [INFO] PluginManage:359 - Loaded plugin memorymap (category:base,tabindex:4)
2023-10-25 07:24:34,267 [INFO] PluginManage:310 - Check plugin pinoutandconfiguration
2023-10-25 07:24:34,280 [INFO] PluginManage:359 - Loaded plugin pinoutandconfiguration (category:base,tabindex:1)
2023-10-25 07:24:34,280 [INFO] PluginManage:310 - Check plugin pinoutconfig
2023-10-25 07:24:34,362 [WARN] SupportedApi:132 - Cannot load RTOS API schema: s4s-elt-must-match.1: The content of 'definitions' must match (annotation?, (simpleType | complexType)?, (unique | key | keyref)*)). A problem was found starting at: attribute.
2023-10-25 07:24:34,476 [INFO] PluginManage:359 - Loaded plugin pinoutconfig (category:base,tabindex:0)
2023-10-25 07:24:34,477 [INFO] PluginManage:310 - Check plugin power
2023-10-25 07:24:34,491 [INFO] PluginManage:359 - Loaded plugin power (category:power,tabindex:4)
2023-10-25 07:24:34,491 [INFO] PluginManage:310 - Check plugin projectmanager
2023-10-25 07:24:34,500 [INFO] PluginManage:359 - Loaded plugin projectmanager (category:projectmanager,tabindex:3)
2023-10-25 07:24:34,500 [INFO] PluginManage:310 - Check plugin thirdparty
2023-10-25 07:24:34,673 [INFO] PluginManage:359 - Loaded plugin thirdparty (category:base,tabindex:-1)
2023-10-25 07:24:34,673 [INFO] PluginManage:310 - Check plugin tools
2023-10-25 07:24:34,673 [WARN] IntegrityCheckThread:84 - waiting for thirdparty lock release [integrity check]
2023-10-25 07:24:34,674 [INFO] IntegrityCheckThread:86 - entering critical section [integrity check]
2023-10-25 07:24:34,674 [INFO] ThirdPartyUpdaterWithRetryManager:70 - Updater plugin not ready yet. [1/15]
2023-10-25 07:24:34,695 [INFO] PluginManage:359 - Loaded plugin tools (category:base,tabindex:7)
2023-10-25 07:24:34,695 [INFO] PluginManage:310 - Check plugin tutovideos
2023-10-25 07:24:34,822 [INFO] PluginManage:359 - Loaded plugin tutovideos (category:base,tabindex:-1)
2023-10-25 07:24:34,822 [INFO] PluginManage:310 - Check plugin updater
2023-10-25 07:24:34,830 [INFO] PluginManage:359 - Loaded plugin updater (category:base,tabindex:12)
2023-10-25 07:24:34,830 [INFO] PluginManage:310 - Check plugin userauth
2023-10-25 07:24:34,834 [INFO] UserAuth:113 - Init User Auth plugin
2023-10-25 07:24:34,834 [INFO] PluginManage:359 - Loaded plugin userauth (category:base,tabindex:14)
2023-10-25 07:24:34,835 [INFO] PluginManage:283 - PluginManage : Loaded plugins [17]
2023-10-25 07:24:34,983 [INFO] PinOutPanel:1499 - setPackage(No Configuration,No Configuration)
2023-10-25 07:24:35,048 [INFO] CADModel:165 - CPN selected for project level
2023-10-25 07:24:35,048 [INFO] CADModel:114 - Register for checkConnection events
2023-10-25 07:24:35,065 [INFO] IPUIPlugin:80 - create IPUIPlugin
2023-10-25 07:24:35,065 [INFO] PluginManager:220 - loadIPPluginJar : add adc
2023-10-25 07:24:35,082 [INFO] IPUIPlugin:80 - create IPUIPlugin
2023-10-25 07:24:35,083 [INFO] PluginManager:220 - loadIPPluginJar : add aes
2023-10-25 07:24:35,103 [INFO] IPUIPlugin:80 - create IPUIPlugin
2023-10-25 07:24:35,103 [INFO] PluginManager:220 - loadIPPluginJar : add can
2023-10-25 07:24:35,114 [INFO] IPUIPlugin:80 - create IPUIPlugin
2023-10-25 07:24:35,115 [INFO] PluginManager:220 - loadIPPluginJar : add comp
2023-10-25 07:24:35,132 [INFO] IPUIPlugin:80 - create IPUIPlugin
2023-10-25 07:24:35,132 [INFO] PluginManager:220 - loadIPPluginJar : add cryp
2023-10-25 07:24:35,147 [INFO] IPUIPlugin:80 - create IPUIPlugin
2023-10-25 07:24:35,147 [INFO] PluginManager:220 - loadIPPluginJar : add dfsdm
2023-10-25 07:24:35,156 [INFO] IPUIPlugin:80 - create IPUIPlugin
2023-10-25 07:24:35,157 [INFO] PluginManager:220 - loadIPPluginJar : add dma
2023-10-25 07:24:35,177 [INFO] IPUIPlugin:80 - create IPUIPlugin
2023-10-25 07:24:35,177 [INFO] PluginManager:220 - loadIPPluginJar : add dma3
2023-10-25 07:24:35,190 [INFO] IPUIPlugin:80 - create IPUIPlugin
2023-10-25 07:24:35,190 [INFO] PluginManager:220 - loadIPPluginJar : add fatfs
2023-10-25 07:24:35,213 [INFO] IPUIPlugin:80 - create IPUIPlugin
2023-10-25 07:24:35,213 [INFO] PluginManager:220 - loadIPPluginJar : add fmc
2023-10-25 07:24:35,222 [INFO] IPUIPlugin:80 - create IPUIPlugin
2023-10-25 07:24:35,222 [INFO] PluginManager:220 - loadIPPluginJar : add freertos
2023-10-25 07:24:35,232 [INFO] IPUIPlugin:80 - create IPUIPlugin
2023-10-25 07:24:35,232 [INFO] PluginManager:220 - loadIPPluginJar : add genericplugin
2023-10-25 07:24:35,275 [INFO] IPUIPlugin:80 - create IPUIPlugin
2023-10-25 07:24:35,275 [INFO] PluginManager:220 - loadIPPluginJar : add gfxmmu
2023-10-25 07:24:35,339 [INFO] IPUIPlugin:80 - create IPUIPlugin
2023-10-25 07:24:35,339 [INFO] PluginManager:220 - loadIPPluginJar : add gic
2023-10-25 07:24:35,347 [INFO] IPUIPlugin:80 - create IPUIPlugin
2023-10-25 07:24:35,348 [INFO] PluginManager:220 - loadIPPluginJar : add gpio
2023-10-25 07:24:35,392 [INFO] IPUIPlugin:80 - create IPUIPlugin
2023-10-25 07:24:35,392 [INFO] PluginManager:220 - loadIPPluginJar : add gtzc
2023-10-25 07:24:35,408 [INFO] IPUIPlugin:80 - create IPUIPlugin
2023-10-25 07:24:35,408 [INFO] PluginManager:220 - loadIPPluginJar : add hash
2023-10-25 07:24:35,434 [INFO] IPUIPlugin:80 - create IPUIPlugin
2023-10-25 07:24:35,434 [INFO] PluginManager:220 - loadIPPluginJar : add i2c
2023-10-25 07:24:35,454 [INFO] IPUIPlugin:80 - create IPUIPlugin
2023-10-25 07:24:35,454 [INFO] PluginManager:220 - loadIPPluginJar : add i2s
2023-10-25 07:24:35,475 [INFO] IPUIPlugin:80 - create IPUIPlugin
2023-10-25 07:24:35,475 [INFO] PluginManager:220 - loadIPPluginJar : add i3c
2023-10-25 07:24:35,538 [INFO] IPUIPlugin:80 - create IPUIPlugin
2023-10-25 07:24:35,538 [INFO] PluginManager:220 - loadIPPluginJar : add ipddr
2023-10-25 07:24:35,595 [INFO] IPUIPlugin:80 - create IPUIPlugin
2023-10-25 07:24:35,596 [INFO] PluginManager:220 - loadIPPluginJar : add linkedlist
2023-10-25 07:24:35,616 [INFO] IPUIPlugin:80 - create IPUIPlugin
2023-10-25 07:24:35,616 [INFO] PluginManager:220 - loadIPPluginJar : add lorawan
2023-10-25 07:24:35,636 [INFO] IPUIPlugin:80 - create IPUIPlugin
2023-10-25 07:24:35,636 [INFO] PluginManager:220 - loadIPPluginJar : add ltdc
2023-10-25 07:24:35,646 [INFO] IPUIPlugin:80 - create IPUIPlugin
2023-10-25 07:24:35,647 [INFO] PluginManager:220 - loadIPPluginJar : add mdma
2023-10-25 07:24:35,654 [INFO] IPUIPlugin:80 - create IPUIPlugin
2023-10-25 07:24:35,655 [INFO] PluginManager:220 - loadIPPluginJar : add nvic
2023-10-25 07:24:35,673 [INFO] IPUIPlugin:80 - create IPUIPlugin
2023-10-25 07:24:35,673 [INFO] PluginManager:220 - loadIPPluginJar : add opamp
2023-10-25 07:24:35,704 [INFO] IPUIPlugin:80 - create IPUIPlugin
2023-10-25 07:24:35,704 [INFO] PluginManager:220 - loadIPPluginJar : add openamp
2023-10-25 07:24:35,725 [INFO] IPUIPlugin:80 - create IPUIPlugin
2023-10-25 07:24:35,725 [INFO] PluginManager:220 - loadIPPluginJar : add pdm2pcm
2023-10-25 07:24:35,733 [INFO] IPUIPlugin:80 - create IPUIPlugin
2023-10-25 07:24:35,734 [INFO] PluginManager:220 - loadIPPluginJar : add plateformsettings
2023-10-25 07:24:35,746 [INFO] IPUIPlugin:80 - create IPUIPlugin
2023-10-25 07:24:35,746 [INFO] PluginManager:220 - loadIPPluginJar : add quadspi
2023-10-25 07:24:35,753 [INFO] IPUIPlugin:80 - create IPUIPlugin
2023-10-25 07:24:35,753 [INFO] PluginManager:220 - loadIPPluginJar : add resmgrutility
2023-10-25 07:24:35,777 [INFO] IPUIPlugin:80 - create IPUIPlugin
2023-10-25 07:24:35,777 [INFO] PluginManager:220 - loadIPPluginJar : add sai
2023-10-25 07:24:35,795 [INFO] IPUIPlugin:80 - create IPUIPlugin
2023-10-25 07:24:35,795 [INFO] PluginManager:220 - loadIPPluginJar : add spi
2023-10-25 07:24:35,824 [INFO] IPUIPlugin:80 - create IPUIPlugin
2023-10-25 07:24:35,824 [INFO] PluginManager:220 - loadIPPluginJar : add stm32_wpan
2023-10-25 07:24:35,836 [INFO] IPUIPlugin:80 - create IPUIPlugin
2023-10-25 07:24:35,836 [INFO] PluginManager:220 - loadIPPluginJar : add tim
2023-10-25 07:24:35,863 [INFO] IPUIPlugin:80 - create IPUIPlugin
2023-10-25 07:24:35,863 [INFO] PluginManager:220 - loadIPPluginJar : add touchsensing
2023-10-25 07:24:35,874 [INFO] IPUIPlugin:80 - create IPUIPlugin
2023-10-25 07:24:35,874 [INFO] PluginManager:220 - loadIPPluginJar : add tracer_emb
2023-10-25 07:24:35,886 [INFO] IPUIPlugin:80 - create IPUIPlugin
2023-10-25 07:24:35,886 [INFO] PluginManager:220 - loadIPPluginJar : add ts
2023-10-25 07:24:35,897 [INFO] IPUIPlugin:80 - create IPUIPlugin
2023-10-25 07:24:35,897 [INFO] PluginManager:220 - loadIPPluginJar : add tsc
2023-10-25 07:24:35,908 [INFO] IPUIPlugin:80 - create IPUIPlugin
2023-10-25 07:24:35,908 [INFO] PluginManager:220 - loadIPPluginJar : add ucpd
2023-10-25 07:24:35,929 [INFO] IPUIPlugin:80 - create IPUIPlugin
2023-10-25 07:24:35,929 [INFO] PluginManager:220 - loadIPPluginJar : add usart
2023-10-25 07:24:35,951 [INFO] IPUIPlugin:80 - create IPUIPlugin
2023-10-25 07:24:35,951 [INFO] PluginManager:220 - loadIPPluginJar : add usbx
2023-10-25 07:24:36,051 [INFO] CADModel:165 - CPN selected for project level
2023-10-25 07:24:36,051 [INFO] CADModel:114 - Register for checkConnection events
2023-10-25 07:24:36,051 [FATAL] Updater:308 - Updater called before beeing initialized
2023-10-25 07:24:36,051 [ERROR] CADModel:125 - Updater not yet initialized, retry later 
2023-10-25 07:24:36,144 [INFO] CADModel:165 - CPN selected for project level
2023-10-25 07:24:36,144 [INFO] CADModel:114 - Register for checkConnection events
2023-10-25 07:24:36,144 [FATAL] Updater:308 - Updater called before beeing initialized
2023-10-25 07:24:36,144 [ERROR] CADModel:125 - Updater not yet initialized, retry later 
2023-10-25 07:24:36,147 [FATAL] Updater:308 - Updater called before beeing initialized
2023-10-25 07:24:36,210 [FATAL] Updater:308 - Updater called before beeing initialized
2023-10-25 07:24:36,218 [INFO] DbMcusAds:53 - JSON generation date=Tue Mar 07 14:20:55 IST 2023 (1678179055114)
2023-10-25 07:24:36,219 [FATAL] Updater:308 - Updater called before beeing initialized
2023-10-25 07:24:36,266 [WARN] DetailPanel:346 - Failed to get advertising image, set to default
2023-10-25 07:24:36,323 [FATAL] Updater:308 - Updater called before beeing initialized
2023-10-25 07:24:36,325 [FATAL] Updater:308 - Updater called before beeing initialized
2023-10-25 07:24:36,325 [FATAL] Updater:308 - Updater called before beeing initialized
2023-10-25 07:24:36,325 [WARN] DetailPanel:346 - Failed to get advertising image, set to default
2023-10-25 07:24:36,325 [FATAL] Updater:308 - Updater called before beeing initialized
2023-10-25 07:24:36,359 [ERROR] Updater:1120 - MainUpdater not yet initialized. External WinMGr cannot be set.
2023-10-25 07:24:36,365 [INFO] Updater:1056 - Updater Version found : 6.9.2
2023-10-25 07:24:36,380 [INFO] ApplicationProperties:184 - Using Application install path: C:\ST\STM32CubeIDE_1.13.1\STM32CubeIDE\plugins\com.st.stm32cube.common.mx_6.9.2.202309101412
2023-10-25 07:24:37,170 [INFO] MainUpdater:2868 - connection check result : 10
2023-10-25 07:24:37,170 [INFO] MainUpdater:285 - Updater Check For Update Now.
2023-10-25 07:24:37,170 [INFO] MicroXplorer:498 - Change Database Version : DB.6.0.92
2023-10-25 07:24:37,180 [INFO] McuFinderGlobals:63 - Set McuFinder mode to 2 (CubeIDE integrated)
2023-10-25 07:24:37,180 [INFO] UserAuth:179 - activating auth plugin
2023-10-25 07:24:37,182 [INFO] UserAuth:393 - Internet connection configuration mode: 1
2023-10-25 07:24:37,206 [INFO] JxBrowserEngine:151 - Initiate JxBrowser Engine with user profile folder
2023-10-25 07:24:37,335 [INFO] CheckServerUpdateThread:120 - End of CheckServer Thread
2023-10-25 07:24:37,767 [WARN] PackLoader:240 - Cannot read IP mode file for STMicroelectronics.X-CUBE-SMBUS.2.1.0
2023-10-25 07:24:37,793 [WARN] PackLoader:240 - Cannot read IP mode file for STMicroelectronics.X-CUBE-AZRTOS-F7.1.1.0
2023-10-25 07:24:37,805 [WARN] PackLoader:240 - Cannot read IP mode file for STMicroelectronics.FP-SNS-MOTENV1.4.3.2
2023-10-25 07:24:37,817 [WARN] PackLoader:240 - Cannot read IP mode file for STMicroelectronics.FP-SNS-FLIGHT1.5.0.2
2023-10-25 07:24:37,828 [WARN] PackLoader:240 - Cannot read IP mode file for STMicroelectronics.X-CUBE-DISPLAY.3.0.0
2023-10-25 07:24:37,842 [WARN] PackLoader:240 - Cannot read IP mode file for STMicroelectronics.X-CUBE-BLE1.7.0.0
2023-10-25 07:24:37,850 [WARN] PackLoader:240 - Cannot read IP mode file for emotas.I-CUBE-CANOPEN.1.3.0
2023-10-25 07:24:37,864 [WARN] PackLoader:240 - Cannot read IP mode file for STMicroelectronics.X-CUBE-TOUCHGFX.4.22.0
2023-10-25 07:24:37,872 [WARN] PackLoader:240 - Cannot read IP mode file for STMicroelectronics.X-CUBE-TOUCHGFX.4.22.1
2023-10-25 07:24:37,880 [WARN] PackLoader:240 - Cannot read IP mode file for STMicroelectronics.FP-SNS-SMARTAG2.1.2.0
2023-10-25 07:24:37,892 [INFO] LogOutputStream:77 - [STDOUT_REDIRECT] 1 : Invalid condition id : UX_CORESTACK_Condition cause : null
2023-10-25 07:24:37,892 [INFO] LogOutputStream:77 - [STDOUT_REDIRECT] 1 : Invalid condition id : UX_CORESTACK_Condition cause : null
2023-10-25 07:24:37,893 [INFO] LogOutputStream:77 - [STDOUT_REDIRECT] 1 : Invalid condition id : UX_CORESTACK_Condition cause : null
2023-10-25 07:24:37,893 [INFO] LogOutputStream:77 - [STDOUT_REDIRECT] 1 : Invalid condition id : UX_CORESTACK_Condition cause : null
2023-10-25 07:24:37,894 [INFO] LogOutputStream:77 - [STDOUT_REDIRECT] 1 : Invalid condition id : UX_CORESTACK_Condition cause : null
2023-10-25 07:24:37,895 [WARN] PackLoader:240 - Cannot read IP mode file for STMicroelectronics.X-CUBE-AZRTOS-WL.2.0.0
2023-10-25 07:24:37,905 [WARN] PackLoader:240 - Cannot read IP mode file for WES.I-CUBE-Cesium.1.3.0
2023-10-25 07:24:37,912 [WARN] PackLoader:240 - Cannot read IP mode file for STMicroelectronics.X-CUBE-BLE2.3.3.0
2023-10-25 07:24:37,921 [WARN] PackLoader:240 - Cannot read IP mode file for STMicroelectronics.X-CUBE-ALGOBUILD.1.3.0
2023-10-25 07:24:37,937 [WARN] PackLoader:240 - Cannot read IP mode file for STMicroelectronics.X-CUBE-AZRTOS-G0.1.1.0
2023-10-25 07:24:37,947 [WARN] PackLoader:240 - Cannot read IP mode file for STMicroelectronics.X-CUBE-NFC4.3.0.0
2023-10-25 07:24:37,954 [WARN] PackLoader:240 - Cannot read IP mode file for STMicroelectronics.FP-ATR-SIGFOX1.3.2.0
2023-10-25 07:24:37,976 [WARN] PackLoader:240 - Cannot read IP mode file for SEGGER.I-CUBE-embOS.1.3.1
2023-10-25 07:24:38,006 [WARN] PackLoader:240 - Cannot read IP mode file for STMicroelectronics.X-CUBE-GNSS1.6.0.0
2023-10-25 07:24:38,027 [WARN] PackLoader:240 - Cannot read IP mode file for STMicroelectronics.X-CUBE-AZRTOS-F4.1.1.0
2023-10-25 07:24:38,048 [WARN] PackLoader:240 - Cannot read IP mode file for wolfSSL.I-CUBE-wolfSSL.5.6.3
2023-10-25 07:24:38,075 [WARN] PackLoader:240 - Cannot read IP mode file for STMicroelectronics.X-CUBE-AZRTOS-L5.2.0.0
2023-10-25 07:24:38,124 [WARN] PackLoader:240 - Cannot read IP mode file for STMicroelectronics.X-CUBE-MEMS1.9.6.0
2023-10-25 07:24:38,229 [WARN] PackLoader:240 - Cannot read IP mode file for ITTIA_DB.I-CUBE-ITTIADB.8.8.0
2023-10-25 07:24:38,246 [WARN] PackLoader:240 - Cannot read IP mode file for STMicroelectronics.X-CUBE-BLEMGR.2.0.0
2023-10-25 07:24:38,275 [WARN] ConditionMgr:438 - getConditionDescription Invalid condition id : UX DEVICE CLASS RTOS Condition cause : null
2023-10-25 07:24:38,275 [WARN] ConditionMgr:438 - getConditionDescription Invalid condition id : UX DEVICE CLASS RTOS Condition cause : null
2023-10-25 07:24:38,277 [WARN] PackLoader:240 - Cannot read IP mode file for STMicroelectronics.X-CUBE-AZRTOS-H7.3.1.0
2023-10-25 07:24:38,278 [WARN] ConditionMgr:1039 - genDependencies : Invalid condition id : UX DEVICE CLASS RTOS Condition cause : null
2023-10-25 07:24:38,278 [WARN] ConditionMgr:1039 - genDependencies : Invalid condition id : UX DEVICE CLASS RTOS Condition cause : null
2023-10-25 07:24:38,278 [WARN] ConditionMgr:1039 - genDependencies : Invalid condition id : UX DEVICE CLASS RTOS Condition cause : null
2023-10-25 07:24:38,279 [WARN] ConditionMgr:1039 - genDependencies : Invalid condition id : UX DEVICE CLASS RTOS Condition cause : null
2023-10-25 07:24:38,279 [WARN] ConditionMgr:1039 - genDependencies : Invalid condition id : UX DEVICE CLASS RTOS Condition cause : null
2023-10-25 07:24:38,295 [WARN] PackLoader:240 - Cannot read IP mode file for STMicroelectronics.X-CUBE-NFC7.1.0.1
2023-10-25 07:24:38,313 [WARN] PackLoader:240 - Cannot read IP mode file for STMicroelectronics.X-CUBE-NFC6.3.0.0
2023-10-25 07:24:38,328 [WARN] PackLoader:240 - Cannot read IP mode file for STMicroelectronics.X-CUBE-EEPRMA1.4.1.0
2023-10-25 07:24:38,345 [WARN] PackLoader:240 - Cannot read IP mode file for STMicroelectronics.X-CUBE-AI.8.1.0
2023-10-25 07:24:38,370 [WARN] ConditionMgr:438 - getConditionDescription Invalid condition id : LAN8742 Phy interface Condition cause : null
2023-10-25 07:24:38,371 [WARN] PackLoader:240 - Cannot read IP mode file for STMicroelectronics.X-CUBE-AZRTOS-L4.2.0.0
2023-10-25 07:24:38,372 [WARN] ConditionMgr:1039 - genDependencies : Invalid condition id : LAN8742 Phy interface Condition cause : null
2023-10-25 07:24:38,372 [WARN] ConditionMgr:1039 - genDependencies : Invalid condition id : LAN8742 Phy interface Condition cause : null
2023-10-25 07:24:38,372 [WARN] ConditionMgr:1039 - genDependencies : Invalid condition id : LAN8742 Phy interface Condition cause : null
2023-10-25 07:24:38,384 [WARN] PackLoader:240 - Cannot read IP mode file for STMicroelectronics.X-CUBE-SFXS2LP1.4.0.0
2023-10-25 07:24:38,398 [WARN] PackLoader:240 - Cannot read IP mode file for STMicroelectronics.X-CUBE-ISPU.1.1.0
2023-10-25 07:24:38,417 [WARN] ConditionMgr:438 - getConditionDescription Invalid condition id : UX DEVICE CLASS RTOS Condition cause : null
2023-10-25 07:24:38,418 [WARN] ConditionMgr:438 - getConditionDescription Invalid condition id : UX DEVICE CLASS RTOS Condition cause : null
2023-10-25 07:24:38,419 [WARN] PackLoader:240 - Cannot read IP mode file for STMicroelectronics.X-CUBE-AZRTOS-WB.2.0.0
2023-10-25 07:24:38,420 [WARN] ConditionMgr:1039 - genDependencies : Invalid condition id : UX DEVICE CLASS RTOS Condition cause : null
2023-10-25 07:24:38,421 [WARN] ConditionMgr:1039 - genDependencies : Invalid condition id : UX DEVICE CLASS RTOS Condition cause : null
2023-10-25 07:24:38,421 [WARN] ConditionMgr:1039 - genDependencies : Invalid condition id : UX DEVICE CLASS RTOS Condition cause : null
2023-10-25 07:24:38,421 [WARN] ConditionMgr:1039 - genDependencies : Invalid condition id : UX DEVICE CLASS RTOS Condition cause : null
2023-10-25 07:24:38,421 [WARN] ConditionMgr:1039 - genDependencies : Invalid condition id : UX DEVICE CLASS RTOS Condition cause : null
2023-10-25 07:24:38,434 [WARN] PackLoader:240 - Cannot read IP mode file for STMicroelectronics.X-CUBE-SUBG2.5.0.0
2023-10-25 07:24:38,454 [WARN] PackLoader:240 - Cannot read IP mode file for STMicroelectronics.X-CUBE-TOF1.3.3.1
2023-10-25 07:24:38,482 [WARN] PackLoader:240 - Cannot read IP mode file for STMicroelectronics.X-CUBE-AZRTOS-G4.2.0.0
2023-10-25 07:24:38,507 [WARN] PackLoader:240 - Cannot read IP mode file for Infineon.AIROC-Wi-Fi-Bluetooth-STM32.1.5.1
2023-10-25 07:24:38,520 [WARN] PackLoader:240 - Cannot read IP mode file for STMicroelectronics.X-CUBE-FREERTOS.1.1.0
2023-10-25 07:24:38,536 [WARN] PackLoader:240 - Cannot read IP mode file for portGmbH.I-Cube-SoM-uGOAL.1.1.0
2023-10-25 07:24:38,547 [WARN] PackLoader:240 - Cannot read IP mode file for STMicroelectronics.X-CUBE-ALS.1.0.1
2023-10-25 07:24:38,563 [WARN] PackLoader:240 - Cannot read IP mode file for STMicroelectronics.FP-ATR-ASTRA1.2.0.0
2023-10-25 07:24:38,564 [INFO] ThirdParty:978 - Integrity check success = true
2023-10-25 07:24:38,564 [INFO] IntegrityCheckThread:100 - exiting critical section [integrity check]
2023-10-25 07:24:38,564 [INFO] IntegrityCheckThread:103 - End integrity checks thread
2023-10-25 07:24:38,998 [INFO] WebApp:157 - Instantiating new browser for Auth
2023-10-25 07:24:39,389 [INFO] WebApp:753 - Register for checkConnection events
2023-10-25 07:24:39,389 [INFO] WebApp:390 - Apply proxy settings
2023-10-25 07:24:39,390 [INFO] WebApp:475 - Chromium requires no authentication
2023-10-25 07:24:39,395 [INFO] WebApp:418 - Direct internet connection detected
2023-10-25 07:24:39,509 [INFO] WebApp:188 - Starting web application
2023-10-25 07:24:39,509 [INFO] WebApp:520 - Web application path used C:\ST\STM32CubeIDE_1.13.1\STM32CubeIDE\plugins\com.st.stm32cube.common.mx_6.9.2.202309101412\db\plugins\mcufinder\reactClient1\index.html
2023-10-25 07:24:54,279 [ERROR] LogOutputStream:75 - [STDERR_REDIRECT] SLF4J: Failed to load class "org.slf4j.impl.StaticLoggerBinder".
2023-10-25 07:24:54,279 [ERROR] LogOutputStream:75 - [STDERR_REDIRECT] SLF4J: Defaulting to no-operation (NOP) logger implementation
2023-10-25 07:24:54,281 [ERROR] LogOutputStream:75 - [STDERR_REDIRECT] SLF4J: See http://www.slf4j.org/codes.html#StaticLoggerBinder for further details.
