2023-10-19 07:38:18,198 [INFO] Activator:176 - 


2023-10-19 07:38:18,208 [INFO] Activator:177 - !SESSION log4j initialized
2023-10-19 07:38:26,854 [INFO] LogOutputStream:77 - [STDOUT_REDIRECT] 
2023-10-19 07:38:30,324 [INFO] ApplicationProperties:184 - Using Application install path: C:\ST\STM32CubeIDE_1.13.1\STM32CubeIDE\plugins\com.st.stm32cube.common.mx_6.9.2.202309101412
2023-10-19 07:38:30,355 [INFO] DbMcusXml:78 - Set database path to: C:\ST\STM32CubeIDE_1.13.1\STM32CubeIDE\plugins\com.st.stm32cube.common.mx_6.9.2.202309101412\\db\/mcu/
2023-10-19 07:38:30,355 [INFO] ApiDb:274 - Set plugin database path to: C:\ST\STM32CubeIDE_1.13.1\STM32CubeIDE\plugins\com.st.stm32cube.common.mx_6.9.2.202309101412\\db\/plugins/boardmanager/
2023-10-19 07:38:30,355 [WARN] ApiDb:259 - Overriding images path with different value:  => C:\ST\STM32CubeIDE_1.13.1\STM32CubeIDE\plugins\com.st.stm32cube.common.mx_6.9.2.202309101412\\db\/plugins/mcufinder/images/
2023-10-19 07:38:30,387 [INFO] ApiDb:250 - Set database path to: C:\Users\Ubaid\.stmcufinder\plugins\mcufinder//mcu/
2023-10-19 07:38:30,387 [INFO] DbMcusAds:125 - Set database path to: C:\Users\Ubaid\.stmcufinder\plugins\mcufinder//mcu/
2023-10-19 07:38:30,387 [INFO] CrossReferenceDbSqlite:203 - Set database path to: C:\Users\Ubaid\.stmcufinder\plugins\mcufinder//mcu/cs/
2023-10-19 07:38:30,599 [INFO] RulesReader:64 - Compatibility file has been processed (293 Rules)
2023-10-19 07:38:30,780 [INFO] DbMcusXml:78 - Set database path to: C:\ST\STM32CubeIDE_1.13.1\STM32CubeIDE\plugins\com.st.stm32cube.common.mx_6.9.2.202309101412\\db\/mcu/
2023-10-19 07:38:30,780 [INFO] ApiDb:274 - Set plugin database path to: C:\ST\STM32CubeIDE_1.13.1\STM32CubeIDE\plugins\com.st.stm32cube.common.mx_6.9.2.202309101412\\db\/plugins/boardmanager/
2023-10-19 07:38:30,787 [INFO] ApiDb:261 - Set plugin images path to: C:\ST\STM32CubeIDE_1.13.1\STM32CubeIDE\plugins\com.st.stm32cube.common.mx_6.9.2.202309101412\\db\/plugins/mcufinder/images/
2023-10-19 07:38:30,787 [WARN] DbFile:41 - Overriding database path with different value: C:\Users\Ubaid\.stmcufinder\plugins\mcufinder/ => C:\Users\Ubaid\.stmcufinder\plugins\mcufinder
2023-10-19 07:38:30,787 [INFO] ApiDb:250 - Set database path to: C:\Users\Ubaid\.stmcufinder\plugins\mcufinder//mcu/
2023-10-19 07:38:30,787 [WARN] DbFile:41 - Overriding database path with different value: C:\Users\Ubaid\.stmcufinder\plugins\mcufinder/ => C:\Users\Ubaid\.stmcufinder\plugins\mcufinder
2023-10-19 07:38:30,787 [INFO] DbMcusAds:125 - Set database path to: C:\Users\Ubaid\.stmcufinder\plugins\mcufinder//mcu/
2023-10-19 07:38:30,787 [WARN] DbFile:41 - Overriding database path with different value: C:\Users\Ubaid\.stmcufinder\plugins\mcufinder/ => C:\Users\Ubaid\.stmcufinder\plugins\mcufinder
2023-10-19 07:38:30,787 [WARN] DbFile:41 - Overriding database path with different value: C:\Users\Ubaid\.stmcufinder\plugins\mcufinder/ => C:\Users\Ubaid\.stmcufinder\plugins\mcufinder
2023-10-19 07:38:30,787 [INFO] CrossReferenceDbSqlite:203 - Set database path to: C:\Users\Ubaid\.stmcufinder\plugins\mcufinder//mcu/cs/
2023-10-19 07:38:30,931 [INFO] MainPanel:262 - HeapMemory: 268435456
2023-10-19 07:38:31,120 [INFO] DbMcusXml:78 - Set database path to: C:\ST\STM32CubeIDE_1.13.1\STM32CubeIDE\plugins\com.st.stm32cube.common.mx_6.9.2.202309101412\\db\/mcu/
2023-10-19 07:38:31,120 [INFO] ApiDb:274 - Set plugin database path to: C:\ST\STM32CubeIDE_1.13.1\STM32CubeIDE\plugins\com.st.stm32cube.common.mx_6.9.2.202309101412\\db\/plugins/boardmanager/
2023-10-19 07:38:31,120 [INFO] ApiDb:261 - Set plugin images path to: C:\ST\STM32CubeIDE_1.13.1\STM32CubeIDE\plugins\com.st.stm32cube.common.mx_6.9.2.202309101412\\db\/plugins/mcufinder/images/
2023-10-19 07:38:31,120 [WARN] DbFile:41 - Overriding database path with different value: C:\Users\Ubaid\.stmcufinder\plugins\mcufinder/ => C:\Users\Ubaid\.stmcufinder\plugins\mcufinder
2023-10-19 07:38:31,120 [INFO] ApiDb:250 - Set database path to: C:\Users\Ubaid\.stmcufinder\plugins\mcufinder//mcu/
2023-10-19 07:38:31,120 [WARN] DbFile:41 - Overriding database path with different value: C:\Users\Ubaid\.stmcufinder\plugins\mcufinder/ => C:\Users\Ubaid\.stmcufinder\plugins\mcufinder
2023-10-19 07:38:31,120 [INFO] DbMcusAds:125 - Set database path to: C:\Users\Ubaid\.stmcufinder\plugins\mcufinder//mcu/
2023-10-19 07:38:31,120 [WARN] DbFile:41 - Overriding database path with different value: C:\Users\Ubaid\.stmcufinder\plugins\mcufinder/ => C:\Users\Ubaid\.stmcufinder\plugins\mcufinder
2023-10-19 07:38:31,120 [WARN] DbFile:41 - Overriding database path with different value: C:\Users\Ubaid\.stmcufinder\plugins\mcufinder/ => C:\Users\Ubaid\.stmcufinder\plugins\mcufinder
2023-10-19 07:38:31,120 [INFO] CrossReferenceDbSqlite:203 - Set database path to: C:\Users\Ubaid\.stmcufinder\plugins\mcufinder//mcu/cs/
2023-10-19 07:38:31,151 [INFO] ApplicationProperties:184 - Using Application install path: C:\ST\STM32CubeIDE_1.13.1\STM32CubeIDE\plugins\com.st.stm32cube.common.mx_6.9.2.202309101412
2023-10-19 07:38:31,168 [INFO] PluginManage:196 - Search for loadable plugins [exclusion list=, ]
2023-10-19 07:38:31,168 [INFO] PluginManage:310 - Check plugin analytics
2023-10-19 07:38:31,472 [INFO] AnalyticsPlugin:253 - Accepted Software Licenses: STM32CubeMX.6.9.1
2023-10-19 07:38:31,472 [INFO] AnalyticsPlugin:255 - Accepted CMSIS Pack Licenses: 
2023-10-19 07:38:31,473 [INFO] AnalyticsPlugin:257 - Accepted Firmware Licenses: FW.F4.1.27.0
2023-10-19 07:38:31,480 [INFO] PluginManage:359 - Loaded plugin analytics (category:tool,tabindex:-1)
2023-10-19 07:38:31,481 [INFO] PluginManage:310 - Check plugin cadmodel
2023-10-19 07:38:31,496 [INFO] CADModel:105 - Init CAD model plugin
2023-10-19 07:38:31,496 [INFO] PluginManage:359 - Loaded plugin cadmodel (category:power,tabindex:5)
2023-10-19 07:38:31,497 [INFO] PluginManage:310 - Check plugin clock
2023-10-19 07:38:31,516 [INFO] PluginManage:359 - Loaded plugin clock (category:base,tabindex:2)
2023-10-19 07:38:31,516 [INFO] PluginManage:310 - Check plugin ddr
2023-10-19 07:38:31,516 [INFO] PluginManage:359 - Loaded plugin ddr (category:tool,tabindex:6)
2023-10-19 07:38:31,516 [INFO] PluginManage:310 - Check plugin filemanager
2023-10-19 07:38:31,736 [INFO] PluginManage:359 - Loaded plugin filemanager (category:base,tabindex:10)
2023-10-19 07:38:31,736 [INFO] PluginManage:310 - Check plugin ipmanager
2023-10-19 07:38:31,752 [INFO] PluginManage:359 - Loaded plugin ipmanager (category:base,tabindex:5)
2023-10-19 07:38:31,752 [INFO] PluginManage:310 - Check plugin lpbam
2023-10-19 07:38:31,784 [INFO] PluginManage:359 - Loaded plugin lpbam (category:base,tabindex:0)
2023-10-19 07:38:31,784 [INFO] PluginManage:310 - Check plugin memorymap
2023-10-19 07:38:31,847 [INFO] PluginManage:359 - Loaded plugin memorymap (category:base,tabindex:4)
2023-10-19 07:38:31,848 [INFO] PluginManage:310 - Check plugin pinoutandconfiguration
2023-10-19 07:38:31,870 [INFO] PluginManage:359 - Loaded plugin pinoutandconfiguration (category:base,tabindex:1)
2023-10-19 07:38:31,870 [INFO] PluginManage:310 - Check plugin pinoutconfig
2023-10-19 07:38:32,030 [WARN] SupportedApi:132 - Cannot load RTOS API schema: s4s-elt-must-match.1: The content of 'definitions' must match (annotation?, (simpleType | complexType)?, (unique | key | keyref)*)). A problem was found starting at: attribute.
2023-10-19 07:38:32,284 [INFO] PluginManage:359 - Loaded plugin pinoutconfig (category:base,tabindex:0)
2023-10-19 07:38:32,297 [INFO] PluginManage:310 - Check plugin power
2023-10-19 07:38:32,334 [INFO] PluginManage:359 - Loaded plugin power (category:power,tabindex:4)
2023-10-19 07:38:32,334 [INFO] PluginManage:310 - Check plugin projectmanager
2023-10-19 07:38:32,365 [INFO] PluginManage:359 - Loaded plugin projectmanager (category:projectmanager,tabindex:3)
2023-10-19 07:38:32,365 [INFO] PluginManage:310 - Check plugin thirdparty
2023-10-19 07:38:32,785 [INFO] PluginManage:359 - Loaded plugin thirdparty (category:base,tabindex:-1)
2023-10-19 07:38:32,785 [INFO] PluginManage:310 - Check plugin tools
2023-10-19 07:38:32,785 [WARN] IntegrityCheckThread:84 - waiting for thirdparty lock release [integrity check]
2023-10-19 07:38:32,785 [INFO] IntegrityCheckThread:86 - entering critical section [integrity check]
2023-10-19 07:38:32,785 [INFO] ThirdPartyUpdaterWithRetryManager:70 - Updater plugin not ready yet. [1/15]
2023-10-19 07:38:32,829 [INFO] PluginManage:359 - Loaded plugin tools (category:base,tabindex:7)
2023-10-19 07:38:32,829 [INFO] PluginManage:310 - Check plugin tutovideos
2023-10-19 07:38:33,185 [INFO] PluginManage:359 - Loaded plugin tutovideos (category:base,tabindex:-1)
2023-10-19 07:38:33,185 [INFO] PluginManage:310 - Check plugin updater
2023-10-19 07:38:33,197 [INFO] PluginManage:359 - Loaded plugin updater (category:base,tabindex:12)
2023-10-19 07:38:33,197 [INFO] PluginManage:310 - Check plugin userauth
2023-10-19 07:38:33,213 [INFO] UserAuth:113 - Init User Auth plugin
2023-10-19 07:38:33,213 [INFO] PluginManage:359 - Loaded plugin userauth (category:base,tabindex:14)
2023-10-19 07:38:33,213 [INFO] PluginManage:283 - PluginManage : Loaded plugins [17]
2023-10-19 07:38:33,553 [INFO] PinOutPanel:1499 - setPackage(No Configuration,No Configuration)
2023-10-19 07:38:33,706 [INFO] CADModel:165 - CPN selected for project level
2023-10-19 07:38:33,706 [INFO] CADModel:114 - Register for checkConnection events
2023-10-19 07:38:33,742 [INFO] IPUIPlugin:80 - create IPUIPlugin
2023-10-19 07:38:33,742 [INFO] PluginManager:220 - loadIPPluginJar : add adc
2023-10-19 07:38:33,787 [INFO] IPUIPlugin:80 - create IPUIPlugin
2023-10-19 07:38:33,787 [INFO] PluginManager:220 - loadIPPluginJar : add aes
2023-10-19 07:38:33,866 [INFO] IPUIPlugin:80 - create IPUIPlugin
2023-10-19 07:38:33,866 [INFO] PluginManager:220 - loadIPPluginJar : add can
2023-10-19 07:38:33,887 [INFO] IPUIPlugin:80 - create IPUIPlugin
2023-10-19 07:38:33,887 [INFO] PluginManager:220 - loadIPPluginJar : add comp
2023-10-19 07:38:33,934 [INFO] IPUIPlugin:80 - create IPUIPlugin
2023-10-19 07:38:33,934 [INFO] PluginManager:220 - loadIPPluginJar : add cryp
2023-10-19 07:38:33,986 [INFO] IPUIPlugin:80 - create IPUIPlugin
2023-10-19 07:38:33,986 [INFO] PluginManager:220 - loadIPPluginJar : add dfsdm
2023-10-19 07:38:33,997 [INFO] IPUIPlugin:80 - create IPUIPlugin
2023-10-19 07:38:33,997 [INFO] PluginManager:220 - loadIPPluginJar : add dma
2023-10-19 07:38:34,088 [INFO] IPUIPlugin:80 - create IPUIPlugin
2023-10-19 07:38:34,088 [INFO] PluginManager:220 - loadIPPluginJar : add dma3
2023-10-19 07:38:34,104 [INFO] IPUIPlugin:80 - create IPUIPlugin
2023-10-19 07:38:34,104 [INFO] PluginManager:220 - loadIPPluginJar : add fatfs
2023-10-19 07:38:34,177 [INFO] IPUIPlugin:80 - create IPUIPlugin
2023-10-19 07:38:34,178 [INFO] PluginManager:220 - loadIPPluginJar : add fmc
2023-10-19 07:38:34,199 [INFO] IPUIPlugin:80 - create IPUIPlugin
2023-10-19 07:38:34,199 [INFO] PluginManager:220 - loadIPPluginJar : add freertos
2023-10-19 07:38:34,231 [INFO] IPUIPlugin:80 - create IPUIPlugin
2023-10-19 07:38:34,232 [INFO] PluginManager:220 - loadIPPluginJar : add genericplugin
2023-10-19 07:38:34,402 [INFO] IPUIPlugin:80 - create IPUIPlugin
2023-10-19 07:38:34,402 [INFO] PluginManager:220 - loadIPPluginJar : add gfxmmu
2023-10-19 07:38:34,662 [INFO] IPUIPlugin:80 - create IPUIPlugin
2023-10-19 07:38:34,678 [INFO] PluginManager:220 - loadIPPluginJar : add gic
2023-10-19 07:38:34,694 [INFO] IPUIPlugin:80 - create IPUIPlugin
2023-10-19 07:38:34,694 [INFO] PluginManager:220 - loadIPPluginJar : add gpio
2023-10-19 07:38:34,877 [INFO] IPUIPlugin:80 - create IPUIPlugin
2023-10-19 07:38:34,877 [INFO] PluginManager:220 - loadIPPluginJar : add gtzc
2023-10-19 07:38:34,934 [INFO] IPUIPlugin:80 - create IPUIPlugin
2023-10-19 07:38:34,934 [INFO] PluginManager:220 - loadIPPluginJar : add hash
2023-10-19 07:38:35,032 [INFO] IPUIPlugin:80 - create IPUIPlugin
2023-10-19 07:38:35,032 [INFO] PluginManager:220 - loadIPPluginJar : add i2c
2023-10-19 07:38:35,120 [INFO] IPUIPlugin:80 - create IPUIPlugin
2023-10-19 07:38:35,120 [INFO] PluginManager:220 - loadIPPluginJar : add i2s
2023-10-19 07:38:35,198 [INFO] IPUIPlugin:80 - create IPUIPlugin
2023-10-19 07:38:35,198 [INFO] PluginManager:220 - loadIPPluginJar : add i3c
2023-10-19 07:38:35,417 [INFO] IPUIPlugin:80 - create IPUIPlugin
2023-10-19 07:38:35,417 [INFO] PluginManager:220 - loadIPPluginJar : add ipddr
2023-10-19 07:38:35,590 [INFO] IPUIPlugin:80 - create IPUIPlugin
2023-10-19 07:38:35,590 [INFO] PluginManager:220 - loadIPPluginJar : add linkedlist
2023-10-19 07:38:35,621 [INFO] IPUIPlugin:80 - create IPUIPlugin
2023-10-19 07:38:35,621 [INFO] PluginManager:220 - loadIPPluginJar : add lorawan
2023-10-19 07:38:35,669 [INFO] IPUIPlugin:80 - create IPUIPlugin
2023-10-19 07:38:35,669 [INFO] PluginManager:220 - loadIPPluginJar : add ltdc
2023-10-19 07:38:35,690 [INFO] IPUIPlugin:80 - create IPUIPlugin
2023-10-19 07:38:35,690 [INFO] PluginManager:220 - loadIPPluginJar : add mdma
2023-10-19 07:38:35,716 [INFO] IPUIPlugin:80 - create IPUIPlugin
2023-10-19 07:38:35,716 [INFO] PluginManager:220 - loadIPPluginJar : add nvic
2023-10-19 07:38:35,788 [INFO] IPUIPlugin:80 - create IPUIPlugin
2023-10-19 07:38:35,790 [INFO] PluginManager:220 - loadIPPluginJar : add opamp
2023-10-19 07:38:35,798 [INFO] ThirdPartyUpdaterWithRetryManager:70 - Updater plugin not ready yet. [2/15]
2023-10-19 07:38:35,911 [INFO] IPUIPlugin:80 - create IPUIPlugin
2023-10-19 07:38:35,911 [INFO] PluginManager:220 - loadIPPluginJar : add openamp
2023-10-19 07:38:35,990 [INFO] IPUIPlugin:80 - create IPUIPlugin
2023-10-19 07:38:35,990 [INFO] PluginManager:220 - loadIPPluginJar : add pdm2pcm
2023-10-19 07:38:36,006 [INFO] IPUIPlugin:80 - create IPUIPlugin
2023-10-19 07:38:36,021 [INFO] PluginManager:220 - loadIPPluginJar : add plateformsettings
2023-10-19 07:38:36,053 [INFO] IPUIPlugin:80 - create IPUIPlugin
2023-10-19 07:38:36,053 [INFO] PluginManager:220 - loadIPPluginJar : add quadspi
2023-10-19 07:38:36,084 [INFO] IPUIPlugin:80 - create IPUIPlugin
2023-10-19 07:38:36,084 [INFO] PluginManager:220 - loadIPPluginJar : add resmgrutility
2023-10-19 07:38:36,163 [INFO] IPUIPlugin:80 - create IPUIPlugin
2023-10-19 07:38:36,179 [INFO] PluginManager:220 - loadIPPluginJar : add sai
2023-10-19 07:38:36,242 [INFO] IPUIPlugin:80 - create IPUIPlugin
2023-10-19 07:38:36,242 [INFO] PluginManager:220 - loadIPPluginJar : add spi
2023-10-19 07:38:36,383 [INFO] IPUIPlugin:80 - create IPUIPlugin
2023-10-19 07:38:36,383 [INFO] PluginManager:220 - loadIPPluginJar : add stm32_wpan
2023-10-19 07:38:36,416 [INFO] IPUIPlugin:80 - create IPUIPlugin
2023-10-19 07:38:36,416 [INFO] PluginManager:220 - loadIPPluginJar : add tim
2023-10-19 07:38:36,510 [INFO] IPUIPlugin:80 - create IPUIPlugin
2023-10-19 07:38:36,510 [INFO] PluginManager:220 - loadIPPluginJar : add touchsensing
2023-10-19 07:38:36,557 [INFO] IPUIPlugin:80 - create IPUIPlugin
2023-10-19 07:38:36,557 [INFO] PluginManager:220 - loadIPPluginJar : add tracer_emb
2023-10-19 07:38:36,591 [INFO] IPUIPlugin:80 - create IPUIPlugin
2023-10-19 07:38:36,591 [INFO] PluginManager:220 - loadIPPluginJar : add ts
2023-10-19 07:38:36,636 [INFO] IPUIPlugin:80 - create IPUIPlugin
2023-10-19 07:38:36,636 [INFO] PluginManager:220 - loadIPPluginJar : add tsc
2023-10-19 07:38:36,684 [INFO] IPUIPlugin:80 - create IPUIPlugin
2023-10-19 07:38:36,684 [INFO] PluginManager:220 - loadIPPluginJar : add ucpd
2023-10-19 07:38:36,764 [INFO] IPUIPlugin:80 - create IPUIPlugin
2023-10-19 07:38:36,765 [INFO] PluginManager:220 - loadIPPluginJar : add usart
2023-10-19 07:38:36,834 [INFO] IPUIPlugin:80 - create IPUIPlugin
2023-10-19 07:38:36,834 [INFO] PluginManager:220 - loadIPPluginJar : add usbx
2023-10-19 07:38:37,009 [INFO] CADModel:165 - CPN selected for project level
2023-10-19 07:38:37,009 [INFO] CADModel:114 - Register for checkConnection events
2023-10-19 07:38:37,009 [FATAL] Updater:308 - Updater called before beeing initialized
2023-10-19 07:38:37,009 [ERROR] CADModel:125 - Updater not yet initialized, retry later 
2023-10-19 07:38:37,197 [INFO] CADModel:165 - CPN selected for project level
2023-10-19 07:38:37,197 [INFO] CADModel:114 - Register for checkConnection events
2023-10-19 07:38:37,197 [FATAL] Updater:308 - Updater called before beeing initialized
2023-10-19 07:38:37,197 [ERROR] CADModel:125 - Updater not yet initialized, retry later 
2023-10-19 07:38:37,197 [FATAL] Updater:308 - Updater called before beeing initialized
2023-10-19 07:38:37,414 [FATAL] Updater:308 - Updater called before beeing initialized
2023-10-19 07:38:37,433 [INFO] DbMcusAds:53 - JSON generation date=Tue Mar 07 14:20:55 IST 2023 (1678179055114)
2023-10-19 07:38:37,434 [FATAL] Updater:308 - Updater called before beeing initialized
2023-10-19 07:38:37,543 [WARN] DetailPanel:346 - Failed to get advertising image, set to default
2023-10-19 07:38:37,682 [FATAL] Updater:308 - Updater called before beeing initialized
2023-10-19 07:38:37,693 [FATAL] Updater:308 - Updater called before beeing initialized
2023-10-19 07:38:37,693 [FATAL] Updater:308 - Updater called before beeing initialized
2023-10-19 07:38:37,693 [WARN] DetailPanel:346 - Failed to get advertising image, set to default
2023-10-19 07:38:37,693 [FATAL] Updater:308 - Updater called before beeing initialized
2023-10-19 07:38:37,776 [ERROR] Updater:1120 - MainUpdater not yet initialized. External WinMGr cannot be set.
2023-10-19 07:38:37,793 [INFO] Updater:1056 - Updater Version found : 6.9.2
2023-10-19 07:38:37,824 [INFO] ApplicationProperties:184 - Using Application install path: C:\ST\STM32CubeIDE_1.13.1\STM32CubeIDE\plugins\com.st.stm32cube.common.mx_6.9.2.202309101412
2023-10-19 07:38:38,800 [INFO] ThirdPartyUpdaterWithRetryManager:70 - Updater plugin not ready yet. [3/15]
2023-10-19 07:38:39,412 [INFO] MainUpdater:2868 - connection check result : 10
2023-10-19 07:38:39,412 [INFO] MainUpdater:285 - Updater Check For Update Now.
2023-10-19 07:38:39,412 [INFO] MicroXplorer:498 - Change Database Version : DB.6.0.92
2023-10-19 07:38:39,427 [INFO] McuFinderGlobals:63 - Set McuFinder mode to 2 (CubeIDE integrated)
2023-10-19 07:38:39,427 [INFO] UserAuth:179 - activating auth plugin
2023-10-19 07:38:39,458 [INFO] UserAuth:393 - Internet connection configuration mode: 1
2023-10-19 07:38:39,506 [INFO] JxBrowserEngine:151 - Initiate JxBrowser Engine with user profile folder
2023-10-19 07:38:39,773 [INFO] CheckServerUpdateThread:120 - End of CheckServer Thread
2023-10-19 07:38:42,077 [WARN] PackLoader:240 - Cannot read IP mode file for STMicroelectronics.X-CUBE-SMBUS.2.1.0
2023-10-19 07:38:42,188 [WARN] PackLoader:240 - Cannot read IP mode file for STMicroelectronics.X-CUBE-AZRTOS-F7.1.1.0
2023-10-19 07:38:42,235 [WARN] PackLoader:240 - Cannot read IP mode file for STMicroelectronics.FP-SNS-MOTENV1.4.3.2
2023-10-19 07:38:42,300 [WARN] PackLoader:240 - Cannot read IP mode file for STMicroelectronics.FP-SNS-FLIGHT1.5.0.2
2023-10-19 07:38:42,330 [WARN] PackLoader:240 - Cannot read IP mode file for STMicroelectronics.X-CUBE-DISPLAY.3.0.0
2023-10-19 07:38:42,356 [WARN] PackLoader:240 - Cannot read IP mode file for STMicroelectronics.X-CUBE-BLE1.7.0.0
2023-10-19 07:38:42,374 [WARN] PackLoader:240 - Cannot read IP mode file for emotas.I-CUBE-CANOPEN.1.3.0
2023-10-19 07:38:42,393 [WARN] PackLoader:240 - Cannot read IP mode file for STMicroelectronics.X-CUBE-TOUCHGFX.4.22.0
2023-10-19 07:38:42,400 [WARN] PackLoader:240 - Cannot read IP mode file for STMicroelectronics.X-CUBE-TOUCHGFX.4.22.1
2023-10-19 07:38:42,424 [WARN] PackLoader:240 - Cannot read IP mode file for STMicroelectronics.FP-SNS-SMARTAG2.1.2.0
2023-10-19 07:38:42,456 [INFO] LogOutputStream:77 - [STDOUT_REDIRECT] 1 : Invalid condition id : UX_CORESTACK_Condition cause : null
2023-10-19 07:38:42,456 [INFO] LogOutputStream:77 - [STDOUT_REDIRECT] 1 : Invalid condition id : UX_CORESTACK_Condition cause : null
2023-10-19 07:38:42,456 [INFO] LogOutputStream:77 - [STDOUT_REDIRECT] 1 : Invalid condition id : UX_CORESTACK_Condition cause : null
2023-10-19 07:38:42,462 [INFO] LogOutputStream:77 - [STDOUT_REDIRECT] 1 : Invalid condition id : UX_CORESTACK_Condition cause : null
2023-10-19 07:38:42,463 [INFO] LogOutputStream:77 - [STDOUT_REDIRECT] 1 : Invalid condition id : UX_CORESTACK_Condition cause : null
2023-10-19 07:38:42,468 [WARN] PackLoader:240 - Cannot read IP mode file for STMicroelectronics.X-CUBE-AZRTOS-WL.2.0.0
2023-10-19 07:38:42,495 [WARN] PackLoader:240 - Cannot read IP mode file for WES.I-CUBE-Cesium.1.3.0
2023-10-19 07:38:42,514 [WARN] PackLoader:240 - Cannot read IP mode file for STMicroelectronics.X-CUBE-BLE2.3.3.0
2023-10-19 07:38:42,538 [WARN] PackLoader:240 - Cannot read IP mode file for STMicroelectronics.X-CUBE-ALGOBUILD.1.3.0
2023-10-19 07:38:42,577 [WARN] PackLoader:240 - Cannot read IP mode file for STMicroelectronics.X-CUBE-AZRTOS-G0.1.1.0
2023-10-19 07:38:42,634 [WARN] PackLoader:240 - Cannot read IP mode file for STMicroelectronics.X-CUBE-NFC4.3.0.0
2023-10-19 07:38:42,654 [WARN] PackLoader:240 - Cannot read IP mode file for STMicroelectronics.FP-ATR-SIGFOX1.3.2.0
2023-10-19 07:38:42,781 [WARN] PackLoader:240 - Cannot read IP mode file for SEGGER.I-CUBE-embOS.1.3.1
2023-10-19 07:38:43,001 [WARN] PackLoader:240 - Cannot read IP mode file for STMicroelectronics.X-CUBE-GNSS1.6.0.0
2023-10-19 07:38:43,237 [WARN] PackLoader:240 - Cannot read IP mode file for STMicroelectronics.X-CUBE-AZRTOS-F4.1.1.0
2023-10-19 07:38:43,458 [WARN] PackLoader:240 - Cannot read IP mode file for wolfSSL.I-CUBE-wolfSSL.5.6.3
2023-10-19 07:38:43,615 [INFO] WebApp:157 - Instantiating new browser for Auth
2023-10-19 07:38:43,631 [WARN] PackLoader:240 - Cannot read IP mode file for STMicroelectronics.X-CUBE-AZRTOS-L5.2.0.0
2023-10-19 07:38:43,804 [WARN] PackLoader:240 - Cannot read IP mode file for STMicroelectronics.X-CUBE-MEMS1.9.6.0
2023-10-19 07:38:44,278 [WARN] PackLoader:240 - Cannot read IP mode file for ITTIA_DB.I-CUBE-ITTIADB.8.8.0
2023-10-19 07:38:44,309 [WARN] PackLoader:240 - Cannot read IP mode file for STMicroelectronics.X-CUBE-BLEMGR.2.0.0
2023-10-19 07:38:44,366 [WARN] ConditionMgr:438 - getConditionDescription Invalid condition id : UX DEVICE CLASS RTOS Condition cause : null
2023-10-19 07:38:44,381 [WARN] ConditionMgr:438 - getConditionDescription Invalid condition id : UX DEVICE CLASS RTOS Condition cause : null
2023-10-19 07:38:44,484 [WARN] PackLoader:240 - Cannot read IP mode file for STMicroelectronics.X-CUBE-AZRTOS-H7.3.1.0
2023-10-19 07:38:44,623 [WARN] ConditionMgr:1039 - genDependencies : Invalid condition id : UX DEVICE CLASS RTOS Condition cause : null
2023-10-19 07:38:44,625 [WARN] ConditionMgr:1039 - genDependencies : Invalid condition id : UX DEVICE CLASS RTOS Condition cause : null
2023-10-19 07:38:44,631 [WARN] ConditionMgr:1039 - genDependencies : Invalid condition id : UX DEVICE CLASS RTOS Condition cause : null
2023-10-19 07:38:44,633 [WARN] ConditionMgr:1039 - genDependencies : Invalid condition id : UX DEVICE CLASS RTOS Condition cause : null
2023-10-19 07:38:44,633 [WARN] ConditionMgr:1039 - genDependencies : Invalid condition id : UX DEVICE CLASS RTOS Condition cause : null
2023-10-19 07:38:44,649 [WARN] PackLoader:240 - Cannot read IP mode file for STMicroelectronics.X-CUBE-NFC7.1.0.1
2023-10-19 07:38:44,664 [WARN] PackLoader:240 - Cannot read IP mode file for STMicroelectronics.X-CUBE-NFC6.3.0.0
2023-10-19 07:38:44,704 [WARN] PackLoader:240 - Cannot read IP mode file for STMicroelectronics.X-CUBE-EEPRMA1.4.1.0
2023-10-19 07:38:44,721 [WARN] PackLoader:240 - Cannot read IP mode file for STMicroelectronics.X-CUBE-AI.8.1.0
2023-10-19 07:38:44,800 [WARN] ConditionMgr:438 - getConditionDescription Invalid condition id : LAN8742 Phy interface Condition cause : null
2023-10-19 07:38:44,801 [WARN] PackLoader:240 - Cannot read IP mode file for STMicroelectronics.X-CUBE-AZRTOS-L4.2.0.0
2023-10-19 07:38:44,802 [WARN] ConditionMgr:1039 - genDependencies : Invalid condition id : LAN8742 Phy interface Condition cause : null
2023-10-19 07:38:44,804 [WARN] ConditionMgr:1039 - genDependencies : Invalid condition id : LAN8742 Phy interface Condition cause : null
2023-10-19 07:38:44,804 [WARN] ConditionMgr:1039 - genDependencies : Invalid condition id : LAN8742 Phy interface Condition cause : null
2023-10-19 07:38:44,830 [WARN] PackLoader:240 - Cannot read IP mode file for STMicroelectronics.X-CUBE-SFXS2LP1.4.0.0
2023-10-19 07:38:44,884 [WARN] PackLoader:240 - Cannot read IP mode file for STMicroelectronics.X-CUBE-ISPU.1.1.0
2023-10-19 07:38:44,938 [WARN] ConditionMgr:438 - getConditionDescription Invalid condition id : UX DEVICE CLASS RTOS Condition cause : null
2023-10-19 07:38:44,938 [WARN] ConditionMgr:438 - getConditionDescription Invalid condition id : UX DEVICE CLASS RTOS Condition cause : null
2023-10-19 07:38:44,938 [WARN] PackLoader:240 - Cannot read IP mode file for STMicroelectronics.X-CUBE-AZRTOS-WB.2.0.0
2023-10-19 07:38:44,953 [WARN] ConditionMgr:1039 - genDependencies : Invalid condition id : UX DEVICE CLASS RTOS Condition cause : null
2023-10-19 07:38:44,953 [WARN] ConditionMgr:1039 - genDependencies : Invalid condition id : UX DEVICE CLASS RTOS Condition cause : null
2023-10-19 07:38:44,953 [WARN] ConditionMgr:1039 - genDependencies : Invalid condition id : UX DEVICE CLASS RTOS Condition cause : null
2023-10-19 07:38:44,953 [WARN] ConditionMgr:1039 - genDependencies : Invalid condition id : UX DEVICE CLASS RTOS Condition cause : null
2023-10-19 07:38:44,953 [WARN] ConditionMgr:1039 - genDependencies : Invalid condition id : UX DEVICE CLASS RTOS Condition cause : null
2023-10-19 07:38:44,988 [WARN] PackLoader:240 - Cannot read IP mode file for STMicroelectronics.X-CUBE-SUBG2.5.0.0
2023-10-19 07:38:45,032 [WARN] PackLoader:240 - Cannot read IP mode file for STMicroelectronics.X-CUBE-TOF1.3.3.1
2023-10-19 07:38:45,075 [WARN] PackLoader:240 - Cannot read IP mode file for STMicroelectronics.X-CUBE-AZRTOS-G4.2.0.0
2023-10-19 07:38:45,100 [WARN] PackLoader:240 - Cannot read IP mode file for Infineon.AIROC-Wi-Fi-Bluetooth-STM32.1.5.1
2023-10-19 07:38:45,116 [WARN] PackLoader:240 - Cannot read IP mode file for STMicroelectronics.X-CUBE-FREERTOS.1.1.0
2023-10-19 07:38:45,131 [WARN] PackLoader:240 - Cannot read IP mode file for portGmbH.I-Cube-SoM-uGOAL.1.1.0
2023-10-19 07:38:45,147 [WARN] PackLoader:240 - Cannot read IP mode file for STMicroelectronics.X-CUBE-ALS.1.0.1
2023-10-19 07:38:45,210 [WARN] PackLoader:240 - Cannot read IP mode file for STMicroelectronics.FP-ATR-ASTRA1.2.0.0
2023-10-19 07:38:45,215 [INFO] ThirdParty:978 - Integrity check success = true
2023-10-19 07:38:45,215 [INFO] IntegrityCheckThread:100 - exiting critical section [integrity check]
2023-10-19 07:38:45,216 [INFO] IntegrityCheckThread:103 - End integrity checks thread
2023-10-19 07:38:45,820 [INFO] WebApp:753 - Register for checkConnection events
2023-10-19 07:38:45,820 [INFO] WebApp:390 - Apply proxy settings
2023-10-19 07:38:45,820 [INFO] WebApp:475 - Chromium requires no authentication
2023-10-19 07:38:45,836 [INFO] WebApp:418 - Direct internet connection detected
2023-10-19 07:38:46,041 [INFO] WebApp:188 - Starting web application
2023-10-19 07:38:46,041 [INFO] WebApp:520 - Web application path used C:\ST\STM32CubeIDE_1.13.1\STM32CubeIDE\plugins\com.st.stm32cube.common.mx_6.9.2.202309101412\db\plugins\mcufinder\reactClient1\index.html
2023-10-19 07:38:50,069 [ERROR] LogOutputStream:75 - [STDERR_REDIRECT] SLF4J: Failed to load class "org.slf4j.impl.StaticLoggerBinder".
2023-10-19 07:38:50,069 [ERROR] LogOutputStream:75 - [STDERR_REDIRECT] SLF4J: Defaulting to no-operation (NOP) logger implementation
2023-10-19 07:38:50,070 [ERROR] LogOutputStream:75 - [STDERR_REDIRECT] SLF4J: See http://www.slf4j.org/codes.html#StaticLoggerBinder for further details.
2023-10-19 08:14:52,923 [INFO] Activator:176 - 


2023-10-19 08:14:52,923 [INFO] Activator:177 - !SESSION log4j initialized
2023-10-19 08:14:56,670 [INFO] LogOutputStream:77 - [STDOUT_REDIRECT] 
2023-10-19 08:14:57,775 [INFO] ApplicationProperties:184 - Using Application install path: C:\ST\STM32CubeIDE_1.13.1\STM32CubeIDE\plugins\com.st.stm32cube.common.mx_6.9.2.202309101412
2023-10-19 08:14:57,788 [INFO] DbMcusXml:78 - Set database path to: C:\ST\STM32CubeIDE_1.13.1\STM32CubeIDE\plugins\com.st.stm32cube.common.mx_6.9.2.202309101412\\db\/mcu/
2023-10-19 08:14:57,788 [INFO] ApiDb:274 - Set plugin database path to: C:\ST\STM32CubeIDE_1.13.1\STM32CubeIDE\plugins\com.st.stm32cube.common.mx_6.9.2.202309101412\\db\/plugins/boardmanager/
2023-10-19 08:14:57,788 [WARN] ApiDb:259 - Overriding images path with different value:  => C:\ST\STM32CubeIDE_1.13.1\STM32CubeIDE\plugins\com.st.stm32cube.common.mx_6.9.2.202309101412\\db\/plugins/mcufinder/images/
2023-10-19 08:14:57,798 [INFO] ApiDb:250 - Set database path to: C:\Users\Ubaid\.stmcufinder\plugins\mcufinder//mcu/
2023-10-19 08:14:57,799 [INFO] DbMcusAds:125 - Set database path to: C:\Users\Ubaid\.stmcufinder\plugins\mcufinder//mcu/
2023-10-19 08:14:57,800 [INFO] CrossReferenceDbSqlite:203 - Set database path to: C:\Users\Ubaid\.stmcufinder\plugins\mcufinder//mcu/cs/
2023-10-19 08:14:57,872 [INFO] RulesReader:64 - Compatibility file has been processed (293 Rules)
2023-10-19 08:14:57,923 [INFO] DbMcusXml:78 - Set database path to: C:\ST\STM32CubeIDE_1.13.1\STM32CubeIDE\plugins\com.st.stm32cube.common.mx_6.9.2.202309101412\\db\/mcu/
2023-10-19 08:14:57,923 [INFO] ApiDb:274 - Set plugin database path to: C:\ST\STM32CubeIDE_1.13.1\STM32CubeIDE\plugins\com.st.stm32cube.common.mx_6.9.2.202309101412\\db\/plugins/boardmanager/
2023-10-19 08:14:57,923 [INFO] ApiDb:261 - Set plugin images path to: C:\ST\STM32CubeIDE_1.13.1\STM32CubeIDE\plugins\com.st.stm32cube.common.mx_6.9.2.202309101412\\db\/plugins/mcufinder/images/
2023-10-19 08:14:57,924 [WARN] DbFile:41 - Overriding database path with different value: C:\Users\Ubaid\.stmcufinder\plugins\mcufinder/ => C:\Users\Ubaid\.stmcufinder\plugins\mcufinder
2023-10-19 08:14:57,924 [INFO] ApiDb:250 - Set database path to: C:\Users\Ubaid\.stmcufinder\plugins\mcufinder//mcu/
2023-10-19 08:14:57,924 [WARN] DbFile:41 - Overriding database path with different value: C:\Users\Ubaid\.stmcufinder\plugins\mcufinder/ => C:\Users\Ubaid\.stmcufinder\plugins\mcufinder
2023-10-19 08:14:57,924 [INFO] DbMcusAds:125 - Set database path to: C:\Users\Ubaid\.stmcufinder\plugins\mcufinder//mcu/
2023-10-19 08:14:57,924 [WARN] DbFile:41 - Overriding database path with different value: C:\Users\Ubaid\.stmcufinder\plugins\mcufinder/ => C:\Users\Ubaid\.stmcufinder\plugins\mcufinder
2023-10-19 08:14:57,924 [WARN] DbFile:41 - Overriding database path with different value: C:\Users\Ubaid\.stmcufinder\plugins\mcufinder/ => C:\Users\Ubaid\.stmcufinder\plugins\mcufinder
2023-10-19 08:14:57,924 [INFO] CrossReferenceDbSqlite:203 - Set database path to: C:\Users\Ubaid\.stmcufinder\plugins\mcufinder//mcu/cs/
2023-10-19 08:14:57,978 [INFO] MainPanel:262 - HeapMemory: 268435456
2023-10-19 08:14:58,043 [INFO] DbMcusXml:78 - Set database path to: C:\ST\STM32CubeIDE_1.13.1\STM32CubeIDE\plugins\com.st.stm32cube.common.mx_6.9.2.202309101412\\db\/mcu/
2023-10-19 08:14:58,044 [INFO] ApiDb:274 - Set plugin database path to: C:\ST\STM32CubeIDE_1.13.1\STM32CubeIDE\plugins\com.st.stm32cube.common.mx_6.9.2.202309101412\\db\/plugins/boardmanager/
2023-10-19 08:14:58,044 [INFO] ApiDb:261 - Set plugin images path to: C:\ST\STM32CubeIDE_1.13.1\STM32CubeIDE\plugins\com.st.stm32cube.common.mx_6.9.2.202309101412\\db\/plugins/mcufinder/images/
2023-10-19 08:14:58,044 [WARN] DbFile:41 - Overriding database path with different value: C:\Users\Ubaid\.stmcufinder\plugins\mcufinder/ => C:\Users\Ubaid\.stmcufinder\plugins\mcufinder
2023-10-19 08:14:58,044 [INFO] ApiDb:250 - Set database path to: C:\Users\Ubaid\.stmcufinder\plugins\mcufinder//mcu/
2023-10-19 08:14:58,044 [WARN] DbFile:41 - Overriding database path with different value: C:\Users\Ubaid\.stmcufinder\plugins\mcufinder/ => C:\Users\Ubaid\.stmcufinder\plugins\mcufinder
2023-10-19 08:14:58,044 [INFO] DbMcusAds:125 - Set database path to: C:\Users\Ubaid\.stmcufinder\plugins\mcufinder//mcu/
2023-10-19 08:14:58,044 [WARN] DbFile:41 - Overriding database path with different value: C:\Users\Ubaid\.stmcufinder\plugins\mcufinder/ => C:\Users\Ubaid\.stmcufinder\plugins\mcufinder
2023-10-19 08:14:58,044 [WARN] DbFile:41 - Overriding database path with different value: C:\Users\Ubaid\.stmcufinder\plugins\mcufinder/ => C:\Users\Ubaid\.stmcufinder\plugins\mcufinder
2023-10-19 08:14:58,045 [INFO] CrossReferenceDbSqlite:203 - Set database path to: C:\Users\Ubaid\.stmcufinder\plugins\mcufinder//mcu/cs/
2023-10-19 08:14:58,057 [INFO] ApplicationProperties:184 - Using Application install path: C:\ST\STM32CubeIDE_1.13.1\STM32CubeIDE\plugins\com.st.stm32cube.common.mx_6.9.2.202309101412
2023-10-19 08:14:58,058 [INFO] PluginManage:196 - Search for loadable plugins [exclusion list=, ]
2023-10-19 08:14:58,059 [INFO] PluginManage:310 - Check plugin analytics
2023-10-19 08:14:58,154 [INFO] AnalyticsPlugin:253 - Accepted Software Licenses: STM32CubeMX.6.9.1
2023-10-19 08:14:58,154 [INFO] AnalyticsPlugin:255 - Accepted CMSIS Pack Licenses: 
2023-10-19 08:14:58,154 [INFO] AnalyticsPlugin:257 - Accepted Firmware Licenses: FW.F4.1.27.0
2023-10-19 08:14:58,156 [INFO] PluginManage:359 - Loaded plugin analytics (category:tool,tabindex:-1)
2023-10-19 08:14:58,156 [INFO] PluginManage:310 - Check plugin cadmodel
2023-10-19 08:14:58,169 [INFO] CADModel:105 - Init CAD model plugin
2023-10-19 08:14:58,169 [INFO] PluginManage:359 - Loaded plugin cadmodel (category:power,tabindex:5)
2023-10-19 08:14:58,170 [INFO] PluginManage:310 - Check plugin clock
2023-10-19 08:14:58,182 [INFO] PluginManage:359 - Loaded plugin clock (category:base,tabindex:2)
2023-10-19 08:14:58,182 [INFO] PluginManage:310 - Check plugin ddr
2023-10-19 08:14:58,183 [INFO] PluginManage:359 - Loaded plugin ddr (category:tool,tabindex:6)
2023-10-19 08:14:58,183 [INFO] PluginManage:310 - Check plugin filemanager
2023-10-19 08:14:58,264 [INFO] PluginManage:359 - Loaded plugin filemanager (category:base,tabindex:10)
2023-10-19 08:14:58,264 [INFO] PluginManage:310 - Check plugin ipmanager
2023-10-19 08:14:58,269 [INFO] PluginManage:359 - Loaded plugin ipmanager (category:base,tabindex:5)
2023-10-19 08:14:58,269 [INFO] PluginManage:310 - Check plugin lpbam
2023-10-19 08:14:58,279 [INFO] PluginManage:359 - Loaded plugin lpbam (category:base,tabindex:0)
2023-10-19 08:14:58,279 [INFO] PluginManage:310 - Check plugin memorymap
2023-10-19 08:14:58,295 [INFO] PluginManage:359 - Loaded plugin memorymap (category:base,tabindex:4)
2023-10-19 08:14:58,295 [INFO] PluginManage:310 - Check plugin pinoutandconfiguration
2023-10-19 08:14:58,305 [INFO] PluginManage:359 - Loaded plugin pinoutandconfiguration (category:base,tabindex:1)
2023-10-19 08:14:58,305 [INFO] PluginManage:310 - Check plugin pinoutconfig
2023-10-19 08:14:58,378 [WARN] SupportedApi:132 - Cannot load RTOS API schema: s4s-elt-must-match.1: The content of 'definitions' must match (annotation?, (simpleType | complexType)?, (unique | key | keyref)*)). A problem was found starting at: attribute.
2023-10-19 08:14:58,486 [INFO] PluginManage:359 - Loaded plugin pinoutconfig (category:base,tabindex:0)
2023-10-19 08:14:58,486 [INFO] PluginManage:310 - Check plugin power
2023-10-19 08:14:58,499 [INFO] PluginManage:359 - Loaded plugin power (category:power,tabindex:4)
2023-10-19 08:14:58,500 [INFO] PluginManage:310 - Check plugin projectmanager
2023-10-19 08:14:58,513 [INFO] PluginManage:359 - Loaded plugin projectmanager (category:projectmanager,tabindex:3)
2023-10-19 08:14:58,513 [INFO] PluginManage:310 - Check plugin thirdparty
2023-10-19 08:14:58,679 [INFO] PluginManage:359 - Loaded plugin thirdparty (category:base,tabindex:-1)
2023-10-19 08:14:58,679 [INFO] PluginManage:310 - Check plugin tools
2023-10-19 08:14:58,679 [WARN] IntegrityCheckThread:84 - waiting for thirdparty lock release [integrity check]
2023-10-19 08:14:58,679 [INFO] IntegrityCheckThread:86 - entering critical section [integrity check]
2023-10-19 08:14:58,679 [INFO] ThirdPartyUpdaterWithRetryManager:70 - Updater plugin not ready yet. [1/15]
2023-10-19 08:14:58,699 [INFO] PluginManage:359 - Loaded plugin tools (category:base,tabindex:7)
2023-10-19 08:14:58,699 [INFO] PluginManage:310 - Check plugin tutovideos
2023-10-19 08:14:58,824 [INFO] PluginManage:359 - Loaded plugin tutovideos (category:base,tabindex:-1)
2023-10-19 08:14:58,824 [INFO] PluginManage:310 - Check plugin updater
2023-10-19 08:14:58,829 [INFO] PluginManage:359 - Loaded plugin updater (category:base,tabindex:12)
2023-10-19 08:14:58,829 [INFO] PluginManage:310 - Check plugin userauth
2023-10-19 08:14:58,834 [INFO] UserAuth:113 - Init User Auth plugin
2023-10-19 08:14:58,834 [INFO] PluginManage:359 - Loaded plugin userauth (category:base,tabindex:14)
2023-10-19 08:14:58,834 [INFO] PluginManage:283 - PluginManage : Loaded plugins [17]
2023-10-19 08:14:58,968 [INFO] PinOutPanel:1499 - setPackage(No Configuration,No Configuration)
2023-10-19 08:14:59,031 [INFO] CADModel:165 - CPN selected for project level
2023-10-19 08:14:59,032 [INFO] CADModel:114 - Register for checkConnection events
2023-10-19 08:14:59,050 [INFO] IPUIPlugin:80 - create IPUIPlugin
2023-10-19 08:14:59,050 [INFO] PluginManager:220 - loadIPPluginJar : add adc
2023-10-19 08:14:59,071 [INFO] IPUIPlugin:80 - create IPUIPlugin
2023-10-19 08:14:59,072 [INFO] PluginManager:220 - loadIPPluginJar : add aes
2023-10-19 08:14:59,094 [INFO] IPUIPlugin:80 - create IPUIPlugin
2023-10-19 08:14:59,094 [INFO] PluginManager:220 - loadIPPluginJar : add can
2023-10-19 08:14:59,106 [INFO] IPUIPlugin:80 - create IPUIPlugin
2023-10-19 08:14:59,106 [INFO] PluginManager:220 - loadIPPluginJar : add comp
2023-10-19 08:14:59,124 [INFO] IPUIPlugin:80 - create IPUIPlugin
2023-10-19 08:14:59,124 [INFO] PluginManager:220 - loadIPPluginJar : add cryp
2023-10-19 08:14:59,139 [INFO] IPUIPlugin:80 - create IPUIPlugin
2023-10-19 08:14:59,139 [INFO] PluginManager:220 - loadIPPluginJar : add dfsdm
2023-10-19 08:14:59,149 [INFO] IPUIPlugin:80 - create IPUIPlugin
2023-10-19 08:14:59,149 [INFO] PluginManager:220 - loadIPPluginJar : add dma
2023-10-19 08:14:59,177 [INFO] IPUIPlugin:80 - create IPUIPlugin
2023-10-19 08:14:59,177 [INFO] PluginManager:220 - loadIPPluginJar : add dma3
2023-10-19 08:14:59,189 [INFO] IPUIPlugin:80 - create IPUIPlugin
2023-10-19 08:14:59,189 [INFO] PluginManager:220 - loadIPPluginJar : add fatfs
2023-10-19 08:14:59,216 [INFO] IPUIPlugin:80 - create IPUIPlugin
2023-10-19 08:14:59,216 [INFO] PluginManager:220 - loadIPPluginJar : add fmc
2023-10-19 08:14:59,226 [INFO] IPUIPlugin:80 - create IPUIPlugin
2023-10-19 08:14:59,226 [INFO] PluginManager:220 - loadIPPluginJar : add freertos
2023-10-19 08:14:59,238 [INFO] IPUIPlugin:80 - create IPUIPlugin
2023-10-19 08:14:59,238 [INFO] PluginManager:220 - loadIPPluginJar : add genericplugin
2023-10-19 08:14:59,288 [INFO] IPUIPlugin:80 - create IPUIPlugin
2023-10-19 08:14:59,288 [INFO] PluginManager:220 - loadIPPluginJar : add gfxmmu
2023-10-19 08:14:59,367 [INFO] IPUIPlugin:80 - create IPUIPlugin
2023-10-19 08:14:59,367 [INFO] PluginManager:220 - loadIPPluginJar : add gic
2023-10-19 08:14:59,374 [INFO] IPUIPlugin:80 - create IPUIPlugin
2023-10-19 08:14:59,375 [INFO] PluginManager:220 - loadIPPluginJar : add gpio
2023-10-19 08:14:59,422 [INFO] IPUIPlugin:80 - create IPUIPlugin
2023-10-19 08:14:59,422 [INFO] PluginManager:220 - loadIPPluginJar : add gtzc
2023-10-19 08:14:59,439 [INFO] IPUIPlugin:80 - create IPUIPlugin
2023-10-19 08:14:59,439 [INFO] PluginManager:220 - loadIPPluginJar : add hash
2023-10-19 08:14:59,468 [INFO] IPUIPlugin:80 - create IPUIPlugin
2023-10-19 08:14:59,468 [INFO] PluginManager:220 - loadIPPluginJar : add i2c
2023-10-19 08:14:59,490 [INFO] IPUIPlugin:80 - create IPUIPlugin
2023-10-19 08:14:59,490 [INFO] PluginManager:220 - loadIPPluginJar : add i2s
2023-10-19 08:14:59,512 [INFO] IPUIPlugin:80 - create IPUIPlugin
2023-10-19 08:14:59,512 [INFO] PluginManager:220 - loadIPPluginJar : add i3c
2023-10-19 08:14:59,572 [INFO] IPUIPlugin:80 - create IPUIPlugin
2023-10-19 08:14:59,572 [INFO] PluginManager:220 - loadIPPluginJar : add ipddr
2023-10-19 08:14:59,634 [INFO] IPUIPlugin:80 - create IPUIPlugin
2023-10-19 08:14:59,634 [INFO] PluginManager:220 - loadIPPluginJar : add linkedlist
2023-10-19 08:14:59,652 [INFO] IPUIPlugin:80 - create IPUIPlugin
2023-10-19 08:14:59,653 [INFO] PluginManager:220 - loadIPPluginJar : add lorawan
2023-10-19 08:14:59,672 [INFO] IPUIPlugin:80 - create IPUIPlugin
2023-10-19 08:14:59,672 [INFO] PluginManager:220 - loadIPPluginJar : add ltdc
2023-10-19 08:14:59,681 [INFO] IPUIPlugin:80 - create IPUIPlugin
2023-10-19 08:14:59,681 [INFO] PluginManager:220 - loadIPPluginJar : add mdma
2023-10-19 08:14:59,688 [INFO] IPUIPlugin:80 - create IPUIPlugin
2023-10-19 08:14:59,689 [INFO] PluginManager:220 - loadIPPluginJar : add nvic
2023-10-19 08:14:59,707 [INFO] IPUIPlugin:80 - create IPUIPlugin
2023-10-19 08:14:59,707 [INFO] PluginManager:220 - loadIPPluginJar : add opamp
2023-10-19 08:14:59,739 [INFO] IPUIPlugin:80 - create IPUIPlugin
2023-10-19 08:14:59,740 [INFO] PluginManager:220 - loadIPPluginJar : add openamp
2023-10-19 08:14:59,763 [INFO] IPUIPlugin:80 - create IPUIPlugin
2023-10-19 08:14:59,764 [INFO] PluginManager:220 - loadIPPluginJar : add pdm2pcm
2023-10-19 08:14:59,772 [INFO] IPUIPlugin:80 - create IPUIPlugin
2023-10-19 08:14:59,773 [INFO] PluginManager:220 - loadIPPluginJar : add plateformsettings
2023-10-19 08:14:59,786 [INFO] IPUIPlugin:80 - create IPUIPlugin
2023-10-19 08:14:59,786 [INFO] PluginManager:220 - loadIPPluginJar : add quadspi
2023-10-19 08:14:59,794 [INFO] IPUIPlugin:80 - create IPUIPlugin
2023-10-19 08:14:59,794 [INFO] PluginManager:220 - loadIPPluginJar : add resmgrutility
2023-10-19 08:14:59,821 [INFO] IPUIPlugin:80 - create IPUIPlugin
2023-10-19 08:14:59,821 [INFO] PluginManager:220 - loadIPPluginJar : add sai
2023-10-19 08:14:59,840 [INFO] IPUIPlugin:80 - create IPUIPlugin
2023-10-19 08:14:59,840 [INFO] PluginManager:220 - loadIPPluginJar : add spi
2023-10-19 08:14:59,888 [INFO] IPUIPlugin:80 - create IPUIPlugin
2023-10-19 08:14:59,888 [INFO] PluginManager:220 - loadIPPluginJar : add stm32_wpan
2023-10-19 08:14:59,900 [INFO] IPUIPlugin:80 - create IPUIPlugin
2023-10-19 08:14:59,900 [INFO] PluginManager:220 - loadIPPluginJar : add tim
2023-10-19 08:14:59,930 [INFO] IPUIPlugin:80 - create IPUIPlugin
2023-10-19 08:14:59,930 [INFO] PluginManager:220 - loadIPPluginJar : add touchsensing
2023-10-19 08:14:59,942 [INFO] IPUIPlugin:80 - create IPUIPlugin
2023-10-19 08:14:59,942 [INFO] PluginManager:220 - loadIPPluginJar : add tracer_emb
2023-10-19 08:14:59,953 [INFO] IPUIPlugin:80 - create IPUIPlugin
2023-10-19 08:14:59,953 [INFO] PluginManager:220 - loadIPPluginJar : add ts
2023-10-19 08:14:59,965 [INFO] IPUIPlugin:80 - create IPUIPlugin
2023-10-19 08:14:59,965 [INFO] PluginManager:220 - loadIPPluginJar : add tsc
2023-10-19 08:14:59,976 [INFO] IPUIPlugin:80 - create IPUIPlugin
2023-10-19 08:14:59,978 [INFO] PluginManager:220 - loadIPPluginJar : add ucpd
2023-10-19 08:15:00,000 [INFO] IPUIPlugin:80 - create IPUIPlugin
2023-10-19 08:15:00,000 [INFO] PluginManager:220 - loadIPPluginJar : add usart
2023-10-19 08:15:00,029 [INFO] IPUIPlugin:80 - create IPUIPlugin
2023-10-19 08:15:00,029 [INFO] PluginManager:220 - loadIPPluginJar : add usbx
2023-10-19 08:15:00,134 [INFO] CADModel:165 - CPN selected for project level
2023-10-19 08:15:00,134 [INFO] CADModel:114 - Register for checkConnection events
2023-10-19 08:15:00,134 [FATAL] Updater:308 - Updater called before beeing initialized
2023-10-19 08:15:00,134 [ERROR] CADModel:125 - Updater not yet initialized, retry later 
2023-10-19 08:15:00,226 [INFO] CADModel:165 - CPN selected for project level
2023-10-19 08:15:00,226 [INFO] CADModel:114 - Register for checkConnection events
2023-10-19 08:15:00,226 [FATAL] Updater:308 - Updater called before beeing initialized
2023-10-19 08:15:00,226 [ERROR] CADModel:125 - Updater not yet initialized, retry later 
2023-10-19 08:15:00,228 [FATAL] Updater:308 - Updater called before beeing initialized
2023-10-19 08:15:00,298 [FATAL] Updater:308 - Updater called before beeing initialized
2023-10-19 08:15:00,307 [INFO] DbMcusAds:53 - JSON generation date=Tue Mar 07 14:20:55 IST 2023 (1678179055114)
2023-10-19 08:15:00,307 [FATAL] Updater:308 - Updater called before beeing initialized
2023-10-19 08:15:00,359 [WARN] DetailPanel:346 - Failed to get advertising image, set to default
2023-10-19 08:15:00,419 [FATAL] Updater:308 - Updater called before beeing initialized
2023-10-19 08:15:00,421 [FATAL] Updater:308 - Updater called before beeing initialized
2023-10-19 08:15:00,421 [FATAL] Updater:308 - Updater called before beeing initialized
2023-10-19 08:15:00,421 [WARN] DetailPanel:346 - Failed to get advertising image, set to default
2023-10-19 08:15:00,421 [FATAL] Updater:308 - Updater called before beeing initialized
2023-10-19 08:15:00,463 [ERROR] Updater:1120 - MainUpdater not yet initialized. External WinMGr cannot be set.
2023-10-19 08:15:00,472 [INFO] Updater:1056 - Updater Version found : 6.9.2
2023-10-19 08:15:00,485 [INFO] ApplicationProperties:184 - Using Application install path: C:\ST\STM32CubeIDE_1.13.1\STM32CubeIDE\plugins\com.st.stm32cube.common.mx_6.9.2.202309101412
2023-10-19 08:15:01,228 [INFO] MainUpdater:2868 - connection check result : 10
2023-10-19 08:15:01,229 [INFO] MainUpdater:285 - Updater Check For Update Now.
2023-10-19 08:15:01,229 [INFO] MicroXplorer:498 - Change Database Version : DB.6.0.92
2023-10-19 08:15:01,243 [INFO] McuFinderGlobals:63 - Set McuFinder mode to 2 (CubeIDE integrated)
2023-10-19 08:15:01,243 [INFO] UserAuth:179 - activating auth plugin
2023-10-19 08:15:01,245 [INFO] UserAuth:393 - Internet connection configuration mode: 1
2023-10-19 08:15:01,272 [INFO] JxBrowserEngine:151 - Initiate JxBrowser Engine with user profile folder
2023-10-19 08:15:01,393 [INFO] CheckServerUpdateThread:120 - End of CheckServer Thread
2023-10-19 08:15:01,756 [WARN] PackLoader:240 - Cannot read IP mode file for STMicroelectronics.X-CUBE-SMBUS.2.1.0
2023-10-19 08:15:01,785 [WARN] PackLoader:240 - Cannot read IP mode file for STMicroelectronics.X-CUBE-AZRTOS-F7.1.1.0
2023-10-19 08:15:01,801 [WARN] PackLoader:240 - Cannot read IP mode file for STMicroelectronics.FP-SNS-MOTENV1.4.3.2
2023-10-19 08:15:01,812 [WARN] PackLoader:240 - Cannot read IP mode file for STMicroelectronics.FP-SNS-FLIGHT1.5.0.2
2023-10-19 08:15:01,824 [WARN] PackLoader:240 - Cannot read IP mode file for STMicroelectronics.X-CUBE-DISPLAY.3.0.0
2023-10-19 08:15:01,840 [WARN] PackLoader:240 - Cannot read IP mode file for STMicroelectronics.X-CUBE-BLE1.7.0.0
2023-10-19 08:15:01,848 [WARN] PackLoader:240 - Cannot read IP mode file for emotas.I-CUBE-CANOPEN.1.3.0
2023-10-19 08:15:01,857 [WARN] PackLoader:240 - Cannot read IP mode file for STMicroelectronics.X-CUBE-TOUCHGFX.4.22.0
2023-10-19 08:15:01,863 [WARN] PackLoader:240 - Cannot read IP mode file for STMicroelectronics.X-CUBE-TOUCHGFX.4.22.1
2023-10-19 08:15:01,871 [WARN] PackLoader:240 - Cannot read IP mode file for STMicroelectronics.FP-SNS-SMARTAG2.1.2.0
2023-10-19 08:15:01,882 [INFO] LogOutputStream:77 - [STDOUT_REDIRECT] 1 : Invalid condition id : UX_CORESTACK_Condition cause : null
2023-10-19 08:15:01,882 [INFO] LogOutputStream:77 - [STDOUT_REDIRECT] 1 : Invalid condition id : UX_CORESTACK_Condition cause : null
2023-10-19 08:15:01,884 [INFO] LogOutputStream:77 - [STDOUT_REDIRECT] 1 : Invalid condition id : UX_CORESTACK_Condition cause : null
2023-10-19 08:15:01,885 [INFO] LogOutputStream:77 - [STDOUT_REDIRECT] 1 : Invalid condition id : UX_CORESTACK_Condition cause : null
2023-10-19 08:15:01,886 [INFO] LogOutputStream:77 - [STDOUT_REDIRECT] 1 : Invalid condition id : UX_CORESTACK_Condition cause : null
2023-10-19 08:15:01,887 [WARN] PackLoader:240 - Cannot read IP mode file for STMicroelectronics.X-CUBE-AZRTOS-WL.2.0.0
2023-10-19 08:15:01,896 [WARN] PackLoader:240 - Cannot read IP mode file for WES.I-CUBE-Cesium.1.3.0
2023-10-19 08:15:01,904 [WARN] PackLoader:240 - Cannot read IP mode file for STMicroelectronics.X-CUBE-BLE2.3.3.0
2023-10-19 08:15:01,912 [WARN] PackLoader:240 - Cannot read IP mode file for STMicroelectronics.X-CUBE-ALGOBUILD.1.3.0
2023-10-19 08:15:01,928 [WARN] PackLoader:240 - Cannot read IP mode file for STMicroelectronics.X-CUBE-AZRTOS-G0.1.1.0
2023-10-19 08:15:01,937 [WARN] PackLoader:240 - Cannot read IP mode file for STMicroelectronics.X-CUBE-NFC4.3.0.0
2023-10-19 08:15:01,945 [WARN] PackLoader:240 - Cannot read IP mode file for STMicroelectronics.FP-ATR-SIGFOX1.3.2.0
2023-10-19 08:15:01,973 [WARN] PackLoader:240 - Cannot read IP mode file for SEGGER.I-CUBE-embOS.1.3.1
2023-10-19 08:15:02,023 [WARN] PackLoader:240 - Cannot read IP mode file for STMicroelectronics.X-CUBE-GNSS1.6.0.0
2023-10-19 08:15:02,048 [WARN] PackLoader:240 - Cannot read IP mode file for STMicroelectronics.X-CUBE-AZRTOS-F4.1.1.0
2023-10-19 08:15:02,057 [WARN] PackLoader:240 - Cannot read IP mode file for wolfSSL.I-CUBE-wolfSSL.5.6.3
2023-10-19 08:15:02,075 [WARN] PackLoader:240 - Cannot read IP mode file for STMicroelectronics.X-CUBE-AZRTOS-L5.2.0.0
2023-10-19 08:15:02,112 [WARN] PackLoader:240 - Cannot read IP mode file for STMicroelectronics.X-CUBE-MEMS1.9.6.0
2023-10-19 08:15:02,203 [WARN] PackLoader:240 - Cannot read IP mode file for ITTIA_DB.I-CUBE-ITTIADB.8.8.0
2023-10-19 08:15:02,221 [WARN] PackLoader:240 - Cannot read IP mode file for STMicroelectronics.X-CUBE-BLEMGR.2.0.0
2023-10-19 08:15:02,242 [WARN] ConditionMgr:438 - getConditionDescription Invalid condition id : UX DEVICE CLASS RTOS Condition cause : null
2023-10-19 08:15:02,242 [WARN] ConditionMgr:438 - getConditionDescription Invalid condition id : UX DEVICE CLASS RTOS Condition cause : null
2023-10-19 08:15:02,244 [WARN] PackLoader:240 - Cannot read IP mode file for STMicroelectronics.X-CUBE-AZRTOS-H7.3.1.0
2023-10-19 08:15:02,245 [WARN] ConditionMgr:1039 - genDependencies : Invalid condition id : UX DEVICE CLASS RTOS Condition cause : null
2023-10-19 08:15:02,245 [WARN] ConditionMgr:1039 - genDependencies : Invalid condition id : UX DEVICE CLASS RTOS Condition cause : null
2023-10-19 08:15:02,245 [WARN] ConditionMgr:1039 - genDependencies : Invalid condition id : UX DEVICE CLASS RTOS Condition cause : null
2023-10-19 08:15:02,246 [WARN] ConditionMgr:1039 - genDependencies : Invalid condition id : UX DEVICE CLASS RTOS Condition cause : null
2023-10-19 08:15:02,246 [WARN] ConditionMgr:1039 - genDependencies : Invalid condition id : UX DEVICE CLASS RTOS Condition cause : null
2023-10-19 08:15:02,258 [WARN] PackLoader:240 - Cannot read IP mode file for STMicroelectronics.X-CUBE-NFC7.1.0.1
2023-10-19 08:15:02,272 [WARN] PackLoader:240 - Cannot read IP mode file for STMicroelectronics.X-CUBE-NFC6.3.0.0
2023-10-19 08:15:02,282 [WARN] PackLoader:240 - Cannot read IP mode file for STMicroelectronics.X-CUBE-EEPRMA1.4.1.0
2023-10-19 08:15:02,293 [WARN] PackLoader:240 - Cannot read IP mode file for STMicroelectronics.X-CUBE-AI.8.1.0
2023-10-19 08:15:02,313 [WARN] ConditionMgr:438 - getConditionDescription Invalid condition id : LAN8742 Phy interface Condition cause : null
2023-10-19 08:15:02,313 [WARN] PackLoader:240 - Cannot read IP mode file for STMicroelectronics.X-CUBE-AZRTOS-L4.2.0.0
2023-10-19 08:15:02,314 [WARN] ConditionMgr:1039 - genDependencies : Invalid condition id : LAN8742 Phy interface Condition cause : null
2023-10-19 08:15:02,314 [WARN] ConditionMgr:1039 - genDependencies : Invalid condition id : LAN8742 Phy interface Condition cause : null
2023-10-19 08:15:02,314 [WARN] ConditionMgr:1039 - genDependencies : Invalid condition id : LAN8742 Phy interface Condition cause : null
2023-10-19 08:15:02,326 [WARN] PackLoader:240 - Cannot read IP mode file for STMicroelectronics.X-CUBE-SFXS2LP1.4.0.0
2023-10-19 08:15:02,339 [WARN] PackLoader:240 - Cannot read IP mode file for STMicroelectronics.X-CUBE-ISPU.1.1.0
2023-10-19 08:15:02,361 [WARN] ConditionMgr:438 - getConditionDescription Invalid condition id : UX DEVICE CLASS RTOS Condition cause : null
2023-10-19 08:15:02,362 [WARN] ConditionMgr:438 - getConditionDescription Invalid condition id : UX DEVICE CLASS RTOS Condition cause : null
2023-10-19 08:15:02,363 [WARN] PackLoader:240 - Cannot read IP mode file for STMicroelectronics.X-CUBE-AZRTOS-WB.2.0.0
2023-10-19 08:15:02,363 [WARN] ConditionMgr:1039 - genDependencies : Invalid condition id : UX DEVICE CLASS RTOS Condition cause : null
2023-10-19 08:15:02,363 [WARN] ConditionMgr:1039 - genDependencies : Invalid condition id : UX DEVICE CLASS RTOS Condition cause : null
2023-10-19 08:15:02,363 [WARN] ConditionMgr:1039 - genDependencies : Invalid condition id : UX DEVICE CLASS RTOS Condition cause : null
2023-10-19 08:15:02,364 [WARN] ConditionMgr:1039 - genDependencies : Invalid condition id : UX DEVICE CLASS RTOS Condition cause : null
2023-10-19 08:15:02,364 [WARN] ConditionMgr:1039 - genDependencies : Invalid condition id : UX DEVICE CLASS RTOS Condition cause : null
2023-10-19 08:15:02,377 [WARN] PackLoader:240 - Cannot read IP mode file for STMicroelectronics.X-CUBE-SUBG2.5.0.0
2023-10-19 08:15:02,396 [WARN] PackLoader:240 - Cannot read IP mode file for STMicroelectronics.X-CUBE-TOF1.3.3.1
2023-10-19 08:15:02,421 [WARN] PackLoader:240 - Cannot read IP mode file for STMicroelectronics.X-CUBE-AZRTOS-G4.2.0.0
2023-10-19 08:15:02,445 [WARN] PackLoader:240 - Cannot read IP mode file for Infineon.AIROC-Wi-Fi-Bluetooth-STM32.1.5.1
2023-10-19 08:15:02,463 [WARN] PackLoader:240 - Cannot read IP mode file for STMicroelectronics.X-CUBE-FREERTOS.1.1.0
2023-10-19 08:15:02,475 [WARN] PackLoader:240 - Cannot read IP mode file for portGmbH.I-Cube-SoM-uGOAL.1.1.0
2023-10-19 08:15:02,487 [WARN] PackLoader:240 - Cannot read IP mode file for STMicroelectronics.X-CUBE-ALS.1.0.1
2023-10-19 08:15:02,501 [WARN] PackLoader:240 - Cannot read IP mode file for STMicroelectronics.FP-ATR-ASTRA1.2.0.0
2023-10-19 08:15:02,502 [INFO] ThirdParty:978 - Integrity check success = true
2023-10-19 08:15:02,502 [INFO] IntegrityCheckThread:100 - exiting critical section [integrity check]
2023-10-19 08:15:02,502 [INFO] IntegrityCheckThread:103 - End integrity checks thread
2023-10-19 08:15:02,871 [INFO] WebApp:157 - Instantiating new browser for Auth
2023-10-19 08:15:03,245 [INFO] WebApp:753 - Register for checkConnection events
2023-10-19 08:15:03,245 [INFO] WebApp:390 - Apply proxy settings
2023-10-19 08:15:03,245 [INFO] WebApp:475 - Chromium requires no authentication
2023-10-19 08:15:03,250 [INFO] WebApp:418 - Direct internet connection detected
2023-10-19 08:15:03,363 [INFO] WebApp:188 - Starting web application
2023-10-19 08:15:03,363 [INFO] WebApp:520 - Web application path used C:\ST\STM32CubeIDE_1.13.1\STM32CubeIDE\plugins\com.st.stm32cube.common.mx_6.9.2.202309101412\db\plugins\mcufinder\reactClient1\index.html
2023-10-19 08:15:17,422 [ERROR] LogOutputStream:75 - [STDERR_REDIRECT] SLF4J: Failed to load class "org.slf4j.impl.StaticLoggerBinder".
2023-10-19 08:15:17,423 [ERROR] LogOutputStream:75 - [STDERR_REDIRECT] SLF4J: Defaulting to no-operation (NOP) logger implementation
2023-10-19 08:15:17,423 [ERROR] LogOutputStream:75 - [STDERR_REDIRECT] SLF4J: See http://www.slf4j.org/codes.html#StaticLoggerBinder for further details.
2023-10-19 08:15:35,561 [ERROR] LogOutputStream:75 - [STDERR_REDIRECT] 
