2023-10-18 07:17:25,780 [INFO] Activator:176 - 


2023-10-18 07:17:25,784 [INFO] Activator:177 - !SESSION log4j initialized
2023-10-18 07:17:29,704 [INFO] LogOutputStream:77 - [STDOUT_REDIRECT] 
2023-10-18 07:17:30,703 [INFO] ApplicationProperties:184 - Using Application install path: C:\ST\STM32CubeIDE_1.13.1\STM32CubeIDE\plugins\com.st.stm32cube.common.mx_6.9.2.202309101412
2023-10-18 07:17:30,717 [INFO] DbMcusXml:78 - Set database path to: C:\ST\STM32CubeIDE_1.13.1\STM32CubeIDE\plugins\com.st.stm32cube.common.mx_6.9.2.202309101412\\db\/mcu/
2023-10-18 07:17:30,717 [INFO] ApiDb:274 - Set plugin database path to: C:\ST\STM32CubeIDE_1.13.1\STM32CubeIDE\plugins\com.st.stm32cube.common.mx_6.9.2.202309101412\\db\/plugins/boardmanager/
2023-10-18 07:17:30,718 [WARN] ApiDb:259 - Overriding images path with different value:  => C:\ST\STM32CubeIDE_1.13.1\STM32CubeIDE\plugins\com.st.stm32cube.common.mx_6.9.2.202309101412\\db\/plugins/mcufinder/images/
2023-10-18 07:17:30,729 [INFO] ApiDb:250 - Set database path to: C:\Users\Ubaid\.stmcufinder\plugins\mcufinder//mcu/
2023-10-18 07:17:30,730 [INFO] DbMcusAds:125 - Set database path to: C:\Users\Ubaid\.stmcufinder\plugins\mcufinder//mcu/
2023-10-18 07:17:30,731 [INFO] CrossReferenceDbSqlite:203 - Set database path to: C:\Users\Ubaid\.stmcufinder\plugins\mcufinder//mcu/cs/
2023-10-18 07:17:30,815 [INFO] RulesReader:64 - Compatibility file has been processed (293 Rules)
2023-10-18 07:17:30,879 [INFO] DbMcusXml:78 - Set database path to: C:\ST\STM32CubeIDE_1.13.1\STM32CubeIDE\plugins\com.st.stm32cube.common.mx_6.9.2.202309101412\\db\/mcu/
2023-10-18 07:17:30,879 [INFO] ApiDb:274 - Set plugin database path to: C:\ST\STM32CubeIDE_1.13.1\STM32CubeIDE\plugins\com.st.stm32cube.common.mx_6.9.2.202309101412\\db\/plugins/boardmanager/
2023-10-18 07:17:30,880 [INFO] ApiDb:261 - Set plugin images path to: C:\ST\STM32CubeIDE_1.13.1\STM32CubeIDE\plugins\com.st.stm32cube.common.mx_6.9.2.202309101412\\db\/plugins/mcufinder/images/
2023-10-18 07:17:30,880 [WARN] DbFile:41 - Overriding database path with different value: C:\Users\Ubaid\.stmcufinder\plugins\mcufinder/ => C:\Users\Ubaid\.stmcufinder\plugins\mcufinder
2023-10-18 07:17:30,880 [INFO] ApiDb:250 - Set database path to: C:\Users\Ubaid\.stmcufinder\plugins\mcufinder//mcu/
2023-10-18 07:17:30,880 [WARN] DbFile:41 - Overriding database path with different value: C:\Users\Ubaid\.stmcufinder\plugins\mcufinder/ => C:\Users\Ubaid\.stmcufinder\plugins\mcufinder
2023-10-18 07:17:30,880 [INFO] DbMcusAds:125 - Set database path to: C:\Users\Ubaid\.stmcufinder\plugins\mcufinder//mcu/
2023-10-18 07:17:30,880 [WARN] DbFile:41 - Overriding database path with different value: C:\Users\Ubaid\.stmcufinder\plugins\mcufinder/ => C:\Users\Ubaid\.stmcufinder\plugins\mcufinder
2023-10-18 07:17:30,880 [WARN] DbFile:41 - Overriding database path with different value: C:\Users\Ubaid\.stmcufinder\plugins\mcufinder/ => C:\Users\Ubaid\.stmcufinder\plugins\mcufinder
2023-10-18 07:17:30,880 [INFO] CrossReferenceDbSqlite:203 - Set database path to: C:\Users\Ubaid\.stmcufinder\plugins\mcufinder//mcu/cs/
2023-10-18 07:17:30,934 [INFO] MainPanel:262 - HeapMemory: 268435456
2023-10-18 07:17:31,005 [INFO] DbMcusXml:78 - Set database path to: C:\ST\STM32CubeIDE_1.13.1\STM32CubeIDE\plugins\com.st.stm32cube.common.mx_6.9.2.202309101412\\db\/mcu/
2023-10-18 07:17:31,006 [INFO] ApiDb:274 - Set plugin database path to: C:\ST\STM32CubeIDE_1.13.1\STM32CubeIDE\plugins\com.st.stm32cube.common.mx_6.9.2.202309101412\\db\/plugins/boardmanager/
2023-10-18 07:17:31,006 [INFO] ApiDb:261 - Set plugin images path to: C:\ST\STM32CubeIDE_1.13.1\STM32CubeIDE\plugins\com.st.stm32cube.common.mx_6.9.2.202309101412\\db\/plugins/mcufinder/images/
2023-10-18 07:17:31,006 [WARN] DbFile:41 - Overriding database path with different value: C:\Users\Ubaid\.stmcufinder\plugins\mcufinder/ => C:\Users\Ubaid\.stmcufinder\plugins\mcufinder
2023-10-18 07:17:31,006 [INFO] ApiDb:250 - Set database path to: C:\Users\Ubaid\.stmcufinder\plugins\mcufinder//mcu/
2023-10-18 07:17:31,006 [WARN] DbFile:41 - Overriding database path with different value: C:\Users\Ubaid\.stmcufinder\plugins\mcufinder/ => C:\Users\Ubaid\.stmcufinder\plugins\mcufinder
2023-10-18 07:17:31,006 [INFO] DbMcusAds:125 - Set database path to: C:\Users\Ubaid\.stmcufinder\plugins\mcufinder//mcu/
2023-10-18 07:17:31,006 [WARN] DbFile:41 - Overriding database path with different value: C:\Users\Ubaid\.stmcufinder\plugins\mcufinder/ => C:\Users\Ubaid\.stmcufinder\plugins\mcufinder
2023-10-18 07:17:31,006 [WARN] DbFile:41 - Overriding database path with different value: C:\Users\Ubaid\.stmcufinder\plugins\mcufinder/ => C:\Users\Ubaid\.stmcufinder\plugins\mcufinder
2023-10-18 07:17:31,006 [INFO] CrossReferenceDbSqlite:203 - Set database path to: C:\Users\Ubaid\.stmcufinder\plugins\mcufinder//mcu/cs/
2023-10-18 07:17:31,020 [INFO] ApplicationProperties:184 - Using Application install path: C:\ST\STM32CubeIDE_1.13.1\STM32CubeIDE\plugins\com.st.stm32cube.common.mx_6.9.2.202309101412
2023-10-18 07:17:31,021 [INFO] PluginManage:196 - Search for loadable plugins [exclusion list=, ]
2023-10-18 07:17:31,022 [INFO] PluginManage:310 - Check plugin analytics
2023-10-18 07:17:31,129 [INFO] AnalyticsPlugin:253 - Accepted Software Licenses: STM32CubeMX.6.9.1
2023-10-18 07:17:31,130 [INFO] AnalyticsPlugin:255 - Accepted CMSIS Pack Licenses: 
2023-10-18 07:17:31,130 [INFO] AnalyticsPlugin:257 - Accepted Firmware Licenses: FW.F4.1.27.0
2023-10-18 07:17:31,131 [INFO] PluginManage:359 - Loaded plugin analytics (category:tool,tabindex:-1)
2023-10-18 07:17:31,132 [INFO] PluginManage:310 - Check plugin cadmodel
2023-10-18 07:17:31,135 [INFO] CADModel:105 - Init CAD model plugin
2023-10-18 07:17:31,135 [INFO] PluginManage:359 - Loaded plugin cadmodel (category:power,tabindex:5)
2023-10-18 07:17:31,136 [INFO] PluginManage:310 - Check plugin clock
2023-10-18 07:17:31,142 [INFO] PluginManage:359 - Loaded plugin clock (category:base,tabindex:2)
2023-10-18 07:17:31,142 [INFO] PluginManage:310 - Check plugin ddr
2023-10-18 07:17:31,143 [INFO] PluginManage:359 - Loaded plugin ddr (category:tool,tabindex:6)
2023-10-18 07:17:31,144 [INFO] PluginManage:310 - Check plugin filemanager
2023-10-18 07:17:31,243 [INFO] PluginManage:359 - Loaded plugin filemanager (category:base,tabindex:10)
2023-10-18 07:17:31,243 [INFO] PluginManage:310 - Check plugin ipmanager
2023-10-18 07:17:31,248 [INFO] PluginManage:359 - Loaded plugin ipmanager (category:base,tabindex:5)
2023-10-18 07:17:31,248 [INFO] PluginManage:310 - Check plugin lpbam
2023-10-18 07:17:31,255 [INFO] PluginManage:359 - Loaded plugin lpbam (category:base,tabindex:0)
2023-10-18 07:17:31,255 [INFO] PluginManage:310 - Check plugin memorymap
2023-10-18 07:17:31,264 [INFO] PluginManage:359 - Loaded plugin memorymap (category:base,tabindex:4)
2023-10-18 07:17:31,265 [INFO] PluginManage:310 - Check plugin pinoutandconfiguration
2023-10-18 07:17:31,272 [INFO] PluginManage:359 - Loaded plugin pinoutandconfiguration (category:base,tabindex:1)
2023-10-18 07:17:31,272 [INFO] PluginManage:310 - Check plugin pinoutconfig
2023-10-18 07:17:31,343 [WARN] SupportedApi:132 - Cannot load RTOS API schema: s4s-elt-must-match.1: The content of 'definitions' must match (annotation?, (simpleType | complexType)?, (unique | key | keyref)*)). A problem was found starting at: attribute.
2023-10-18 07:17:31,436 [INFO] PluginManage:359 - Loaded plugin pinoutconfig (category:base,tabindex:0)
2023-10-18 07:17:31,436 [INFO] PluginManage:310 - Check plugin power
2023-10-18 07:17:31,444 [INFO] PluginManage:359 - Loaded plugin power (category:power,tabindex:4)
2023-10-18 07:17:31,444 [INFO] PluginManage:310 - Check plugin projectmanager
2023-10-18 07:17:31,453 [INFO] PluginManage:359 - Loaded plugin projectmanager (category:projectmanager,tabindex:3)
2023-10-18 07:17:31,453 [INFO] PluginManage:310 - Check plugin thirdparty
2023-10-18 07:17:31,552 [WARN] IntegrityCheckThread:84 - waiting for thirdparty lock release [integrity check]
2023-10-18 07:17:31,552 [INFO] IntegrityCheckThread:86 - entering critical section [integrity check]
2023-10-18 07:17:31,552 [INFO] ThirdPartyUpdaterWithRetryManager:70 - Updater plugin not ready yet. [1/15]
2023-10-18 07:17:31,553 [INFO] PluginManage:359 - Loaded plugin thirdparty (category:base,tabindex:-1)
2023-10-18 07:17:31,553 [INFO] PluginManage:310 - Check plugin tools
2023-10-18 07:17:31,557 [INFO] PluginManage:359 - Loaded plugin tools (category:base,tabindex:7)
2023-10-18 07:17:31,557 [INFO] PluginManage:310 - Check plugin tutovideos
2023-10-18 07:17:31,676 [INFO] PluginManage:359 - Loaded plugin tutovideos (category:base,tabindex:-1)
2023-10-18 07:17:31,677 [INFO] PluginManage:310 - Check plugin updater
2023-10-18 07:17:31,685 [INFO] PluginManage:359 - Loaded plugin updater (category:base,tabindex:12)
2023-10-18 07:17:31,685 [INFO] PluginManage:310 - Check plugin userauth
2023-10-18 07:17:31,689 [INFO] UserAuth:113 - Init User Auth plugin
2023-10-18 07:17:31,689 [INFO] PluginManage:359 - Loaded plugin userauth (category:base,tabindex:14)
2023-10-18 07:17:31,689 [INFO] PluginManage:283 - PluginManage : Loaded plugins [17]
2023-10-18 07:17:31,839 [INFO] PinOutPanel:1499 - setPackage(No Configuration,No Configuration)
2023-10-18 07:17:31,908 [INFO] CADModel:165 - CPN selected for project level
2023-10-18 07:17:31,909 [INFO] CADModel:114 - Register for checkConnection events
2023-10-18 07:17:31,922 [INFO] IPUIPlugin:80 - create IPUIPlugin
2023-10-18 07:17:31,922 [INFO] PluginManager:220 - loadIPPluginJar : add adc
2023-10-18 07:17:31,923 [INFO] IPUIPlugin:80 - create IPUIPlugin
2023-10-18 07:17:31,923 [INFO] PluginManager:220 - loadIPPluginJar : add aes
2023-10-18 07:17:31,925 [INFO] IPUIPlugin:80 - create IPUIPlugin
2023-10-18 07:17:31,925 [INFO] PluginManager:220 - loadIPPluginJar : add can
2023-10-18 07:17:31,926 [INFO] IPUIPlugin:80 - create IPUIPlugin
2023-10-18 07:17:31,926 [INFO] PluginManager:220 - loadIPPluginJar : add comp
2023-10-18 07:17:31,928 [INFO] IPUIPlugin:80 - create IPUIPlugin
2023-10-18 07:17:31,928 [INFO] PluginManager:220 - loadIPPluginJar : add cryp
2023-10-18 07:17:31,930 [INFO] IPUIPlugin:80 - create IPUIPlugin
2023-10-18 07:17:31,930 [INFO] PluginManager:220 - loadIPPluginJar : add dfsdm
2023-10-18 07:17:31,933 [INFO] IPUIPlugin:80 - create IPUIPlugin
2023-10-18 07:17:31,933 [INFO] PluginManager:220 - loadIPPluginJar : add dma
2023-10-18 07:17:31,935 [INFO] IPUIPlugin:80 - create IPUIPlugin
2023-10-18 07:17:31,935 [INFO] PluginManager:220 - loadIPPluginJar : add dma3
2023-10-18 07:17:31,936 [INFO] IPUIPlugin:80 - create IPUIPlugin
2023-10-18 07:17:31,936 [INFO] PluginManager:220 - loadIPPluginJar : add fatfs
2023-10-18 07:17:31,939 [INFO] IPUIPlugin:80 - create IPUIPlugin
2023-10-18 07:17:31,939 [INFO] PluginManager:220 - loadIPPluginJar : add fmc
2023-10-18 07:17:31,943 [INFO] IPUIPlugin:80 - create IPUIPlugin
2023-10-18 07:17:31,943 [INFO] PluginManager:220 - loadIPPluginJar : add freertos
2023-10-18 07:17:31,944 [INFO] IPUIPlugin:80 - create IPUIPlugin
2023-10-18 07:17:31,944 [INFO] PluginManager:220 - loadIPPluginJar : add genericplugin
2023-10-18 07:17:31,945 [INFO] IPUIPlugin:80 - create IPUIPlugin
2023-10-18 07:17:31,946 [INFO] PluginManager:220 - loadIPPluginJar : add gfxmmu
2023-10-18 07:17:31,949 [INFO] IPUIPlugin:80 - create IPUIPlugin
2023-10-18 07:17:31,950 [INFO] PluginManager:220 - loadIPPluginJar : add gic
2023-10-18 07:17:31,952 [INFO] IPUIPlugin:80 - create IPUIPlugin
2023-10-18 07:17:31,953 [INFO] PluginManager:220 - loadIPPluginJar : add gpio
2023-10-18 07:17:31,954 [INFO] IPUIPlugin:80 - create IPUIPlugin
2023-10-18 07:17:31,954 [INFO] PluginManager:220 - loadIPPluginJar : add gtzc
2023-10-18 07:17:31,956 [INFO] IPUIPlugin:80 - create IPUIPlugin
2023-10-18 07:17:31,956 [INFO] PluginManager:220 - loadIPPluginJar : add hash
2023-10-18 07:17:31,957 [INFO] IPUIPlugin:80 - create IPUIPlugin
2023-10-18 07:17:31,957 [INFO] PluginManager:220 - loadIPPluginJar : add i2c
2023-10-18 07:17:31,959 [INFO] IPUIPlugin:80 - create IPUIPlugin
2023-10-18 07:17:31,959 [INFO] PluginManager:220 - loadIPPluginJar : add i2s
2023-10-18 07:17:31,960 [INFO] IPUIPlugin:80 - create IPUIPlugin
2023-10-18 07:17:31,961 [INFO] PluginManager:220 - loadIPPluginJar : add i3c
2023-10-18 07:17:31,962 [INFO] IPUIPlugin:80 - create IPUIPlugin
2023-10-18 07:17:31,963 [INFO] PluginManager:220 - loadIPPluginJar : add ipddr
2023-10-18 07:17:31,967 [INFO] IPUIPlugin:80 - create IPUIPlugin
2023-10-18 07:17:31,967 [INFO] PluginManager:220 - loadIPPluginJar : add linkedlist
2023-10-18 07:17:31,969 [INFO] IPUIPlugin:80 - create IPUIPlugin
2023-10-18 07:17:31,969 [INFO] PluginManager:220 - loadIPPluginJar : add lorawan
2023-10-18 07:17:31,970 [INFO] IPUIPlugin:80 - create IPUIPlugin
2023-10-18 07:17:31,971 [INFO] PluginManager:220 - loadIPPluginJar : add ltdc
2023-10-18 07:17:31,973 [INFO] IPUIPlugin:80 - create IPUIPlugin
2023-10-18 07:17:31,973 [INFO] PluginManager:220 - loadIPPluginJar : add mdma
2023-10-18 07:17:31,977 [INFO] IPUIPlugin:80 - create IPUIPlugin
2023-10-18 07:17:31,977 [INFO] PluginManager:220 - loadIPPluginJar : add nvic
2023-10-18 07:17:31,978 [INFO] IPUIPlugin:80 - create IPUIPlugin
2023-10-18 07:17:31,978 [INFO] PluginManager:220 - loadIPPluginJar : add opamp
2023-10-18 07:17:31,980 [INFO] IPUIPlugin:80 - create IPUIPlugin
2023-10-18 07:17:31,980 [INFO] PluginManager:220 - loadIPPluginJar : add openamp
2023-10-18 07:17:31,982 [INFO] IPUIPlugin:80 - create IPUIPlugin
2023-10-18 07:17:31,982 [INFO] PluginManager:220 - loadIPPluginJar : add pdm2pcm
2023-10-18 07:17:31,986 [INFO] IPUIPlugin:80 - create IPUIPlugin
2023-10-18 07:17:31,988 [INFO] PluginManager:220 - loadIPPluginJar : add plateformsettings
2023-10-18 07:17:31,989 [INFO] IPUIPlugin:80 - create IPUIPlugin
2023-10-18 07:17:31,989 [INFO] PluginManager:220 - loadIPPluginJar : add quadspi
2023-10-18 07:17:31,991 [INFO] IPUIPlugin:80 - create IPUIPlugin
2023-10-18 07:17:31,991 [INFO] PluginManager:220 - loadIPPluginJar : add resmgrutility
2023-10-18 07:17:31,993 [INFO] IPUIPlugin:80 - create IPUIPlugin
2023-10-18 07:17:31,993 [INFO] PluginManager:220 - loadIPPluginJar : add sai
2023-10-18 07:17:31,995 [INFO] IPUIPlugin:80 - create IPUIPlugin
2023-10-18 07:17:31,995 [INFO] PluginManager:220 - loadIPPluginJar : add spi
2023-10-18 07:17:31,998 [INFO] IPUIPlugin:80 - create IPUIPlugin
2023-10-18 07:17:31,998 [INFO] PluginManager:220 - loadIPPluginJar : add stm32_wpan
2023-10-18 07:17:31,999 [INFO] IPUIPlugin:80 - create IPUIPlugin
2023-10-18 07:17:31,999 [INFO] PluginManager:220 - loadIPPluginJar : add tim
2023-10-18 07:17:32,000 [INFO] IPUIPlugin:80 - create IPUIPlugin
2023-10-18 07:17:32,000 [INFO] PluginManager:220 - loadIPPluginJar : add touchsensing
2023-10-18 07:17:32,002 [INFO] IPUIPlugin:80 - create IPUIPlugin
2023-10-18 07:17:32,002 [INFO] PluginManager:220 - loadIPPluginJar : add tracer_emb
2023-10-18 07:17:32,003 [INFO] IPUIPlugin:80 - create IPUIPlugin
2023-10-18 07:17:32,003 [INFO] PluginManager:220 - loadIPPluginJar : add ts
2023-10-18 07:17:32,004 [INFO] IPUIPlugin:80 - create IPUIPlugin
2023-10-18 07:17:32,004 [INFO] PluginManager:220 - loadIPPluginJar : add tsc
2023-10-18 07:17:32,005 [INFO] IPUIPlugin:80 - create IPUIPlugin
2023-10-18 07:17:32,005 [INFO] PluginManager:220 - loadIPPluginJar : add ucpd
2023-10-18 07:17:32,007 [INFO] IPUIPlugin:80 - create IPUIPlugin
2023-10-18 07:17:32,007 [INFO] PluginManager:220 - loadIPPluginJar : add usart
2023-10-18 07:17:32,009 [INFO] IPUIPlugin:80 - create IPUIPlugin
2023-10-18 07:17:32,009 [INFO] PluginManager:220 - loadIPPluginJar : add usbx
2023-10-18 07:17:32,112 [INFO] CADModel:165 - CPN selected for project level
2023-10-18 07:17:32,112 [INFO] CADModel:114 - Register for checkConnection events
2023-10-18 07:17:32,112 [FATAL] Updater:308 - Updater called before beeing initialized
2023-10-18 07:17:32,112 [ERROR] CADModel:125 - Updater not yet initialized, retry later 
2023-10-18 07:17:32,227 [INFO] CADModel:165 - CPN selected for project level
2023-10-18 07:17:32,228 [INFO] CADModel:114 - Register for checkConnection events
2023-10-18 07:17:32,228 [FATAL] Updater:308 - Updater called before beeing initialized
2023-10-18 07:17:32,228 [ERROR] CADModel:125 - Updater not yet initialized, retry later 
2023-10-18 07:17:32,230 [FATAL] Updater:308 - Updater called before beeing initialized
2023-10-18 07:17:32,300 [FATAL] Updater:308 - Updater called before beeing initialized
2023-10-18 07:17:32,303 [INFO] DbMcusAds:53 - JSON generation date=Tue Mar 07 14:20:55 IST 2023 (1678179055114)
2023-10-18 07:17:32,304 [FATAL] Updater:308 - Updater called before beeing initialized
2023-10-18 07:17:32,332 [WARN] DetailPanel:346 - Failed to get advertising image, set to default
2023-10-18 07:17:32,388 [FATAL] Updater:308 - Updater called before beeing initialized
2023-10-18 07:17:32,390 [FATAL] Updater:308 - Updater called before beeing initialized
2023-10-18 07:17:32,390 [FATAL] Updater:308 - Updater called before beeing initialized
2023-10-18 07:17:32,390 [WARN] DetailPanel:346 - Failed to get advertising image, set to default
2023-10-18 07:17:32,391 [FATAL] Updater:308 - Updater called before beeing initialized
2023-10-18 07:17:32,418 [ERROR] Updater:1120 - MainUpdater not yet initialized. External WinMGr cannot be set.
2023-10-18 07:17:32,420 [INFO] Updater:1056 - Updater Version found : 6.9.2
2023-10-18 07:17:32,434 [INFO] ApplicationProperties:184 - Using Application install path: C:\ST\STM32CubeIDE_1.13.1\STM32CubeIDE\plugins\com.st.stm32cube.common.mx_6.9.2.202309101412
2023-10-18 07:17:33,554 [INFO] MainUpdater:2868 - connection check result : 10
2023-10-18 07:17:33,555 [INFO] MainUpdater:285 - Updater Check For Update Now.
2023-10-18 07:17:33,555 [INFO] MicroXplorer:498 - Change Database Version : DB.6.0.92
2023-10-18 07:17:33,570 [INFO] McuFinderGlobals:63 - Set McuFinder mode to 2 (CubeIDE integrated)
2023-10-18 07:17:33,570 [INFO] UserAuth:179 - activating auth plugin
2023-10-18 07:17:33,574 [INFO] UserAuth:393 - Internet connection configuration mode: 1
2023-10-18 07:17:33,605 [INFO] JxBrowserEngine:151 - Initiate JxBrowser Engine with user profile folder
2023-10-18 07:17:33,741 [INFO] CheckServerUpdateThread:120 - End of CheckServer Thread
2023-10-18 07:17:34,132 [INFO] WebApp:157 - Instantiating new browser for Auth
2023-10-18 07:17:34,500 [INFO] WebApp:753 - Register for checkConnection events
2023-10-18 07:17:34,500 [INFO] WebApp:390 - Apply proxy settings
2023-10-18 07:17:34,500 [INFO] WebApp:475 - Chromium requires no authentication
2023-10-18 07:17:34,506 [INFO] WebApp:418 - Direct internet connection detected
2023-10-18 07:17:34,620 [INFO] WebApp:188 - Starting web application
2023-10-18 07:17:34,620 [INFO] WebApp:520 - Web application path used C:\ST\STM32CubeIDE_1.13.1\STM32CubeIDE\plugins\com.st.stm32cube.common.mx_6.9.2.202309101412\db\plugins\mcufinder\reactClient1\index.html
2023-10-18 07:17:34,645 [WARN] PackLoader:240 - Cannot read IP mode file for STMicroelectronics.X-CUBE-SMBUS.2.1.0
2023-10-18 07:17:34,666 [WARN] PackLoader:240 - Cannot read IP mode file for STMicroelectronics.X-CUBE-AZRTOS-F7.1.1.0
2023-10-18 07:17:34,675 [WARN] PackLoader:240 - Cannot read IP mode file for STMicroelectronics.FP-SNS-MOTENV1.4.3.2
2023-10-18 07:17:34,680 [WARN] PackLoader:240 - Cannot read IP mode file for STMicroelectronics.FP-SNS-FLIGHT1.5.0.2
2023-10-18 07:17:34,687 [WARN] PackLoader:240 - Cannot read IP mode file for STMicroelectronics.X-CUBE-DISPLAY.3.0.0
2023-10-18 07:17:34,699 [WARN] PackLoader:240 - Cannot read IP mode file for STMicroelectronics.X-CUBE-BLE1.7.0.0
2023-10-18 07:17:34,704 [WARN] PackLoader:240 - Cannot read IP mode file for emotas.I-CUBE-CANOPEN.1.3.0
2023-10-18 07:17:34,708 [WARN] PackLoader:240 - Cannot read IP mode file for STMicroelectronics.X-CUBE-TOUCHGFX.4.22.0
2023-10-18 07:17:34,710 [WARN] PackLoader:240 - Cannot read IP mode file for STMicroelectronics.X-CUBE-TOUCHGFX.4.22.1
2023-10-18 07:17:34,713 [WARN] PackLoader:240 - Cannot read IP mode file for STMicroelectronics.FP-SNS-SMARTAG2.1.2.0
2023-10-18 07:17:34,721 [INFO] LogOutputStream:77 - [STDOUT_REDIRECT] 1 : Invalid condition id : UX_CORESTACK_Condition cause : null
2023-10-18 07:17:34,721 [INFO] LogOutputStream:77 - [STDOUT_REDIRECT] 1 : Invalid condition id : UX_CORESTACK_Condition cause : null
2023-10-18 07:17:34,722 [INFO] LogOutputStream:77 - [STDOUT_REDIRECT] 1 : Invalid condition id : UX_CORESTACK_Condition cause : null
2023-10-18 07:17:34,723 [INFO] LogOutputStream:77 - [STDOUT_REDIRECT] 1 : Invalid condition id : UX_CORESTACK_Condition cause : null
2023-10-18 07:17:34,724 [INFO] LogOutputStream:77 - [STDOUT_REDIRECT] 1 : Invalid condition id : UX_CORESTACK_Condition cause : null
2023-10-18 07:17:34,727 [WARN] PackLoader:240 - Cannot read IP mode file for STMicroelectronics.X-CUBE-AZRTOS-WL.2.0.0
2023-10-18 07:17:34,738 [WARN] PackLoader:240 - Cannot read IP mode file for WES.I-CUBE-Cesium.1.3.0
2023-10-18 07:17:34,743 [WARN] PackLoader:240 - Cannot read IP mode file for STMicroelectronics.X-CUBE-BLE2.3.3.0
2023-10-18 07:17:34,749 [WARN] PackLoader:240 - Cannot read IP mode file for STMicroelectronics.X-CUBE-ALGOBUILD.1.3.0
2023-10-18 07:17:34,759 [WARN] PackLoader:240 - Cannot read IP mode file for STMicroelectronics.X-CUBE-AZRTOS-G0.1.1.0
2023-10-18 07:17:34,765 [WARN] PackLoader:240 - Cannot read IP mode file for STMicroelectronics.X-CUBE-NFC4.3.0.0
2023-10-18 07:17:34,770 [WARN] PackLoader:240 - Cannot read IP mode file for STMicroelectronics.FP-ATR-SIGFOX1.3.2.0
2023-10-18 07:17:34,798 [WARN] PackLoader:240 - Cannot read IP mode file for SEGGER.I-CUBE-embOS.1.3.1
2023-10-18 07:17:34,847 [WARN] PackLoader:240 - Cannot read IP mode file for STMicroelectronics.X-CUBE-GNSS1.6.0.0
2023-10-18 07:17:34,871 [WARN] PackLoader:240 - Cannot read IP mode file for STMicroelectronics.X-CUBE-AZRTOS-F4.1.1.0
2023-10-18 07:17:34,876 [WARN] PackLoader:240 - Cannot read IP mode file for wolfSSL.I-CUBE-wolfSSL.5.6.3
2023-10-18 07:17:34,886 [WARN] PackLoader:240 - Cannot read IP mode file for STMicroelectronics.X-CUBE-AZRTOS-L5.2.0.0
2023-10-18 07:17:34,914 [WARN] PackLoader:240 - Cannot read IP mode file for STMicroelectronics.X-CUBE-MEMS1.9.6.0
2023-10-18 07:17:35,062 [WARN] PackLoader:240 - Cannot read IP mode file for ITTIA_DB.I-CUBE-ITTIADB.8.8.0
2023-10-18 07:17:35,070 [WARN] PackLoader:240 - Cannot read IP mode file for STMicroelectronics.X-CUBE-BLEMGR.2.0.0
2023-10-18 07:17:35,084 [WARN] ConditionMgr:438 - getConditionDescription Invalid condition id : UX DEVICE CLASS RTOS Condition cause : null
2023-10-18 07:17:35,085 [WARN] ConditionMgr:438 - getConditionDescription Invalid condition id : UX DEVICE CLASS RTOS Condition cause : null
2023-10-18 07:17:35,087 [WARN] PackLoader:240 - Cannot read IP mode file for STMicroelectronics.X-CUBE-AZRTOS-H7.3.1.0
2023-10-18 07:17:35,088 [WARN] ConditionMgr:1039 - genDependencies : Invalid condition id : UX DEVICE CLASS RTOS Condition cause : null
2023-10-18 07:17:35,088 [WARN] ConditionMgr:1039 - genDependencies : Invalid condition id : UX DEVICE CLASS RTOS Condition cause : null
2023-10-18 07:17:35,089 [WARN] ConditionMgr:1039 - genDependencies : Invalid condition id : UX DEVICE CLASS RTOS Condition cause : null
2023-10-18 07:17:35,089 [WARN] ConditionMgr:1039 - genDependencies : Invalid condition id : UX DEVICE CLASS RTOS Condition cause : null
2023-10-18 07:17:35,089 [WARN] ConditionMgr:1039 - genDependencies : Invalid condition id : UX DEVICE CLASS RTOS Condition cause : null
2023-10-18 07:17:35,095 [WARN] PackLoader:240 - Cannot read IP mode file for STMicroelectronics.X-CUBE-NFC7.1.0.1
2023-10-18 07:17:35,104 [WARN] PackLoader:240 - Cannot read IP mode file for STMicroelectronics.X-CUBE-NFC6.3.0.0
2023-10-18 07:17:35,112 [WARN] PackLoader:240 - Cannot read IP mode file for STMicroelectronics.X-CUBE-EEPRMA1.4.1.0
2023-10-18 07:17:35,118 [WARN] PackLoader:240 - Cannot read IP mode file for STMicroelectronics.X-CUBE-AI.8.1.0
2023-10-18 07:17:35,132 [WARN] ConditionMgr:438 - getConditionDescription Invalid condition id : LAN8742 Phy interface Condition cause : null
2023-10-18 07:17:35,133 [WARN] PackLoader:240 - Cannot read IP mode file for STMicroelectronics.X-CUBE-AZRTOS-L4.2.0.0
2023-10-18 07:17:35,134 [WARN] ConditionMgr:1039 - genDependencies : Invalid condition id : LAN8742 Phy interface Condition cause : null
2023-10-18 07:17:35,135 [WARN] ConditionMgr:1039 - genDependencies : Invalid condition id : LAN8742 Phy interface Condition cause : null
2023-10-18 07:17:35,135 [WARN] ConditionMgr:1039 - genDependencies : Invalid condition id : LAN8742 Phy interface Condition cause : null
2023-10-18 07:17:35,143 [WARN] PackLoader:240 - Cannot read IP mode file for STMicroelectronics.X-CUBE-SFXS2LP1.4.0.0
2023-10-18 07:17:35,149 [WARN] PackLoader:240 - Cannot read IP mode file for STMicroelectronics.X-CUBE-ISPU.1.1.0
2023-10-18 07:17:35,159 [WARN] ConditionMgr:438 - getConditionDescription Invalid condition id : UX DEVICE CLASS RTOS Condition cause : null
2023-10-18 07:17:35,159 [WARN] ConditionMgr:438 - getConditionDescription Invalid condition id : UX DEVICE CLASS RTOS Condition cause : null
2023-10-18 07:17:35,160 [WARN] PackLoader:240 - Cannot read IP mode file for STMicroelectronics.X-CUBE-AZRTOS-WB.2.0.0
2023-10-18 07:17:35,161 [WARN] ConditionMgr:1039 - genDependencies : Invalid condition id : UX DEVICE CLASS RTOS Condition cause : null
2023-10-18 07:17:35,161 [WARN] ConditionMgr:1039 - genDependencies : Invalid condition id : UX DEVICE CLASS RTOS Condition cause : null
2023-10-18 07:17:35,162 [WARN] ConditionMgr:1039 - genDependencies : Invalid condition id : UX DEVICE CLASS RTOS Condition cause : null
2023-10-18 07:17:35,162 [WARN] ConditionMgr:1039 - genDependencies : Invalid condition id : UX DEVICE CLASS RTOS Condition cause : null
2023-10-18 07:17:35,162 [WARN] ConditionMgr:1039 - genDependencies : Invalid condition id : UX DEVICE CLASS RTOS Condition cause : null
2023-10-18 07:17:35,171 [WARN] PackLoader:240 - Cannot read IP mode file for STMicroelectronics.X-CUBE-SUBG2.5.0.0
2023-10-18 07:17:35,183 [WARN] PackLoader:240 - Cannot read IP mode file for STMicroelectronics.X-CUBE-TOF1.3.3.1
2023-10-18 07:17:35,197 [WARN] PackLoader:240 - Cannot read IP mode file for STMicroelectronics.X-CUBE-AZRTOS-G4.2.0.0
2023-10-18 07:17:35,210 [WARN] PackLoader:240 - Cannot read IP mode file for Infineon.AIROC-Wi-Fi-Bluetooth-STM32.1.5.1
2023-10-18 07:17:35,218 [WARN] PackLoader:240 - Cannot read IP mode file for STMicroelectronics.X-CUBE-FREERTOS.1.1.0
2023-10-18 07:17:35,225 [WARN] PackLoader:240 - Cannot read IP mode file for portGmbH.I-Cube-SoM-uGOAL.1.1.0
2023-10-18 07:17:35,234 [WARN] PackLoader:240 - Cannot read IP mode file for STMicroelectronics.X-CUBE-ALS.1.0.1
2023-10-18 07:17:35,241 [WARN] PackLoader:240 - Cannot read IP mode file for STMicroelectronics.FP-ATR-ASTRA1.2.0.0
2023-10-18 07:17:35,242 [INFO] ThirdParty:978 - Integrity check success = true
2023-10-18 07:17:35,242 [INFO] IntegrityCheckThread:100 - exiting critical section [integrity check]
2023-10-18 07:17:35,242 [INFO] IntegrityCheckThread:103 - End integrity checks thread
2023-10-18 07:17:51,473 [ERROR] LogOutputStream:75 - [STDERR_REDIRECT] SLF4J: Failed to load class "org.slf4j.impl.StaticLoggerBinder".
2023-10-18 07:17:51,474 [ERROR] LogOutputStream:75 - [STDERR_REDIRECT] SLF4J: Defaulting to no-operation (NOP) logger implementation
2023-10-18 07:17:51,476 [ERROR] LogOutputStream:75 - [STDERR_REDIRECT] SLF4J: See http://www.slf4j.org/codes.html#StaticLoggerBinder for further details.
2023-10-18 08:16:05,960 [ERROR] LogOutputStream:75 - [STDERR_REDIRECT] 
