2023-10-20 07:18:32,751 [INFO] Activator:176 - 


2023-10-20 07:18:32,767 [INFO] Activator:177 - !SESSION log4j initialized
2023-10-20 07:18:37,187 [INFO] LogOutputStream:77 - [STDOUT_REDIRECT] 
2023-10-20 07:18:38,414 [INFO] ApplicationProperties:184 - Using Application install path: C:\ST\STM32CubeIDE_1.13.1\STM32CubeIDE\plugins\com.st.stm32cube.common.mx_6.9.2.202309101412
2023-10-20 07:18:38,426 [INFO] DbMcusXml:78 - Set database path to: C:\ST\STM32CubeIDE_1.13.1\STM32CubeIDE\plugins\com.st.stm32cube.common.mx_6.9.2.202309101412\\db\/mcu/
2023-10-20 07:18:38,426 [INFO] ApiDb:274 - Set plugin database path to: C:\ST\STM32CubeIDE_1.13.1\STM32CubeIDE\plugins\com.st.stm32cube.common.mx_6.9.2.202309101412\\db\/plugins/boardmanager/
2023-10-20 07:18:38,426 [WARN] ApiDb:259 - Overriding images path with different value:  => C:\ST\STM32CubeIDE_1.13.1\STM32CubeIDE\plugins\com.st.stm32cube.common.mx_6.9.2.202309101412\\db\/plugins/mcufinder/images/
2023-10-20 07:18:38,436 [INFO] ApiDb:250 - Set database path to: C:\Users\Ubaid\.stmcufinder\plugins\mcufinder//mcu/
2023-10-20 07:18:38,437 [INFO] DbMcusAds:125 - Set database path to: C:\Users\Ubaid\.stmcufinder\plugins\mcufinder//mcu/
2023-10-20 07:18:38,438 [INFO] CrossReferenceDbSqlite:203 - Set database path to: C:\Users\Ubaid\.stmcufinder\plugins\mcufinder//mcu/cs/
2023-10-20 07:18:38,517 [INFO] RulesReader:64 - Compatibility file has been processed (293 Rules)
2023-10-20 07:18:38,571 [INFO] DbMcusXml:78 - Set database path to: C:\ST\STM32CubeIDE_1.13.1\STM32CubeIDE\plugins\com.st.stm32cube.common.mx_6.9.2.202309101412\\db\/mcu/
2023-10-20 07:18:38,571 [INFO] ApiDb:274 - Set plugin database path to: C:\ST\STM32CubeIDE_1.13.1\STM32CubeIDE\plugins\com.st.stm32cube.common.mx_6.9.2.202309101412\\db\/plugins/boardmanager/
2023-10-20 07:18:38,572 [INFO] ApiDb:261 - Set plugin images path to: C:\ST\STM32CubeIDE_1.13.1\STM32CubeIDE\plugins\com.st.stm32cube.common.mx_6.9.2.202309101412\\db\/plugins/mcufinder/images/
2023-10-20 07:18:38,572 [WARN] DbFile:41 - Overriding database path with different value: C:\Users\Ubaid\.stmcufinder\plugins\mcufinder/ => C:\Users\Ubaid\.stmcufinder\plugins\mcufinder
2023-10-20 07:18:38,572 [INFO] ApiDb:250 - Set database path to: C:\Users\Ubaid\.stmcufinder\plugins\mcufinder//mcu/
2023-10-20 07:18:38,572 [WARN] DbFile:41 - Overriding database path with different value: C:\Users\Ubaid\.stmcufinder\plugins\mcufinder/ => C:\Users\Ubaid\.stmcufinder\plugins\mcufinder
2023-10-20 07:18:38,572 [INFO] DbMcusAds:125 - Set database path to: C:\Users\Ubaid\.stmcufinder\plugins\mcufinder//mcu/
2023-10-20 07:18:38,572 [WARN] DbFile:41 - Overriding database path with different value: C:\Users\Ubaid\.stmcufinder\plugins\mcufinder/ => C:\Users\Ubaid\.stmcufinder\plugins\mcufinder
2023-10-20 07:18:38,572 [WARN] DbFile:41 - Overriding database path with different value: C:\Users\Ubaid\.stmcufinder\plugins\mcufinder/ => C:\Users\Ubaid\.stmcufinder\plugins\mcufinder
2023-10-20 07:18:38,572 [INFO] CrossReferenceDbSqlite:203 - Set database path to: C:\Users\Ubaid\.stmcufinder\plugins\mcufinder//mcu/cs/
2023-10-20 07:18:38,627 [INFO] MainPanel:262 - HeapMemory: 268435456
2023-10-20 07:18:38,690 [INFO] DbMcusXml:78 - Set database path to: C:\ST\STM32CubeIDE_1.13.1\STM32CubeIDE\plugins\com.st.stm32cube.common.mx_6.9.2.202309101412\\db\/mcu/
2023-10-20 07:18:38,690 [INFO] ApiDb:274 - Set plugin database path to: C:\ST\STM32CubeIDE_1.13.1\STM32CubeIDE\plugins\com.st.stm32cube.common.mx_6.9.2.202309101412\\db\/plugins/boardmanager/
2023-10-20 07:18:38,690 [INFO] ApiDb:261 - Set plugin images path to: C:\ST\STM32CubeIDE_1.13.1\STM32CubeIDE\plugins\com.st.stm32cube.common.mx_6.9.2.202309101412\\db\/plugins/mcufinder/images/
2023-10-20 07:18:38,691 [WARN] DbFile:41 - Overriding database path with different value: C:\Users\Ubaid\.stmcufinder\plugins\mcufinder/ => C:\Users\Ubaid\.stmcufinder\plugins\mcufinder
2023-10-20 07:18:38,691 [INFO] ApiDb:250 - Set database path to: C:\Users\Ubaid\.stmcufinder\plugins\mcufinder//mcu/
2023-10-20 07:18:38,691 [WARN] DbFile:41 - Overriding database path with different value: C:\Users\Ubaid\.stmcufinder\plugins\mcufinder/ => C:\Users\Ubaid\.stmcufinder\plugins\mcufinder
2023-10-20 07:18:38,691 [INFO] DbMcusAds:125 - Set database path to: C:\Users\Ubaid\.stmcufinder\plugins\mcufinder//mcu/
2023-10-20 07:18:38,691 [WARN] DbFile:41 - Overriding database path with different value: C:\Users\Ubaid\.stmcufinder\plugins\mcufinder/ => C:\Users\Ubaid\.stmcufinder\plugins\mcufinder
2023-10-20 07:18:38,691 [WARN] DbFile:41 - Overriding database path with different value: C:\Users\Ubaid\.stmcufinder\plugins\mcufinder/ => C:\Users\Ubaid\.stmcufinder\plugins\mcufinder
2023-10-20 07:18:38,691 [INFO] CrossReferenceDbSqlite:203 - Set database path to: C:\Users\Ubaid\.stmcufinder\plugins\mcufinder//mcu/cs/
2023-10-20 07:18:38,705 [INFO] ApplicationProperties:184 - Using Application install path: C:\ST\STM32CubeIDE_1.13.1\STM32CubeIDE\plugins\com.st.stm32cube.common.mx_6.9.2.202309101412
2023-10-20 07:18:38,706 [INFO] PluginManage:196 - Search for loadable plugins [exclusion list=, ]
2023-10-20 07:18:38,707 [INFO] PluginManage:310 - Check plugin analytics
2023-10-20 07:18:38,819 [INFO] AnalyticsPlugin:253 - Accepted Software Licenses: STM32CubeMX.6.9.1
2023-10-20 07:18:38,819 [INFO] AnalyticsPlugin:255 - Accepted CMSIS Pack Licenses: 
2023-10-20 07:18:38,819 [INFO] AnalyticsPlugin:257 - Accepted Firmware Licenses: FW.F4.1.27.0
2023-10-20 07:18:38,821 [INFO] PluginManage:359 - Loaded plugin analytics (category:tool,tabindex:-1)
2023-10-20 07:18:38,821 [INFO] PluginManage:310 - Check plugin cadmodel
2023-10-20 07:18:38,834 [INFO] CADModel:105 - Init CAD model plugin
2023-10-20 07:18:38,835 [INFO] PluginManage:359 - Loaded plugin cadmodel (category:power,tabindex:5)
2023-10-20 07:18:38,835 [INFO] PluginManage:310 - Check plugin clock
2023-10-20 07:18:38,850 [INFO] PluginManage:359 - Loaded plugin clock (category:base,tabindex:2)
2023-10-20 07:18:38,850 [INFO] PluginManage:310 - Check plugin ddr
2023-10-20 07:18:38,851 [INFO] PluginManage:359 - Loaded plugin ddr (category:tool,tabindex:6)
2023-10-20 07:18:38,851 [INFO] PluginManage:310 - Check plugin filemanager
2023-10-20 07:18:38,941 [INFO] PluginManage:359 - Loaded plugin filemanager (category:base,tabindex:10)
2023-10-20 07:18:38,941 [INFO] PluginManage:310 - Check plugin ipmanager
2023-10-20 07:18:38,947 [INFO] PluginManage:359 - Loaded plugin ipmanager (category:base,tabindex:5)
2023-10-20 07:18:38,947 [INFO] PluginManage:310 - Check plugin lpbam
2023-10-20 07:18:38,957 [INFO] PluginManage:359 - Loaded plugin lpbam (category:base,tabindex:0)
2023-10-20 07:18:38,957 [INFO] PluginManage:310 - Check plugin memorymap
2023-10-20 07:18:38,972 [INFO] PluginManage:359 - Loaded plugin memorymap (category:base,tabindex:4)
2023-10-20 07:18:38,972 [INFO] PluginManage:310 - Check plugin pinoutandconfiguration
2023-10-20 07:18:38,982 [INFO] PluginManage:359 - Loaded plugin pinoutandconfiguration (category:base,tabindex:1)
2023-10-20 07:18:38,982 [INFO] PluginManage:310 - Check plugin pinoutconfig
2023-10-20 07:18:39,046 [WARN] SupportedApi:132 - Cannot load RTOS API schema: s4s-elt-must-match.1: The content of 'definitions' must match (annotation?, (simpleType | complexType)?, (unique | key | keyref)*)). A problem was found starting at: attribute.
2023-10-20 07:18:39,144 [INFO] PluginManage:359 - Loaded plugin pinoutconfig (category:base,tabindex:0)
2023-10-20 07:18:39,144 [INFO] PluginManage:310 - Check plugin power
2023-10-20 07:18:39,159 [INFO] PluginManage:359 - Loaded plugin power (category:power,tabindex:4)
2023-10-20 07:18:39,159 [INFO] PluginManage:310 - Check plugin projectmanager
2023-10-20 07:18:39,169 [INFO] PluginManage:359 - Loaded plugin projectmanager (category:projectmanager,tabindex:3)
2023-10-20 07:18:39,169 [INFO] PluginManage:310 - Check plugin thirdparty
2023-10-20 07:18:39,347 [INFO] PluginManage:359 - Loaded plugin thirdparty (category:base,tabindex:-1)
2023-10-20 07:18:39,347 [INFO] PluginManage:310 - Check plugin tools
2023-10-20 07:18:39,347 [WARN] IntegrityCheckThread:84 - waiting for thirdparty lock release [integrity check]
2023-10-20 07:18:39,348 [INFO] IntegrityCheckThread:86 - entering critical section [integrity check]
2023-10-20 07:18:39,348 [INFO] ThirdPartyUpdaterWithRetryManager:70 - Updater plugin not ready yet. [1/15]
2023-10-20 07:18:39,367 [INFO] PluginManage:359 - Loaded plugin tools (category:base,tabindex:7)
2023-10-20 07:18:39,367 [INFO] PluginManage:310 - Check plugin tutovideos
2023-10-20 07:18:39,486 [INFO] PluginManage:359 - Loaded plugin tutovideos (category:base,tabindex:-1)
2023-10-20 07:18:39,486 [INFO] PluginManage:310 - Check plugin updater
2023-10-20 07:18:39,494 [INFO] PluginManage:359 - Loaded plugin updater (category:base,tabindex:12)
2023-10-20 07:18:39,494 [INFO] PluginManage:310 - Check plugin userauth
2023-10-20 07:18:39,499 [INFO] UserAuth:113 - Init User Auth plugin
2023-10-20 07:18:39,499 [INFO] PluginManage:359 - Loaded plugin userauth (category:base,tabindex:14)
2023-10-20 07:18:39,500 [INFO] PluginManage:283 - PluginManage : Loaded plugins [17]
2023-10-20 07:18:39,647 [INFO] PinOutPanel:1499 - setPackage(No Configuration,No Configuration)
2023-10-20 07:18:39,714 [INFO] CADModel:165 - CPN selected for project level
2023-10-20 07:18:39,714 [INFO] CADModel:114 - Register for checkConnection events
2023-10-20 07:18:39,734 [INFO] IPUIPlugin:80 - create IPUIPlugin
2023-10-20 07:18:39,734 [INFO] PluginManager:220 - loadIPPluginJar : add adc
2023-10-20 07:18:39,754 [INFO] IPUIPlugin:80 - create IPUIPlugin
2023-10-20 07:18:39,754 [INFO] PluginManager:220 - loadIPPluginJar : add aes
2023-10-20 07:18:39,775 [INFO] IPUIPlugin:80 - create IPUIPlugin
2023-10-20 07:18:39,775 [INFO] PluginManager:220 - loadIPPluginJar : add can
2023-10-20 07:18:39,788 [INFO] IPUIPlugin:80 - create IPUIPlugin
2023-10-20 07:18:39,788 [INFO] PluginManager:220 - loadIPPluginJar : add comp
2023-10-20 07:18:39,807 [INFO] IPUIPlugin:80 - create IPUIPlugin
2023-10-20 07:18:39,807 [INFO] PluginManager:220 - loadIPPluginJar : add cryp
2023-10-20 07:18:39,824 [INFO] IPUIPlugin:80 - create IPUIPlugin
2023-10-20 07:18:39,824 [INFO] PluginManager:220 - loadIPPluginJar : add dfsdm
2023-10-20 07:18:39,833 [INFO] IPUIPlugin:80 - create IPUIPlugin
2023-10-20 07:18:39,833 [INFO] PluginManager:220 - loadIPPluginJar : add dma
2023-10-20 07:18:39,859 [INFO] IPUIPlugin:80 - create IPUIPlugin
2023-10-20 07:18:39,860 [INFO] PluginManager:220 - loadIPPluginJar : add dma3
2023-10-20 07:18:39,870 [INFO] IPUIPlugin:80 - create IPUIPlugin
2023-10-20 07:18:39,870 [INFO] PluginManager:220 - loadIPPluginJar : add fatfs
2023-10-20 07:18:39,900 [INFO] IPUIPlugin:80 - create IPUIPlugin
2023-10-20 07:18:39,900 [INFO] PluginManager:220 - loadIPPluginJar : add fmc
2023-10-20 07:18:39,910 [INFO] IPUIPlugin:80 - create IPUIPlugin
2023-10-20 07:18:39,910 [INFO] PluginManager:220 - loadIPPluginJar : add freertos
2023-10-20 07:18:39,924 [INFO] IPUIPlugin:80 - create IPUIPlugin
2023-10-20 07:18:39,924 [INFO] PluginManager:220 - loadIPPluginJar : add genericplugin
2023-10-20 07:18:39,978 [INFO] IPUIPlugin:80 - create IPUIPlugin
2023-10-20 07:18:39,978 [INFO] PluginManager:220 - loadIPPluginJar : add gfxmmu
2023-10-20 07:18:40,053 [INFO] IPUIPlugin:80 - create IPUIPlugin
2023-10-20 07:18:40,053 [INFO] PluginManager:220 - loadIPPluginJar : add gic
2023-10-20 07:18:40,064 [INFO] IPUIPlugin:80 - create IPUIPlugin
2023-10-20 07:18:40,064 [INFO] PluginManager:220 - loadIPPluginJar : add gpio
2023-10-20 07:18:40,124 [INFO] IPUIPlugin:80 - create IPUIPlugin
2023-10-20 07:18:40,124 [INFO] PluginManager:220 - loadIPPluginJar : add gtzc
2023-10-20 07:18:40,142 [INFO] IPUIPlugin:80 - create IPUIPlugin
2023-10-20 07:18:40,142 [INFO] PluginManager:220 - loadIPPluginJar : add hash
2023-10-20 07:18:40,169 [INFO] IPUIPlugin:80 - create IPUIPlugin
2023-10-20 07:18:40,169 [INFO] PluginManager:220 - loadIPPluginJar : add i2c
2023-10-20 07:18:40,191 [INFO] IPUIPlugin:80 - create IPUIPlugin
2023-10-20 07:18:40,191 [INFO] PluginManager:220 - loadIPPluginJar : add i2s
2023-10-20 07:18:40,213 [INFO] IPUIPlugin:80 - create IPUIPlugin
2023-10-20 07:18:40,214 [INFO] PluginManager:220 - loadIPPluginJar : add i3c
2023-10-20 07:18:40,283 [INFO] IPUIPlugin:80 - create IPUIPlugin
2023-10-20 07:18:40,283 [INFO] PluginManager:220 - loadIPPluginJar : add ipddr
2023-10-20 07:18:40,345 [INFO] IPUIPlugin:80 - create IPUIPlugin
2023-10-20 07:18:40,345 [INFO] PluginManager:220 - loadIPPluginJar : add linkedlist
2023-10-20 07:18:40,365 [INFO] IPUIPlugin:80 - create IPUIPlugin
2023-10-20 07:18:40,365 [INFO] PluginManager:220 - loadIPPluginJar : add lorawan
2023-10-20 07:18:40,389 [INFO] IPUIPlugin:80 - create IPUIPlugin
2023-10-20 07:18:40,389 [INFO] PluginManager:220 - loadIPPluginJar : add ltdc
2023-10-20 07:18:40,402 [INFO] IPUIPlugin:80 - create IPUIPlugin
2023-10-20 07:18:40,403 [INFO] PluginManager:220 - loadIPPluginJar : add mdma
2023-10-20 07:18:40,410 [INFO] IPUIPlugin:80 - create IPUIPlugin
2023-10-20 07:18:40,410 [INFO] PluginManager:220 - loadIPPluginJar : add nvic
2023-10-20 07:18:40,429 [INFO] IPUIPlugin:80 - create IPUIPlugin
2023-10-20 07:18:40,429 [INFO] PluginManager:220 - loadIPPluginJar : add opamp
2023-10-20 07:18:40,460 [INFO] IPUIPlugin:80 - create IPUIPlugin
2023-10-20 07:18:40,461 [INFO] PluginManager:220 - loadIPPluginJar : add openamp
2023-10-20 07:18:40,491 [INFO] IPUIPlugin:80 - create IPUIPlugin
2023-10-20 07:18:40,491 [INFO] PluginManager:220 - loadIPPluginJar : add pdm2pcm
2023-10-20 07:18:40,502 [INFO] IPUIPlugin:80 - create IPUIPlugin
2023-10-20 07:18:40,503 [INFO] PluginManager:220 - loadIPPluginJar : add plateformsettings
2023-10-20 07:18:40,516 [INFO] IPUIPlugin:80 - create IPUIPlugin
2023-10-20 07:18:40,516 [INFO] PluginManager:220 - loadIPPluginJar : add quadspi
2023-10-20 07:18:40,525 [INFO] IPUIPlugin:80 - create IPUIPlugin
2023-10-20 07:18:40,525 [INFO] PluginManager:220 - loadIPPluginJar : add resmgrutility
2023-10-20 07:18:40,551 [INFO] IPUIPlugin:80 - create IPUIPlugin
2023-10-20 07:18:40,551 [INFO] PluginManager:220 - loadIPPluginJar : add sai
2023-10-20 07:18:40,571 [INFO] IPUIPlugin:80 - create IPUIPlugin
2023-10-20 07:18:40,571 [INFO] PluginManager:220 - loadIPPluginJar : add spi
2023-10-20 07:18:40,613 [INFO] IPUIPlugin:80 - create IPUIPlugin
2023-10-20 07:18:40,613 [INFO] PluginManager:220 - loadIPPluginJar : add stm32_wpan
2023-10-20 07:18:40,626 [INFO] IPUIPlugin:80 - create IPUIPlugin
2023-10-20 07:18:40,626 [INFO] PluginManager:220 - loadIPPluginJar : add tim
2023-10-20 07:18:40,656 [INFO] IPUIPlugin:80 - create IPUIPlugin
2023-10-20 07:18:40,656 [INFO] PluginManager:220 - loadIPPluginJar : add touchsensing
2023-10-20 07:18:40,668 [INFO] IPUIPlugin:80 - create IPUIPlugin
2023-10-20 07:18:40,668 [INFO] PluginManager:220 - loadIPPluginJar : add tracer_emb
2023-10-20 07:18:40,681 [INFO] IPUIPlugin:80 - create IPUIPlugin
2023-10-20 07:18:40,681 [INFO] PluginManager:220 - loadIPPluginJar : add ts
2023-10-20 07:18:40,694 [INFO] IPUIPlugin:80 - create IPUIPlugin
2023-10-20 07:18:40,694 [INFO] PluginManager:220 - loadIPPluginJar : add tsc
2023-10-20 07:18:40,705 [INFO] IPUIPlugin:80 - create IPUIPlugin
2023-10-20 07:18:40,705 [INFO] PluginManager:220 - loadIPPluginJar : add ucpd
2023-10-20 07:18:40,733 [INFO] IPUIPlugin:80 - create IPUIPlugin
2023-10-20 07:18:40,733 [INFO] PluginManager:220 - loadIPPluginJar : add usart
2023-10-20 07:18:40,755 [INFO] IPUIPlugin:80 - create IPUIPlugin
2023-10-20 07:18:40,755 [INFO] PluginManager:220 - loadIPPluginJar : add usbx
2023-10-20 07:18:40,858 [INFO] CADModel:165 - CPN selected for project level
2023-10-20 07:18:40,858 [INFO] CADModel:114 - Register for checkConnection events
2023-10-20 07:18:40,858 [FATAL] Updater:308 - Updater called before beeing initialized
2023-10-20 07:18:40,859 [ERROR] CADModel:125 - Updater not yet initialized, retry later 
2023-10-20 07:18:40,988 [INFO] CADModel:165 - CPN selected for project level
2023-10-20 07:18:40,988 [INFO] CADModel:114 - Register for checkConnection events
2023-10-20 07:18:40,988 [FATAL] Updater:308 - Updater called before beeing initialized
2023-10-20 07:18:40,988 [ERROR] CADModel:125 - Updater not yet initialized, retry later 
2023-10-20 07:18:40,991 [FATAL] Updater:308 - Updater called before beeing initialized
2023-10-20 07:18:41,053 [FATAL] Updater:308 - Updater called before beeing initialized
2023-10-20 07:18:41,060 [INFO] DbMcusAds:53 - JSON generation date=Tue Mar 07 14:20:55 IST 2023 (1678179055114)
2023-10-20 07:18:41,060 [FATAL] Updater:308 - Updater called before beeing initialized
2023-10-20 07:18:41,109 [WARN] DetailPanel:346 - Failed to get advertising image, set to default
2023-10-20 07:18:41,167 [FATAL] Updater:308 - Updater called before beeing initialized
2023-10-20 07:18:41,168 [FATAL] Updater:308 - Updater called before beeing initialized
2023-10-20 07:18:41,169 [FATAL] Updater:308 - Updater called before beeing initialized
2023-10-20 07:18:41,169 [WARN] DetailPanel:346 - Failed to get advertising image, set to default
2023-10-20 07:18:41,169 [FATAL] Updater:308 - Updater called before beeing initialized
2023-10-20 07:18:41,209 [ERROR] Updater:1120 - MainUpdater not yet initialized. External WinMGr cannot be set.
2023-10-20 07:18:41,216 [INFO] Updater:1056 - Updater Version found : 6.9.2
2023-10-20 07:18:41,232 [INFO] ApplicationProperties:184 - Using Application install path: C:\ST\STM32CubeIDE_1.13.1\STM32CubeIDE\plugins\com.st.stm32cube.common.mx_6.9.2.202309101412
2023-10-20 07:18:42,348 [INFO] ThirdPartyUpdaterWithRetryManager:70 - Updater plugin not ready yet. [2/15]
2023-10-20 07:18:42,971 [INFO] MainUpdater:2868 - connection check result : 10
2023-10-20 07:18:42,972 [INFO] MainUpdater:285 - Updater Check For Update Now.
2023-10-20 07:18:42,972 [INFO] MicroXplorer:498 - Change Database Version : DB.6.0.92
2023-10-20 07:18:42,990 [INFO] McuFinderGlobals:63 - Set McuFinder mode to 2 (CubeIDE integrated)
2023-10-20 07:18:42,991 [INFO] UserAuth:179 - activating auth plugin
2023-10-20 07:18:42,994 [INFO] UserAuth:393 - Internet connection configuration mode: 1
2023-10-20 07:18:43,018 [INFO] JxBrowserEngine:151 - Initiate JxBrowser Engine with user profile folder
2023-10-20 07:18:43,159 [INFO] CheckServerUpdateThread:120 - End of CheckServer Thread
2023-10-20 07:18:44,339 [INFO] WebApp:157 - Instantiating new browser for Auth
2023-10-20 07:18:44,704 [INFO] WebApp:753 - Register for checkConnection events
2023-10-20 07:18:44,704 [INFO] WebApp:390 - Apply proxy settings
2023-10-20 07:18:44,704 [INFO] WebApp:475 - Chromium requires no authentication
2023-10-20 07:18:44,708 [INFO] WebApp:418 - Direct internet connection detected
2023-10-20 07:18:44,807 [INFO] WebApp:188 - Starting web application
2023-10-20 07:18:44,807 [INFO] WebApp:520 - Web application path used C:\ST\STM32CubeIDE_1.13.1\STM32CubeIDE\plugins\com.st.stm32cube.common.mx_6.9.2.202309101412\db\plugins\mcufinder\reactClient1\index.html
2023-10-20 07:18:45,450 [WARN] PackLoader:240 - Cannot read IP mode file for STMicroelectronics.X-CUBE-SMBUS.2.1.0
2023-10-20 07:18:45,489 [WARN] PackLoader:240 - Cannot read IP mode file for STMicroelectronics.X-CUBE-AZRTOS-F7.1.1.0
2023-10-20 07:18:45,507 [WARN] PackLoader:240 - Cannot read IP mode file for STMicroelectronics.FP-SNS-MOTENV1.4.3.2
2023-10-20 07:18:45,516 [WARN] PackLoader:240 - Cannot read IP mode file for STMicroelectronics.FP-SNS-FLIGHT1.5.0.2
2023-10-20 07:18:45,527 [WARN] PackLoader:240 - Cannot read IP mode file for STMicroelectronics.X-CUBE-DISPLAY.3.0.0
2023-10-20 07:18:45,540 [WARN] PackLoader:240 - Cannot read IP mode file for STMicroelectronics.X-CUBE-BLE1.7.0.0
2023-10-20 07:18:45,548 [WARN] PackLoader:240 - Cannot read IP mode file for emotas.I-CUBE-CANOPEN.1.3.0
2023-10-20 07:18:45,556 [WARN] PackLoader:240 - Cannot read IP mode file for STMicroelectronics.X-CUBE-TOUCHGFX.4.22.0
2023-10-20 07:18:45,564 [WARN] PackLoader:240 - Cannot read IP mode file for STMicroelectronics.X-CUBE-TOUCHGFX.4.22.1
2023-10-20 07:18:45,570 [WARN] PackLoader:240 - Cannot read IP mode file for STMicroelectronics.FP-SNS-SMARTAG2.1.2.0
2023-10-20 07:18:45,581 [INFO] LogOutputStream:77 - [STDOUT_REDIRECT] 1 : Invalid condition id : UX_CORESTACK_Condition cause : null
2023-10-20 07:18:45,581 [INFO] LogOutputStream:77 - [STDOUT_REDIRECT] 1 : Invalid condition id : UX_CORESTACK_Condition cause : null
2023-10-20 07:18:45,582 [INFO] LogOutputStream:77 - [STDOUT_REDIRECT] 1 : Invalid condition id : UX_CORESTACK_Condition cause : null
2023-10-20 07:18:45,582 [INFO] LogOutputStream:77 - [STDOUT_REDIRECT] 1 : Invalid condition id : UX_CORESTACK_Condition cause : null
2023-10-20 07:18:45,583 [INFO] LogOutputStream:77 - [STDOUT_REDIRECT] 1 : Invalid condition id : UX_CORESTACK_Condition cause : null
2023-10-20 07:18:45,584 [WARN] PackLoader:240 - Cannot read IP mode file for STMicroelectronics.X-CUBE-AZRTOS-WL.2.0.0
2023-10-20 07:18:45,593 [WARN] PackLoader:240 - Cannot read IP mode file for WES.I-CUBE-Cesium.1.3.0
2023-10-20 07:18:45,600 [WARN] PackLoader:240 - Cannot read IP mode file for STMicroelectronics.X-CUBE-BLE2.3.3.0
2023-10-20 07:18:45,606 [WARN] PackLoader:240 - Cannot read IP mode file for STMicroelectronics.X-CUBE-ALGOBUILD.1.3.0
2023-10-20 07:18:45,620 [WARN] PackLoader:240 - Cannot read IP mode file for STMicroelectronics.X-CUBE-AZRTOS-G0.1.1.0
2023-10-20 07:18:45,629 [WARN] PackLoader:240 - Cannot read IP mode file for STMicroelectronics.X-CUBE-NFC4.3.0.0
2023-10-20 07:18:45,637 [WARN] PackLoader:240 - Cannot read IP mode file for STMicroelectronics.FP-ATR-SIGFOX1.3.2.0
2023-10-20 07:18:45,667 [WARN] PackLoader:240 - Cannot read IP mode file for SEGGER.I-CUBE-embOS.1.3.1
2023-10-20 07:18:45,696 [WARN] PackLoader:240 - Cannot read IP mode file for STMicroelectronics.X-CUBE-GNSS1.6.0.0
2023-10-20 07:18:45,714 [WARN] PackLoader:240 - Cannot read IP mode file for STMicroelectronics.X-CUBE-AZRTOS-F4.1.1.0
2023-10-20 07:18:45,724 [WARN] PackLoader:240 - Cannot read IP mode file for wolfSSL.I-CUBE-wolfSSL.5.6.3
2023-10-20 07:18:45,741 [WARN] PackLoader:240 - Cannot read IP mode file for STMicroelectronics.X-CUBE-AZRTOS-L5.2.0.0
2023-10-20 07:18:45,773 [WARN] PackLoader:240 - Cannot read IP mode file for STMicroelectronics.X-CUBE-MEMS1.9.6.0
2023-10-20 07:18:45,869 [WARN] PackLoader:240 - Cannot read IP mode file for ITTIA_DB.I-CUBE-ITTIADB.8.8.0
2023-10-20 07:18:45,883 [WARN] PackLoader:240 - Cannot read IP mode file for STMicroelectronics.X-CUBE-BLEMGR.2.0.0
2023-10-20 07:18:45,910 [WARN] ConditionMgr:438 - getConditionDescription Invalid condition id : UX DEVICE CLASS RTOS Condition cause : null
2023-10-20 07:18:45,911 [WARN] ConditionMgr:438 - getConditionDescription Invalid condition id : UX DEVICE CLASS RTOS Condition cause : null
2023-10-20 07:18:45,912 [WARN] PackLoader:240 - Cannot read IP mode file for STMicroelectronics.X-CUBE-AZRTOS-H7.3.1.0
2023-10-20 07:18:45,914 [WARN] ConditionMgr:1039 - genDependencies : Invalid condition id : UX DEVICE CLASS RTOS Condition cause : null
2023-10-20 07:18:45,914 [WARN] ConditionMgr:1039 - genDependencies : Invalid condition id : UX DEVICE CLASS RTOS Condition cause : null
2023-10-20 07:18:45,915 [WARN] ConditionMgr:1039 - genDependencies : Invalid condition id : UX DEVICE CLASS RTOS Condition cause : null
2023-10-20 07:18:45,915 [WARN] ConditionMgr:1039 - genDependencies : Invalid condition id : UX DEVICE CLASS RTOS Condition cause : null
2023-10-20 07:18:45,915 [WARN] ConditionMgr:1039 - genDependencies : Invalid condition id : UX DEVICE CLASS RTOS Condition cause : null
2023-10-20 07:18:45,929 [WARN] PackLoader:240 - Cannot read IP mode file for STMicroelectronics.X-CUBE-NFC7.1.0.1
2023-10-20 07:18:45,943 [WARN] PackLoader:240 - Cannot read IP mode file for STMicroelectronics.X-CUBE-NFC6.3.0.0
2023-10-20 07:18:45,955 [WARN] PackLoader:240 - Cannot read IP mode file for STMicroelectronics.X-CUBE-EEPRMA1.4.1.0
2023-10-20 07:18:45,967 [WARN] PackLoader:240 - Cannot read IP mode file for STMicroelectronics.X-CUBE-AI.8.1.0
2023-10-20 07:18:45,986 [WARN] ConditionMgr:438 - getConditionDescription Invalid condition id : LAN8742 Phy interface Condition cause : null
2023-10-20 07:18:45,987 [WARN] PackLoader:240 - Cannot read IP mode file for STMicroelectronics.X-CUBE-AZRTOS-L4.2.0.0
2023-10-20 07:18:45,988 [WARN] ConditionMgr:1039 - genDependencies : Invalid condition id : LAN8742 Phy interface Condition cause : null
2023-10-20 07:18:45,988 [WARN] ConditionMgr:1039 - genDependencies : Invalid condition id : LAN8742 Phy interface Condition cause : null
2023-10-20 07:18:45,988 [WARN] ConditionMgr:1039 - genDependencies : Invalid condition id : LAN8742 Phy interface Condition cause : null
2023-10-20 07:18:45,999 [WARN] PackLoader:240 - Cannot read IP mode file for STMicroelectronics.X-CUBE-SFXS2LP1.4.0.0
2023-10-20 07:18:46,012 [WARN] PackLoader:240 - Cannot read IP mode file for STMicroelectronics.X-CUBE-ISPU.1.1.0
2023-10-20 07:18:46,033 [WARN] ConditionMgr:438 - getConditionDescription Invalid condition id : UX DEVICE CLASS RTOS Condition cause : null
2023-10-20 07:18:46,033 [WARN] ConditionMgr:438 - getConditionDescription Invalid condition id : UX DEVICE CLASS RTOS Condition cause : null
2023-10-20 07:18:46,034 [WARN] PackLoader:240 - Cannot read IP mode file for STMicroelectronics.X-CUBE-AZRTOS-WB.2.0.0
2023-10-20 07:18:46,035 [WARN] ConditionMgr:1039 - genDependencies : Invalid condition id : UX DEVICE CLASS RTOS Condition cause : null
2023-10-20 07:18:46,035 [WARN] ConditionMgr:1039 - genDependencies : Invalid condition id : UX DEVICE CLASS RTOS Condition cause : null
2023-10-20 07:18:46,036 [WARN] ConditionMgr:1039 - genDependencies : Invalid condition id : UX DEVICE CLASS RTOS Condition cause : null
2023-10-20 07:18:46,036 [WARN] ConditionMgr:1039 - genDependencies : Invalid condition id : UX DEVICE CLASS RTOS Condition cause : null
2023-10-20 07:18:46,036 [WARN] ConditionMgr:1039 - genDependencies : Invalid condition id : UX DEVICE CLASS RTOS Condition cause : null
2023-10-20 07:18:46,055 [WARN] PackLoader:240 - Cannot read IP mode file for STMicroelectronics.X-CUBE-SUBG2.5.0.0
2023-10-20 07:18:46,077 [WARN] PackLoader:240 - Cannot read IP mode file for STMicroelectronics.X-CUBE-TOF1.3.3.1
2023-10-20 07:18:46,103 [WARN] PackLoader:240 - Cannot read IP mode file for STMicroelectronics.X-CUBE-AZRTOS-G4.2.0.0
2023-10-20 07:18:46,124 [WARN] PackLoader:240 - Cannot read IP mode file for Infineon.AIROC-Wi-Fi-Bluetooth-STM32.1.5.1
2023-10-20 07:18:46,141 [WARN] PackLoader:240 - Cannot read IP mode file for STMicroelectronics.X-CUBE-FREERTOS.1.1.0
2023-10-20 07:18:46,156 [WARN] PackLoader:240 - Cannot read IP mode file for portGmbH.I-Cube-SoM-uGOAL.1.1.0
2023-10-20 07:18:46,170 [WARN] PackLoader:240 - Cannot read IP mode file for STMicroelectronics.X-CUBE-ALS.1.0.1
2023-10-20 07:18:46,183 [WARN] PackLoader:240 - Cannot read IP mode file for STMicroelectronics.FP-ATR-ASTRA1.2.0.0
2023-10-20 07:18:46,185 [INFO] ThirdParty:978 - Integrity check success = true
2023-10-20 07:18:46,185 [INFO] IntegrityCheckThread:100 - exiting critical section [integrity check]
2023-10-20 07:18:46,185 [INFO] IntegrityCheckThread:103 - End integrity checks thread
2023-10-20 07:18:59,239 [ERROR] LogOutputStream:75 - [STDERR_REDIRECT] SLF4J: Failed to load class "org.slf4j.impl.StaticLoggerBinder".
2023-10-20 07:18:59,239 [ERROR] LogOutputStream:75 - [STDERR_REDIRECT] SLF4J: Defaulting to no-operation (NOP) logger implementation
2023-10-20 07:18:59,242 [ERROR] LogOutputStream:75 - [STDERR_REDIRECT] SLF4J: See http://www.slf4j.org/codes.html#StaticLoggerBinder for further details.
2023-10-20 08:28:05,088 [ERROR] LogOutputStream:75 - [STDERR_REDIRECT] 
