2023-11-08 07:36:56,342 [INFO] Activator:176 - 


2023-11-08 07:36:56,345 [INFO] Activator:177 - !SESSION log4j initialized
2023-11-08 07:37:00,542 [INFO] LogOutputStream:77 - [STDOUT_REDIRECT] 
2023-11-08 07:37:01,858 [INFO] ApplicationProperties:184 - Using Application install path: C:\ST\STM32CubeIDE_1.13.1\STM32CubeIDE\plugins\com.st.stm32cube.common.mx_6.9.2.202309101412
2023-11-08 07:37:01,872 [INFO] DbMcusXml:78 - Set database path to: C:\ST\STM32CubeIDE_1.13.1\STM32CubeIDE\plugins\com.st.stm32cube.common.mx_6.9.2.202309101412\\db\/mcu/
2023-11-08 07:37:01,872 [INFO] ApiDb:274 - Set plugin database path to: C:\ST\STM32CubeIDE_1.13.1\STM32CubeIDE\plugins\com.st.stm32cube.common.mx_6.9.2.202309101412\\db\/plugins/boardmanager/
2023-11-08 07:37:01,873 [WARN] ApiDb:259 - Overriding images path with different value:  => C:\ST\STM32CubeIDE_1.13.1\STM32CubeIDE\plugins\com.st.stm32cube.common.mx_6.9.2.202309101412\\db\/plugins/mcufinder/images/
2023-11-08 07:37:01,885 [INFO] ApiDb:250 - Set database path to: C:\Users\Ubaid\.stmcufinder\plugins\mcufinder//mcu/
2023-11-08 07:37:01,886 [INFO] DbMcusAds:125 - Set database path to: C:\Users\Ubaid\.stmcufinder\plugins\mcufinder//mcu/
2023-11-08 07:37:01,887 [INFO] CrossReferenceDbSqlite:203 - Set database path to: C:\Users\Ubaid\.stmcufinder\plugins\mcufinder//mcu/cs/
2023-11-08 07:37:01,965 [INFO] RulesReader:64 - Compatibility file has been processed (293 Rules)
2023-11-08 07:37:02,018 [INFO] DbMcusXml:78 - Set database path to: C:\ST\STM32CubeIDE_1.13.1\STM32CubeIDE\plugins\com.st.stm32cube.common.mx_6.9.2.202309101412\\db\/mcu/
2023-11-08 07:37:02,018 [INFO] ApiDb:274 - Set plugin database path to: C:\ST\STM32CubeIDE_1.13.1\STM32CubeIDE\plugins\com.st.stm32cube.common.mx_6.9.2.202309101412\\db\/plugins/boardmanager/
2023-11-08 07:37:02,018 [INFO] ApiDb:261 - Set plugin images path to: C:\ST\STM32CubeIDE_1.13.1\STM32CubeIDE\plugins\com.st.stm32cube.common.mx_6.9.2.202309101412\\db\/plugins/mcufinder/images/
2023-11-08 07:37:02,018 [WARN] DbFile:41 - Overriding database path with different value: C:\Users\Ubaid\.stmcufinder\plugins\mcufinder/ => C:\Users\Ubaid\.stmcufinder\plugins\mcufinder
2023-11-08 07:37:02,018 [INFO] ApiDb:250 - Set database path to: C:\Users\Ubaid\.stmcufinder\plugins\mcufinder//mcu/
2023-11-08 07:37:02,018 [WARN] DbFile:41 - Overriding database path with different value: C:\Users\Ubaid\.stmcufinder\plugins\mcufinder/ => C:\Users\Ubaid\.stmcufinder\plugins\mcufinder
2023-11-08 07:37:02,018 [INFO] DbMcusAds:125 - Set database path to: C:\Users\Ubaid\.stmcufinder\plugins\mcufinder//mcu/
2023-11-08 07:37:02,018 [WARN] DbFile:41 - Overriding database path with different value: C:\Users\Ubaid\.stmcufinder\plugins\mcufinder/ => C:\Users\Ubaid\.stmcufinder\plugins\mcufinder
2023-11-08 07:37:02,019 [WARN] DbFile:41 - Overriding database path with different value: C:\Users\Ubaid\.stmcufinder\plugins\mcufinder/ => C:\Users\Ubaid\.stmcufinder\plugins\mcufinder
2023-11-08 07:37:02,019 [INFO] CrossReferenceDbSqlite:203 - Set database path to: C:\Users\Ubaid\.stmcufinder\plugins\mcufinder//mcu/cs/
2023-11-08 07:37:02,074 [INFO] MainPanel:262 - HeapMemory: 268435456
2023-11-08 07:37:02,138 [INFO] DbMcusXml:78 - Set database path to: C:\ST\STM32CubeIDE_1.13.1\STM32CubeIDE\plugins\com.st.stm32cube.common.mx_6.9.2.202309101412\\db\/mcu/
2023-11-08 07:37:02,138 [INFO] ApiDb:274 - Set plugin database path to: C:\ST\STM32CubeIDE_1.13.1\STM32CubeIDE\plugins\com.st.stm32cube.common.mx_6.9.2.202309101412\\db\/plugins/boardmanager/
2023-11-08 07:37:02,138 [INFO] ApiDb:261 - Set plugin images path to: C:\ST\STM32CubeIDE_1.13.1\STM32CubeIDE\plugins\com.st.stm32cube.common.mx_6.9.2.202309101412\\db\/plugins/mcufinder/images/
2023-11-08 07:37:02,139 [WARN] DbFile:41 - Overriding database path with different value: C:\Users\Ubaid\.stmcufinder\plugins\mcufinder/ => C:\Users\Ubaid\.stmcufinder\plugins\mcufinder
2023-11-08 07:37:02,139 [INFO] ApiDb:250 - Set database path to: C:\Users\Ubaid\.stmcufinder\plugins\mcufinder//mcu/
2023-11-08 07:37:02,139 [WARN] DbFile:41 - Overriding database path with different value: C:\Users\Ubaid\.stmcufinder\plugins\mcufinder/ => C:\Users\Ubaid\.stmcufinder\plugins\mcufinder
2023-11-08 07:37:02,139 [INFO] DbMcusAds:125 - Set database path to: C:\Users\Ubaid\.stmcufinder\plugins\mcufinder//mcu/
2023-11-08 07:37:02,139 [WARN] DbFile:41 - Overriding database path with different value: C:\Users\Ubaid\.stmcufinder\plugins\mcufinder/ => C:\Users\Ubaid\.stmcufinder\plugins\mcufinder
2023-11-08 07:37:02,139 [WARN] DbFile:41 - Overriding database path with different value: C:\Users\Ubaid\.stmcufinder\plugins\mcufinder/ => C:\Users\Ubaid\.stmcufinder\plugins\mcufinder
2023-11-08 07:37:02,139 [INFO] CrossReferenceDbSqlite:203 - Set database path to: C:\Users\Ubaid\.stmcufinder\plugins\mcufinder//mcu/cs/
2023-11-08 07:37:02,151 [INFO] ApplicationProperties:184 - Using Application install path: C:\ST\STM32CubeIDE_1.13.1\STM32CubeIDE\plugins\com.st.stm32cube.common.mx_6.9.2.202309101412
2023-11-08 07:37:02,152 [INFO] PluginManage:196 - Search for loadable plugins [exclusion list=, ]
2023-11-08 07:37:02,153 [INFO] PluginManage:310 - Check plugin analytics
2023-11-08 07:37:02,267 [INFO] AnalyticsPlugin:253 - Accepted Software Licenses: STM32CubeMX.6.9.1
2023-11-08 07:37:02,267 [INFO] AnalyticsPlugin:255 - Accepted CMSIS Pack Licenses: 
2023-11-08 07:37:02,267 [INFO] AnalyticsPlugin:257 - Accepted Firmware Licenses: FW.F4.1.27.0
2023-11-08 07:37:02,269 [INFO] PluginManage:359 - Loaded plugin analytics (category:tool,tabindex:-1)
2023-11-08 07:37:02,269 [INFO] PluginManage:310 - Check plugin cadmodel
2023-11-08 07:37:02,283 [INFO] CADModel:105 - Init CAD model plugin
2023-11-08 07:37:02,283 [INFO] PluginManage:359 - Loaded plugin cadmodel (category:power,tabindex:5)
2023-11-08 07:37:02,283 [INFO] PluginManage:310 - Check plugin clock
2023-11-08 07:37:02,298 [INFO] PluginManage:359 - Loaded plugin clock (category:base,tabindex:2)
2023-11-08 07:37:02,298 [INFO] PluginManage:310 - Check plugin ddr
2023-11-08 07:37:02,300 [INFO] PluginManage:359 - Loaded plugin ddr (category:tool,tabindex:6)
2023-11-08 07:37:02,300 [INFO] PluginManage:310 - Check plugin filemanager
2023-11-08 07:37:02,387 [INFO] PluginManage:359 - Loaded plugin filemanager (category:base,tabindex:10)
2023-11-08 07:37:02,387 [INFO] PluginManage:310 - Check plugin ipmanager
2023-11-08 07:37:02,392 [INFO] PluginManage:359 - Loaded plugin ipmanager (category:base,tabindex:5)
2023-11-08 07:37:02,392 [INFO] PluginManage:310 - Check plugin lpbam
2023-11-08 07:37:02,405 [INFO] PluginManage:359 - Loaded plugin lpbam (category:base,tabindex:0)
2023-11-08 07:37:02,405 [INFO] PluginManage:310 - Check plugin memorymap
2023-11-08 07:37:02,421 [INFO] PluginManage:359 - Loaded plugin memorymap (category:base,tabindex:4)
2023-11-08 07:37:02,421 [INFO] PluginManage:310 - Check plugin pinoutandconfiguration
2023-11-08 07:37:02,431 [INFO] PluginManage:359 - Loaded plugin pinoutandconfiguration (category:base,tabindex:1)
2023-11-08 07:37:02,431 [INFO] PluginManage:310 - Check plugin pinoutconfig
2023-11-08 07:37:02,490 [WARN] SupportedApi:132 - Cannot load RTOS API schema: s4s-elt-must-match.1: The content of 'definitions' must match (annotation?, (simpleType | complexType)?, (unique | key | keyref)*)). A problem was found starting at: attribute.
2023-11-08 07:37:02,593 [INFO] PluginManage:359 - Loaded plugin pinoutconfig (category:base,tabindex:0)
2023-11-08 07:37:02,593 [INFO] PluginManage:310 - Check plugin power
2023-11-08 07:37:02,608 [INFO] PluginManage:359 - Loaded plugin power (category:power,tabindex:4)
2023-11-08 07:37:02,608 [INFO] PluginManage:310 - Check plugin projectmanager
2023-11-08 07:37:02,617 [INFO] PluginManage:359 - Loaded plugin projectmanager (category:projectmanager,tabindex:3)
2023-11-08 07:37:02,617 [INFO] PluginManage:310 - Check plugin thirdparty
2023-11-08 07:37:02,782 [INFO] PluginManage:359 - Loaded plugin thirdparty (category:base,tabindex:-1)
2023-11-08 07:37:02,782 [INFO] PluginManage:310 - Check plugin tools
2023-11-08 07:37:02,782 [WARN] IntegrityCheckThread:84 - waiting for thirdparty lock release [integrity check]
2023-11-08 07:37:02,782 [INFO] IntegrityCheckThread:86 - entering critical section [integrity check]
2023-11-08 07:37:02,783 [INFO] ThirdPartyUpdaterWithRetryManager:70 - Updater plugin not ready yet. [1/15]
2023-11-08 07:37:02,800 [INFO] PluginManage:359 - Loaded plugin tools (category:base,tabindex:7)
2023-11-08 07:37:02,800 [INFO] PluginManage:310 - Check plugin tutovideos
2023-11-08 07:37:02,928 [INFO] PluginManage:359 - Loaded plugin tutovideos (category:base,tabindex:-1)
2023-11-08 07:37:02,928 [INFO] PluginManage:310 - Check plugin updater
2023-11-08 07:37:02,942 [INFO] PluginManage:359 - Loaded plugin updater (category:base,tabindex:12)
2023-11-08 07:37:02,942 [INFO] PluginManage:310 - Check plugin userauth
2023-11-08 07:37:02,946 [INFO] UserAuth:113 - Init User Auth plugin
2023-11-08 07:37:02,946 [INFO] PluginManage:359 - Loaded plugin userauth (category:base,tabindex:14)
2023-11-08 07:37:02,946 [INFO] PluginManage:283 - PluginManage : Loaded plugins [17]
2023-11-08 07:37:03,109 [INFO] PinOutPanel:1499 - setPackage(No Configuration,No Configuration)
2023-11-08 07:37:03,177 [INFO] CADModel:165 - CPN selected for project level
2023-11-08 07:37:03,178 [INFO] CADModel:114 - Register for checkConnection events
2023-11-08 07:37:03,194 [INFO] IPUIPlugin:80 - create IPUIPlugin
2023-11-08 07:37:03,195 [INFO] PluginManager:220 - loadIPPluginJar : add adc
2023-11-08 07:37:03,215 [INFO] IPUIPlugin:80 - create IPUIPlugin
2023-11-08 07:37:03,216 [INFO] PluginManager:220 - loadIPPluginJar : add aes
2023-11-08 07:37:03,245 [INFO] IPUIPlugin:80 - create IPUIPlugin
2023-11-08 07:37:03,245 [INFO] PluginManager:220 - loadIPPluginJar : add can
2023-11-08 07:37:03,264 [INFO] IPUIPlugin:80 - create IPUIPlugin
2023-11-08 07:37:03,264 [INFO] PluginManager:220 - loadIPPluginJar : add comp
2023-11-08 07:37:03,285 [INFO] IPUIPlugin:80 - create IPUIPlugin
2023-11-08 07:37:03,285 [INFO] PluginManager:220 - loadIPPluginJar : add cryp
2023-11-08 07:37:03,302 [INFO] IPUIPlugin:80 - create IPUIPlugin
2023-11-08 07:37:03,302 [INFO] PluginManager:220 - loadIPPluginJar : add dfsdm
2023-11-08 07:37:03,312 [INFO] IPUIPlugin:80 - create IPUIPlugin
2023-11-08 07:37:03,313 [INFO] PluginManager:220 - loadIPPluginJar : add dma
2023-11-08 07:37:03,334 [INFO] IPUIPlugin:80 - create IPUIPlugin
2023-11-08 07:37:03,335 [INFO] PluginManager:220 - loadIPPluginJar : add dma3
2023-11-08 07:37:03,351 [INFO] IPUIPlugin:80 - create IPUIPlugin
2023-11-08 07:37:03,351 [INFO] PluginManager:220 - loadIPPluginJar : add fatfs
2023-11-08 07:37:03,382 [INFO] IPUIPlugin:80 - create IPUIPlugin
2023-11-08 07:37:03,382 [INFO] PluginManager:220 - loadIPPluginJar : add fmc
2023-11-08 07:37:03,391 [INFO] IPUIPlugin:80 - create IPUIPlugin
2023-11-08 07:37:03,391 [INFO] PluginManager:220 - loadIPPluginJar : add freertos
2023-11-08 07:37:03,402 [INFO] IPUIPlugin:80 - create IPUIPlugin
2023-11-08 07:37:03,402 [INFO] PluginManager:220 - loadIPPluginJar : add genericplugin
2023-11-08 07:37:03,452 [INFO] IPUIPlugin:80 - create IPUIPlugin
2023-11-08 07:37:03,452 [INFO] PluginManager:220 - loadIPPluginJar : add gfxmmu
2023-11-08 07:37:03,520 [INFO] IPUIPlugin:80 - create IPUIPlugin
2023-11-08 07:37:03,521 [INFO] PluginManager:220 - loadIPPluginJar : add gic
2023-11-08 07:37:03,530 [INFO] IPUIPlugin:80 - create IPUIPlugin
2023-11-08 07:37:03,530 [INFO] PluginManager:220 - loadIPPluginJar : add gpio
2023-11-08 07:37:03,583 [INFO] IPUIPlugin:80 - create IPUIPlugin
2023-11-08 07:37:03,583 [INFO] PluginManager:220 - loadIPPluginJar : add gtzc
2023-11-08 07:37:03,611 [INFO] IPUIPlugin:80 - create IPUIPlugin
2023-11-08 07:37:03,611 [INFO] PluginManager:220 - loadIPPluginJar : add hash
2023-11-08 07:37:03,658 [INFO] IPUIPlugin:80 - create IPUIPlugin
2023-11-08 07:37:03,658 [INFO] PluginManager:220 - loadIPPluginJar : add i2c
2023-11-08 07:37:03,679 [INFO] IPUIPlugin:80 - create IPUIPlugin
2023-11-08 07:37:03,679 [INFO] PluginManager:220 - loadIPPluginJar : add i2s
2023-11-08 07:37:03,701 [INFO] IPUIPlugin:80 - create IPUIPlugin
2023-11-08 07:37:03,701 [INFO] PluginManager:220 - loadIPPluginJar : add i3c
2023-11-08 07:37:03,756 [INFO] IPUIPlugin:80 - create IPUIPlugin
2023-11-08 07:37:03,756 [INFO] PluginManager:220 - loadIPPluginJar : add ipddr
2023-11-08 07:37:03,804 [INFO] IPUIPlugin:80 - create IPUIPlugin
2023-11-08 07:37:03,805 [INFO] PluginManager:220 - loadIPPluginJar : add linkedlist
2023-11-08 07:37:03,821 [INFO] IPUIPlugin:80 - create IPUIPlugin
2023-11-08 07:37:03,822 [INFO] PluginManager:220 - loadIPPluginJar : add lorawan
2023-11-08 07:37:03,841 [INFO] IPUIPlugin:80 - create IPUIPlugin
2023-11-08 07:37:03,841 [INFO] PluginManager:220 - loadIPPluginJar : add ltdc
2023-11-08 07:37:03,849 [INFO] IPUIPlugin:80 - create IPUIPlugin
2023-11-08 07:37:03,849 [INFO] PluginManager:220 - loadIPPluginJar : add mdma
2023-11-08 07:37:03,856 [INFO] IPUIPlugin:80 - create IPUIPlugin
2023-11-08 07:37:03,856 [INFO] PluginManager:220 - loadIPPluginJar : add nvic
2023-11-08 07:37:03,874 [INFO] IPUIPlugin:80 - create IPUIPlugin
2023-11-08 07:37:03,875 [INFO] PluginManager:220 - loadIPPluginJar : add opamp
2023-11-08 07:37:03,905 [INFO] IPUIPlugin:80 - create IPUIPlugin
2023-11-08 07:37:03,906 [INFO] PluginManager:220 - loadIPPluginJar : add openamp
2023-11-08 07:37:03,927 [INFO] IPUIPlugin:80 - create IPUIPlugin
2023-11-08 07:37:03,927 [INFO] PluginManager:220 - loadIPPluginJar : add pdm2pcm
2023-11-08 07:37:03,936 [INFO] IPUIPlugin:80 - create IPUIPlugin
2023-11-08 07:37:03,938 [INFO] PluginManager:220 - loadIPPluginJar : add plateformsettings
2023-11-08 07:37:03,948 [INFO] IPUIPlugin:80 - create IPUIPlugin
2023-11-08 07:37:03,948 [INFO] PluginManager:220 - loadIPPluginJar : add quadspi
2023-11-08 07:37:03,957 [INFO] IPUIPlugin:80 - create IPUIPlugin
2023-11-08 07:37:03,957 [INFO] PluginManager:220 - loadIPPluginJar : add resmgrutility
2023-11-08 07:37:03,982 [INFO] IPUIPlugin:80 - create IPUIPlugin
2023-11-08 07:37:03,982 [INFO] PluginManager:220 - loadIPPluginJar : add sai
2023-11-08 07:37:04,032 [INFO] IPUIPlugin:80 - create IPUIPlugin
2023-11-08 07:37:04,032 [INFO] PluginManager:220 - loadIPPluginJar : add spi
2023-11-08 07:37:04,064 [INFO] IPUIPlugin:80 - create IPUIPlugin
2023-11-08 07:37:04,064 [INFO] PluginManager:220 - loadIPPluginJar : add stm32_wpan
2023-11-08 07:37:04,083 [INFO] IPUIPlugin:80 - create IPUIPlugin
2023-11-08 07:37:04,083 [INFO] PluginManager:220 - loadIPPluginJar : add tim
2023-11-08 07:37:04,112 [INFO] IPUIPlugin:80 - create IPUIPlugin
2023-11-08 07:37:04,112 [INFO] PluginManager:220 - loadIPPluginJar : add touchsensing
2023-11-08 07:37:04,124 [INFO] IPUIPlugin:80 - create IPUIPlugin
2023-11-08 07:37:04,124 [INFO] PluginManager:220 - loadIPPluginJar : add tracer_emb
2023-11-08 07:37:04,135 [INFO] IPUIPlugin:80 - create IPUIPlugin
2023-11-08 07:37:04,135 [INFO] PluginManager:220 - loadIPPluginJar : add ts
2023-11-08 07:37:04,145 [INFO] IPUIPlugin:80 - create IPUIPlugin
2023-11-08 07:37:04,145 [INFO] PluginManager:220 - loadIPPluginJar : add tsc
2023-11-08 07:37:04,155 [INFO] IPUIPlugin:80 - create IPUIPlugin
2023-11-08 07:37:04,155 [INFO] PluginManager:220 - loadIPPluginJar : add ucpd
2023-11-08 07:37:04,177 [INFO] IPUIPlugin:80 - create IPUIPlugin
2023-11-08 07:37:04,177 [INFO] PluginManager:220 - loadIPPluginJar : add usart
2023-11-08 07:37:04,199 [INFO] IPUIPlugin:80 - create IPUIPlugin
2023-11-08 07:37:04,200 [INFO] PluginManager:220 - loadIPPluginJar : add usbx
2023-11-08 07:37:04,306 [INFO] CADModel:165 - CPN selected for project level
2023-11-08 07:37:04,307 [INFO] CADModel:114 - Register for checkConnection events
2023-11-08 07:37:04,307 [FATAL] Updater:308 - Updater called before beeing initialized
2023-11-08 07:37:04,307 [ERROR] CADModel:125 - Updater not yet initialized, retry later 
2023-11-08 07:37:04,408 [INFO] CADModel:165 - CPN selected for project level
2023-11-08 07:37:04,408 [INFO] CADModel:114 - Register for checkConnection events
2023-11-08 07:37:04,408 [FATAL] Updater:308 - Updater called before beeing initialized
2023-11-08 07:37:04,408 [ERROR] CADModel:125 - Updater not yet initialized, retry later 
2023-11-08 07:37:04,411 [FATAL] Updater:308 - Updater called before beeing initialized
2023-11-08 07:37:04,494 [FATAL] Updater:308 - Updater called before beeing initialized
2023-11-08 07:37:04,501 [INFO] DbMcusAds:53 - JSON generation date=Tue Mar 07 14:20:55 IST 2023 (1678179055114)
2023-11-08 07:37:04,501 [FATAL] Updater:308 - Updater called before beeing initialized
2023-11-08 07:37:04,552 [WARN] DetailPanel:346 - Failed to get advertising image, set to default
2023-11-08 07:37:04,611 [FATAL] Updater:308 - Updater called before beeing initialized
2023-11-08 07:37:04,613 [FATAL] Updater:308 - Updater called before beeing initialized
2023-11-08 07:37:04,613 [FATAL] Updater:308 - Updater called before beeing initialized
2023-11-08 07:37:04,613 [WARN] DetailPanel:346 - Failed to get advertising image, set to default
2023-11-08 07:37:04,613 [FATAL] Updater:308 - Updater called before beeing initialized
2023-11-08 07:37:04,650 [ERROR] Updater:1120 - MainUpdater not yet initialized. External WinMGr cannot be set.
2023-11-08 07:37:04,657 [INFO] Updater:1056 - Updater Version found : 6.9.2
2023-11-08 07:37:04,673 [INFO] ApplicationProperties:184 - Using Application install path: C:\ST\STM32CubeIDE_1.13.1\STM32CubeIDE\plugins\com.st.stm32cube.common.mx_6.9.2.202309101412
2023-11-08 07:37:05,715 [INFO] MainUpdater:2868 - connection check result : 10
2023-11-08 07:37:05,716 [INFO] MainUpdater:285 - Updater Check For Update Now.
2023-11-08 07:37:05,716 [INFO] MicroXplorer:498 - Change Database Version : DB.6.0.92
2023-11-08 07:37:05,736 [INFO] McuFinderGlobals:63 - Set McuFinder mode to 2 (CubeIDE integrated)
2023-11-08 07:37:05,737 [INFO] UserAuth:179 - activating auth plugin
2023-11-08 07:37:05,741 [INFO] UserAuth:393 - Internet connection configuration mode: 1
2023-11-08 07:37:05,782 [INFO] JxBrowserEngine:151 - Initiate JxBrowser Engine with user profile folder
2023-11-08 07:37:05,784 [WARN] MainUpdater:1189 - Updater busy. Cannot search thirdparties
2023-11-08 07:37:05,784 [INFO] ThirdPartyUpdaterWithRetryManager:96 - Updater plugin is busy. [1/15]
2023-11-08 07:37:05,904 [INFO] CheckServerUpdateThread:120 - End of CheckServer Thread
2023-11-08 07:37:07,079 [INFO] WebApp:157 - Instantiating new browser for Auth
2023-11-08 07:37:07,438 [INFO] WebApp:753 - Register for checkConnection events
2023-11-08 07:37:07,438 [INFO] WebApp:390 - Apply proxy settings
2023-11-08 07:37:07,438 [INFO] WebApp:475 - Chromium requires no authentication
2023-11-08 07:37:07,444 [INFO] WebApp:418 - Direct internet connection detected
2023-11-08 07:37:07,552 [INFO] WebApp:188 - Starting web application
2023-11-08 07:37:07,553 [INFO] WebApp:520 - Web application path used C:\ST\STM32CubeIDE_1.13.1\STM32CubeIDE\plugins\com.st.stm32cube.common.mx_6.9.2.202309101412\db\plugins\mcufinder\reactClient1\index.html
2023-11-08 07:37:08,887 [WARN] PackLoader:240 - Cannot read IP mode file for STMicroelectronics.X-CUBE-SMBUS.2.1.0
2023-11-08 07:37:08,913 [WARN] PackLoader:240 - Cannot read IP mode file for STMicroelectronics.X-CUBE-AZRTOS-F7.1.1.0
2023-11-08 07:37:08,929 [WARN] PackLoader:240 - Cannot read IP mode file for STMicroelectronics.FP-SNS-MOTENV1.4.3.2
2023-11-08 07:37:08,938 [WARN] PackLoader:240 - Cannot read IP mode file for STMicroelectronics.FP-SNS-FLIGHT1.5.0.2
2023-11-08 07:37:08,950 [WARN] PackLoader:240 - Cannot read IP mode file for STMicroelectronics.X-CUBE-DISPLAY.3.0.0
2023-11-08 07:37:08,963 [WARN] PackLoader:240 - Cannot read IP mode file for STMicroelectronics.X-CUBE-BLE1.7.0.0
2023-11-08 07:37:08,971 [WARN] PackLoader:240 - Cannot read IP mode file for emotas.I-CUBE-CANOPEN.1.3.0
2023-11-08 07:37:08,979 [WARN] PackLoader:240 - Cannot read IP mode file for STMicroelectronics.X-CUBE-TOUCHGFX.4.22.0
2023-11-08 07:37:08,985 [WARN] PackLoader:240 - Cannot read IP mode file for STMicroelectronics.X-CUBE-TOUCHGFX.4.22.1
2023-11-08 07:37:08,991 [WARN] PackLoader:240 - Cannot read IP mode file for STMicroelectronics.FP-SNS-SMARTAG2.1.2.0
2023-11-08 07:37:09,002 [INFO] LogOutputStream:77 - [STDOUT_REDIRECT] 1 : Invalid condition id : UX_CORESTACK_Condition cause : null
2023-11-08 07:37:09,002 [INFO] LogOutputStream:77 - [STDOUT_REDIRECT] 1 : Invalid condition id : UX_CORESTACK_Condition cause : null
2023-11-08 07:37:09,003 [INFO] LogOutputStream:77 - [STDOUT_REDIRECT] 1 : Invalid condition id : UX_CORESTACK_Condition cause : null
2023-11-08 07:37:09,003 [INFO] LogOutputStream:77 - [STDOUT_REDIRECT] 1 : Invalid condition id : UX_CORESTACK_Condition cause : null
2023-11-08 07:37:09,003 [INFO] LogOutputStream:77 - [STDOUT_REDIRECT] 1 : Invalid condition id : UX_CORESTACK_Condition cause : null
2023-11-08 07:37:09,005 [WARN] PackLoader:240 - Cannot read IP mode file for STMicroelectronics.X-CUBE-AZRTOS-WL.2.0.0
2023-11-08 07:37:09,013 [WARN] PackLoader:240 - Cannot read IP mode file for WES.I-CUBE-Cesium.1.3.0
2023-11-08 07:37:09,020 [WARN] PackLoader:240 - Cannot read IP mode file for STMicroelectronics.X-CUBE-BLE2.3.3.0
2023-11-08 07:37:09,027 [WARN] PackLoader:240 - Cannot read IP mode file for STMicroelectronics.X-CUBE-ALGOBUILD.1.3.0
2023-11-08 07:37:09,042 [WARN] PackLoader:240 - Cannot read IP mode file for STMicroelectronics.X-CUBE-AZRTOS-G0.1.1.0
2023-11-08 07:37:09,053 [WARN] PackLoader:240 - Cannot read IP mode file for STMicroelectronics.X-CUBE-NFC4.3.0.0
2023-11-08 07:37:09,067 [WARN] PackLoader:240 - Cannot read IP mode file for STMicroelectronics.X-CUBE-BLEMGR.3.0.0
2023-11-08 07:37:09,075 [WARN] PackLoader:240 - Cannot read IP mode file for STMicroelectronics.FP-ATR-SIGFOX1.3.2.0
2023-11-08 07:37:09,128 [WARN] PackLoader:240 - Cannot read IP mode file for SEGGER.I-CUBE-embOS.1.3.1
2023-11-08 07:37:09,165 [WARN] PackLoader:240 - Cannot read IP mode file for STMicroelectronics.X-CUBE-GNSS1.6.0.0
2023-11-08 07:37:09,184 [WARN] PackLoader:240 - Cannot read IP mode file for STMicroelectronics.X-CUBE-AZRTOS-F4.1.1.0
2023-11-08 07:37:09,195 [WARN] PackLoader:240 - Cannot read IP mode file for wolfSSL.I-CUBE-wolfSSL.5.6.3
2023-11-08 07:37:09,214 [WARN] PackLoader:240 - Cannot read IP mode file for STMicroelectronics.X-CUBE-AZRTOS-L5.2.0.0
2023-11-08 07:37:09,250 [WARN] PackLoader:240 - Cannot read IP mode file for STMicroelectronics.X-CUBE-MEMS1.9.6.0
2023-11-08 07:37:09,361 [WARN] PackLoader:240 - Cannot read IP mode file for STMicroelectronics.X-CUBE-EEPRMA1.4.2.0
2023-11-08 07:37:09,373 [WARN] PackLoader:240 - Cannot read IP mode file for ITTIA_DB.I-CUBE-ITTIADB.8.8.0
2023-11-08 07:37:09,384 [WARN] PackLoader:240 - Cannot read IP mode file for STMicroelectronics.X-CUBE-BLEMGR.2.0.0
2023-11-08 07:37:09,404 [WARN] ConditionMgr:438 - getConditionDescription Invalid condition id : UX DEVICE CLASS RTOS Condition cause : null
2023-11-08 07:37:09,404 [WARN] ConditionMgr:438 - getConditionDescription Invalid condition id : UX DEVICE CLASS RTOS Condition cause : null
2023-11-08 07:37:09,405 [WARN] PackLoader:240 - Cannot read IP mode file for STMicroelectronics.X-CUBE-AZRTOS-H7.3.1.0
2023-11-08 07:37:09,406 [WARN] ConditionMgr:1039 - genDependencies : Invalid condition id : UX DEVICE CLASS RTOS Condition cause : null
2023-11-08 07:37:09,406 [WARN] ConditionMgr:1039 - genDependencies : Invalid condition id : UX DEVICE CLASS RTOS Condition cause : null
2023-11-08 07:37:09,406 [WARN] ConditionMgr:1039 - genDependencies : Invalid condition id : UX DEVICE CLASS RTOS Condition cause : null
2023-11-08 07:37:09,407 [WARN] ConditionMgr:1039 - genDependencies : Invalid condition id : UX DEVICE CLASS RTOS Condition cause : null
2023-11-08 07:37:09,407 [WARN] ConditionMgr:1039 - genDependencies : Invalid condition id : UX DEVICE CLASS RTOS Condition cause : null
2023-11-08 07:37:09,417 [WARN] PackLoader:240 - Cannot read IP mode file for STMicroelectronics.X-CUBE-NFC7.1.0.1
2023-11-08 07:37:09,430 [WARN] PackLoader:240 - Cannot read IP mode file for STMicroelectronics.X-CUBE-NFC6.3.0.0
2023-11-08 07:37:09,442 [WARN] PackLoader:240 - Cannot read IP mode file for STMicroelectronics.X-CUBE-EEPRMA1.4.1.0
2023-11-08 07:37:09,455 [WARN] PackLoader:240 - Cannot read IP mode file for STMicroelectronics.X-CUBE-AI.8.1.0
2023-11-08 07:37:09,478 [WARN] ConditionMgr:438 - getConditionDescription Invalid condition id : LAN8742 Phy interface Condition cause : null
2023-11-08 07:37:09,479 [WARN] PackLoader:240 - Cannot read IP mode file for STMicroelectronics.X-CUBE-AZRTOS-L4.2.0.0
2023-11-08 07:37:09,480 [WARN] ConditionMgr:1039 - genDependencies : Invalid condition id : LAN8742 Phy interface Condition cause : null
2023-11-08 07:37:09,480 [WARN] ConditionMgr:1039 - genDependencies : Invalid condition id : LAN8742 Phy interface Condition cause : null
2023-11-08 07:37:09,480 [WARN] ConditionMgr:1039 - genDependencies : Invalid condition id : LAN8742 Phy interface Condition cause : null
2023-11-08 07:37:09,497 [WARN] PackLoader:240 - Cannot read IP mode file for STMicroelectronics.X-CUBE-SFXS2LP1.4.0.0
2023-11-08 07:37:09,514 [WARN] PackLoader:240 - Cannot read IP mode file for STMicroelectronics.X-CUBE-ISPU.1.1.0
2023-11-08 07:37:09,533 [WARN] ConditionMgr:438 - getConditionDescription Invalid condition id : UX DEVICE CLASS RTOS Condition cause : null
2023-11-08 07:37:09,533 [WARN] ConditionMgr:438 - getConditionDescription Invalid condition id : UX DEVICE CLASS RTOS Condition cause : null
2023-11-08 07:37:09,534 [WARN] PackLoader:240 - Cannot read IP mode file for STMicroelectronics.X-CUBE-AZRTOS-WB.2.0.0
2023-11-08 07:37:09,535 [WARN] ConditionMgr:1039 - genDependencies : Invalid condition id : UX DEVICE CLASS RTOS Condition cause : null
2023-11-08 07:37:09,535 [WARN] ConditionMgr:1039 - genDependencies : Invalid condition id : UX DEVICE CLASS RTOS Condition cause : null
2023-11-08 07:37:09,535 [WARN] ConditionMgr:1039 - genDependencies : Invalid condition id : UX DEVICE CLASS RTOS Condition cause : null
2023-11-08 07:37:09,535 [WARN] ConditionMgr:1039 - genDependencies : Invalid condition id : UX DEVICE CLASS RTOS Condition cause : null
2023-11-08 07:37:09,535 [WARN] ConditionMgr:1039 - genDependencies : Invalid condition id : UX DEVICE CLASS RTOS Condition cause : null
2023-11-08 07:37:09,551 [WARN] PackLoader:240 - Cannot read IP mode file for STMicroelectronics.X-CUBE-SUBG2.5.0.0
2023-11-08 07:37:09,567 [WARN] PackLoader:240 - Cannot read IP mode file for STMicroelectronics.X-CUBE-TOF1.3.3.1
2023-11-08 07:37:09,596 [WARN] PackLoader:240 - Cannot read IP mode file for STMicroelectronics.X-CUBE-AZRTOS-G4.2.0.0
2023-11-08 07:37:09,626 [WARN] PackLoader:240 - Cannot read IP mode file for Infineon.AIROC-Wi-Fi-Bluetooth-STM32.1.5.1
2023-11-08 07:37:09,671 [WARN] PackLoader:240 - Cannot read IP mode file for STMicroelectronics.X-CUBE-MEMS1.10.0.0
2023-11-08 07:37:09,730 [WARN] PackLoader:240 - Cannot read IP mode file for STMicroelectronics.X-CUBE-FREERTOS.1.1.0
2023-11-08 07:37:09,745 [WARN] PackLoader:240 - Cannot read IP mode file for portGmbH.I-Cube-SoM-uGOAL.1.1.0
2023-11-08 07:37:09,765 [WARN] PackLoader:240 - Cannot read IP mode file for STMicroelectronics.X-CUBE-ALS.1.0.1
2023-11-08 07:37:09,778 [WARN] PackLoader:240 - Cannot read IP mode file for STMicroelectronics.FP-ATR-ASTRA1.2.0.0
2023-11-08 07:37:09,779 [INFO] ThirdParty:978 - Integrity check success = true
2023-11-08 07:37:09,780 [INFO] IntegrityCheckThread:100 - exiting critical section [integrity check]
2023-11-08 07:37:09,780 [INFO] IntegrityCheckThread:103 - End integrity checks thread
2023-11-08 07:37:21,810 [ERROR] LogOutputStream:75 - [STDERR_REDIRECT] SLF4J: Failed to load class "org.slf4j.impl.StaticLoggerBinder".
2023-11-08 07:37:21,810 [ERROR] LogOutputStream:75 - [STDERR_REDIRECT] SLF4J: Defaulting to no-operation (NOP) logger implementation
2023-11-08 07:37:21,811 [ERROR] LogOutputStream:75 - [STDERR_REDIRECT] SLF4J: See http://www.slf4j.org/codes.html#StaticLoggerBinder for further details.
2023-11-08 08:04:05,554 [ERROR] LogOutputStream:75 - [STDERR_REDIRECT] 
