2023-10-11 06:35:46,331 [INFO] Activator:176 - 


2023-10-11 06:35:46,344 [INFO] Activator:177 - !SESSION log4j initialized
2023-10-11 06:35:56,739 [INFO] LogOutputStream:77 - [STDOUT_REDIRECT] 
2023-10-11 06:35:59,795 [INFO] ApplicationProperties:184 - Using Application install path: C:\ST\STM32CubeIDE_1.13.1\STM32CubeIDE\plugins\com.st.stm32cube.common.mx_6.9.2.202309101412
2023-10-11 06:35:59,826 [INFO] DbMcusXml:78 - Set database path to: C:\ST\STM32CubeIDE_1.13.1\STM32CubeIDE\plugins\com.st.stm32cube.common.mx_6.9.2.202309101412\\db\/mcu/
2023-10-11 06:35:59,827 [INFO] ApiDb:274 - Set plugin database path to: C:\ST\STM32CubeIDE_1.13.1\STM32CubeIDE\plugins\com.st.stm32cube.common.mx_6.9.2.202309101412\\db\/plugins/boardmanager/
2023-10-11 06:35:59,828 [WARN] ApiDb:259 - Overriding images path with different value:  => C:\ST\STM32CubeIDE_1.13.1\STM32CubeIDE\plugins\com.st.stm32cube.common.mx_6.9.2.202309101412\\db\/plugins/mcufinder/images/
2023-10-11 06:35:59,866 [INFO] ApiDb:250 - Set database path to: C:\Users\Ubaid\.stmcufinder\plugins\mcufinder//mcu/
2023-10-11 06:35:59,868 [INFO] DbMcusAds:125 - Set database path to: C:\Users\Ubaid\.stmcufinder\plugins\mcufinder//mcu/
2023-10-11 06:35:59,873 [INFO] CrossReferenceDbSqlite:203 - Set database path to: C:\Users\Ubaid\.stmcufinder\plugins\mcufinder//mcu/cs/
2023-10-11 06:36:00,119 [INFO] RulesReader:64 - Compatibility file has been processed (293 Rules)
2023-10-11 06:36:00,266 [INFO] DbMcusXml:78 - Set database path to: C:\ST\STM32CubeIDE_1.13.1\STM32CubeIDE\plugins\com.st.stm32cube.common.mx_6.9.2.202309101412\\db\/mcu/
2023-10-11 06:36:00,266 [INFO] ApiDb:274 - Set plugin database path to: C:\ST\STM32CubeIDE_1.13.1\STM32CubeIDE\plugins\com.st.stm32cube.common.mx_6.9.2.202309101412\\db\/plugins/boardmanager/
2023-10-11 06:36:00,267 [INFO] ApiDb:261 - Set plugin images path to: C:\ST\STM32CubeIDE_1.13.1\STM32CubeIDE\plugins\com.st.stm32cube.common.mx_6.9.2.202309101412\\db\/plugins/mcufinder/images/
2023-10-11 06:36:00,267 [WARN] DbFile:41 - Overriding database path with different value: C:\Users\Ubaid\.stmcufinder\plugins\mcufinder/ => C:\Users\Ubaid\.stmcufinder\plugins\mcufinder
2023-10-11 06:36:00,268 [INFO] ApiDb:250 - Set database path to: C:\Users\Ubaid\.stmcufinder\plugins\mcufinder//mcu/
2023-10-11 06:36:00,269 [WARN] DbFile:41 - Overriding database path with different value: C:\Users\Ubaid\.stmcufinder\plugins\mcufinder/ => C:\Users\Ubaid\.stmcufinder\plugins\mcufinder
2023-10-11 06:36:00,269 [INFO] DbMcusAds:125 - Set database path to: C:\Users\Ubaid\.stmcufinder\plugins\mcufinder//mcu/
2023-10-11 06:36:00,269 [WARN] DbFile:41 - Overriding database path with different value: C:\Users\Ubaid\.stmcufinder\plugins\mcufinder/ => C:\Users\Ubaid\.stmcufinder\plugins\mcufinder
2023-10-11 06:36:00,269 [WARN] DbFile:41 - Overriding database path with different value: C:\Users\Ubaid\.stmcufinder\plugins\mcufinder/ => C:\Users\Ubaid\.stmcufinder\plugins\mcufinder
2023-10-11 06:36:00,270 [INFO] CrossReferenceDbSqlite:203 - Set database path to: C:\Users\Ubaid\.stmcufinder\plugins\mcufinder//mcu/cs/
2023-10-11 06:36:00,488 [INFO] MainPanel:262 - HeapMemory: 268435456
2023-10-11 06:36:00,671 [INFO] DbMcusXml:78 - Set database path to: C:\ST\STM32CubeIDE_1.13.1\STM32CubeIDE\plugins\com.st.stm32cube.common.mx_6.9.2.202309101412\\db\/mcu/
2023-10-11 06:36:00,671 [INFO] ApiDb:274 - Set plugin database path to: C:\ST\STM32CubeIDE_1.13.1\STM32CubeIDE\plugins\com.st.stm32cube.common.mx_6.9.2.202309101412\\db\/plugins/boardmanager/
2023-10-11 06:36:00,671 [INFO] ApiDb:261 - Set plugin images path to: C:\ST\STM32CubeIDE_1.13.1\STM32CubeIDE\plugins\com.st.stm32cube.common.mx_6.9.2.202309101412\\db\/plugins/mcufinder/images/
2023-10-11 06:36:00,673 [WARN] DbFile:41 - Overriding database path with different value: C:\Users\Ubaid\.stmcufinder\plugins\mcufinder/ => C:\Users\Ubaid\.stmcufinder\plugins\mcufinder
2023-10-11 06:36:00,674 [INFO] ApiDb:250 - Set database path to: C:\Users\Ubaid\.stmcufinder\plugins\mcufinder//mcu/
2023-10-11 06:36:00,674 [WARN] DbFile:41 - Overriding database path with different value: C:\Users\Ubaid\.stmcufinder\plugins\mcufinder/ => C:\Users\Ubaid\.stmcufinder\plugins\mcufinder
2023-10-11 06:36:00,674 [INFO] DbMcusAds:125 - Set database path to: C:\Users\Ubaid\.stmcufinder\plugins\mcufinder//mcu/
2023-10-11 06:36:00,675 [WARN] DbFile:41 - Overriding database path with different value: C:\Users\Ubaid\.stmcufinder\plugins\mcufinder/ => C:\Users\Ubaid\.stmcufinder\plugins\mcufinder
2023-10-11 06:36:00,675 [WARN] DbFile:41 - Overriding database path with different value: C:\Users\Ubaid\.stmcufinder\plugins\mcufinder/ => C:\Users\Ubaid\.stmcufinder\plugins\mcufinder
2023-10-11 06:36:00,675 [INFO] CrossReferenceDbSqlite:203 - Set database path to: C:\Users\Ubaid\.stmcufinder\plugins\mcufinder//mcu/cs/
2023-10-11 06:36:00,723 [INFO] ApplicationProperties:184 - Using Application install path: C:\ST\STM32CubeIDE_1.13.1\STM32CubeIDE\plugins\com.st.stm32cube.common.mx_6.9.2.202309101412
2023-10-11 06:36:00,725 [INFO] PluginManage:196 - Search for loadable plugins [exclusion list=, ]
2023-10-11 06:36:00,728 [INFO] PluginManage:310 - Check plugin analytics
2023-10-11 06:36:01,269 [INFO] AnalyticsPlugin:253 - Accepted Software Licenses: STM32CubeMX.6.9.1
2023-10-11 06:36:01,269 [INFO] AnalyticsPlugin:255 - Accepted CMSIS Pack Licenses: 
2023-10-11 06:36:01,269 [INFO] AnalyticsPlugin:257 - Accepted Firmware Licenses: FW.F4.1.27.0
2023-10-11 06:36:01,273 [INFO] PluginManage:359 - Loaded plugin analytics (category:tool,tabindex:-1)
2023-10-11 06:36:01,273 [INFO] PluginManage:310 - Check plugin cadmodel
2023-10-11 06:36:01,291 [INFO] CADModel:105 - Init CAD model plugin
2023-10-11 06:36:01,291 [INFO] PluginManage:359 - Loaded plugin cadmodel (category:power,tabindex:5)
2023-10-11 06:36:01,291 [INFO] PluginManage:310 - Check plugin clock
2023-10-11 06:36:01,317 [INFO] PluginManage:359 - Loaded plugin clock (category:base,tabindex:2)
2023-10-11 06:36:01,317 [INFO] PluginManage:310 - Check plugin ddr
2023-10-11 06:36:01,321 [INFO] PluginManage:359 - Loaded plugin ddr (category:tool,tabindex:6)
2023-10-11 06:36:01,321 [INFO] PluginManage:310 - Check plugin filemanager
2023-10-11 06:36:01,609 [INFO] PluginManage:359 - Loaded plugin filemanager (category:base,tabindex:10)
2023-10-11 06:36:01,610 [INFO] PluginManage:310 - Check plugin ipmanager
2023-10-11 06:36:01,619 [INFO] PluginManage:359 - Loaded plugin ipmanager (category:base,tabindex:5)
2023-10-11 06:36:01,620 [INFO] PluginManage:310 - Check plugin lpbam
2023-10-11 06:36:01,644 [INFO] PluginManage:359 - Loaded plugin lpbam (category:base,tabindex:0)
2023-10-11 06:36:01,644 [INFO] PluginManage:310 - Check plugin memorymap
2023-10-11 06:36:01,708 [INFO] PluginManage:359 - Loaded plugin memorymap (category:base,tabindex:4)
2023-10-11 06:36:01,708 [INFO] PluginManage:310 - Check plugin pinoutandconfiguration
2023-10-11 06:36:01,735 [INFO] PluginManage:359 - Loaded plugin pinoutandconfiguration (category:base,tabindex:1)
2023-10-11 06:36:01,736 [INFO] PluginManage:310 - Check plugin pinoutconfig
2023-10-11 06:36:01,957 [WARN] SupportedApi:132 - Cannot load RTOS API schema: s4s-elt-must-match.1: The content of 'definitions' must match (annotation?, (simpleType | complexType)?, (unique | key | keyref)*)). A problem was found starting at: attribute.
2023-10-11 06:36:02,217 [INFO] PluginManage:359 - Loaded plugin pinoutconfig (category:base,tabindex:0)
2023-10-11 06:36:02,218 [INFO] PluginManage:310 - Check plugin power
2023-10-11 06:36:02,258 [INFO] PluginManage:359 - Loaded plugin power (category:power,tabindex:4)
2023-10-11 06:36:02,258 [INFO] PluginManage:310 - Check plugin projectmanager
2023-10-11 06:36:02,282 [INFO] PluginManage:359 - Loaded plugin projectmanager (category:projectmanager,tabindex:3)
2023-10-11 06:36:02,282 [INFO] PluginManage:310 - Check plugin thirdparty
2023-10-11 06:36:02,613 [INFO] PluginManage:359 - Loaded plugin thirdparty (category:base,tabindex:-1)
2023-10-11 06:36:02,613 [WARN] IntegrityCheckThread:84 - waiting for thirdparty lock release [integrity check]
2023-10-11 06:36:02,614 [INFO] IntegrityCheckThread:86 - entering critical section [integrity check]
2023-10-11 06:36:02,614 [INFO] ThirdPartyUpdaterWithRetryManager:70 - Updater plugin not ready yet. [1/15]
2023-10-11 06:36:02,614 [INFO] PluginManage:310 - Check plugin tools
2023-10-11 06:36:02,666 [INFO] PluginManage:359 - Loaded plugin tools (category:base,tabindex:7)
2023-10-11 06:36:02,666 [INFO] PluginManage:310 - Check plugin tutovideos
2023-10-11 06:36:02,996 [INFO] PluginManage:359 - Loaded plugin tutovideos (category:base,tabindex:-1)
2023-10-11 06:36:02,997 [INFO] PluginManage:310 - Check plugin updater
2023-10-11 06:36:03,027 [INFO] PluginManage:359 - Loaded plugin updater (category:base,tabindex:12)
2023-10-11 06:36:03,027 [INFO] PluginManage:310 - Check plugin userauth
2023-10-11 06:36:03,034 [INFO] UserAuth:113 - Init User Auth plugin
2023-10-11 06:36:03,034 [INFO] PluginManage:359 - Loaded plugin userauth (category:base,tabindex:14)
2023-10-11 06:36:03,034 [INFO] PluginManage:283 - PluginManage : Loaded plugins [17]
2023-10-11 06:36:03,508 [INFO] PinOutPanel:1499 - setPackage(No Configuration,No Configuration)
2023-10-11 06:36:03,671 [INFO] CADModel:165 - CPN selected for project level
2023-10-11 06:36:03,671 [INFO] CADModel:114 - Register for checkConnection events
2023-10-11 06:36:03,699 [INFO] IPUIPlugin:80 - create IPUIPlugin
2023-10-11 06:36:03,699 [INFO] PluginManager:220 - loadIPPluginJar : add adc
2023-10-11 06:36:03,746 [INFO] IPUIPlugin:80 - create IPUIPlugin
2023-10-11 06:36:03,747 [INFO] PluginManager:220 - loadIPPluginJar : add aes
2023-10-11 06:36:03,817 [INFO] IPUIPlugin:80 - create IPUIPlugin
2023-10-11 06:36:03,817 [INFO] PluginManager:220 - loadIPPluginJar : add can
2023-10-11 06:36:03,855 [INFO] IPUIPlugin:80 - create IPUIPlugin
2023-10-11 06:36:03,857 [INFO] PluginManager:220 - loadIPPluginJar : add comp
2023-10-11 06:36:03,912 [INFO] IPUIPlugin:80 - create IPUIPlugin
2023-10-11 06:36:03,912 [INFO] PluginManager:220 - loadIPPluginJar : add cryp
2023-10-11 06:36:03,969 [INFO] IPUIPlugin:80 - create IPUIPlugin
2023-10-11 06:36:03,969 [INFO] PluginManager:220 - loadIPPluginJar : add dfsdm
2023-10-11 06:36:04,001 [INFO] IPUIPlugin:80 - create IPUIPlugin
2023-10-11 06:36:04,001 [INFO] PluginManager:220 - loadIPPluginJar : add dma
2023-10-11 06:36:04,082 [INFO] IPUIPlugin:80 - create IPUIPlugin
2023-10-11 06:36:04,083 [INFO] PluginManager:220 - loadIPPluginJar : add dma3
2023-10-11 06:36:04,104 [INFO] IPUIPlugin:80 - create IPUIPlugin
2023-10-11 06:36:04,104 [INFO] PluginManager:220 - loadIPPluginJar : add fatfs
2023-10-11 06:36:04,184 [INFO] IPUIPlugin:80 - create IPUIPlugin
2023-10-11 06:36:04,184 [INFO] PluginManager:220 - loadIPPluginJar : add fmc
2023-10-11 06:36:04,201 [INFO] IPUIPlugin:80 - create IPUIPlugin
2023-10-11 06:36:04,201 [INFO] PluginManager:220 - loadIPPluginJar : add freertos
2023-10-11 06:36:04,229 [INFO] IPUIPlugin:80 - create IPUIPlugin
2023-10-11 06:36:04,229 [INFO] PluginManager:220 - loadIPPluginJar : add genericplugin
2023-10-11 06:36:04,365 [INFO] IPUIPlugin:80 - create IPUIPlugin
2023-10-11 06:36:04,365 [INFO] PluginManager:220 - loadIPPluginJar : add gfxmmu
2023-10-11 06:36:04,605 [INFO] IPUIPlugin:80 - create IPUIPlugin
2023-10-11 06:36:04,605 [INFO] PluginManager:220 - loadIPPluginJar : add gic
2023-10-11 06:36:04,621 [INFO] IPUIPlugin:80 - create IPUIPlugin
2023-10-11 06:36:04,621 [INFO] PluginManager:220 - loadIPPluginJar : add gpio
2023-10-11 06:36:04,779 [INFO] IPUIPlugin:80 - create IPUIPlugin
2023-10-11 06:36:04,779 [INFO] PluginManager:220 - loadIPPluginJar : add gtzc
2023-10-11 06:36:04,838 [INFO] IPUIPlugin:80 - create IPUIPlugin
2023-10-11 06:36:04,838 [INFO] PluginManager:220 - loadIPPluginJar : add hash
2023-10-11 06:36:04,928 [INFO] IPUIPlugin:80 - create IPUIPlugin
2023-10-11 06:36:04,928 [INFO] PluginManager:220 - loadIPPluginJar : add i2c
2023-10-11 06:36:05,002 [INFO] IPUIPlugin:80 - create IPUIPlugin
2023-10-11 06:36:05,002 [INFO] PluginManager:220 - loadIPPluginJar : add i2s
2023-10-11 06:36:05,094 [INFO] IPUIPlugin:80 - create IPUIPlugin
2023-10-11 06:36:05,095 [INFO] PluginManager:220 - loadIPPluginJar : add i3c
2023-10-11 06:36:05,298 [INFO] IPUIPlugin:80 - create IPUIPlugin
2023-10-11 06:36:05,298 [INFO] PluginManager:220 - loadIPPluginJar : add ipddr
2023-10-11 06:36:05,458 [INFO] IPUIPlugin:80 - create IPUIPlugin
2023-10-11 06:36:05,458 [INFO] PluginManager:220 - loadIPPluginJar : add linkedlist
2023-10-11 06:36:05,522 [INFO] IPUIPlugin:80 - create IPUIPlugin
2023-10-11 06:36:05,522 [INFO] PluginManager:220 - loadIPPluginJar : add lorawan
2023-10-11 06:36:05,594 [INFO] IPUIPlugin:80 - create IPUIPlugin
2023-10-11 06:36:05,595 [INFO] PluginManager:220 - loadIPPluginJar : add ltdc
2023-10-11 06:36:05,619 [INFO] ThirdPartyUpdaterWithRetryManager:70 - Updater plugin not ready yet. [2/15]
2023-10-11 06:36:05,626 [INFO] IPUIPlugin:80 - create IPUIPlugin
2023-10-11 06:36:05,629 [INFO] PluginManager:220 - loadIPPluginJar : add mdma
2023-10-11 06:36:05,651 [INFO] IPUIPlugin:80 - create IPUIPlugin
2023-10-11 06:36:05,651 [INFO] PluginManager:220 - loadIPPluginJar : add nvic
2023-10-11 06:36:05,713 [INFO] IPUIPlugin:80 - create IPUIPlugin
2023-10-11 06:36:05,713 [INFO] PluginManager:220 - loadIPPluginJar : add opamp
2023-10-11 06:36:05,823 [INFO] IPUIPlugin:80 - create IPUIPlugin
2023-10-11 06:36:05,823 [INFO] PluginManager:220 - loadIPPluginJar : add openamp
2023-10-11 06:36:05,912 [INFO] IPUIPlugin:80 - create IPUIPlugin
2023-10-11 06:36:05,912 [INFO] PluginManager:220 - loadIPPluginJar : add pdm2pcm
2023-10-11 06:36:05,931 [INFO] IPUIPlugin:80 - create IPUIPlugin
2023-10-11 06:36:05,937 [INFO] PluginManager:220 - loadIPPluginJar : add plateformsettings
2023-10-11 06:36:05,962 [INFO] IPUIPlugin:80 - create IPUIPlugin
2023-10-11 06:36:05,962 [INFO] PluginManager:220 - loadIPPluginJar : add quadspi
2023-10-11 06:36:05,977 [INFO] IPUIPlugin:80 - create IPUIPlugin
2023-10-11 06:36:05,977 [INFO] PluginManager:220 - loadIPPluginJar : add resmgrutility
2023-10-11 06:36:06,033 [INFO] IPUIPlugin:80 - create IPUIPlugin
2023-10-11 06:36:06,034 [INFO] PluginManager:220 - loadIPPluginJar : add sai
2023-10-11 06:36:06,100 [INFO] IPUIPlugin:80 - create IPUIPlugin
2023-10-11 06:36:06,100 [INFO] PluginManager:220 - loadIPPluginJar : add spi
2023-10-11 06:36:06,207 [INFO] IPUIPlugin:80 - create IPUIPlugin
2023-10-11 06:36:06,207 [INFO] PluginManager:220 - loadIPPluginJar : add stm32_wpan
2023-10-11 06:36:06,252 [INFO] IPUIPlugin:80 - create IPUIPlugin
2023-10-11 06:36:06,252 [INFO] PluginManager:220 - loadIPPluginJar : add tim
2023-10-11 06:36:06,318 [INFO] IPUIPlugin:80 - create IPUIPlugin
2023-10-11 06:36:06,318 [INFO] PluginManager:220 - loadIPPluginJar : add touchsensing
2023-10-11 06:36:06,345 [INFO] IPUIPlugin:80 - create IPUIPlugin
2023-10-11 06:36:06,345 [INFO] PluginManager:220 - loadIPPluginJar : add tracer_emb
2023-10-11 06:36:06,384 [INFO] IPUIPlugin:80 - create IPUIPlugin
2023-10-11 06:36:06,384 [INFO] PluginManager:220 - loadIPPluginJar : add ts
2023-10-11 06:36:06,419 [INFO] IPUIPlugin:80 - create IPUIPlugin
2023-10-11 06:36:06,420 [INFO] PluginManager:220 - loadIPPluginJar : add tsc
2023-10-11 06:36:06,463 [INFO] IPUIPlugin:80 - create IPUIPlugin
2023-10-11 06:36:06,463 [INFO] PluginManager:220 - loadIPPluginJar : add ucpd
2023-10-11 06:36:06,540 [INFO] IPUIPlugin:80 - create IPUIPlugin
2023-10-11 06:36:06,540 [INFO] PluginManager:220 - loadIPPluginJar : add usart
2023-10-11 06:36:06,617 [INFO] IPUIPlugin:80 - create IPUIPlugin
2023-10-11 06:36:06,617 [INFO] PluginManager:220 - loadIPPluginJar : add usbx
2023-10-11 06:36:06,797 [INFO] CADModel:165 - CPN selected for project level
2023-10-11 06:36:06,797 [INFO] CADModel:114 - Register for checkConnection events
2023-10-11 06:36:06,797 [FATAL] Updater:308 - Updater called before beeing initialized
2023-10-11 06:36:06,798 [ERROR] CADModel:125 - Updater not yet initialized, retry later 
2023-10-11 06:36:07,159 [INFO] CADModel:165 - CPN selected for project level
2023-10-11 06:36:07,159 [INFO] CADModel:114 - Register for checkConnection events
2023-10-11 06:36:07,160 [FATAL] Updater:308 - Updater called before beeing initialized
2023-10-11 06:36:07,160 [ERROR] CADModel:125 - Updater not yet initialized, retry later 
2023-10-11 06:36:07,166 [FATAL] Updater:308 - Updater called before beeing initialized
2023-10-11 06:36:07,436 [FATAL] Updater:308 - Updater called before beeing initialized
2023-10-11 06:36:07,457 [INFO] DbMcusAds:53 - JSON generation date=Tue Mar 07 14:20:55 IST 2023 (1678179055114)
2023-10-11 06:36:07,457 [FATAL] Updater:308 - Updater called before beeing initialized
2023-10-11 06:36:07,579 [WARN] DetailPanel:346 - Failed to get advertising image, set to default
2023-10-11 06:36:07,763 [FATAL] Updater:308 - Updater called before beeing initialized
2023-10-11 06:36:07,771 [FATAL] Updater:308 - Updater called before beeing initialized
2023-10-11 06:36:07,771 [FATAL] Updater:308 - Updater called before beeing initialized
2023-10-11 06:36:07,771 [WARN] DetailPanel:346 - Failed to get advertising image, set to default
2023-10-11 06:36:07,773 [FATAL] Updater:308 - Updater called before beeing initialized
2023-10-11 06:36:07,901 [ERROR] Updater:1120 - MainUpdater not yet initialized. External WinMGr cannot be set.
2023-10-11 06:36:07,926 [INFO] Updater:1056 - Updater Version found : 6.9.2
2023-10-11 06:36:07,970 [INFO] ApplicationProperties:184 - Using Application install path: C:\ST\STM32CubeIDE_1.13.1\STM32CubeIDE\plugins\com.st.stm32cube.common.mx_6.9.2.202309101412
2023-10-11 06:36:08,630 [INFO] ThirdPartyUpdaterWithRetryManager:70 - Updater plugin not ready yet. [3/15]
2023-10-11 06:36:09,500 [INFO] MainUpdater:2868 - connection check result : 10
2023-10-11 06:36:09,501 [INFO] MainUpdater:3562 - Updater definition file requires update
2023-10-11 06:36:09,503 [INFO] MainUpdater:285 - Updater Check For Update Now.
2023-10-11 06:36:09,503 [INFO] MicroXplorer:498 - Change Database Version : DB.6.0.92
2023-10-11 06:36:09,545 [INFO] McuFinderGlobals:63 - Set McuFinder mode to 2 (CubeIDE integrated)
2023-10-11 06:36:09,545 [INFO] UserAuth:179 - activating auth plugin
2023-10-11 06:36:09,549 [INFO] UserAuth:393 - Internet connection configuration mode: 1
2023-10-11 06:36:09,576 [INFO] JxBrowserEngine:151 - Initiate JxBrowser Engine with user profile folder
2023-10-11 06:36:10,767 [INFO] ServerAccessManage:473 - Download File updaters.zip
2023-10-11 06:36:10,959 [INFO] FileExtend:240 - Unzip File : updaters.zip
2023-10-11 06:36:10,960 [INFO] FileExtend:255 - Standard Zip Deflate
2023-10-11 06:36:11,633 [WARN] MainUpdater:1189 - Updater busy. Cannot search thirdparties
2023-10-11 06:36:11,634 [INFO] ThirdPartyUpdaterWithRetryManager:96 - Updater plugin is busy. [1/15]
2023-10-11 06:36:12,030 [INFO] ServerAccessManage:473 - Download File PacksControlFlags.xml
2023-10-11 06:36:12,494 [INFO] WebApp:157 - Instantiating new browser for Auth
2023-10-11 06:36:12,843 [INFO] ServerAccessManage:473 - Download File cubemx.pidx
2023-10-11 06:36:14,641 [WARN] MainUpdater:1189 - Updater busy. Cannot search thirdparties
2023-10-11 06:36:14,641 [INFO] ThirdPartyUpdaterWithRetryManager:96 - Updater plugin is busy. [2/15]
2023-10-11 06:36:14,857 [INFO] WebApp:753 - Register for checkConnection events
2023-10-11 06:36:14,857 [INFO] WebApp:390 - Apply proxy settings
2023-10-11 06:36:14,858 [INFO] WebApp:475 - Chromium requires no authentication
2023-10-11 06:36:14,870 [INFO] WebApp:418 - Direct internet connection detected
2023-10-11 06:36:15,054 [INFO] ServerAccessManage:473 - Download File STMicroelectronics.X-CUBE-TOUCHGFX.pdsc
2023-10-11 06:36:15,167 [INFO] WebApp:188 - Starting web application
2023-10-11 06:36:15,168 [INFO] WebApp:520 - Web application path used C:\ST\STM32CubeIDE_1.13.1\STM32CubeIDE\plugins\com.st.stm32cube.common.mx_6.9.2.202309101412\db\plugins\mcufinder\reactClient1\index.html
2023-10-11 06:36:17,645 [WARN] MainUpdater:1189 - Updater busy. Cannot search thirdparties
2023-10-11 06:36:17,645 [INFO] ThirdPartyUpdaterWithRetryManager:96 - Updater plugin is busy. [3/15]
2023-10-11 06:36:19,351 [ERROR] LogOutputStream:75 - [STDERR_REDIRECT] SLF4J: Failed to load class "org.slf4j.impl.StaticLoggerBinder".
2023-10-11 06:36:19,353 [ERROR] LogOutputStream:75 - [STDERR_REDIRECT] SLF4J: Defaulting to no-operation (NOP) logger implementation
2023-10-11 06:36:19,355 [ERROR] LogOutputStream:75 - [STDERR_REDIRECT] SLF4J: See http://www.slf4j.org/codes.html#StaticLoggerBinder for further details.
2023-10-11 06:36:20,658 [WARN] MainUpdater:1189 - Updater busy. Cannot search thirdparties
2023-10-11 06:36:20,658 [INFO] ThirdPartyUpdaterWithRetryManager:96 - Updater plugin is busy. [4/15]
2023-10-11 06:36:23,666 [WARN] MainUpdater:1189 - Updater busy. Cannot search thirdparties
2023-10-11 06:36:23,667 [INFO] ThirdPartyUpdaterWithRetryManager:96 - Updater plugin is busy. [5/15]
2023-10-11 06:36:26,674 [WARN] MainUpdater:1189 - Updater busy. Cannot search thirdparties
2023-10-11 06:36:26,676 [INFO] ThirdPartyUpdaterWithRetryManager:96 - Updater plugin is busy. [6/15]
2023-10-11 06:36:28,998 [ERROR] ServerAccessManage:1096 - Problem, Http access forbiden
2023-10-11 06:36:29,002 [ERROR] ServerAccessManage:651 - Problem, Http access forbiden : RoweBots.I-CUBE-UNISONRTOS.pdsc.
2023-10-11 06:36:29,689 [WARN] MainUpdater:1189 - Updater busy. Cannot search thirdparties
2023-10-11 06:36:29,690 [INFO] ThirdPartyUpdaterWithRetryManager:96 - Updater plugin is busy. [7/15]
2023-10-11 06:36:30,328 [INFO] ServerAccessManage:473 - Download File ITTIA_DB.I-CUBE-ITTIADB.pdsc
2023-10-11 06:36:32,702 [WARN] MainUpdater:1189 - Updater busy. Cannot search thirdparties
2023-10-11 06:36:32,702 [INFO] ThirdPartyUpdaterWithRetryManager:96 - Updater plugin is busy. [8/15]
2023-10-11 06:36:35,074 [INFO] ServerAccessManage:473 - Download File Infineon.AIROC-Wi-Fi-Bluetooth-STM32.pdsc
2023-10-11 06:36:35,717 [WARN] MainUpdater:1189 - Updater busy. Cannot search thirdparties
2023-10-11 06:36:35,717 [INFO] ThirdPartyUpdaterWithRetryManager:96 - Updater plugin is busy. [9/15]
2023-10-11 06:36:38,080 [WARN] PackLoader:240 - Cannot read IP mode file for STMicroelectronics.X-CUBE-TOUCHGFX.4.22.1
2023-10-11 06:36:38,094 [WARN] PackLoader:240 - Cannot read IP mode file for ITTIA_DB.I-CUBE-ITTIADB.8.8.0
2023-10-11 06:36:38,120 [WARN] PackLoader:240 - Cannot read IP mode file for Infineon.AIROC-Wi-Fi-Bluetooth-STM32.1.5.1
2023-10-11 06:36:38,146 [INFO] PopulateThirdPartyThread:66 - Ending populate Thread
2023-10-11 06:36:38,148 [INFO] ThirdParty:1030 - CMSIS Pack Vendor :STMicroelectronics X-CUBE-TOUCHGFX 4.22.1
2023-10-11 06:36:38,148 [INFO] ThirdParty:1030 - CMSIS Pack Vendor :Infineon AIROC-Wi-Fi-Bluetooth-STM32 1.5.1
2023-10-11 06:36:38,148 [INFO] ThirdParty:1030 - CMSIS Pack Vendor :ITTIA_DB I-CUBE-ITTIADB 8.8.0
2023-10-11 06:36:38,149 [INFO] LoadServerUpdatesThread:373 - End of LoadServerUpdate Thread
2023-10-11 06:36:38,296 [INFO] CheckServerUpdateThread:120 - End of CheckServer Thread
2023-10-11 06:36:38,956 [WARN] PackLoader:240 - Cannot read IP mode file for STMicroelectronics.X-CUBE-SMBUS.2.1.0
2023-10-11 06:36:38,999 [WARN] PackLoader:240 - Cannot read IP mode file for STMicroelectronics.X-CUBE-AZRTOS-F7.1.1.0
2023-10-11 06:36:39,052 [WARN] PackLoader:240 - Cannot read IP mode file for STMicroelectronics.FP-SNS-MOTENV1.4.3.2
2023-10-11 06:36:39,075 [WARN] PackLoader:240 - Cannot read IP mode file for STMicroelectronics.FP-SNS-FLIGHT1.5.0.2
2023-10-11 06:36:39,096 [WARN] PackLoader:240 - Cannot read IP mode file for STMicroelectronics.X-CUBE-DISPLAY.3.0.0
2023-10-11 06:36:39,117 [WARN] PackLoader:240 - Cannot read IP mode file for STMicroelectronics.X-CUBE-BLE1.7.0.0
2023-10-11 06:36:39,134 [WARN] PackLoader:240 - Cannot read IP mode file for emotas.I-CUBE-CANOPEN.1.3.0
2023-10-11 06:36:39,150 [WARN] PackLoader:240 - Cannot read IP mode file for STMicroelectronics.X-CUBE-TOUCHGFX.4.22.0
2023-10-11 06:36:39,153 [WARN] PackLoader:240 - Cannot read IP mode file for STMicroelectronics.X-CUBE-TOUCHGFX.4.22.1
2023-10-11 06:36:39,168 [WARN] PackLoader:240 - Cannot read IP mode file for STMicroelectronics.FP-SNS-SMARTAG2.1.2.0
2023-10-11 06:36:39,200 [INFO] LogOutputStream:77 - [STDOUT_REDIRECT] 1 : Invalid condition id : UX_CORESTACK_Condition cause : null
2023-10-11 06:36:39,201 [INFO] LogOutputStream:77 - [STDOUT_REDIRECT] 1 : Invalid condition id : UX_CORESTACK_Condition cause : null
2023-10-11 06:36:39,202 [INFO] LogOutputStream:77 - [STDOUT_REDIRECT] 1 : Invalid condition id : UX_CORESTACK_Condition cause : null
2023-10-11 06:36:39,203 [INFO] LogOutputStream:77 - [STDOUT_REDIRECT] 1 : Invalid condition id : UX_CORESTACK_Condition cause : null
2023-10-11 06:36:39,204 [INFO] LogOutputStream:77 - [STDOUT_REDIRECT] 1 : Invalid condition id : UX_CORESTACK_Condition cause : null
2023-10-11 06:36:39,209 [WARN] PackLoader:240 - Cannot read IP mode file for STMicroelectronics.X-CUBE-AZRTOS-WL.2.0.0
2023-10-11 06:36:39,233 [WARN] PackLoader:240 - Cannot read IP mode file for WES.I-CUBE-Cesium.1.3.0
2023-10-11 06:36:39,248 [WARN] PackLoader:240 - Cannot read IP mode file for STMicroelectronics.X-CUBE-BLE2.3.3.0
2023-10-11 06:36:39,270 [WARN] PackLoader:240 - Cannot read IP mode file for STMicroelectronics.X-CUBE-ALGOBUILD.1.3.0
2023-10-11 06:36:39,348 [WARN] PackLoader:240 - Cannot read IP mode file for STMicroelectronics.X-CUBE-AZRTOS-G0.1.1.0
2023-10-11 06:36:39,396 [WARN] PackLoader:240 - Cannot read IP mode file for STMicroelectronics.X-CUBE-NFC4.3.0.0
2023-10-11 06:36:39,418 [WARN] PackLoader:240 - Cannot read IP mode file for STMicroelectronics.FP-ATR-SIGFOX1.3.2.0
2023-10-11 06:36:39,485 [WARN] PackLoader:240 - Cannot read IP mode file for SEGGER.I-CUBE-embOS.1.3.1
2023-10-11 06:36:39,966 [WARN] PackLoader:240 - Cannot read IP mode file for STMicroelectronics.X-CUBE-GNSS1.6.0.0
2023-10-11 06:36:40,371 [WARN] PackLoader:240 - Cannot read IP mode file for STMicroelectronics.X-CUBE-AZRTOS-F4.1.1.0
2023-10-11 06:36:40,421 [WARN] PackLoader:240 - Cannot read IP mode file for wolfSSL.I-CUBE-wolfSSL.5.6.3
2023-10-11 06:36:40,461 [WARN] PackLoader:240 - Cannot read IP mode file for STMicroelectronics.X-CUBE-AZRTOS-L5.2.0.0
2023-10-11 06:36:40,820 [WARN] PackLoader:240 - Cannot read IP mode file for STMicroelectronics.X-CUBE-MEMS1.9.6.0
2023-10-11 06:36:41,247 [WARN] PackLoader:240 - Cannot read IP mode file for ITTIA_DB.I-CUBE-ITTIADB.8.8.0
2023-10-11 06:36:41,307 [WARN] PackLoader:240 - Cannot read IP mode file for STMicroelectronics.X-CUBE-BLEMGR.2.0.0
2023-10-11 06:36:41,362 [WARN] ConditionMgr:438 - getConditionDescription Invalid condition id : UX DEVICE CLASS RTOS Condition cause : null
2023-10-11 06:36:41,434 [WARN] ConditionMgr:438 - getConditionDescription Invalid condition id : UX DEVICE CLASS RTOS Condition cause : null
2023-10-11 06:36:41,438 [WARN] PackLoader:240 - Cannot read IP mode file for STMicroelectronics.X-CUBE-AZRTOS-H7.3.1.0
2023-10-11 06:36:41,451 [WARN] ConditionMgr:1039 - genDependencies : Invalid condition id : UX DEVICE CLASS RTOS Condition cause : null
2023-10-11 06:36:41,453 [WARN] ConditionMgr:1039 - genDependencies : Invalid condition id : UX DEVICE CLASS RTOS Condition cause : null
2023-10-11 06:36:41,454 [WARN] ConditionMgr:1039 - genDependencies : Invalid condition id : UX DEVICE CLASS RTOS Condition cause : null
2023-10-11 06:36:41,456 [WARN] ConditionMgr:1039 - genDependencies : Invalid condition id : UX DEVICE CLASS RTOS Condition cause : null
2023-10-11 06:36:41,457 [WARN] ConditionMgr:1039 - genDependencies : Invalid condition id : UX DEVICE CLASS RTOS Condition cause : null
2023-10-11 06:36:41,571 [WARN] PackLoader:240 - Cannot read IP mode file for STMicroelectronics.X-CUBE-NFC7.1.0.1
2023-10-11 06:36:41,673 [WARN] PackLoader:240 - Cannot read IP mode file for STMicroelectronics.X-CUBE-NFC6.3.0.0
2023-10-11 06:36:41,713 [WARN] PackLoader:240 - Cannot read IP mode file for STMicroelectronics.X-CUBE-EEPRMA1.4.1.0
2023-10-11 06:36:41,736 [WARN] PackLoader:240 - Cannot read IP mode file for STMicroelectronics.X-CUBE-AI.8.1.0
2023-10-11 06:36:41,844 [WARN] ConditionMgr:438 - getConditionDescription Invalid condition id : LAN8742 Phy interface Condition cause : null
2023-10-11 06:36:41,849 [WARN] PackLoader:240 - Cannot read IP mode file for STMicroelectronics.X-CUBE-AZRTOS-L4.2.0.0
2023-10-11 06:36:41,871 [WARN] ConditionMgr:1039 - genDependencies : Invalid condition id : LAN8742 Phy interface Condition cause : null
2023-10-11 06:36:41,873 [WARN] ConditionMgr:1039 - genDependencies : Invalid condition id : LAN8742 Phy interface Condition cause : null
2023-10-11 06:36:41,906 [WARN] ConditionMgr:1039 - genDependencies : Invalid condition id : LAN8742 Phy interface Condition cause : null
2023-10-11 06:36:41,976 [WARN] PackLoader:240 - Cannot read IP mode file for STMicroelectronics.X-CUBE-SFXS2LP1.4.0.0
2023-10-11 06:36:41,991 [WARN] PackLoader:240 - Cannot read IP mode file for STMicroelectronics.X-CUBE-ISPU.1.1.0
2023-10-11 06:36:42,031 [WARN] ConditionMgr:438 - getConditionDescription Invalid condition id : UX DEVICE CLASS RTOS Condition cause : null
2023-10-11 06:36:42,031 [WARN] ConditionMgr:438 - getConditionDescription Invalid condition id : UX DEVICE CLASS RTOS Condition cause : null
2023-10-11 06:36:42,033 [WARN] PackLoader:240 - Cannot read IP mode file for STMicroelectronics.X-CUBE-AZRTOS-WB.2.0.0
2023-10-11 06:36:42,034 [WARN] ConditionMgr:1039 - genDependencies : Invalid condition id : UX DEVICE CLASS RTOS Condition cause : null
2023-10-11 06:36:42,034 [WARN] ConditionMgr:1039 - genDependencies : Invalid condition id : UX DEVICE CLASS RTOS Condition cause : null
2023-10-11 06:36:42,034 [WARN] ConditionMgr:1039 - genDependencies : Invalid condition id : UX DEVICE CLASS RTOS Condition cause : null
2023-10-11 06:36:42,034 [WARN] ConditionMgr:1039 - genDependencies : Invalid condition id : UX DEVICE CLASS RTOS Condition cause : null
2023-10-11 06:36:42,036 [WARN] ConditionMgr:1039 - genDependencies : Invalid condition id : UX DEVICE CLASS RTOS Condition cause : null
2023-10-11 06:36:42,079 [WARN] PackLoader:240 - Cannot read IP mode file for STMicroelectronics.X-CUBE-SUBG2.5.0.0
2023-10-11 06:36:42,106 [WARN] PackLoader:240 - Cannot read IP mode file for STMicroelectronics.X-CUBE-TOF1.3.3.1
2023-10-11 06:36:42,165 [WARN] PackLoader:240 - Cannot read IP mode file for STMicroelectronics.X-CUBE-AZRTOS-G4.2.0.0
2023-10-11 06:36:42,235 [WARN] PackLoader:240 - Cannot read IP mode file for Infineon.AIROC-Wi-Fi-Bluetooth-STM32.1.5.1
2023-10-11 06:36:42,279 [WARN] PackLoader:240 - Cannot read IP mode file for STMicroelectronics.X-CUBE-FREERTOS.1.1.0
2023-10-11 06:36:42,302 [WARN] PackLoader:240 - Cannot read IP mode file for portGmbH.I-Cube-SoM-uGOAL.1.1.0
2023-10-11 06:36:42,367 [WARN] PackLoader:240 - Cannot read IP mode file for STMicroelectronics.X-CUBE-ALS.1.0.1
2023-10-11 06:36:42,376 [WARN] PackLoader:240 - Cannot read IP mode file for STMicroelectronics.FP-ATR-ASTRA1.2.0.0
2023-10-11 06:36:42,377 [INFO] ThirdParty:978 - Integrity check success = true
2023-10-11 06:36:42,380 [INFO] IntegrityCheckThread:100 - exiting critical section [integrity check]
2023-10-11 06:36:42,380 [INFO] IntegrityCheckThread:103 - End integrity checks thread
2023-10-11 06:50:41,431 [INFO] WebApp:330 - JxBrowser engine has been closed 
2023-10-11 06:50:54,036 [ERROR] LogOutputStream:75 - [STDERR_REDIRECT] 
