2023-10-21 09:40:01,536 [INFO] Activator:176 - 


2023-10-21 09:40:01,540 [INFO] Activator:177 - !SESSION log4j initialized
2023-10-21 09:40:05,952 [INFO] LogOutputStream:77 - [STDOUT_REDIRECT] 
2023-10-21 09:40:07,145 [INFO] ApplicationProperties:184 - Using Application install path: C:\ST\STM32CubeIDE_1.13.1\STM32CubeIDE\plugins\com.st.stm32cube.common.mx_6.9.2.202309101412
2023-10-21 09:40:07,157 [INFO] DbMcusXml:78 - Set database path to: C:\ST\STM32CubeIDE_1.13.1\STM32CubeIDE\plugins\com.st.stm32cube.common.mx_6.9.2.202309101412\\db\/mcu/
2023-10-21 09:40:07,158 [INFO] ApiDb:274 - Set plugin database path to: C:\ST\STM32CubeIDE_1.13.1\STM32CubeIDE\plugins\com.st.stm32cube.common.mx_6.9.2.202309101412\\db\/plugins/boardmanager/
2023-10-21 09:40:07,158 [WARN] ApiDb:259 - Overriding images path with different value:  => C:\ST\STM32CubeIDE_1.13.1\STM32CubeIDE\plugins\com.st.stm32cube.common.mx_6.9.2.202309101412\\db\/plugins/mcufinder/images/
2023-10-21 09:40:07,169 [INFO] ApiDb:250 - Set database path to: C:\Users\Ubaid\.stmcufinder\plugins\mcufinder//mcu/
2023-10-21 09:40:07,170 [INFO] DbMcusAds:125 - Set database path to: C:\Users\Ubaid\.stmcufinder\plugins\mcufinder//mcu/
2023-10-21 09:40:07,171 [INFO] CrossReferenceDbSqlite:203 - Set database path to: C:\Users\Ubaid\.stmcufinder\plugins\mcufinder//mcu/cs/
2023-10-21 09:40:07,253 [INFO] RulesReader:64 - Compatibility file has been processed (293 Rules)
2023-10-21 09:40:07,307 [INFO] DbMcusXml:78 - Set database path to: C:\ST\STM32CubeIDE_1.13.1\STM32CubeIDE\plugins\com.st.stm32cube.common.mx_6.9.2.202309101412\\db\/mcu/
2023-10-21 09:40:07,307 [INFO] ApiDb:274 - Set plugin database path to: C:\ST\STM32CubeIDE_1.13.1\STM32CubeIDE\plugins\com.st.stm32cube.common.mx_6.9.2.202309101412\\db\/plugins/boardmanager/
2023-10-21 09:40:07,307 [INFO] ApiDb:261 - Set plugin images path to: C:\ST\STM32CubeIDE_1.13.1\STM32CubeIDE\plugins\com.st.stm32cube.common.mx_6.9.2.202309101412\\db\/plugins/mcufinder/images/
2023-10-21 09:40:07,307 [WARN] DbFile:41 - Overriding database path with different value: C:\Users\Ubaid\.stmcufinder\plugins\mcufinder/ => C:\Users\Ubaid\.stmcufinder\plugins\mcufinder
2023-10-21 09:40:07,308 [INFO] ApiDb:250 - Set database path to: C:\Users\Ubaid\.stmcufinder\plugins\mcufinder//mcu/
2023-10-21 09:40:07,308 [WARN] DbFile:41 - Overriding database path with different value: C:\Users\Ubaid\.stmcufinder\plugins\mcufinder/ => C:\Users\Ubaid\.stmcufinder\plugins\mcufinder
2023-10-21 09:40:07,308 [INFO] DbMcusAds:125 - Set database path to: C:\Users\Ubaid\.stmcufinder\plugins\mcufinder//mcu/
2023-10-21 09:40:07,308 [WARN] DbFile:41 - Overriding database path with different value: C:\Users\Ubaid\.stmcufinder\plugins\mcufinder/ => C:\Users\Ubaid\.stmcufinder\plugins\mcufinder
2023-10-21 09:40:07,308 [WARN] DbFile:41 - Overriding database path with different value: C:\Users\Ubaid\.stmcufinder\plugins\mcufinder/ => C:\Users\Ubaid\.stmcufinder\plugins\mcufinder
2023-10-21 09:40:07,308 [INFO] CrossReferenceDbSqlite:203 - Set database path to: C:\Users\Ubaid\.stmcufinder\plugins\mcufinder//mcu/cs/
2023-10-21 09:40:07,365 [INFO] MainPanel:262 - HeapMemory: 268435456
2023-10-21 09:40:07,432 [INFO] DbMcusXml:78 - Set database path to: C:\ST\STM32CubeIDE_1.13.1\STM32CubeIDE\plugins\com.st.stm32cube.common.mx_6.9.2.202309101412\\db\/mcu/
2023-10-21 09:40:07,432 [INFO] ApiDb:274 - Set plugin database path to: C:\ST\STM32CubeIDE_1.13.1\STM32CubeIDE\plugins\com.st.stm32cube.common.mx_6.9.2.202309101412\\db\/plugins/boardmanager/
2023-10-21 09:40:07,432 [INFO] ApiDb:261 - Set plugin images path to: C:\ST\STM32CubeIDE_1.13.1\STM32CubeIDE\plugins\com.st.stm32cube.common.mx_6.9.2.202309101412\\db\/plugins/mcufinder/images/
2023-10-21 09:40:07,433 [WARN] DbFile:41 - Overriding database path with different value: C:\Users\Ubaid\.stmcufinder\plugins\mcufinder/ => C:\Users\Ubaid\.stmcufinder\plugins\mcufinder
2023-10-21 09:40:07,433 [INFO] ApiDb:250 - Set database path to: C:\Users\Ubaid\.stmcufinder\plugins\mcufinder//mcu/
2023-10-21 09:40:07,433 [WARN] DbFile:41 - Overriding database path with different value: C:\Users\Ubaid\.stmcufinder\plugins\mcufinder/ => C:\Users\Ubaid\.stmcufinder\plugins\mcufinder
2023-10-21 09:40:07,433 [INFO] DbMcusAds:125 - Set database path to: C:\Users\Ubaid\.stmcufinder\plugins\mcufinder//mcu/
2023-10-21 09:40:07,433 [WARN] DbFile:41 - Overriding database path with different value: C:\Users\Ubaid\.stmcufinder\plugins\mcufinder/ => C:\Users\Ubaid\.stmcufinder\plugins\mcufinder
2023-10-21 09:40:07,433 [WARN] DbFile:41 - Overriding database path with different value: C:\Users\Ubaid\.stmcufinder\plugins\mcufinder/ => C:\Users\Ubaid\.stmcufinder\plugins\mcufinder
2023-10-21 09:40:07,433 [INFO] CrossReferenceDbSqlite:203 - Set database path to: C:\Users\Ubaid\.stmcufinder\plugins\mcufinder//mcu/cs/
2023-10-21 09:40:07,445 [INFO] ApplicationProperties:184 - Using Application install path: C:\ST\STM32CubeIDE_1.13.1\STM32CubeIDE\plugins\com.st.stm32cube.common.mx_6.9.2.202309101412
2023-10-21 09:40:07,446 [INFO] PluginManage:196 - Search for loadable plugins [exclusion list=, ]
2023-10-21 09:40:07,447 [INFO] PluginManage:310 - Check plugin analytics
2023-10-21 09:40:07,553 [INFO] AnalyticsPlugin:253 - Accepted Software Licenses: STM32CubeMX.6.9.1
2023-10-21 09:40:07,554 [INFO] AnalyticsPlugin:255 - Accepted CMSIS Pack Licenses: 
2023-10-21 09:40:07,554 [INFO] AnalyticsPlugin:257 - Accepted Firmware Licenses: FW.F4.1.27.0
2023-10-21 09:40:07,555 [INFO] PluginManage:359 - Loaded plugin analytics (category:tool,tabindex:-1)
2023-10-21 09:40:07,557 [INFO] PluginManage:310 - Check plugin cadmodel
2023-10-21 09:40:07,567 [INFO] CADModel:105 - Init CAD model plugin
2023-10-21 09:40:07,567 [INFO] PluginManage:359 - Loaded plugin cadmodel (category:power,tabindex:5)
2023-10-21 09:40:07,567 [INFO] PluginManage:310 - Check plugin clock
2023-10-21 09:40:07,582 [INFO] PluginManage:359 - Loaded plugin clock (category:base,tabindex:2)
2023-10-21 09:40:07,582 [INFO] PluginManage:310 - Check plugin ddr
2023-10-21 09:40:07,584 [INFO] PluginManage:359 - Loaded plugin ddr (category:tool,tabindex:6)
2023-10-21 09:40:07,584 [INFO] PluginManage:310 - Check plugin filemanager
2023-10-21 09:40:07,680 [INFO] PluginManage:359 - Loaded plugin filemanager (category:base,tabindex:10)
2023-10-21 09:40:07,680 [INFO] PluginManage:310 - Check plugin ipmanager
2023-10-21 09:40:07,685 [INFO] PluginManage:359 - Loaded plugin ipmanager (category:base,tabindex:5)
2023-10-21 09:40:07,685 [INFO] PluginManage:310 - Check plugin lpbam
2023-10-21 09:40:07,699 [INFO] PluginManage:359 - Loaded plugin lpbam (category:base,tabindex:0)
2023-10-21 09:40:07,699 [INFO] PluginManage:310 - Check plugin memorymap
2023-10-21 09:40:07,716 [INFO] PluginManage:359 - Loaded plugin memorymap (category:base,tabindex:4)
2023-10-21 09:40:07,716 [INFO] PluginManage:310 - Check plugin pinoutandconfiguration
2023-10-21 09:40:07,728 [INFO] PluginManage:359 - Loaded plugin pinoutandconfiguration (category:base,tabindex:1)
2023-10-21 09:40:07,728 [INFO] PluginManage:310 - Check plugin pinoutconfig
2023-10-21 09:40:07,798 [WARN] SupportedApi:132 - Cannot load RTOS API schema: s4s-elt-must-match.1: The content of 'definitions' must match (annotation?, (simpleType | complexType)?, (unique | key | keyref)*)). A problem was found starting at: attribute.
2023-10-21 09:40:07,892 [INFO] PluginManage:359 - Loaded plugin pinoutconfig (category:base,tabindex:0)
2023-10-21 09:40:07,892 [INFO] PluginManage:310 - Check plugin power
2023-10-21 09:40:07,910 [INFO] PluginManage:359 - Loaded plugin power (category:power,tabindex:4)
2023-10-21 09:40:07,911 [INFO] PluginManage:310 - Check plugin projectmanager
2023-10-21 09:40:07,920 [INFO] PluginManage:359 - Loaded plugin projectmanager (category:projectmanager,tabindex:3)
2023-10-21 09:40:07,920 [INFO] PluginManage:310 - Check plugin thirdparty
2023-10-21 09:40:08,095 [INFO] PluginManage:359 - Loaded plugin thirdparty (category:base,tabindex:-1)
2023-10-21 09:40:08,096 [INFO] PluginManage:310 - Check plugin tools
2023-10-21 09:40:08,095 [WARN] IntegrityCheckThread:84 - waiting for thirdparty lock release [integrity check]
2023-10-21 09:40:08,096 [INFO] IntegrityCheckThread:86 - entering critical section [integrity check]
2023-10-21 09:40:08,096 [INFO] ThirdPartyUpdaterWithRetryManager:70 - Updater plugin not ready yet. [1/15]
2023-10-21 09:40:08,116 [INFO] PluginManage:359 - Loaded plugin tools (category:base,tabindex:7)
2023-10-21 09:40:08,116 [INFO] PluginManage:310 - Check plugin tutovideos
2023-10-21 09:40:08,236 [INFO] PluginManage:359 - Loaded plugin tutovideos (category:base,tabindex:-1)
2023-10-21 09:40:08,236 [INFO] PluginManage:310 - Check plugin updater
2023-10-21 09:40:08,244 [INFO] PluginManage:359 - Loaded plugin updater (category:base,tabindex:12)
2023-10-21 09:40:08,244 [INFO] PluginManage:310 - Check plugin userauth
2023-10-21 09:40:08,247 [INFO] UserAuth:113 - Init User Auth plugin
2023-10-21 09:40:08,248 [INFO] PluginManage:359 - Loaded plugin userauth (category:base,tabindex:14)
2023-10-21 09:40:08,248 [INFO] PluginManage:283 - PluginManage : Loaded plugins [17]
2023-10-21 09:40:08,389 [INFO] PinOutPanel:1499 - setPackage(No Configuration,No Configuration)
2023-10-21 09:40:08,456 [INFO] CADModel:165 - CPN selected for project level
2023-10-21 09:40:08,457 [INFO] CADModel:114 - Register for checkConnection events
2023-10-21 09:40:08,476 [INFO] IPUIPlugin:80 - create IPUIPlugin
2023-10-21 09:40:08,476 [INFO] PluginManager:220 - loadIPPluginJar : add adc
2023-10-21 09:40:08,495 [INFO] IPUIPlugin:80 - create IPUIPlugin
2023-10-21 09:40:08,496 [INFO] PluginManager:220 - loadIPPluginJar : add aes
2023-10-21 09:40:08,517 [INFO] IPUIPlugin:80 - create IPUIPlugin
2023-10-21 09:40:08,517 [INFO] PluginManager:220 - loadIPPluginJar : add can
2023-10-21 09:40:08,530 [INFO] IPUIPlugin:80 - create IPUIPlugin
2023-10-21 09:40:08,530 [INFO] PluginManager:220 - loadIPPluginJar : add comp
2023-10-21 09:40:08,548 [INFO] IPUIPlugin:80 - create IPUIPlugin
2023-10-21 09:40:08,548 [INFO] PluginManager:220 - loadIPPluginJar : add cryp
2023-10-21 09:40:08,564 [INFO] IPUIPlugin:80 - create IPUIPlugin
2023-10-21 09:40:08,564 [INFO] PluginManager:220 - loadIPPluginJar : add dfsdm
2023-10-21 09:40:08,574 [INFO] IPUIPlugin:80 - create IPUIPlugin
2023-10-21 09:40:08,574 [INFO] PluginManager:220 - loadIPPluginJar : add dma
2023-10-21 09:40:08,600 [INFO] IPUIPlugin:80 - create IPUIPlugin
2023-10-21 09:40:08,600 [INFO] PluginManager:220 - loadIPPluginJar : add dma3
2023-10-21 09:40:08,613 [INFO] IPUIPlugin:80 - create IPUIPlugin
2023-10-21 09:40:08,613 [INFO] PluginManager:220 - loadIPPluginJar : add fatfs
2023-10-21 09:40:08,642 [INFO] IPUIPlugin:80 - create IPUIPlugin
2023-10-21 09:40:08,642 [INFO] PluginManager:220 - loadIPPluginJar : add fmc
2023-10-21 09:40:08,652 [INFO] IPUIPlugin:80 - create IPUIPlugin
2023-10-21 09:40:08,653 [INFO] PluginManager:220 - loadIPPluginJar : add freertos
2023-10-21 09:40:08,666 [INFO] IPUIPlugin:80 - create IPUIPlugin
2023-10-21 09:40:08,666 [INFO] PluginManager:220 - loadIPPluginJar : add genericplugin
2023-10-21 09:40:08,719 [INFO] IPUIPlugin:80 - create IPUIPlugin
2023-10-21 09:40:08,719 [INFO] PluginManager:220 - loadIPPluginJar : add gfxmmu
2023-10-21 09:40:08,800 [INFO] IPUIPlugin:80 - create IPUIPlugin
2023-10-21 09:40:08,800 [INFO] PluginManager:220 - loadIPPluginJar : add gic
2023-10-21 09:40:08,808 [INFO] IPUIPlugin:80 - create IPUIPlugin
2023-10-21 09:40:08,808 [INFO] PluginManager:220 - loadIPPluginJar : add gpio
2023-10-21 09:40:08,869 [INFO] IPUIPlugin:80 - create IPUIPlugin
2023-10-21 09:40:08,869 [INFO] PluginManager:220 - loadIPPluginJar : add gtzc
2023-10-21 09:40:08,887 [INFO] IPUIPlugin:80 - create IPUIPlugin
2023-10-21 09:40:08,887 [INFO] PluginManager:220 - loadIPPluginJar : add hash
2023-10-21 09:40:08,917 [INFO] IPUIPlugin:80 - create IPUIPlugin
2023-10-21 09:40:08,917 [INFO] PluginManager:220 - loadIPPluginJar : add i2c
2023-10-21 09:40:08,938 [INFO] IPUIPlugin:80 - create IPUIPlugin
2023-10-21 09:40:08,938 [INFO] PluginManager:220 - loadIPPluginJar : add i2s
2023-10-21 09:40:08,959 [INFO] IPUIPlugin:80 - create IPUIPlugin
2023-10-21 09:40:08,959 [INFO] PluginManager:220 - loadIPPluginJar : add i3c
2023-10-21 09:40:09,017 [INFO] IPUIPlugin:80 - create IPUIPlugin
2023-10-21 09:40:09,017 [INFO] PluginManager:220 - loadIPPluginJar : add ipddr
2023-10-21 09:40:09,070 [INFO] IPUIPlugin:80 - create IPUIPlugin
2023-10-21 09:40:09,070 [INFO] PluginManager:220 - loadIPPluginJar : add linkedlist
2023-10-21 09:40:09,091 [INFO] IPUIPlugin:80 - create IPUIPlugin
2023-10-21 09:40:09,091 [INFO] PluginManager:220 - loadIPPluginJar : add lorawan
2023-10-21 09:40:09,114 [INFO] IPUIPlugin:80 - create IPUIPlugin
2023-10-21 09:40:09,114 [INFO] PluginManager:220 - loadIPPluginJar : add ltdc
2023-10-21 09:40:09,127 [INFO] IPUIPlugin:80 - create IPUIPlugin
2023-10-21 09:40:09,127 [INFO] PluginManager:220 - loadIPPluginJar : add mdma
2023-10-21 09:40:09,135 [INFO] IPUIPlugin:80 - create IPUIPlugin
2023-10-21 09:40:09,135 [INFO] PluginManager:220 - loadIPPluginJar : add nvic
2023-10-21 09:40:09,154 [INFO] IPUIPlugin:80 - create IPUIPlugin
2023-10-21 09:40:09,155 [INFO] PluginManager:220 - loadIPPluginJar : add opamp
2023-10-21 09:40:09,212 [INFO] IPUIPlugin:80 - create IPUIPlugin
2023-10-21 09:40:09,212 [INFO] PluginManager:220 - loadIPPluginJar : add openamp
2023-10-21 09:40:09,235 [INFO] IPUIPlugin:80 - create IPUIPlugin
2023-10-21 09:40:09,236 [INFO] PluginManager:220 - loadIPPluginJar : add pdm2pcm
2023-10-21 09:40:09,245 [INFO] IPUIPlugin:80 - create IPUIPlugin
2023-10-21 09:40:09,246 [INFO] PluginManager:220 - loadIPPluginJar : add plateformsettings
2023-10-21 09:40:09,258 [INFO] IPUIPlugin:80 - create IPUIPlugin
2023-10-21 09:40:09,258 [INFO] PluginManager:220 - loadIPPluginJar : add quadspi
2023-10-21 09:40:09,266 [INFO] IPUIPlugin:80 - create IPUIPlugin
2023-10-21 09:40:09,266 [INFO] PluginManager:220 - loadIPPluginJar : add resmgrutility
2023-10-21 09:40:09,298 [INFO] IPUIPlugin:80 - create IPUIPlugin
2023-10-21 09:40:09,298 [INFO] PluginManager:220 - loadIPPluginJar : add sai
2023-10-21 09:40:09,317 [INFO] IPUIPlugin:80 - create IPUIPlugin
2023-10-21 09:40:09,317 [INFO] PluginManager:220 - loadIPPluginJar : add spi
2023-10-21 09:40:09,350 [INFO] IPUIPlugin:80 - create IPUIPlugin
2023-10-21 09:40:09,350 [INFO] PluginManager:220 - loadIPPluginJar : add stm32_wpan
2023-10-21 09:40:09,363 [INFO] IPUIPlugin:80 - create IPUIPlugin
2023-10-21 09:40:09,363 [INFO] PluginManager:220 - loadIPPluginJar : add tim
2023-10-21 09:40:09,394 [INFO] IPUIPlugin:80 - create IPUIPlugin
2023-10-21 09:40:09,394 [INFO] PluginManager:220 - loadIPPluginJar : add touchsensing
2023-10-21 09:40:09,407 [INFO] IPUIPlugin:80 - create IPUIPlugin
2023-10-21 09:40:09,407 [INFO] PluginManager:220 - loadIPPluginJar : add tracer_emb
2023-10-21 09:40:09,420 [INFO] IPUIPlugin:80 - create IPUIPlugin
2023-10-21 09:40:09,420 [INFO] PluginManager:220 - loadIPPluginJar : add ts
2023-10-21 09:40:09,435 [INFO] IPUIPlugin:80 - create IPUIPlugin
2023-10-21 09:40:09,436 [INFO] PluginManager:220 - loadIPPluginJar : add tsc
2023-10-21 09:40:09,447 [INFO] IPUIPlugin:80 - create IPUIPlugin
2023-10-21 09:40:09,448 [INFO] PluginManager:220 - loadIPPluginJar : add ucpd
2023-10-21 09:40:09,472 [INFO] IPUIPlugin:80 - create IPUIPlugin
2023-10-21 09:40:09,472 [INFO] PluginManager:220 - loadIPPluginJar : add usart
2023-10-21 09:40:09,495 [INFO] IPUIPlugin:80 - create IPUIPlugin
2023-10-21 09:40:09,496 [INFO] PluginManager:220 - loadIPPluginJar : add usbx
2023-10-21 09:40:09,603 [INFO] CADModel:165 - CPN selected for project level
2023-10-21 09:40:09,603 [INFO] CADModel:114 - Register for checkConnection events
2023-10-21 09:40:09,603 [FATAL] Updater:308 - Updater called before beeing initialized
2023-10-21 09:40:09,603 [ERROR] CADModel:125 - Updater not yet initialized, retry later 
2023-10-21 09:40:09,702 [INFO] CADModel:165 - CPN selected for project level
2023-10-21 09:40:09,703 [INFO] CADModel:114 - Register for checkConnection events
2023-10-21 09:40:09,703 [FATAL] Updater:308 - Updater called before beeing initialized
2023-10-21 09:40:09,703 [ERROR] CADModel:125 - Updater not yet initialized, retry later 
2023-10-21 09:40:09,706 [FATAL] Updater:308 - Updater called before beeing initialized
2023-10-21 09:40:09,779 [FATAL] Updater:308 - Updater called before beeing initialized
2023-10-21 09:40:09,786 [INFO] DbMcusAds:53 - JSON generation date=Tue Mar 07 14:20:55 IST 2023 (1678179055114)
2023-10-21 09:40:09,786 [FATAL] Updater:308 - Updater called before beeing initialized
2023-10-21 09:40:09,834 [WARN] DetailPanel:346 - Failed to get advertising image, set to default
2023-10-21 09:40:09,892 [FATAL] Updater:308 - Updater called before beeing initialized
2023-10-21 09:40:09,894 [FATAL] Updater:308 - Updater called before beeing initialized
2023-10-21 09:40:09,894 [FATAL] Updater:308 - Updater called before beeing initialized
2023-10-21 09:40:09,894 [WARN] DetailPanel:346 - Failed to get advertising image, set to default
2023-10-21 09:40:09,895 [FATAL] Updater:308 - Updater called before beeing initialized
2023-10-21 09:40:09,927 [ERROR] Updater:1120 - MainUpdater not yet initialized. External WinMGr cannot be set.
2023-10-21 09:40:09,932 [INFO] Updater:1056 - Updater Version found : 6.9.2
2023-10-21 09:40:09,947 [INFO] ApplicationProperties:184 - Using Application install path: C:\ST\STM32CubeIDE_1.13.1\STM32CubeIDE\plugins\com.st.stm32cube.common.mx_6.9.2.202309101412
2023-10-21 09:40:10,724 [INFO] MainUpdater:2868 - connection check result : 10
2023-10-21 09:40:10,725 [INFO] MainUpdater:285 - Updater Check For Update Now.
2023-10-21 09:40:10,725 [INFO] MicroXplorer:498 - Change Database Version : DB.6.0.92
2023-10-21 09:40:10,739 [INFO] McuFinderGlobals:63 - Set McuFinder mode to 2 (CubeIDE integrated)
2023-10-21 09:40:10,739 [INFO] UserAuth:179 - activating auth plugin
2023-10-21 09:40:10,741 [INFO] UserAuth:393 - Internet connection configuration mode: 1
2023-10-21 09:40:10,765 [INFO] JxBrowserEngine:151 - Initiate JxBrowser Engine with user profile folder
2023-10-21 09:40:10,909 [INFO] CheckServerUpdateThread:120 - End of CheckServer Thread
2023-10-21 09:40:11,202 [WARN] PackLoader:240 - Cannot read IP mode file for STMicroelectronics.X-CUBE-SMBUS.2.1.0
2023-10-21 09:40:11,233 [WARN] PackLoader:240 - Cannot read IP mode file for STMicroelectronics.X-CUBE-AZRTOS-F7.1.1.0
2023-10-21 09:40:11,252 [WARN] PackLoader:240 - Cannot read IP mode file for STMicroelectronics.FP-SNS-MOTENV1.4.3.2
2023-10-21 09:40:11,265 [WARN] PackLoader:240 - Cannot read IP mode file for STMicroelectronics.FP-SNS-FLIGHT1.5.0.2
2023-10-21 09:40:11,281 [WARN] PackLoader:240 - Cannot read IP mode file for STMicroelectronics.X-CUBE-DISPLAY.3.0.0
2023-10-21 09:40:11,298 [WARN] PackLoader:240 - Cannot read IP mode file for STMicroelectronics.X-CUBE-BLE1.7.0.0
2023-10-21 09:40:11,307 [WARN] PackLoader:240 - Cannot read IP mode file for emotas.I-CUBE-CANOPEN.1.3.0
2023-10-21 09:40:11,316 [WARN] PackLoader:240 - Cannot read IP mode file for STMicroelectronics.X-CUBE-TOUCHGFX.4.22.0
2023-10-21 09:40:11,322 [WARN] PackLoader:240 - Cannot read IP mode file for STMicroelectronics.X-CUBE-TOUCHGFX.4.22.1
2023-10-21 09:40:11,329 [WARN] PackLoader:240 - Cannot read IP mode file for STMicroelectronics.FP-SNS-SMARTAG2.1.2.0
2023-10-21 09:40:11,340 [INFO] LogOutputStream:77 - [STDOUT_REDIRECT] 1 : Invalid condition id : UX_CORESTACK_Condition cause : null
2023-10-21 09:40:11,341 [INFO] LogOutputStream:77 - [STDOUT_REDIRECT] 1 : Invalid condition id : UX_CORESTACK_Condition cause : null
2023-10-21 09:40:11,341 [INFO] LogOutputStream:77 - [STDOUT_REDIRECT] 1 : Invalid condition id : UX_CORESTACK_Condition cause : null
2023-10-21 09:40:11,341 [INFO] LogOutputStream:77 - [STDOUT_REDIRECT] 1 : Invalid condition id : UX_CORESTACK_Condition cause : null
2023-10-21 09:40:11,342 [INFO] LogOutputStream:77 - [STDOUT_REDIRECT] 1 : Invalid condition id : UX_CORESTACK_Condition cause : null
2023-10-21 09:40:11,344 [WARN] PackLoader:240 - Cannot read IP mode file for STMicroelectronics.X-CUBE-AZRTOS-WL.2.0.0
2023-10-21 09:40:11,353 [WARN] PackLoader:240 - Cannot read IP mode file for WES.I-CUBE-Cesium.1.3.0
2023-10-21 09:40:11,359 [WARN] PackLoader:240 - Cannot read IP mode file for STMicroelectronics.X-CUBE-BLE2.3.3.0
2023-10-21 09:40:11,368 [WARN] PackLoader:240 - Cannot read IP mode file for STMicroelectronics.X-CUBE-ALGOBUILD.1.3.0
2023-10-21 09:40:11,385 [WARN] PackLoader:240 - Cannot read IP mode file for STMicroelectronics.X-CUBE-AZRTOS-G0.1.1.0
2023-10-21 09:40:11,394 [WARN] PackLoader:240 - Cannot read IP mode file for STMicroelectronics.X-CUBE-NFC4.3.0.0
2023-10-21 09:40:11,402 [WARN] PackLoader:240 - Cannot read IP mode file for STMicroelectronics.FP-ATR-SIGFOX1.3.2.0
2023-10-21 09:40:11,425 [WARN] PackLoader:240 - Cannot read IP mode file for SEGGER.I-CUBE-embOS.1.3.1
2023-10-21 09:40:11,459 [WARN] PackLoader:240 - Cannot read IP mode file for STMicroelectronics.X-CUBE-GNSS1.6.0.0
2023-10-21 09:40:11,482 [WARN] PackLoader:240 - Cannot read IP mode file for STMicroelectronics.X-CUBE-AZRTOS-F4.1.1.0
2023-10-21 09:40:11,496 [WARN] PackLoader:240 - Cannot read IP mode file for wolfSSL.I-CUBE-wolfSSL.5.6.3
2023-10-21 09:40:11,524 [WARN] PackLoader:240 - Cannot read IP mode file for STMicroelectronics.X-CUBE-AZRTOS-L5.2.0.0
2023-10-21 09:40:11,562 [WARN] PackLoader:240 - Cannot read IP mode file for STMicroelectronics.X-CUBE-MEMS1.9.6.0
2023-10-21 09:40:11,641 [WARN] PackLoader:240 - Cannot read IP mode file for ITTIA_DB.I-CUBE-ITTIADB.8.8.0
2023-10-21 09:40:11,654 [WARN] PackLoader:240 - Cannot read IP mode file for STMicroelectronics.X-CUBE-BLEMGR.2.0.0
2023-10-21 09:40:11,676 [WARN] ConditionMgr:438 - getConditionDescription Invalid condition id : UX DEVICE CLASS RTOS Condition cause : null
2023-10-21 09:40:11,676 [WARN] ConditionMgr:438 - getConditionDescription Invalid condition id : UX DEVICE CLASS RTOS Condition cause : null
2023-10-21 09:40:11,677 [WARN] PackLoader:240 - Cannot read IP mode file for STMicroelectronics.X-CUBE-AZRTOS-H7.3.1.0
2023-10-21 09:40:11,679 [WARN] ConditionMgr:1039 - genDependencies : Invalid condition id : UX DEVICE CLASS RTOS Condition cause : null
2023-10-21 09:40:11,679 [WARN] ConditionMgr:1039 - genDependencies : Invalid condition id : UX DEVICE CLASS RTOS Condition cause : null
2023-10-21 09:40:11,679 [WARN] ConditionMgr:1039 - genDependencies : Invalid condition id : UX DEVICE CLASS RTOS Condition cause : null
2023-10-21 09:40:11,679 [WARN] ConditionMgr:1039 - genDependencies : Invalid condition id : UX DEVICE CLASS RTOS Condition cause : null
2023-10-21 09:40:11,679 [WARN] ConditionMgr:1039 - genDependencies : Invalid condition id : UX DEVICE CLASS RTOS Condition cause : null
2023-10-21 09:40:11,690 [WARN] PackLoader:240 - Cannot read IP mode file for STMicroelectronics.X-CUBE-NFC7.1.0.1
2023-10-21 09:40:11,701 [WARN] PackLoader:240 - Cannot read IP mode file for STMicroelectronics.X-CUBE-NFC6.3.0.0
2023-10-21 09:40:11,711 [WARN] PackLoader:240 - Cannot read IP mode file for STMicroelectronics.X-CUBE-EEPRMA1.4.1.0
2023-10-21 09:40:11,722 [WARN] PackLoader:240 - Cannot read IP mode file for STMicroelectronics.X-CUBE-AI.8.1.0
2023-10-21 09:40:11,749 [WARN] ConditionMgr:438 - getConditionDescription Invalid condition id : LAN8742 Phy interface Condition cause : null
2023-10-21 09:40:11,749 [WARN] PackLoader:240 - Cannot read IP mode file for STMicroelectronics.X-CUBE-AZRTOS-L4.2.0.0
2023-10-21 09:40:11,751 [WARN] ConditionMgr:1039 - genDependencies : Invalid condition id : LAN8742 Phy interface Condition cause : null
2023-10-21 09:40:11,751 [WARN] ConditionMgr:1039 - genDependencies : Invalid condition id : LAN8742 Phy interface Condition cause : null
2023-10-21 09:40:11,751 [WARN] ConditionMgr:1039 - genDependencies : Invalid condition id : LAN8742 Phy interface Condition cause : null
2023-10-21 09:40:11,766 [WARN] PackLoader:240 - Cannot read IP mode file for STMicroelectronics.X-CUBE-SFXS2LP1.4.0.0
2023-10-21 09:40:11,780 [WARN] PackLoader:240 - Cannot read IP mode file for STMicroelectronics.X-CUBE-ISPU.1.1.0
2023-10-21 09:40:11,802 [WARN] ConditionMgr:438 - getConditionDescription Invalid condition id : UX DEVICE CLASS RTOS Condition cause : null
2023-10-21 09:40:11,803 [WARN] ConditionMgr:438 - getConditionDescription Invalid condition id : UX DEVICE CLASS RTOS Condition cause : null
2023-10-21 09:40:11,804 [WARN] PackLoader:240 - Cannot read IP mode file for STMicroelectronics.X-CUBE-AZRTOS-WB.2.0.0
2023-10-21 09:40:11,805 [WARN] ConditionMgr:1039 - genDependencies : Invalid condition id : UX DEVICE CLASS RTOS Condition cause : null
2023-10-21 09:40:11,805 [WARN] ConditionMgr:1039 - genDependencies : Invalid condition id : UX DEVICE CLASS RTOS Condition cause : null
2023-10-21 09:40:11,805 [WARN] ConditionMgr:1039 - genDependencies : Invalid condition id : UX DEVICE CLASS RTOS Condition cause : null
2023-10-21 09:40:11,806 [WARN] ConditionMgr:1039 - genDependencies : Invalid condition id : UX DEVICE CLASS RTOS Condition cause : null
2023-10-21 09:40:11,806 [WARN] ConditionMgr:1039 - genDependencies : Invalid condition id : UX DEVICE CLASS RTOS Condition cause : null
2023-10-21 09:40:11,821 [WARN] PackLoader:240 - Cannot read IP mode file for STMicroelectronics.X-CUBE-SUBG2.5.0.0
2023-10-21 09:40:11,834 [WARN] PackLoader:240 - Cannot read IP mode file for STMicroelectronics.X-CUBE-TOF1.3.3.1
2023-10-21 09:40:11,853 [WARN] PackLoader:240 - Cannot read IP mode file for STMicroelectronics.X-CUBE-AZRTOS-G4.2.0.0
2023-10-21 09:40:11,869 [WARN] PackLoader:240 - Cannot read IP mode file for Infineon.AIROC-Wi-Fi-Bluetooth-STM32.1.5.1
2023-10-21 09:40:11,880 [WARN] PackLoader:240 - Cannot read IP mode file for STMicroelectronics.X-CUBE-FREERTOS.1.1.0
2023-10-21 09:40:11,891 [WARN] PackLoader:240 - Cannot read IP mode file for portGmbH.I-Cube-SoM-uGOAL.1.1.0
2023-10-21 09:40:11,903 [WARN] PackLoader:240 - Cannot read IP mode file for STMicroelectronics.X-CUBE-ALS.1.0.1
2023-10-21 09:40:11,914 [WARN] PackLoader:240 - Cannot read IP mode file for STMicroelectronics.FP-ATR-ASTRA1.2.0.0
2023-10-21 09:40:11,915 [INFO] ThirdParty:978 - Integrity check success = true
2023-10-21 09:40:11,915 [INFO] IntegrityCheckThread:100 - exiting critical section [integrity check]
2023-10-21 09:40:11,916 [INFO] IntegrityCheckThread:103 - End integrity checks thread
2023-10-21 09:40:12,548 [INFO] WebApp:157 - Instantiating new browser for Auth
2023-10-21 09:40:12,937 [INFO] WebApp:753 - Register for checkConnection events
2023-10-21 09:40:12,938 [INFO] WebApp:390 - Apply proxy settings
2023-10-21 09:40:12,938 [INFO] WebApp:475 - Chromium requires no authentication
2023-10-21 09:40:12,945 [INFO] WebApp:418 - Direct internet connection detected
2023-10-21 09:40:13,048 [INFO] WebApp:188 - Starting web application
2023-10-21 09:40:13,048 [INFO] WebApp:520 - Web application path used C:\ST\STM32CubeIDE_1.13.1\STM32CubeIDE\plugins\com.st.stm32cube.common.mx_6.9.2.202309101412\db\plugins\mcufinder\reactClient1\index.html
2023-10-21 09:40:26,744 [ERROR] LogOutputStream:75 - [STDERR_REDIRECT] SLF4J: Failed to load class "org.slf4j.impl.StaticLoggerBinder".
2023-10-21 09:40:26,745 [ERROR] LogOutputStream:75 - [STDERR_REDIRECT] SLF4J: Defaulting to no-operation (NOP) logger implementation
2023-10-21 09:40:26,745 [ERROR] LogOutputStream:75 - [STDERR_REDIRECT] SLF4J: See http://www.slf4j.org/codes.html#StaticLoggerBinder for further details.
2023-10-21 10:23:51,831 [ERROR] LogOutputStream:75 - [STDERR_REDIRECT] 
2023-10-21 11:16:56,041 [INFO] Activator:176 - 


2023-10-21 11:16:56,044 [INFO] Activator:177 - !SESSION log4j initialized
2023-10-21 11:17:00,544 [INFO] LogOutputStream:77 - [STDOUT_REDIRECT] 
2023-10-21 11:17:02,083 [INFO] ApplicationProperties:184 - Using Application install path: C:\ST\STM32CubeIDE_1.13.1\STM32CubeIDE\plugins\com.st.stm32cube.common.mx_6.9.2.202309101412
2023-10-21 11:17:02,097 [INFO] DbMcusXml:78 - Set database path to: C:\ST\STM32CubeIDE_1.13.1\STM32CubeIDE\plugins\com.st.stm32cube.common.mx_6.9.2.202309101412\\db\/mcu/
2023-10-21 11:17:02,097 [INFO] ApiDb:274 - Set plugin database path to: C:\ST\STM32CubeIDE_1.13.1\STM32CubeIDE\plugins\com.st.stm32cube.common.mx_6.9.2.202309101412\\db\/plugins/boardmanager/
2023-10-21 11:17:02,098 [WARN] ApiDb:259 - Overriding images path with different value:  => C:\ST\STM32CubeIDE_1.13.1\STM32CubeIDE\plugins\com.st.stm32cube.common.mx_6.9.2.202309101412\\db\/plugins/mcufinder/images/
2023-10-21 11:17:02,108 [INFO] ApiDb:250 - Set database path to: C:\Users\Ubaid\.stmcufinder\plugins\mcufinder//mcu/
2023-10-21 11:17:02,109 [INFO] DbMcusAds:125 - Set database path to: C:\Users\Ubaid\.stmcufinder\plugins\mcufinder//mcu/
2023-10-21 11:17:02,110 [INFO] CrossReferenceDbSqlite:203 - Set database path to: C:\Users\Ubaid\.stmcufinder\plugins\mcufinder//mcu/cs/
2023-10-21 11:17:02,184 [INFO] RulesReader:64 - Compatibility file has been processed (293 Rules)
2023-10-21 11:17:02,238 [INFO] DbMcusXml:78 - Set database path to: C:\ST\STM32CubeIDE_1.13.1\STM32CubeIDE\plugins\com.st.stm32cube.common.mx_6.9.2.202309101412\\db\/mcu/
2023-10-21 11:17:02,238 [INFO] ApiDb:274 - Set plugin database path to: C:\ST\STM32CubeIDE_1.13.1\STM32CubeIDE\plugins\com.st.stm32cube.common.mx_6.9.2.202309101412\\db\/plugins/boardmanager/
2023-10-21 11:17:02,238 [INFO] ApiDb:261 - Set plugin images path to: C:\ST\STM32CubeIDE_1.13.1\STM32CubeIDE\plugins\com.st.stm32cube.common.mx_6.9.2.202309101412\\db\/plugins/mcufinder/images/
2023-10-21 11:17:02,239 [WARN] DbFile:41 - Overriding database path with different value: C:\Users\Ubaid\.stmcufinder\plugins\mcufinder/ => C:\Users\Ubaid\.stmcufinder\plugins\mcufinder
2023-10-21 11:17:02,239 [INFO] ApiDb:250 - Set database path to: C:\Users\Ubaid\.stmcufinder\plugins\mcufinder//mcu/
2023-10-21 11:17:02,239 [WARN] DbFile:41 - Overriding database path with different value: C:\Users\Ubaid\.stmcufinder\plugins\mcufinder/ => C:\Users\Ubaid\.stmcufinder\plugins\mcufinder
2023-10-21 11:17:02,239 [INFO] DbMcusAds:125 - Set database path to: C:\Users\Ubaid\.stmcufinder\plugins\mcufinder//mcu/
2023-10-21 11:17:02,239 [WARN] DbFile:41 - Overriding database path with different value: C:\Users\Ubaid\.stmcufinder\plugins\mcufinder/ => C:\Users\Ubaid\.stmcufinder\plugins\mcufinder
2023-10-21 11:17:02,239 [WARN] DbFile:41 - Overriding database path with different value: C:\Users\Ubaid\.stmcufinder\plugins\mcufinder/ => C:\Users\Ubaid\.stmcufinder\plugins\mcufinder
2023-10-21 11:17:02,239 [INFO] CrossReferenceDbSqlite:203 - Set database path to: C:\Users\Ubaid\.stmcufinder\plugins\mcufinder//mcu/cs/
2023-10-21 11:17:02,295 [INFO] MainPanel:262 - HeapMemory: 268435456
2023-10-21 11:17:02,363 [INFO] DbMcusXml:78 - Set database path to: C:\ST\STM32CubeIDE_1.13.1\STM32CubeIDE\plugins\com.st.stm32cube.common.mx_6.9.2.202309101412\\db\/mcu/
2023-10-21 11:17:02,363 [INFO] ApiDb:274 - Set plugin database path to: C:\ST\STM32CubeIDE_1.13.1\STM32CubeIDE\plugins\com.st.stm32cube.common.mx_6.9.2.202309101412\\db\/plugins/boardmanager/
2023-10-21 11:17:02,363 [INFO] ApiDb:261 - Set plugin images path to: C:\ST\STM32CubeIDE_1.13.1\STM32CubeIDE\plugins\com.st.stm32cube.common.mx_6.9.2.202309101412\\db\/plugins/mcufinder/images/
2023-10-21 11:17:02,363 [WARN] DbFile:41 - Overriding database path with different value: C:\Users\Ubaid\.stmcufinder\plugins\mcufinder/ => C:\Users\Ubaid\.stmcufinder\plugins\mcufinder
2023-10-21 11:17:02,363 [INFO] ApiDb:250 - Set database path to: C:\Users\Ubaid\.stmcufinder\plugins\mcufinder//mcu/
2023-10-21 11:17:02,363 [WARN] DbFile:41 - Overriding database path with different value: C:\Users\Ubaid\.stmcufinder\plugins\mcufinder/ => C:\Users\Ubaid\.stmcufinder\plugins\mcufinder
2023-10-21 11:17:02,363 [INFO] DbMcusAds:125 - Set database path to: C:\Users\Ubaid\.stmcufinder\plugins\mcufinder//mcu/
2023-10-21 11:17:02,363 [WARN] DbFile:41 - Overriding database path with different value: C:\Users\Ubaid\.stmcufinder\plugins\mcufinder/ => C:\Users\Ubaid\.stmcufinder\plugins\mcufinder
2023-10-21 11:17:02,363 [WARN] DbFile:41 - Overriding database path with different value: C:\Users\Ubaid\.stmcufinder\plugins\mcufinder/ => C:\Users\Ubaid\.stmcufinder\plugins\mcufinder
2023-10-21 11:17:02,363 [INFO] CrossReferenceDbSqlite:203 - Set database path to: C:\Users\Ubaid\.stmcufinder\plugins\mcufinder//mcu/cs/
2023-10-21 11:17:02,375 [INFO] ApplicationProperties:184 - Using Application install path: C:\ST\STM32CubeIDE_1.13.1\STM32CubeIDE\plugins\com.st.stm32cube.common.mx_6.9.2.202309101412
2023-10-21 11:17:02,376 [INFO] PluginManage:196 - Search for loadable plugins [exclusion list=, ]
2023-10-21 11:17:02,377 [INFO] PluginManage:310 - Check plugin analytics
2023-10-21 11:17:02,494 [INFO] AnalyticsPlugin:253 - Accepted Software Licenses: STM32CubeMX.6.9.1
2023-10-21 11:17:02,494 [INFO] AnalyticsPlugin:255 - Accepted CMSIS Pack Licenses: 
2023-10-21 11:17:02,494 [INFO] AnalyticsPlugin:257 - Accepted Firmware Licenses: FW.F4.1.27.0
2023-10-21 11:17:02,495 [INFO] PluginManage:359 - Loaded plugin analytics (category:tool,tabindex:-1)
2023-10-21 11:17:02,496 [INFO] PluginManage:310 - Check plugin cadmodel
2023-10-21 11:17:02,509 [INFO] CADModel:105 - Init CAD model plugin
2023-10-21 11:17:02,509 [INFO] PluginManage:359 - Loaded plugin cadmodel (category:power,tabindex:5)
2023-10-21 11:17:02,509 [INFO] PluginManage:310 - Check plugin clock
2023-10-21 11:17:02,526 [INFO] PluginManage:359 - Loaded plugin clock (category:base,tabindex:2)
2023-10-21 11:17:02,526 [INFO] PluginManage:310 - Check plugin ddr
2023-10-21 11:17:02,528 [INFO] PluginManage:359 - Loaded plugin ddr (category:tool,tabindex:6)
2023-10-21 11:17:02,528 [INFO] PluginManage:310 - Check plugin filemanager
2023-10-21 11:17:02,619 [INFO] PluginManage:359 - Loaded plugin filemanager (category:base,tabindex:10)
2023-10-21 11:17:02,619 [INFO] PluginManage:310 - Check plugin ipmanager
2023-10-21 11:17:02,624 [INFO] PluginManage:359 - Loaded plugin ipmanager (category:base,tabindex:5)
2023-10-21 11:17:02,624 [INFO] PluginManage:310 - Check plugin lpbam
2023-10-21 11:17:02,637 [INFO] PluginManage:359 - Loaded plugin lpbam (category:base,tabindex:0)
2023-10-21 11:17:02,637 [INFO] PluginManage:310 - Check plugin memorymap
2023-10-21 11:17:02,656 [INFO] PluginManage:359 - Loaded plugin memorymap (category:base,tabindex:4)
2023-10-21 11:17:02,656 [INFO] PluginManage:310 - Check plugin pinoutandconfiguration
2023-10-21 11:17:02,675 [INFO] PluginManage:359 - Loaded plugin pinoutandconfiguration (category:base,tabindex:1)
2023-10-21 11:17:02,675 [INFO] PluginManage:310 - Check plugin pinoutconfig
2023-10-21 11:17:02,746 [WARN] SupportedApi:132 - Cannot load RTOS API schema: s4s-elt-must-match.1: The content of 'definitions' must match (annotation?, (simpleType | complexType)?, (unique | key | keyref)*)). A problem was found starting at: attribute.
2023-10-21 11:17:02,837 [INFO] PluginManage:359 - Loaded plugin pinoutconfig (category:base,tabindex:0)
2023-10-21 11:17:02,837 [INFO] PluginManage:310 - Check plugin power
2023-10-21 11:17:02,856 [INFO] PluginManage:359 - Loaded plugin power (category:power,tabindex:4)
2023-10-21 11:17:02,856 [INFO] PluginManage:310 - Check plugin projectmanager
2023-10-21 11:17:02,867 [INFO] PluginManage:359 - Loaded plugin projectmanager (category:projectmanager,tabindex:3)
2023-10-21 11:17:02,867 [INFO] PluginManage:310 - Check plugin thirdparty
2023-10-21 11:17:03,070 [INFO] PluginManage:359 - Loaded plugin thirdparty (category:base,tabindex:-1)
2023-10-21 11:17:03,070 [INFO] PluginManage:310 - Check plugin tools
2023-10-21 11:17:03,070 [WARN] IntegrityCheckThread:84 - waiting for thirdparty lock release [integrity check]
2023-10-21 11:17:03,071 [INFO] IntegrityCheckThread:86 - entering critical section [integrity check]
2023-10-21 11:17:03,071 [INFO] ThirdPartyUpdaterWithRetryManager:70 - Updater plugin not ready yet. [1/15]
2023-10-21 11:17:03,126 [INFO] PluginManage:359 - Loaded plugin tools (category:base,tabindex:7)
2023-10-21 11:17:03,126 [INFO] PluginManage:310 - Check plugin tutovideos
2023-10-21 11:17:03,290 [INFO] PluginManage:359 - Loaded plugin tutovideos (category:base,tabindex:-1)
2023-10-21 11:17:03,290 [INFO] PluginManage:310 - Check plugin updater
2023-10-21 11:17:03,297 [INFO] PluginManage:359 - Loaded plugin updater (category:base,tabindex:12)
2023-10-21 11:17:03,297 [INFO] PluginManage:310 - Check plugin userauth
2023-10-21 11:17:03,302 [INFO] UserAuth:113 - Init User Auth plugin
2023-10-21 11:17:03,302 [INFO] PluginManage:359 - Loaded plugin userauth (category:base,tabindex:14)
2023-10-21 11:17:03,302 [INFO] PluginManage:283 - PluginManage : Loaded plugins [17]
2023-10-21 11:17:03,467 [INFO] PinOutPanel:1499 - setPackage(No Configuration,No Configuration)
2023-10-21 11:17:03,532 [INFO] CADModel:165 - CPN selected for project level
2023-10-21 11:17:03,533 [INFO] CADModel:114 - Register for checkConnection events
2023-10-21 11:17:03,551 [INFO] IPUIPlugin:80 - create IPUIPlugin
2023-10-21 11:17:03,551 [INFO] PluginManager:220 - loadIPPluginJar : add adc
2023-10-21 11:17:03,600 [INFO] IPUIPlugin:80 - create IPUIPlugin
2023-10-21 11:17:03,601 [INFO] PluginManager:220 - loadIPPluginJar : add aes
2023-10-21 11:17:03,674 [INFO] IPUIPlugin:80 - create IPUIPlugin
2023-10-21 11:17:03,675 [INFO] PluginManager:220 - loadIPPluginJar : add can
2023-10-21 11:17:03,714 [INFO] IPUIPlugin:80 - create IPUIPlugin
2023-10-21 11:17:03,715 [INFO] PluginManager:220 - loadIPPluginJar : add comp
2023-10-21 11:17:03,763 [INFO] IPUIPlugin:80 - create IPUIPlugin
2023-10-21 11:17:03,763 [INFO] PluginManager:220 - loadIPPluginJar : add cryp
2023-10-21 11:17:03,806 [INFO] IPUIPlugin:80 - create IPUIPlugin
2023-10-21 11:17:03,806 [INFO] PluginManager:220 - loadIPPluginJar : add dfsdm
2023-10-21 11:17:03,829 [INFO] IPUIPlugin:80 - create IPUIPlugin
2023-10-21 11:17:03,829 [INFO] PluginManager:220 - loadIPPluginJar : add dma
2023-10-21 11:17:03,901 [INFO] IPUIPlugin:80 - create IPUIPlugin
2023-10-21 11:17:03,901 [INFO] PluginManager:220 - loadIPPluginJar : add dma3
2023-10-21 11:17:03,937 [INFO] IPUIPlugin:80 - create IPUIPlugin
2023-10-21 11:17:03,937 [INFO] PluginManager:220 - loadIPPluginJar : add fatfs
2023-10-21 11:17:04,022 [INFO] IPUIPlugin:80 - create IPUIPlugin
2023-10-21 11:17:04,022 [INFO] PluginManager:220 - loadIPPluginJar : add fmc
2023-10-21 11:17:04,040 [INFO] IPUIPlugin:80 - create IPUIPlugin
2023-10-21 11:17:04,040 [INFO] PluginManager:220 - loadIPPluginJar : add freertos
2023-10-21 11:17:04,068 [INFO] IPUIPlugin:80 - create IPUIPlugin
2023-10-21 11:17:04,068 [INFO] PluginManager:220 - loadIPPluginJar : add genericplugin
2023-10-21 11:17:04,232 [INFO] IPUIPlugin:80 - create IPUIPlugin
2023-10-21 11:17:04,232 [INFO] PluginManager:220 - loadIPPluginJar : add gfxmmu
2023-10-21 11:17:04,461 [INFO] IPUIPlugin:80 - create IPUIPlugin
2023-10-21 11:17:04,461 [INFO] PluginManager:220 - loadIPPluginJar : add gic
2023-10-21 11:17:04,482 [INFO] IPUIPlugin:80 - create IPUIPlugin
2023-10-21 11:17:04,482 [INFO] PluginManager:220 - loadIPPluginJar : add gpio
2023-10-21 11:17:04,639 [INFO] IPUIPlugin:80 - create IPUIPlugin
2023-10-21 11:17:04,639 [INFO] PluginManager:220 - loadIPPluginJar : add gtzc
2023-10-21 11:17:04,691 [INFO] IPUIPlugin:80 - create IPUIPlugin
2023-10-21 11:17:04,691 [INFO] PluginManager:220 - loadIPPluginJar : add hash
2023-10-21 11:17:04,780 [INFO] IPUIPlugin:80 - create IPUIPlugin
2023-10-21 11:17:04,780 [INFO] PluginManager:220 - loadIPPluginJar : add i2c
2023-10-21 11:17:04,844 [INFO] IPUIPlugin:80 - create IPUIPlugin
2023-10-21 11:17:04,844 [INFO] PluginManager:220 - loadIPPluginJar : add i2s
2023-10-21 11:17:04,908 [INFO] IPUIPlugin:80 - create IPUIPlugin
2023-10-21 11:17:04,908 [INFO] PluginManager:220 - loadIPPluginJar : add i3c
2023-10-21 11:17:05,101 [INFO] IPUIPlugin:80 - create IPUIPlugin
2023-10-21 11:17:05,101 [INFO] PluginManager:220 - loadIPPluginJar : add ipddr
2023-10-21 11:17:05,218 [INFO] IPUIPlugin:80 - create IPUIPlugin
2023-10-21 11:17:05,218 [INFO] PluginManager:220 - loadIPPluginJar : add linkedlist
2023-10-21 11:17:05,261 [INFO] IPUIPlugin:80 - create IPUIPlugin
2023-10-21 11:17:05,262 [INFO] PluginManager:220 - loadIPPluginJar : add lorawan
2023-10-21 11:17:05,326 [INFO] IPUIPlugin:80 - create IPUIPlugin
2023-10-21 11:17:05,327 [INFO] PluginManager:220 - loadIPPluginJar : add ltdc
2023-10-21 11:17:05,348 [INFO] IPUIPlugin:80 - create IPUIPlugin
2023-10-21 11:17:05,349 [INFO] PluginManager:220 - loadIPPluginJar : add mdma
2023-10-21 11:17:05,360 [INFO] IPUIPlugin:80 - create IPUIPlugin
2023-10-21 11:17:05,360 [INFO] PluginManager:220 - loadIPPluginJar : add nvic
2023-10-21 11:17:05,411 [INFO] IPUIPlugin:80 - create IPUIPlugin
2023-10-21 11:17:05,411 [INFO] PluginManager:220 - loadIPPluginJar : add opamp
2023-10-21 11:17:05,516 [INFO] IPUIPlugin:80 - create IPUIPlugin
2023-10-21 11:17:05,517 [INFO] PluginManager:220 - loadIPPluginJar : add openamp
2023-10-21 11:17:05,594 [INFO] IPUIPlugin:80 - create IPUIPlugin
2023-10-21 11:17:05,594 [INFO] PluginManager:220 - loadIPPluginJar : add pdm2pcm
2023-10-21 11:17:05,610 [INFO] IPUIPlugin:80 - create IPUIPlugin
2023-10-21 11:17:05,612 [INFO] PluginManager:220 - loadIPPluginJar : add plateformsettings
2023-10-21 11:17:05,642 [INFO] IPUIPlugin:80 - create IPUIPlugin
2023-10-21 11:17:05,642 [INFO] PluginManager:220 - loadIPPluginJar : add quadspi
2023-10-21 11:17:05,659 [INFO] IPUIPlugin:80 - create IPUIPlugin
2023-10-21 11:17:05,659 [INFO] PluginManager:220 - loadIPPluginJar : add resmgrutility
2023-10-21 11:17:05,731 [INFO] IPUIPlugin:80 - create IPUIPlugin
2023-10-21 11:17:05,732 [INFO] PluginManager:220 - loadIPPluginJar : add sai
2023-10-21 11:17:05,793 [INFO] IPUIPlugin:80 - create IPUIPlugin
2023-10-21 11:17:05,793 [INFO] PluginManager:220 - loadIPPluginJar : add spi
2023-10-21 11:17:05,891 [INFO] IPUIPlugin:80 - create IPUIPlugin
2023-10-21 11:17:05,891 [INFO] PluginManager:220 - loadIPPluginJar : add stm32_wpan
2023-10-21 11:17:05,931 [INFO] IPUIPlugin:80 - create IPUIPlugin
2023-10-21 11:17:05,931 [INFO] PluginManager:220 - loadIPPluginJar : add tim
2023-10-21 11:17:06,021 [INFO] IPUIPlugin:80 - create IPUIPlugin
2023-10-21 11:17:06,022 [INFO] PluginManager:220 - loadIPPluginJar : add touchsensing
2023-10-21 11:17:06,055 [INFO] IPUIPlugin:80 - create IPUIPlugin
2023-10-21 11:17:06,055 [INFO] PluginManager:220 - loadIPPluginJar : add tracer_emb
2023-10-21 11:17:06,072 [INFO] ThirdPartyUpdaterWithRetryManager:70 - Updater plugin not ready yet. [2/15]
2023-10-21 11:17:06,092 [INFO] IPUIPlugin:80 - create IPUIPlugin
2023-10-21 11:17:06,092 [INFO] PluginManager:220 - loadIPPluginJar : add ts
2023-10-21 11:17:06,125 [INFO] IPUIPlugin:80 - create IPUIPlugin
2023-10-21 11:17:06,126 [INFO] PluginManager:220 - loadIPPluginJar : add tsc
2023-10-21 11:17:06,160 [INFO] IPUIPlugin:80 - create IPUIPlugin
2023-10-21 11:17:06,160 [INFO] PluginManager:220 - loadIPPluginJar : add ucpd
2023-10-21 11:17:06,228 [INFO] IPUIPlugin:80 - create IPUIPlugin
2023-10-21 11:17:06,228 [INFO] PluginManager:220 - loadIPPluginJar : add usart
2023-10-21 11:17:06,295 [INFO] IPUIPlugin:80 - create IPUIPlugin
2023-10-21 11:17:06,295 [INFO] PluginManager:220 - loadIPPluginJar : add usbx
2023-10-21 11:17:06,410 [INFO] CADModel:165 - CPN selected for project level
2023-10-21 11:17:06,410 [INFO] CADModel:114 - Register for checkConnection events
2023-10-21 11:17:06,410 [FATAL] Updater:308 - Updater called before beeing initialized
2023-10-21 11:17:06,410 [ERROR] CADModel:125 - Updater not yet initialized, retry later 
2023-10-21 11:17:06,536 [INFO] CADModel:165 - CPN selected for project level
2023-10-21 11:17:06,536 [INFO] CADModel:114 - Register for checkConnection events
2023-10-21 11:17:06,536 [FATAL] Updater:308 - Updater called before beeing initialized
2023-10-21 11:17:06,536 [ERROR] CADModel:125 - Updater not yet initialized, retry later 
2023-10-21 11:17:06,538 [FATAL] Updater:308 - Updater called before beeing initialized
2023-10-21 11:17:06,611 [FATAL] Updater:308 - Updater called before beeing initialized
2023-10-21 11:17:06,622 [INFO] DbMcusAds:53 - JSON generation date=Tue Mar 07 14:20:55 IST 2023 (1678179055114)
2023-10-21 11:17:06,622 [FATAL] Updater:308 - Updater called before beeing initialized
2023-10-21 11:17:06,676 [WARN] DetailPanel:346 - Failed to get advertising image, set to default
2023-10-21 11:17:06,734 [FATAL] Updater:308 - Updater called before beeing initialized
2023-10-21 11:17:06,736 [FATAL] Updater:308 - Updater called before beeing initialized
2023-10-21 11:17:06,736 [FATAL] Updater:308 - Updater called before beeing initialized
2023-10-21 11:17:06,736 [WARN] DetailPanel:346 - Failed to get advertising image, set to default
2023-10-21 11:17:06,737 [FATAL] Updater:308 - Updater called before beeing initialized
2023-10-21 11:17:06,785 [ERROR] Updater:1120 - MainUpdater not yet initialized. External WinMGr cannot be set.
2023-10-21 11:17:06,793 [INFO] Updater:1056 - Updater Version found : 6.9.2
2023-10-21 11:17:06,810 [INFO] ApplicationProperties:184 - Using Application install path: C:\ST\STM32CubeIDE_1.13.1\STM32CubeIDE\plugins\com.st.stm32cube.common.mx_6.9.2.202309101412
2023-10-21 11:17:07,833 [INFO] MainUpdater:2868 - connection check result : 10
2023-10-21 11:17:07,833 [INFO] MainUpdater:285 - Updater Check For Update Now.
2023-10-21 11:17:07,835 [INFO] MicroXplorer:498 - Change Database Version : DB.6.0.92
2023-10-21 11:17:07,848 [INFO] McuFinderGlobals:63 - Set McuFinder mode to 2 (CubeIDE integrated)
2023-10-21 11:17:07,848 [INFO] UserAuth:179 - activating auth plugin
2023-10-21 11:17:07,850 [INFO] UserAuth:393 - Internet connection configuration mode: 1
2023-10-21 11:17:07,879 [INFO] JxBrowserEngine:151 - Initiate JxBrowser Engine with user profile folder
2023-10-21 11:17:08,025 [INFO] CheckServerUpdateThread:120 - End of CheckServer Thread
2023-10-21 11:17:09,358 [WARN] PackLoader:240 - Cannot read IP mode file for STMicroelectronics.X-CUBE-SMBUS.2.1.0
2023-10-21 11:17:09,462 [WARN] PackLoader:240 - Cannot read IP mode file for STMicroelectronics.X-CUBE-AZRTOS-F7.1.1.0
2023-10-21 11:17:09,517 [WARN] PackLoader:240 - Cannot read IP mode file for STMicroelectronics.FP-SNS-MOTENV1.4.3.2
2023-10-21 11:17:09,572 [WARN] PackLoader:240 - Cannot read IP mode file for STMicroelectronics.FP-SNS-FLIGHT1.5.0.2
2023-10-21 11:17:09,618 [WARN] PackLoader:240 - Cannot read IP mode file for STMicroelectronics.X-CUBE-DISPLAY.3.0.0
2023-10-21 11:17:09,639 [WARN] PackLoader:240 - Cannot read IP mode file for STMicroelectronics.X-CUBE-BLE1.7.0.0
2023-10-21 11:17:09,665 [WARN] PackLoader:240 - Cannot read IP mode file for emotas.I-CUBE-CANOPEN.1.3.0
2023-10-21 11:17:09,680 [WARN] PackLoader:240 - Cannot read IP mode file for STMicroelectronics.X-CUBE-TOUCHGFX.4.22.0
2023-10-21 11:17:09,684 [WARN] PackLoader:240 - Cannot read IP mode file for STMicroelectronics.X-CUBE-TOUCHGFX.4.22.1
2023-10-21 11:17:09,706 [WARN] PackLoader:240 - Cannot read IP mode file for STMicroelectronics.FP-SNS-SMARTAG2.1.2.0
2023-10-21 11:17:09,735 [INFO] LogOutputStream:77 - [STDOUT_REDIRECT] 1 : Invalid condition id : UX_CORESTACK_Condition cause : null
2023-10-21 11:17:09,735 [INFO] LogOutputStream:77 - [STDOUT_REDIRECT] 1 : Invalid condition id : UX_CORESTACK_Condition cause : null
2023-10-21 11:17:09,735 [INFO] LogOutputStream:77 - [STDOUT_REDIRECT] 1 : Invalid condition id : UX_CORESTACK_Condition cause : null
2023-10-21 11:17:09,735 [INFO] LogOutputStream:77 - [STDOUT_REDIRECT] 1 : Invalid condition id : UX_CORESTACK_Condition cause : null
2023-10-21 11:17:09,744 [INFO] LogOutputStream:77 - [STDOUT_REDIRECT] 1 : Invalid condition id : UX_CORESTACK_Condition cause : null
2023-10-21 11:17:09,746 [WARN] PackLoader:240 - Cannot read IP mode file for STMicroelectronics.X-CUBE-AZRTOS-WL.2.0.0
2023-10-21 11:17:09,769 [WARN] PackLoader:240 - Cannot read IP mode file for WES.I-CUBE-Cesium.1.3.0
2023-10-21 11:17:09,783 [WARN] PackLoader:240 - Cannot read IP mode file for STMicroelectronics.X-CUBE-BLE2.3.3.0
2023-10-21 11:17:09,792 [WARN] PackLoader:240 - Cannot read IP mode file for STMicroelectronics.X-CUBE-ALGOBUILD.1.3.0
2023-10-21 11:17:09,839 [WARN] PackLoader:240 - Cannot read IP mode file for STMicroelectronics.X-CUBE-AZRTOS-G0.1.1.0
2023-10-21 11:17:09,871 [WARN] PackLoader:240 - Cannot read IP mode file for STMicroelectronics.X-CUBE-NFC4.3.0.0
2023-10-21 11:17:09,887 [WARN] PackLoader:240 - Cannot read IP mode file for STMicroelectronics.FP-ATR-SIGFOX1.3.2.0
2023-10-21 11:17:09,967 [WARN] PackLoader:240 - Cannot read IP mode file for SEGGER.I-CUBE-embOS.1.3.1
2023-10-21 11:17:10,170 [WARN] PackLoader:240 - Cannot read IP mode file for STMicroelectronics.X-CUBE-GNSS1.6.0.0
2023-10-21 11:17:10,607 [WARN] PackLoader:240 - Cannot read IP mode file for STMicroelectronics.X-CUBE-AZRTOS-F4.1.1.0
2023-10-21 11:17:10,620 [WARN] PackLoader:240 - Cannot read IP mode file for wolfSSL.I-CUBE-wolfSSL.5.6.3
2023-10-21 11:17:10,672 [WARN] PackLoader:240 - Cannot read IP mode file for STMicroelectronics.X-CUBE-AZRTOS-L5.2.0.0
2023-10-21 11:17:10,936 [WARN] PackLoader:240 - Cannot read IP mode file for STMicroelectronics.X-CUBE-MEMS1.9.6.0
2023-10-21 11:17:11,282 [WARN] PackLoader:240 - Cannot read IP mode file for ITTIA_DB.I-CUBE-ITTIADB.8.8.0
2023-10-21 11:17:11,307 [WARN] PackLoader:240 - Cannot read IP mode file for STMicroelectronics.X-CUBE-BLEMGR.2.0.0
2023-10-21 11:17:11,329 [WARN] ConditionMgr:438 - getConditionDescription Invalid condition id : UX DEVICE CLASS RTOS Condition cause : null
2023-10-21 11:17:11,329 [WARN] ConditionMgr:438 - getConditionDescription Invalid condition id : UX DEVICE CLASS RTOS Condition cause : null
2023-10-21 11:17:11,342 [WARN] PackLoader:240 - Cannot read IP mode file for STMicroelectronics.X-CUBE-AZRTOS-H7.3.1.0
2023-10-21 11:17:11,342 [WARN] ConditionMgr:1039 - genDependencies : Invalid condition id : UX DEVICE CLASS RTOS Condition cause : null
2023-10-21 11:17:11,342 [WARN] ConditionMgr:1039 - genDependencies : Invalid condition id : UX DEVICE CLASS RTOS Condition cause : null
2023-10-21 11:17:11,360 [WARN] ConditionMgr:1039 - genDependencies : Invalid condition id : UX DEVICE CLASS RTOS Condition cause : null
2023-10-21 11:17:11,367 [WARN] ConditionMgr:1039 - genDependencies : Invalid condition id : UX DEVICE CLASS RTOS Condition cause : null
2023-10-21 11:17:11,367 [WARN] ConditionMgr:1039 - genDependencies : Invalid condition id : UX DEVICE CLASS RTOS Condition cause : null
2023-10-21 11:17:11,393 [WARN] PackLoader:240 - Cannot read IP mode file for STMicroelectronics.X-CUBE-NFC7.1.0.1
2023-10-21 11:17:11,413 [WARN] PackLoader:240 - Cannot read IP mode file for STMicroelectronics.X-CUBE-NFC6.3.0.0
2023-10-21 11:17:11,451 [WARN] PackLoader:240 - Cannot read IP mode file for STMicroelectronics.X-CUBE-EEPRMA1.4.1.0
2023-10-21 11:17:11,485 [WARN] PackLoader:240 - Cannot read IP mode file for STMicroelectronics.X-CUBE-AI.8.1.0
2023-10-21 11:17:11,536 [WARN] ConditionMgr:438 - getConditionDescription Invalid condition id : LAN8742 Phy interface Condition cause : null
2023-10-21 11:17:11,537 [WARN] PackLoader:240 - Cannot read IP mode file for STMicroelectronics.X-CUBE-AZRTOS-L4.2.0.0
2023-10-21 11:17:11,538 [WARN] ConditionMgr:1039 - genDependencies : Invalid condition id : LAN8742 Phy interface Condition cause : null
2023-10-21 11:17:11,538 [WARN] ConditionMgr:1039 - genDependencies : Invalid condition id : LAN8742 Phy interface Condition cause : null
2023-10-21 11:17:11,539 [WARN] ConditionMgr:1039 - genDependencies : Invalid condition id : LAN8742 Phy interface Condition cause : null
2023-10-21 11:17:11,567 [WARN] PackLoader:240 - Cannot read IP mode file for STMicroelectronics.X-CUBE-SFXS2LP1.4.0.0
2023-10-21 11:17:11,590 [WARN] PackLoader:240 - Cannot read IP mode file for STMicroelectronics.X-CUBE-ISPU.1.1.0
2023-10-21 11:17:11,681 [WARN] ConditionMgr:438 - getConditionDescription Invalid condition id : UX DEVICE CLASS RTOS Condition cause : null
2023-10-21 11:17:11,683 [WARN] ConditionMgr:438 - getConditionDescription Invalid condition id : UX DEVICE CLASS RTOS Condition cause : null
2023-10-21 11:17:11,683 [WARN] PackLoader:240 - Cannot read IP mode file for STMicroelectronics.X-CUBE-AZRTOS-WB.2.0.0
2023-10-21 11:17:11,683 [WARN] ConditionMgr:1039 - genDependencies : Invalid condition id : UX DEVICE CLASS RTOS Condition cause : null
2023-10-21 11:17:11,683 [WARN] ConditionMgr:1039 - genDependencies : Invalid condition id : UX DEVICE CLASS RTOS Condition cause : null
2023-10-21 11:17:11,683 [WARN] ConditionMgr:1039 - genDependencies : Invalid condition id : UX DEVICE CLASS RTOS Condition cause : null
2023-10-21 11:17:11,683 [WARN] ConditionMgr:1039 - genDependencies : Invalid condition id : UX DEVICE CLASS RTOS Condition cause : null
2023-10-21 11:17:11,683 [WARN] ConditionMgr:1039 - genDependencies : Invalid condition id : UX DEVICE CLASS RTOS Condition cause : null
2023-10-21 11:17:11,713 [WARN] PackLoader:240 - Cannot read IP mode file for STMicroelectronics.X-CUBE-SUBG2.5.0.0
2023-10-21 11:17:11,744 [WARN] PackLoader:240 - Cannot read IP mode file for STMicroelectronics.X-CUBE-TOF1.3.3.1
2023-10-21 11:17:11,808 [WARN] PackLoader:240 - Cannot read IP mode file for STMicroelectronics.X-CUBE-AZRTOS-G4.2.0.0
2023-10-21 11:17:11,886 [WARN] PackLoader:240 - Cannot read IP mode file for Infineon.AIROC-Wi-Fi-Bluetooth-STM32.1.5.1
2023-10-21 11:17:11,927 [WARN] PackLoader:240 - Cannot read IP mode file for STMicroelectronics.X-CUBE-FREERTOS.1.1.0
2023-10-21 11:17:11,948 [WARN] PackLoader:240 - Cannot read IP mode file for portGmbH.I-Cube-SoM-uGOAL.1.1.0
2023-10-21 11:17:11,963 [WARN] PackLoader:240 - Cannot read IP mode file for STMicroelectronics.X-CUBE-ALS.1.0.1
2023-10-21 11:17:12,042 [WARN] PackLoader:240 - Cannot read IP mode file for STMicroelectronics.FP-ATR-ASTRA1.2.0.0
2023-10-21 11:17:12,042 [INFO] ThirdParty:978 - Integrity check success = true
2023-10-21 11:17:12,042 [INFO] IntegrityCheckThread:100 - exiting critical section [integrity check]
2023-10-21 11:17:12,042 [INFO] IntegrityCheckThread:103 - End integrity checks thread
2023-10-21 11:17:12,431 [INFO] WebApp:157 - Instantiating new browser for Auth
2023-10-21 11:17:13,130 [INFO] WebApp:753 - Register for checkConnection events
2023-10-21 11:17:13,130 [INFO] WebApp:390 - Apply proxy settings
2023-10-21 11:17:13,130 [INFO] WebApp:475 - Chromium requires no authentication
2023-10-21 11:17:13,140 [INFO] WebApp:418 - Direct internet connection detected
2023-10-21 11:17:13,369 [INFO] WebApp:188 - Starting web application
2023-10-21 11:17:13,369 [INFO] WebApp:520 - Web application path used C:\ST\STM32CubeIDE_1.13.1\STM32CubeIDE\plugins\com.st.stm32cube.common.mx_6.9.2.202309101412\db\plugins\mcufinder\reactClient1\index.html
2023-10-21 11:17:22,921 [ERROR] LogOutputStream:75 - [STDERR_REDIRECT] SLF4J: Failed to load class "org.slf4j.impl.StaticLoggerBinder".
2023-10-21 11:17:22,921 [ERROR] LogOutputStream:75 - [STDERR_REDIRECT] SLF4J: Defaulting to no-operation (NOP) logger implementation
2023-10-21 11:17:22,934 [ERROR] LogOutputStream:75 - [STDERR_REDIRECT] SLF4J: See http://www.slf4j.org/codes.html#StaticLoggerBinder for further details.
2023-10-21 12:32:36,600 [ERROR] LogOutputStream:75 - [STDERR_REDIRECT] 
