2023-10-31 07:07:18,008 [INFO] Activator:176 - 


2023-10-31 07:07:18,012 [INFO] Activator:177 - !SESSION log4j initialized
2023-10-31 07:07:23,213 [INFO] LogOutputStream:77 - [STDOUT_REDIRECT] 
2023-10-31 07:07:24,555 [INFO] ApplicationProperties:184 - Using Application install path: C:\ST\STM32CubeIDE_1.13.1\STM32CubeIDE\plugins\com.st.stm32cube.common.mx_6.9.2.202309101412
2023-10-31 07:07:24,571 [INFO] DbMcusXml:78 - Set database path to: C:\ST\STM32CubeIDE_1.13.1\STM32CubeIDE\plugins\com.st.stm32cube.common.mx_6.9.2.202309101412\\db\/mcu/
2023-10-31 07:07:24,571 [INFO] ApiDb:274 - Set plugin database path to: C:\ST\STM32CubeIDE_1.13.1\STM32CubeIDE\plugins\com.st.stm32cube.common.mx_6.9.2.202309101412\\db\/plugins/boardmanager/
2023-10-31 07:07:24,571 [WARN] ApiDb:259 - Overriding images path with different value:  => C:\ST\STM32CubeIDE_1.13.1\STM32CubeIDE\plugins\com.st.stm32cube.common.mx_6.9.2.202309101412\\db\/plugins/mcufinder/images/
2023-10-31 07:07:24,590 [INFO] ApiDb:250 - Set database path to: C:\Users\Ubaid\.stmcufinder\plugins\mcufinder//mcu/
2023-10-31 07:07:24,591 [INFO] DbMcusAds:125 - Set database path to: C:\Users\Ubaid\.stmcufinder\plugins\mcufinder//mcu/
2023-10-31 07:07:24,593 [INFO] CrossReferenceDbSqlite:203 - Set database path to: C:\Users\Ubaid\.stmcufinder\plugins\mcufinder//mcu/cs/
2023-10-31 07:07:24,682 [INFO] RulesReader:64 - Compatibility file has been processed (293 Rules)
2023-10-31 07:07:24,756 [INFO] DbMcusXml:78 - Set database path to: C:\ST\STM32CubeIDE_1.13.1\STM32CubeIDE\plugins\com.st.stm32cube.common.mx_6.9.2.202309101412\\db\/mcu/
2023-10-31 07:07:24,756 [INFO] ApiDb:274 - Set plugin database path to: C:\ST\STM32CubeIDE_1.13.1\STM32CubeIDE\plugins\com.st.stm32cube.common.mx_6.9.2.202309101412\\db\/plugins/boardmanager/
2023-10-31 07:07:24,756 [INFO] ApiDb:261 - Set plugin images path to: C:\ST\STM32CubeIDE_1.13.1\STM32CubeIDE\plugins\com.st.stm32cube.common.mx_6.9.2.202309101412\\db\/plugins/mcufinder/images/
2023-10-31 07:07:24,757 [WARN] DbFile:41 - Overriding database path with different value: C:\Users\Ubaid\.stmcufinder\plugins\mcufinder/ => C:\Users\Ubaid\.stmcufinder\plugins\mcufinder
2023-10-31 07:07:24,757 [INFO] ApiDb:250 - Set database path to: C:\Users\Ubaid\.stmcufinder\plugins\mcufinder//mcu/
2023-10-31 07:07:24,757 [WARN] DbFile:41 - Overriding database path with different value: C:\Users\Ubaid\.stmcufinder\plugins\mcufinder/ => C:\Users\Ubaid\.stmcufinder\plugins\mcufinder
2023-10-31 07:07:24,757 [INFO] DbMcusAds:125 - Set database path to: C:\Users\Ubaid\.stmcufinder\plugins\mcufinder//mcu/
2023-10-31 07:07:24,757 [WARN] DbFile:41 - Overriding database path with different value: C:\Users\Ubaid\.stmcufinder\plugins\mcufinder/ => C:\Users\Ubaid\.stmcufinder\plugins\mcufinder
2023-10-31 07:07:24,757 [WARN] DbFile:41 - Overriding database path with different value: C:\Users\Ubaid\.stmcufinder\plugins\mcufinder/ => C:\Users\Ubaid\.stmcufinder\plugins\mcufinder
2023-10-31 07:07:24,757 [INFO] CrossReferenceDbSqlite:203 - Set database path to: C:\Users\Ubaid\.stmcufinder\plugins\mcufinder//mcu/cs/
2023-10-31 07:07:24,823 [INFO] MainPanel:262 - HeapMemory: 268435456
2023-10-31 07:07:24,904 [INFO] DbMcusXml:78 - Set database path to: C:\ST\STM32CubeIDE_1.13.1\STM32CubeIDE\plugins\com.st.stm32cube.common.mx_6.9.2.202309101412\\db\/mcu/
2023-10-31 07:07:24,904 [INFO] ApiDb:274 - Set plugin database path to: C:\ST\STM32CubeIDE_1.13.1\STM32CubeIDE\plugins\com.st.stm32cube.common.mx_6.9.2.202309101412\\db\/plugins/boardmanager/
2023-10-31 07:07:24,904 [INFO] ApiDb:261 - Set plugin images path to: C:\ST\STM32CubeIDE_1.13.1\STM32CubeIDE\plugins\com.st.stm32cube.common.mx_6.9.2.202309101412\\db\/plugins/mcufinder/images/
2023-10-31 07:07:24,904 [WARN] DbFile:41 - Overriding database path with different value: C:\Users\Ubaid\.stmcufinder\plugins\mcufinder/ => C:\Users\Ubaid\.stmcufinder\plugins\mcufinder
2023-10-31 07:07:24,904 [INFO] ApiDb:250 - Set database path to: C:\Users\Ubaid\.stmcufinder\plugins\mcufinder//mcu/
2023-10-31 07:07:24,904 [WARN] DbFile:41 - Overriding database path with different value: C:\Users\Ubaid\.stmcufinder\plugins\mcufinder/ => C:\Users\Ubaid\.stmcufinder\plugins\mcufinder
2023-10-31 07:07:24,904 [INFO] DbMcusAds:125 - Set database path to: C:\Users\Ubaid\.stmcufinder\plugins\mcufinder//mcu/
2023-10-31 07:07:24,904 [WARN] DbFile:41 - Overriding database path with different value: C:\Users\Ubaid\.stmcufinder\plugins\mcufinder/ => C:\Users\Ubaid\.stmcufinder\plugins\mcufinder
2023-10-31 07:07:24,905 [WARN] DbFile:41 - Overriding database path with different value: C:\Users\Ubaid\.stmcufinder\plugins\mcufinder/ => C:\Users\Ubaid\.stmcufinder\plugins\mcufinder
2023-10-31 07:07:24,905 [INFO] CrossReferenceDbSqlite:203 - Set database path to: C:\Users\Ubaid\.stmcufinder\plugins\mcufinder//mcu/cs/
2023-10-31 07:07:24,921 [INFO] ApplicationProperties:184 - Using Application install path: C:\ST\STM32CubeIDE_1.13.1\STM32CubeIDE\plugins\com.st.stm32cube.common.mx_6.9.2.202309101412
2023-10-31 07:07:24,922 [INFO] PluginManage:196 - Search for loadable plugins [exclusion list=, ]
2023-10-31 07:07:24,923 [INFO] PluginManage:310 - Check plugin analytics
2023-10-31 07:07:25,235 [INFO] AnalyticsPlugin:253 - Accepted Software Licenses: STM32CubeMX.6.9.1
2023-10-31 07:07:25,244 [INFO] AnalyticsPlugin:255 - Accepted CMSIS Pack Licenses: 
2023-10-31 07:07:25,245 [INFO] AnalyticsPlugin:257 - Accepted Firmware Licenses: FW.F4.1.27.0
2023-10-31 07:07:25,248 [INFO] PluginManage:359 - Loaded plugin analytics (category:tool,tabindex:-1)
2023-10-31 07:07:25,249 [INFO] PluginManage:310 - Check plugin cadmodel
2023-10-31 07:07:25,263 [INFO] CADModel:105 - Init CAD model plugin
2023-10-31 07:07:25,264 [INFO] PluginManage:359 - Loaded plugin cadmodel (category:power,tabindex:5)
2023-10-31 07:07:25,264 [INFO] PluginManage:310 - Check plugin clock
2023-10-31 07:07:25,292 [INFO] PluginManage:359 - Loaded plugin clock (category:base,tabindex:2)
2023-10-31 07:07:25,292 [INFO] PluginManage:310 - Check plugin ddr
2023-10-31 07:07:25,295 [INFO] PluginManage:359 - Loaded plugin ddr (category:tool,tabindex:6)
2023-10-31 07:07:25,295 [INFO] PluginManage:310 - Check plugin filemanager
2023-10-31 07:07:25,481 [INFO] PluginManage:359 - Loaded plugin filemanager (category:base,tabindex:10)
2023-10-31 07:07:25,481 [INFO] PluginManage:310 - Check plugin ipmanager
2023-10-31 07:07:25,487 [INFO] PluginManage:359 - Loaded plugin ipmanager (category:base,tabindex:5)
2023-10-31 07:07:25,487 [INFO] PluginManage:310 - Check plugin lpbam
2023-10-31 07:07:25,503 [INFO] PluginManage:359 - Loaded plugin lpbam (category:base,tabindex:0)
2023-10-31 07:07:25,503 [INFO] PluginManage:310 - Check plugin memorymap
2023-10-31 07:07:25,534 [INFO] PluginManage:359 - Loaded plugin memorymap (category:base,tabindex:4)
2023-10-31 07:07:25,534 [INFO] PluginManage:310 - Check plugin pinoutandconfiguration
2023-10-31 07:07:25,565 [INFO] PluginManage:359 - Loaded plugin pinoutandconfiguration (category:base,tabindex:1)
2023-10-31 07:07:25,565 [INFO] PluginManage:310 - Check plugin pinoutconfig
2023-10-31 07:07:25,688 [WARN] SupportedApi:132 - Cannot load RTOS API schema: s4s-elt-must-match.1: The content of 'definitions' must match (annotation?, (simpleType | complexType)?, (unique | key | keyref)*)). A problem was found starting at: attribute.
2023-10-31 07:07:25,970 [INFO] PluginManage:359 - Loaded plugin pinoutconfig (category:base,tabindex:0)
2023-10-31 07:07:25,970 [INFO] PluginManage:310 - Check plugin power
2023-10-31 07:07:26,002 [INFO] PluginManage:359 - Loaded plugin power (category:power,tabindex:4)
2023-10-31 07:07:26,002 [INFO] PluginManage:310 - Check plugin projectmanager
2023-10-31 07:07:26,017 [INFO] PluginManage:359 - Loaded plugin projectmanager (category:projectmanager,tabindex:3)
2023-10-31 07:07:26,017 [INFO] PluginManage:310 - Check plugin thirdparty
2023-10-31 07:07:26,520 [INFO] PluginManage:359 - Loaded plugin thirdparty (category:base,tabindex:-1)
2023-10-31 07:07:26,520 [INFO] PluginManage:310 - Check plugin tools
2023-10-31 07:07:26,520 [WARN] IntegrityCheckThread:84 - waiting for thirdparty lock release [integrity check]
2023-10-31 07:07:26,520 [INFO] IntegrityCheckThread:86 - entering critical section [integrity check]
2023-10-31 07:07:26,520 [INFO] ThirdPartyUpdaterWithRetryManager:70 - Updater plugin not ready yet. [1/15]
2023-10-31 07:07:26,567 [INFO] PluginManage:359 - Loaded plugin tools (category:base,tabindex:7)
2023-10-31 07:07:26,567 [INFO] PluginManage:310 - Check plugin tutovideos
2023-10-31 07:07:26,861 [INFO] PluginManage:359 - Loaded plugin tutovideos (category:base,tabindex:-1)
2023-10-31 07:07:26,861 [INFO] PluginManage:310 - Check plugin updater
2023-10-31 07:07:26,875 [INFO] PluginManage:359 - Loaded plugin updater (category:base,tabindex:12)
2023-10-31 07:07:26,875 [INFO] PluginManage:310 - Check plugin userauth
2023-10-31 07:07:26,897 [INFO] UserAuth:113 - Init User Auth plugin
2023-10-31 07:07:26,897 [INFO] PluginManage:359 - Loaded plugin userauth (category:base,tabindex:14)
2023-10-31 07:07:26,898 [INFO] PluginManage:283 - PluginManage : Loaded plugins [17]
2023-10-31 07:07:27,310 [INFO] PinOutPanel:1499 - setPackage(No Configuration,No Configuration)
2023-10-31 07:07:27,481 [INFO] CADModel:165 - CPN selected for project level
2023-10-31 07:07:27,484 [INFO] CADModel:114 - Register for checkConnection events
2023-10-31 07:07:27,515 [INFO] IPUIPlugin:80 - create IPUIPlugin
2023-10-31 07:07:27,515 [INFO] PluginManager:220 - loadIPPluginJar : add adc
2023-10-31 07:07:27,574 [INFO] IPUIPlugin:80 - create IPUIPlugin
2023-10-31 07:07:27,575 [INFO] PluginManager:220 - loadIPPluginJar : add aes
2023-10-31 07:07:27,644 [INFO] IPUIPlugin:80 - create IPUIPlugin
2023-10-31 07:07:27,644 [INFO] PluginManager:220 - loadIPPluginJar : add can
2023-10-31 07:07:27,704 [INFO] IPUIPlugin:80 - create IPUIPlugin
2023-10-31 07:07:27,705 [INFO] PluginManager:220 - loadIPPluginJar : add comp
2023-10-31 07:07:27,745 [INFO] IPUIPlugin:80 - create IPUIPlugin
2023-10-31 07:07:27,745 [INFO] PluginManager:220 - loadIPPluginJar : add cryp
2023-10-31 07:07:27,800 [INFO] IPUIPlugin:80 - create IPUIPlugin
2023-10-31 07:07:27,800 [INFO] PluginManager:220 - loadIPPluginJar : add dfsdm
2023-10-31 07:07:27,825 [INFO] IPUIPlugin:80 - create IPUIPlugin
2023-10-31 07:07:27,825 [INFO] PluginManager:220 - loadIPPluginJar : add dma
2023-10-31 07:07:27,894 [INFO] IPUIPlugin:80 - create IPUIPlugin
2023-10-31 07:07:27,894 [INFO] PluginManager:220 - loadIPPluginJar : add dma3
2023-10-31 07:07:27,941 [INFO] IPUIPlugin:80 - create IPUIPlugin
2023-10-31 07:07:27,942 [INFO] PluginManager:220 - loadIPPluginJar : add fatfs
2023-10-31 07:07:28,028 [INFO] IPUIPlugin:80 - create IPUIPlugin
2023-10-31 07:07:28,028 [INFO] PluginManager:220 - loadIPPluginJar : add fmc
2023-10-31 07:07:28,046 [INFO] IPUIPlugin:80 - create IPUIPlugin
2023-10-31 07:07:28,046 [INFO] PluginManager:220 - loadIPPluginJar : add freertos
2023-10-31 07:07:28,058 [INFO] IPUIPlugin:80 - create IPUIPlugin
2023-10-31 07:07:28,058 [INFO] PluginManager:220 - loadIPPluginJar : add genericplugin
2023-10-31 07:07:28,195 [INFO] IPUIPlugin:80 - create IPUIPlugin
2023-10-31 07:07:28,196 [INFO] PluginManager:220 - loadIPPluginJar : add gfxmmu
2023-10-31 07:07:28,396 [INFO] IPUIPlugin:80 - create IPUIPlugin
2023-10-31 07:07:28,396 [INFO] PluginManager:220 - loadIPPluginJar : add gic
2023-10-31 07:07:28,412 [INFO] IPUIPlugin:80 - create IPUIPlugin
2023-10-31 07:07:28,412 [INFO] PluginManager:220 - loadIPPluginJar : add gpio
2023-10-31 07:07:28,534 [INFO] IPUIPlugin:80 - create IPUIPlugin
2023-10-31 07:07:28,536 [INFO] PluginManager:220 - loadIPPluginJar : add gtzc
2023-10-31 07:07:28,580 [INFO] IPUIPlugin:80 - create IPUIPlugin
2023-10-31 07:07:28,581 [INFO] PluginManager:220 - loadIPPluginJar : add hash
2023-10-31 07:07:28,651 [INFO] IPUIPlugin:80 - create IPUIPlugin
2023-10-31 07:07:28,651 [INFO] PluginManager:220 - loadIPPluginJar : add i2c
2023-10-31 07:07:28,718 [INFO] IPUIPlugin:80 - create IPUIPlugin
2023-10-31 07:07:28,718 [INFO] PluginManager:220 - loadIPPluginJar : add i2s
2023-10-31 07:07:28,794 [INFO] IPUIPlugin:80 - create IPUIPlugin
2023-10-31 07:07:28,794 [INFO] PluginManager:220 - loadIPPluginJar : add i3c
2023-10-31 07:07:28,981 [INFO] IPUIPlugin:80 - create IPUIPlugin
2023-10-31 07:07:28,981 [INFO] PluginManager:220 - loadIPPluginJar : add ipddr
2023-10-31 07:07:29,144 [INFO] IPUIPlugin:80 - create IPUIPlugin
2023-10-31 07:07:29,145 [INFO] PluginManager:220 - loadIPPluginJar : add linkedlist
2023-10-31 07:07:29,221 [INFO] IPUIPlugin:80 - create IPUIPlugin
2023-10-31 07:07:29,222 [INFO] PluginManager:220 - loadIPPluginJar : add lorawan
2023-10-31 07:07:29,273 [INFO] IPUIPlugin:80 - create IPUIPlugin
2023-10-31 07:07:29,273 [INFO] PluginManager:220 - loadIPPluginJar : add ltdc
2023-10-31 07:07:29,305 [INFO] IPUIPlugin:80 - create IPUIPlugin
2023-10-31 07:07:29,305 [INFO] PluginManager:220 - loadIPPluginJar : add mdma
2023-10-31 07:07:29,305 [INFO] IPUIPlugin:80 - create IPUIPlugin
2023-10-31 07:07:29,305 [INFO] PluginManager:220 - loadIPPluginJar : add nvic
2023-10-31 07:07:29,368 [INFO] IPUIPlugin:80 - create IPUIPlugin
2023-10-31 07:07:29,368 [INFO] PluginManager:220 - loadIPPluginJar : add opamp
2023-10-31 07:07:29,462 [INFO] IPUIPlugin:80 - create IPUIPlugin
2023-10-31 07:07:29,462 [INFO] PluginManager:220 - loadIPPluginJar : add openamp
2023-10-31 07:07:29,525 [INFO] ThirdPartyUpdaterWithRetryManager:70 - Updater plugin not ready yet. [2/15]
2023-10-31 07:07:29,525 [INFO] IPUIPlugin:80 - create IPUIPlugin
2023-10-31 07:07:29,525 [INFO] PluginManager:220 - loadIPPluginJar : add pdm2pcm
2023-10-31 07:07:29,541 [INFO] IPUIPlugin:80 - create IPUIPlugin
2023-10-31 07:07:29,541 [INFO] PluginManager:220 - loadIPPluginJar : add plateformsettings
2023-10-31 07:07:29,573 [INFO] IPUIPlugin:80 - create IPUIPlugin
2023-10-31 07:07:29,573 [INFO] PluginManager:220 - loadIPPluginJar : add quadspi
2023-10-31 07:07:29,589 [INFO] IPUIPlugin:80 - create IPUIPlugin
2023-10-31 07:07:29,589 [INFO] PluginManager:220 - loadIPPluginJar : add resmgrutility
2023-10-31 07:07:29,651 [INFO] IPUIPlugin:80 - create IPUIPlugin
2023-10-31 07:07:29,651 [INFO] PluginManager:220 - loadIPPluginJar : add sai
2023-10-31 07:07:29,715 [INFO] IPUIPlugin:80 - create IPUIPlugin
2023-10-31 07:07:29,715 [INFO] PluginManager:220 - loadIPPluginJar : add spi
2023-10-31 07:07:29,825 [INFO] IPUIPlugin:80 - create IPUIPlugin
2023-10-31 07:07:29,825 [INFO] PluginManager:220 - loadIPPluginJar : add stm32_wpan
2023-10-31 07:07:29,857 [INFO] IPUIPlugin:80 - create IPUIPlugin
2023-10-31 07:07:29,857 [INFO] PluginManager:220 - loadIPPluginJar : add tim
2023-10-31 07:07:29,936 [INFO] IPUIPlugin:80 - create IPUIPlugin
2023-10-31 07:07:29,936 [INFO] PluginManager:220 - loadIPPluginJar : add touchsensing
2023-10-31 07:07:29,988 [INFO] IPUIPlugin:80 - create IPUIPlugin
2023-10-31 07:07:29,988 [INFO] PluginManager:220 - loadIPPluginJar : add tracer_emb
2023-10-31 07:07:30,015 [INFO] IPUIPlugin:80 - create IPUIPlugin
2023-10-31 07:07:30,015 [INFO] PluginManager:220 - loadIPPluginJar : add ts
2023-10-31 07:07:30,047 [INFO] IPUIPlugin:80 - create IPUIPlugin
2023-10-31 07:07:30,047 [INFO] PluginManager:220 - loadIPPluginJar : add tsc
2023-10-31 07:07:30,094 [INFO] IPUIPlugin:80 - create IPUIPlugin
2023-10-31 07:07:30,094 [INFO] PluginManager:220 - loadIPPluginJar : add ucpd
2023-10-31 07:07:30,158 [INFO] IPUIPlugin:80 - create IPUIPlugin
2023-10-31 07:07:30,158 [INFO] PluginManager:220 - loadIPPluginJar : add usart
2023-10-31 07:07:30,221 [INFO] IPUIPlugin:80 - create IPUIPlugin
2023-10-31 07:07:30,221 [INFO] PluginManager:220 - loadIPPluginJar : add usbx
2023-10-31 07:07:30,364 [INFO] CADModel:165 - CPN selected for project level
2023-10-31 07:07:30,364 [INFO] CADModel:114 - Register for checkConnection events
2023-10-31 07:07:30,364 [FATAL] Updater:308 - Updater called before beeing initialized
2023-10-31 07:07:30,364 [ERROR] CADModel:125 - Updater not yet initialized, retry later 
2023-10-31 07:07:30,542 [INFO] CADModel:165 - CPN selected for project level
2023-10-31 07:07:30,542 [INFO] CADModel:114 - Register for checkConnection events
2023-10-31 07:07:30,542 [FATAL] Updater:308 - Updater called before beeing initialized
2023-10-31 07:07:30,542 [ERROR] CADModel:125 - Updater not yet initialized, retry later 
2023-10-31 07:07:30,557 [FATAL] Updater:308 - Updater called before beeing initialized
2023-10-31 07:07:30,736 [FATAL] Updater:308 - Updater called before beeing initialized
2023-10-31 07:07:30,752 [INFO] DbMcusAds:53 - JSON generation date=Tue Mar 07 14:20:55 IST 2023 (1678179055114)
2023-10-31 07:07:30,752 [FATAL] Updater:308 - Updater called before beeing initialized
2023-10-31 07:07:30,831 [WARN] DetailPanel:346 - Failed to get advertising image, set to default
2023-10-31 07:07:30,957 [FATAL] Updater:308 - Updater called before beeing initialized
2023-10-31 07:07:30,957 [FATAL] Updater:308 - Updater called before beeing initialized
2023-10-31 07:07:30,957 [FATAL] Updater:308 - Updater called before beeing initialized
2023-10-31 07:07:30,957 [WARN] DetailPanel:346 - Failed to get advertising image, set to default
2023-10-31 07:07:30,957 [FATAL] Updater:308 - Updater called before beeing initialized
2023-10-31 07:07:31,041 [ERROR] Updater:1120 - MainUpdater not yet initialized. External WinMGr cannot be set.
2023-10-31 07:07:31,057 [INFO] Updater:1056 - Updater Version found : 6.9.2
2023-10-31 07:07:31,075 [INFO] ApplicationProperties:184 - Using Application install path: C:\ST\STM32CubeIDE_1.13.1\STM32CubeIDE\plugins\com.st.stm32cube.common.mx_6.9.2.202309101412
2023-10-31 07:07:32,312 [INFO] MainUpdater:2868 - connection check result : 10
2023-10-31 07:07:32,314 [INFO] MainUpdater:285 - Updater Check For Update Now.
2023-10-31 07:07:32,314 [INFO] MicroXplorer:498 - Change Database Version : DB.6.0.92
2023-10-31 07:07:32,403 [INFO] McuFinderGlobals:63 - Set McuFinder mode to 2 (CubeIDE integrated)
2023-10-31 07:07:32,403 [INFO] UserAuth:179 - activating auth plugin
2023-10-31 07:07:32,419 [INFO] UserAuth:393 - Internet connection configuration mode: 1
2023-10-31 07:07:32,466 [INFO] JxBrowserEngine:151 - Initiate JxBrowser Engine with user profile folder
2023-10-31 07:07:32,529 [WARN] MainUpdater:1189 - Updater busy. Cannot search thirdparties
2023-10-31 07:07:32,529 [INFO] ThirdPartyUpdaterWithRetryManager:96 - Updater plugin is busy. [1/15]
2023-10-31 07:07:32,713 [INFO] CheckServerUpdateThread:120 - End of CheckServer Thread
2023-10-31 07:07:35,409 [INFO] WebApp:157 - Instantiating new browser for Auth
2023-10-31 07:07:35,895 [WARN] PackLoader:240 - Cannot read IP mode file for STMicroelectronics.X-CUBE-SMBUS.2.1.0
2023-10-31 07:07:36,062 [WARN] PackLoader:240 - Cannot read IP mode file for STMicroelectronics.X-CUBE-AZRTOS-F7.1.1.0
2023-10-31 07:07:36,152 [WARN] PackLoader:240 - Cannot read IP mode file for STMicroelectronics.FP-SNS-MOTENV1.4.3.2
2023-10-31 07:07:36,185 [WARN] PackLoader:240 - Cannot read IP mode file for STMicroelectronics.FP-SNS-FLIGHT1.5.0.2
2023-10-31 07:07:36,225 [WARN] PackLoader:240 - Cannot read IP mode file for STMicroelectronics.X-CUBE-DISPLAY.3.0.0
2023-10-31 07:07:36,269 [WARN] PackLoader:240 - Cannot read IP mode file for STMicroelectronics.X-CUBE-BLE1.7.0.0
2023-10-31 07:07:36,283 [WARN] PackLoader:240 - Cannot read IP mode file for emotas.I-CUBE-CANOPEN.1.3.0
2023-10-31 07:07:36,297 [WARN] PackLoader:240 - Cannot read IP mode file for STMicroelectronics.X-CUBE-TOUCHGFX.4.22.0
2023-10-31 07:07:36,305 [WARN] PackLoader:240 - Cannot read IP mode file for STMicroelectronics.X-CUBE-TOUCHGFX.4.22.1
2023-10-31 07:07:36,316 [WARN] PackLoader:240 - Cannot read IP mode file for STMicroelectronics.FP-SNS-SMARTAG2.1.2.0
2023-10-31 07:07:36,342 [INFO] LogOutputStream:77 - [STDOUT_REDIRECT] 1 : Invalid condition id : UX_CORESTACK_Condition cause : null
2023-10-31 07:07:36,346 [INFO] LogOutputStream:77 - [STDOUT_REDIRECT] 1 : Invalid condition id : UX_CORESTACK_Condition cause : null
2023-10-31 07:07:36,347 [INFO] LogOutputStream:77 - [STDOUT_REDIRECT] 1 : Invalid condition id : UX_CORESTACK_Condition cause : null
2023-10-31 07:07:36,351 [INFO] LogOutputStream:77 - [STDOUT_REDIRECT] 1 : Invalid condition id : UX_CORESTACK_Condition cause : null
2023-10-31 07:07:36,353 [INFO] LogOutputStream:77 - [STDOUT_REDIRECT] 1 : Invalid condition id : UX_CORESTACK_Condition cause : null
2023-10-31 07:07:36,357 [WARN] PackLoader:240 - Cannot read IP mode file for STMicroelectronics.X-CUBE-AZRTOS-WL.2.0.0
2023-10-31 07:07:36,375 [WARN] PackLoader:240 - Cannot read IP mode file for WES.I-CUBE-Cesium.1.3.0
2023-10-31 07:07:36,388 [WARN] PackLoader:240 - Cannot read IP mode file for STMicroelectronics.X-CUBE-BLE2.3.3.0
2023-10-31 07:07:36,405 [WARN] PackLoader:240 - Cannot read IP mode file for STMicroelectronics.X-CUBE-ALGOBUILD.1.3.0
2023-10-31 07:07:36,435 [WARN] PackLoader:240 - Cannot read IP mode file for STMicroelectronics.X-CUBE-AZRTOS-G0.1.1.0
2023-10-31 07:07:36,460 [WARN] PackLoader:240 - Cannot read IP mode file for STMicroelectronics.X-CUBE-NFC4.3.0.0
2023-10-31 07:07:36,477 [WARN] PackLoader:240 - Cannot read IP mode file for STMicroelectronics.FP-ATR-SIGFOX1.3.2.0
2023-10-31 07:07:36,548 [WARN] PackLoader:240 - Cannot read IP mode file for SEGGER.I-CUBE-embOS.1.3.1
2023-10-31 07:07:36,925 [WARN] PackLoader:240 - Cannot read IP mode file for STMicroelectronics.X-CUBE-GNSS1.6.0.0
2023-10-31 07:07:36,951 [WARN] PackLoader:240 - Cannot read IP mode file for STMicroelectronics.X-CUBE-AZRTOS-F4.1.1.0
2023-10-31 07:07:36,973 [WARN] PackLoader:240 - Cannot read IP mode file for wolfSSL.I-CUBE-wolfSSL.5.6.3
2023-10-31 07:07:37,014 [WARN] PackLoader:240 - Cannot read IP mode file for STMicroelectronics.X-CUBE-AZRTOS-L5.2.0.0
2023-10-31 07:07:37,216 [WARN] PackLoader:240 - Cannot read IP mode file for STMicroelectronics.X-CUBE-MEMS1.9.6.0
2023-10-31 07:07:37,444 [WARN] PackLoader:240 - Cannot read IP mode file for STMicroelectronics.X-CUBE-EEPRMA1.4.2.0
2023-10-31 07:07:37,458 [WARN] PackLoader:240 - Cannot read IP mode file for ITTIA_DB.I-CUBE-ITTIADB.8.8.0
2023-10-31 07:07:37,473 [WARN] PackLoader:240 - Cannot read IP mode file for STMicroelectronics.X-CUBE-BLEMGR.2.0.0
2023-10-31 07:07:37,502 [WARN] ConditionMgr:438 - getConditionDescription Invalid condition id : UX DEVICE CLASS RTOS Condition cause : null
2023-10-31 07:07:37,502 [WARN] ConditionMgr:438 - getConditionDescription Invalid condition id : UX DEVICE CLASS RTOS Condition cause : null
2023-10-31 07:07:37,506 [WARN] PackLoader:240 - Cannot read IP mode file for STMicroelectronics.X-CUBE-AZRTOS-H7.3.1.0
2023-10-31 07:07:37,507 [WARN] ConditionMgr:1039 - genDependencies : Invalid condition id : UX DEVICE CLASS RTOS Condition cause : null
2023-10-31 07:07:37,507 [WARN] ConditionMgr:1039 - genDependencies : Invalid condition id : UX DEVICE CLASS RTOS Condition cause : null
2023-10-31 07:07:37,508 [WARN] ConditionMgr:1039 - genDependencies : Invalid condition id : UX DEVICE CLASS RTOS Condition cause : null
2023-10-31 07:07:37,508 [WARN] ConditionMgr:1039 - genDependencies : Invalid condition id : UX DEVICE CLASS RTOS Condition cause : null
2023-10-31 07:07:37,509 [WARN] ConditionMgr:1039 - genDependencies : Invalid condition id : UX DEVICE CLASS RTOS Condition cause : null
2023-10-31 07:07:37,523 [WARN] PackLoader:240 - Cannot read IP mode file for STMicroelectronics.X-CUBE-NFC7.1.0.1
2023-10-31 07:07:37,541 [WARN] PackLoader:240 - Cannot read IP mode file for STMicroelectronics.X-CUBE-NFC6.3.0.0
2023-10-31 07:07:37,567 [WARN] PackLoader:240 - Cannot read IP mode file for STMicroelectronics.X-CUBE-EEPRMA1.4.1.0
2023-10-31 07:07:37,595 [WARN] PackLoader:240 - Cannot read IP mode file for STMicroelectronics.X-CUBE-AI.8.1.0
2023-10-31 07:07:37,650 [WARN] ConditionMgr:438 - getConditionDescription Invalid condition id : LAN8742 Phy interface Condition cause : null
2023-10-31 07:07:37,650 [WARN] PackLoader:240 - Cannot read IP mode file for STMicroelectronics.X-CUBE-AZRTOS-L4.2.0.0
2023-10-31 07:07:37,652 [WARN] ConditionMgr:1039 - genDependencies : Invalid condition id : LAN8742 Phy interface Condition cause : null
2023-10-31 07:07:37,654 [WARN] ConditionMgr:1039 - genDependencies : Invalid condition id : LAN8742 Phy interface Condition cause : null
2023-10-31 07:07:37,655 [WARN] ConditionMgr:1039 - genDependencies : Invalid condition id : LAN8742 Phy interface Condition cause : null
2023-10-31 07:07:37,769 [WARN] PackLoader:240 - Cannot read IP mode file for STMicroelectronics.X-CUBE-SFXS2LP1.4.0.0
2023-10-31 07:07:37,782 [WARN] PackLoader:240 - Cannot read IP mode file for STMicroelectronics.X-CUBE-ISPU.1.1.0
2023-10-31 07:07:37,855 [WARN] ConditionMgr:438 - getConditionDescription Invalid condition id : UX DEVICE CLASS RTOS Condition cause : null
2023-10-31 07:07:37,857 [WARN] ConditionMgr:438 - getConditionDescription Invalid condition id : UX DEVICE CLASS RTOS Condition cause : null
2023-10-31 07:07:37,859 [WARN] PackLoader:240 - Cannot read IP mode file for STMicroelectronics.X-CUBE-AZRTOS-WB.2.0.0
2023-10-31 07:07:37,860 [WARN] ConditionMgr:1039 - genDependencies : Invalid condition id : UX DEVICE CLASS RTOS Condition cause : null
2023-10-31 07:07:37,860 [WARN] ConditionMgr:1039 - genDependencies : Invalid condition id : UX DEVICE CLASS RTOS Condition cause : null
2023-10-31 07:07:37,862 [WARN] ConditionMgr:1039 - genDependencies : Invalid condition id : UX DEVICE CLASS RTOS Condition cause : null
2023-10-31 07:07:37,862 [WARN] ConditionMgr:1039 - genDependencies : Invalid condition id : UX DEVICE CLASS RTOS Condition cause : null
2023-10-31 07:07:37,862 [WARN] ConditionMgr:1039 - genDependencies : Invalid condition id : UX DEVICE CLASS RTOS Condition cause : null
2023-10-31 07:07:37,882 [WARN] PackLoader:240 - Cannot read IP mode file for STMicroelectronics.X-CUBE-SUBG2.5.0.0
2023-10-31 07:07:37,918 [WARN] PackLoader:240 - Cannot read IP mode file for STMicroelectronics.X-CUBE-TOF1.3.3.1
2023-10-31 07:07:37,952 [WARN] PackLoader:240 - Cannot read IP mode file for STMicroelectronics.X-CUBE-AZRTOS-G4.2.0.0
2023-10-31 07:07:37,993 [WARN] PackLoader:240 - Cannot read IP mode file for Infineon.AIROC-Wi-Fi-Bluetooth-STM32.1.5.1
2023-10-31 07:07:38,204 [WARN] PackLoader:240 - Cannot read IP mode file for STMicroelectronics.X-CUBE-MEMS1.10.0.0
2023-10-31 07:07:38,414 [WARN] PackLoader:240 - Cannot read IP mode file for STMicroelectronics.X-CUBE-FREERTOS.1.1.0
2023-10-31 07:07:38,433 [WARN] PackLoader:240 - Cannot read IP mode file for portGmbH.I-Cube-SoM-uGOAL.1.1.0
2023-10-31 07:07:38,453 [WARN] PackLoader:240 - Cannot read IP mode file for STMicroelectronics.X-CUBE-ALS.1.0.1
2023-10-31 07:07:38,470 [WARN] PackLoader:240 - Cannot read IP mode file for STMicroelectronics.FP-ATR-ASTRA1.2.0.0
2023-10-31 07:07:38,483 [INFO] ThirdParty:978 - Integrity check success = true
2023-10-31 07:07:38,483 [INFO] IntegrityCheckThread:100 - exiting critical section [integrity check]
2023-10-31 07:07:38,484 [INFO] IntegrityCheckThread:103 - End integrity checks thread
2023-10-31 07:07:42,894 [INFO] WebApp:753 - Register for checkConnection events
2023-10-31 07:07:42,895 [INFO] WebApp:390 - Apply proxy settings
2023-10-31 07:07:42,895 [INFO] WebApp:475 - Chromium requires no authentication
2023-10-31 07:07:42,904 [INFO] WebApp:418 - Direct internet connection detected
2023-10-31 07:07:43,091 [INFO] WebApp:188 - Starting web application
2023-10-31 07:07:43,092 [INFO] WebApp:520 - Web application path used C:\ST\STM32CubeIDE_1.13.1\STM32CubeIDE\plugins\com.st.stm32cube.common.mx_6.9.2.202309101412\db\plugins\mcufinder\reactClient1\index.html
2023-10-31 07:07:45,162 [ERROR] LogOutputStream:75 - [STDERR_REDIRECT] SLF4J: Failed to load class "org.slf4j.impl.StaticLoggerBinder".
2023-10-31 07:07:45,162 [ERROR] LogOutputStream:75 - [STDERR_REDIRECT] SLF4J: Defaulting to no-operation (NOP) logger implementation
2023-10-31 07:07:45,162 [ERROR] LogOutputStream:75 - [STDERR_REDIRECT] SLF4J: See http://www.slf4j.org/codes.html#StaticLoggerBinder for further details.
