2023-10-29 17:23:18,286 [INFO] Activator:176 - 


2023-10-29 17:23:18,304 [INFO] Activator:177 - !SESSION log4j initialized
2023-10-29 17:23:21,801 [INFO] LogOutputStream:77 - [STDOUT_REDIRECT] 
2023-10-29 17:23:23,673 [INFO] ApplicationProperties:184 - Using Application install path: C:\ST\STM32CubeIDE_1.13.1\STM32CubeIDE\plugins\com.st.stm32cube.common.mx_6.9.2.202309101412
2023-10-29 17:23:23,688 [INFO] DbMcusXml:78 - Set database path to: C:\ST\STM32CubeIDE_1.13.1\STM32CubeIDE\plugins\com.st.stm32cube.common.mx_6.9.2.202309101412\\db\/mcu/
2023-10-29 17:23:23,688 [INFO] ApiDb:274 - Set plugin database path to: C:\ST\STM32CubeIDE_1.13.1\STM32CubeIDE\plugins\com.st.stm32cube.common.mx_6.9.2.202309101412\\db\/plugins/boardmanager/
2023-10-29 17:23:23,689 [WARN] ApiDb:259 - Overriding images path with different value:  => C:\ST\STM32CubeIDE_1.13.1\STM32CubeIDE\plugins\com.st.stm32cube.common.mx_6.9.2.202309101412\\db\/plugins/mcufinder/images/
2023-10-29 17:23:23,700 [INFO] ApiDb:250 - Set database path to: C:\Users\Ubaid\.stmcufinder\plugins\mcufinder//mcu/
2023-10-29 17:23:23,701 [INFO] DbMcusAds:125 - Set database path to: C:\Users\Ubaid\.stmcufinder\plugins\mcufinder//mcu/
2023-10-29 17:23:23,702 [INFO] CrossReferenceDbSqlite:203 - Set database path to: C:\Users\Ubaid\.stmcufinder\plugins\mcufinder//mcu/cs/
2023-10-29 17:23:23,787 [INFO] RulesReader:64 - Compatibility file has been processed (293 Rules)
2023-10-29 17:23:23,842 [INFO] DbMcusXml:78 - Set database path to: C:\ST\STM32CubeIDE_1.13.1\STM32CubeIDE\plugins\com.st.stm32cube.common.mx_6.9.2.202309101412\\db\/mcu/
2023-10-29 17:23:23,842 [INFO] ApiDb:274 - Set plugin database path to: C:\ST\STM32CubeIDE_1.13.1\STM32CubeIDE\plugins\com.st.stm32cube.common.mx_6.9.2.202309101412\\db\/plugins/boardmanager/
2023-10-29 17:23:23,842 [INFO] ApiDb:261 - Set plugin images path to: C:\ST\STM32CubeIDE_1.13.1\STM32CubeIDE\plugins\com.st.stm32cube.common.mx_6.9.2.202309101412\\db\/plugins/mcufinder/images/
2023-10-29 17:23:23,842 [WARN] DbFile:41 - Overriding database path with different value: C:\Users\Ubaid\.stmcufinder\plugins\mcufinder/ => C:\Users\Ubaid\.stmcufinder\plugins\mcufinder
2023-10-29 17:23:23,844 [INFO] ApiDb:250 - Set database path to: C:\Users\Ubaid\.stmcufinder\plugins\mcufinder//mcu/
2023-10-29 17:23:23,844 [WARN] DbFile:41 - Overriding database path with different value: C:\Users\Ubaid\.stmcufinder\plugins\mcufinder/ => C:\Users\Ubaid\.stmcufinder\plugins\mcufinder
2023-10-29 17:23:23,844 [INFO] DbMcusAds:125 - Set database path to: C:\Users\Ubaid\.stmcufinder\plugins\mcufinder//mcu/
2023-10-29 17:23:23,844 [WARN] DbFile:41 - Overriding database path with different value: C:\Users\Ubaid\.stmcufinder\plugins\mcufinder/ => C:\Users\Ubaid\.stmcufinder\plugins\mcufinder
2023-10-29 17:23:23,844 [WARN] DbFile:41 - Overriding database path with different value: C:\Users\Ubaid\.stmcufinder\plugins\mcufinder/ => C:\Users\Ubaid\.stmcufinder\plugins\mcufinder
2023-10-29 17:23:23,844 [INFO] CrossReferenceDbSqlite:203 - Set database path to: C:\Users\Ubaid\.stmcufinder\plugins\mcufinder//mcu/cs/
2023-10-29 17:23:23,910 [INFO] MainPanel:262 - HeapMemory: 268435456
2023-10-29 17:23:23,973 [INFO] DbMcusXml:78 - Set database path to: C:\ST\STM32CubeIDE_1.13.1\STM32CubeIDE\plugins\com.st.stm32cube.common.mx_6.9.2.202309101412\\db\/mcu/
2023-10-29 17:23:23,973 [INFO] ApiDb:274 - Set plugin database path to: C:\ST\STM32CubeIDE_1.13.1\STM32CubeIDE\plugins\com.st.stm32cube.common.mx_6.9.2.202309101412\\db\/plugins/boardmanager/
2023-10-29 17:23:23,973 [INFO] ApiDb:261 - Set plugin images path to: C:\ST\STM32CubeIDE_1.13.1\STM32CubeIDE\plugins\com.st.stm32cube.common.mx_6.9.2.202309101412\\db\/plugins/mcufinder/images/
2023-10-29 17:23:23,974 [WARN] DbFile:41 - Overriding database path with different value: C:\Users\Ubaid\.stmcufinder\plugins\mcufinder/ => C:\Users\Ubaid\.stmcufinder\plugins\mcufinder
2023-10-29 17:23:23,974 [INFO] ApiDb:250 - Set database path to: C:\Users\Ubaid\.stmcufinder\plugins\mcufinder//mcu/
2023-10-29 17:23:23,974 [WARN] DbFile:41 - Overriding database path with different value: C:\Users\Ubaid\.stmcufinder\plugins\mcufinder/ => C:\Users\Ubaid\.stmcufinder\plugins\mcufinder
2023-10-29 17:23:23,974 [INFO] DbMcusAds:125 - Set database path to: C:\Users\Ubaid\.stmcufinder\plugins\mcufinder//mcu/
2023-10-29 17:23:23,974 [WARN] DbFile:41 - Overriding database path with different value: C:\Users\Ubaid\.stmcufinder\plugins\mcufinder/ => C:\Users\Ubaid\.stmcufinder\plugins\mcufinder
2023-10-29 17:23:23,974 [WARN] DbFile:41 - Overriding database path with different value: C:\Users\Ubaid\.stmcufinder\plugins\mcufinder/ => C:\Users\Ubaid\.stmcufinder\plugins\mcufinder
2023-10-29 17:23:23,974 [INFO] CrossReferenceDbSqlite:203 - Set database path to: C:\Users\Ubaid\.stmcufinder\plugins\mcufinder//mcu/cs/
2023-10-29 17:23:23,987 [INFO] ApplicationProperties:184 - Using Application install path: C:\ST\STM32CubeIDE_1.13.1\STM32CubeIDE\plugins\com.st.stm32cube.common.mx_6.9.2.202309101412
2023-10-29 17:23:23,988 [INFO] PluginManage:196 - Search for loadable plugins [exclusion list=, ]
2023-10-29 17:23:23,989 [INFO] PluginManage:310 - Check plugin analytics
2023-10-29 17:23:24,122 [INFO] AnalyticsPlugin:253 - Accepted Software Licenses: STM32CubeMX.6.9.1
2023-10-29 17:23:24,122 [INFO] AnalyticsPlugin:255 - Accepted CMSIS Pack Licenses: 
2023-10-29 17:23:24,122 [INFO] AnalyticsPlugin:257 - Accepted Firmware Licenses: FW.F4.1.27.0
2023-10-29 17:23:24,124 [INFO] PluginManage:359 - Loaded plugin analytics (category:tool,tabindex:-1)
2023-10-29 17:23:24,124 [INFO] PluginManage:310 - Check plugin cadmodel
2023-10-29 17:23:24,134 [INFO] CADModel:105 - Init CAD model plugin
2023-10-29 17:23:24,135 [INFO] PluginManage:359 - Loaded plugin cadmodel (category:power,tabindex:5)
2023-10-29 17:23:24,135 [INFO] PluginManage:310 - Check plugin clock
2023-10-29 17:23:24,151 [INFO] PluginManage:359 - Loaded plugin clock (category:base,tabindex:2)
2023-10-29 17:23:24,151 [INFO] PluginManage:310 - Check plugin ddr
2023-10-29 17:23:24,153 [INFO] PluginManage:359 - Loaded plugin ddr (category:tool,tabindex:6)
2023-10-29 17:23:24,153 [INFO] PluginManage:310 - Check plugin filemanager
2023-10-29 17:23:24,244 [INFO] PluginManage:359 - Loaded plugin filemanager (category:base,tabindex:10)
2023-10-29 17:23:24,244 [INFO] PluginManage:310 - Check plugin ipmanager
2023-10-29 17:23:24,251 [INFO] PluginManage:359 - Loaded plugin ipmanager (category:base,tabindex:5)
2023-10-29 17:23:24,251 [INFO] PluginManage:310 - Check plugin lpbam
2023-10-29 17:23:24,263 [INFO] PluginManage:359 - Loaded plugin lpbam (category:base,tabindex:0)
2023-10-29 17:23:24,263 [INFO] PluginManage:310 - Check plugin memorymap
2023-10-29 17:23:24,279 [INFO] PluginManage:359 - Loaded plugin memorymap (category:base,tabindex:4)
2023-10-29 17:23:24,279 [INFO] PluginManage:310 - Check plugin pinoutandconfiguration
2023-10-29 17:23:24,289 [INFO] PluginManage:359 - Loaded plugin pinoutandconfiguration (category:base,tabindex:1)
2023-10-29 17:23:24,289 [INFO] PluginManage:310 - Check plugin pinoutconfig
2023-10-29 17:23:24,352 [WARN] SupportedApi:132 - Cannot load RTOS API schema: s4s-elt-must-match.1: The content of 'definitions' must match (annotation?, (simpleType | complexType)?, (unique | key | keyref)*)). A problem was found starting at: attribute.
2023-10-29 17:23:24,448 [INFO] PluginManage:359 - Loaded plugin pinoutconfig (category:base,tabindex:0)
2023-10-29 17:23:24,448 [INFO] PluginManage:310 - Check plugin power
2023-10-29 17:23:24,466 [INFO] PluginManage:359 - Loaded plugin power (category:power,tabindex:4)
2023-10-29 17:23:24,466 [INFO] PluginManage:310 - Check plugin projectmanager
2023-10-29 17:23:24,479 [INFO] PluginManage:359 - Loaded plugin projectmanager (category:projectmanager,tabindex:3)
2023-10-29 17:23:24,479 [INFO] PluginManage:310 - Check plugin thirdparty
2023-10-29 17:23:24,659 [INFO] PluginManage:359 - Loaded plugin thirdparty (category:base,tabindex:-1)
2023-10-29 17:23:24,659 [INFO] PluginManage:310 - Check plugin tools
2023-10-29 17:23:24,659 [WARN] IntegrityCheckThread:84 - waiting for thirdparty lock release [integrity check]
2023-10-29 17:23:24,660 [INFO] IntegrityCheckThread:86 - entering critical section [integrity check]
2023-10-29 17:23:24,660 [INFO] ThirdPartyUpdaterWithRetryManager:70 - Updater plugin not ready yet. [1/15]
2023-10-29 17:23:24,678 [INFO] PluginManage:359 - Loaded plugin tools (category:base,tabindex:7)
2023-10-29 17:23:24,678 [INFO] PluginManage:310 - Check plugin tutovideos
2023-10-29 17:23:24,808 [INFO] PluginManage:359 - Loaded plugin tutovideos (category:base,tabindex:-1)
2023-10-29 17:23:24,809 [INFO] PluginManage:310 - Check plugin updater
2023-10-29 17:23:24,818 [INFO] PluginManage:359 - Loaded plugin updater (category:base,tabindex:12)
2023-10-29 17:23:24,818 [INFO] PluginManage:310 - Check plugin userauth
2023-10-29 17:23:24,822 [INFO] UserAuth:113 - Init User Auth plugin
2023-10-29 17:23:24,822 [INFO] PluginManage:359 - Loaded plugin userauth (category:base,tabindex:14)
2023-10-29 17:23:24,822 [INFO] PluginManage:283 - PluginManage : Loaded plugins [17]
2023-10-29 17:23:24,978 [INFO] PinOutPanel:1499 - setPackage(No Configuration,No Configuration)
2023-10-29 17:23:25,055 [INFO] CADModel:165 - CPN selected for project level
2023-10-29 17:23:25,055 [INFO] CADModel:114 - Register for checkConnection events
2023-10-29 17:23:25,076 [INFO] IPUIPlugin:80 - create IPUIPlugin
2023-10-29 17:23:25,076 [INFO] PluginManager:220 - loadIPPluginJar : add adc
2023-10-29 17:23:25,097 [INFO] IPUIPlugin:80 - create IPUIPlugin
2023-10-29 17:23:25,098 [INFO] PluginManager:220 - loadIPPluginJar : add aes
2023-10-29 17:23:25,121 [INFO] IPUIPlugin:80 - create IPUIPlugin
2023-10-29 17:23:25,121 [INFO] PluginManager:220 - loadIPPluginJar : add can
2023-10-29 17:23:25,132 [INFO] IPUIPlugin:80 - create IPUIPlugin
2023-10-29 17:23:25,132 [INFO] PluginManager:220 - loadIPPluginJar : add comp
2023-10-29 17:23:25,150 [INFO] IPUIPlugin:80 - create IPUIPlugin
2023-10-29 17:23:25,150 [INFO] PluginManager:220 - loadIPPluginJar : add cryp
2023-10-29 17:23:25,166 [INFO] IPUIPlugin:80 - create IPUIPlugin
2023-10-29 17:23:25,166 [INFO] PluginManager:220 - loadIPPluginJar : add dfsdm
2023-10-29 17:23:25,178 [INFO] IPUIPlugin:80 - create IPUIPlugin
2023-10-29 17:23:25,178 [INFO] PluginManager:220 - loadIPPluginJar : add dma
2023-10-29 17:23:25,210 [INFO] IPUIPlugin:80 - create IPUIPlugin
2023-10-29 17:23:25,210 [INFO] PluginManager:220 - loadIPPluginJar : add dma3
2023-10-29 17:23:25,221 [INFO] IPUIPlugin:80 - create IPUIPlugin
2023-10-29 17:23:25,221 [INFO] PluginManager:220 - loadIPPluginJar : add fatfs
2023-10-29 17:23:25,253 [INFO] IPUIPlugin:80 - create IPUIPlugin
2023-10-29 17:23:25,253 [INFO] PluginManager:220 - loadIPPluginJar : add fmc
2023-10-29 17:23:25,264 [INFO] IPUIPlugin:80 - create IPUIPlugin
2023-10-29 17:23:25,264 [INFO] PluginManager:220 - loadIPPluginJar : add freertos
2023-10-29 17:23:25,274 [INFO] IPUIPlugin:80 - create IPUIPlugin
2023-10-29 17:23:25,274 [INFO] PluginManager:220 - loadIPPluginJar : add genericplugin
2023-10-29 17:23:25,321 [INFO] IPUIPlugin:80 - create IPUIPlugin
2023-10-29 17:23:25,321 [INFO] PluginManager:220 - loadIPPluginJar : add gfxmmu
2023-10-29 17:23:25,416 [INFO] IPUIPlugin:80 - create IPUIPlugin
2023-10-29 17:23:25,416 [INFO] PluginManager:220 - loadIPPluginJar : add gic
2023-10-29 17:23:25,427 [INFO] IPUIPlugin:80 - create IPUIPlugin
2023-10-29 17:23:25,427 [INFO] PluginManager:220 - loadIPPluginJar : add gpio
2023-10-29 17:23:25,503 [INFO] IPUIPlugin:80 - create IPUIPlugin
2023-10-29 17:23:25,503 [INFO] PluginManager:220 - loadIPPluginJar : add gtzc
2023-10-29 17:23:25,520 [INFO] IPUIPlugin:80 - create IPUIPlugin
2023-10-29 17:23:25,520 [INFO] PluginManager:220 - loadIPPluginJar : add hash
2023-10-29 17:23:25,547 [INFO] IPUIPlugin:80 - create IPUIPlugin
2023-10-29 17:23:25,547 [INFO] PluginManager:220 - loadIPPluginJar : add i2c
2023-10-29 17:23:25,567 [INFO] IPUIPlugin:80 - create IPUIPlugin
2023-10-29 17:23:25,567 [INFO] PluginManager:220 - loadIPPluginJar : add i2s
2023-10-29 17:23:25,590 [INFO] IPUIPlugin:80 - create IPUIPlugin
2023-10-29 17:23:25,590 [INFO] PluginManager:220 - loadIPPluginJar : add i3c
2023-10-29 17:23:25,675 [INFO] IPUIPlugin:80 - create IPUIPlugin
2023-10-29 17:23:25,675 [INFO] PluginManager:220 - loadIPPluginJar : add ipddr
2023-10-29 17:23:25,728 [INFO] IPUIPlugin:80 - create IPUIPlugin
2023-10-29 17:23:25,728 [INFO] PluginManager:220 - loadIPPluginJar : add linkedlist
2023-10-29 17:23:25,746 [INFO] IPUIPlugin:80 - create IPUIPlugin
2023-10-29 17:23:25,746 [INFO] PluginManager:220 - loadIPPluginJar : add lorawan
2023-10-29 17:23:25,767 [INFO] IPUIPlugin:80 - create IPUIPlugin
2023-10-29 17:23:25,767 [INFO] PluginManager:220 - loadIPPluginJar : add ltdc
2023-10-29 17:23:25,779 [INFO] IPUIPlugin:80 - create IPUIPlugin
2023-10-29 17:23:25,780 [INFO] PluginManager:220 - loadIPPluginJar : add mdma
2023-10-29 17:23:25,788 [INFO] IPUIPlugin:80 - create IPUIPlugin
2023-10-29 17:23:25,788 [INFO] PluginManager:220 - loadIPPluginJar : add nvic
2023-10-29 17:23:25,807 [INFO] IPUIPlugin:80 - create IPUIPlugin
2023-10-29 17:23:25,807 [INFO] PluginManager:220 - loadIPPluginJar : add opamp
2023-10-29 17:23:25,864 [INFO] IPUIPlugin:80 - create IPUIPlugin
2023-10-29 17:23:25,864 [INFO] PluginManager:220 - loadIPPluginJar : add openamp
2023-10-29 17:23:25,885 [INFO] IPUIPlugin:80 - create IPUIPlugin
2023-10-29 17:23:25,885 [INFO] PluginManager:220 - loadIPPluginJar : add pdm2pcm
2023-10-29 17:23:25,897 [INFO] IPUIPlugin:80 - create IPUIPlugin
2023-10-29 17:23:25,898 [INFO] PluginManager:220 - loadIPPluginJar : add plateformsettings
2023-10-29 17:23:25,909 [INFO] IPUIPlugin:80 - create IPUIPlugin
2023-10-29 17:23:25,911 [INFO] PluginManager:220 - loadIPPluginJar : add quadspi
2023-10-29 17:23:25,918 [INFO] IPUIPlugin:80 - create IPUIPlugin
2023-10-29 17:23:25,918 [INFO] PluginManager:220 - loadIPPluginJar : add resmgrutility
2023-10-29 17:23:25,951 [INFO] IPUIPlugin:80 - create IPUIPlugin
2023-10-29 17:23:25,952 [INFO] PluginManager:220 - loadIPPluginJar : add sai
2023-10-29 17:23:25,971 [INFO] IPUIPlugin:80 - create IPUIPlugin
2023-10-29 17:23:25,971 [INFO] PluginManager:220 - loadIPPluginJar : add spi
2023-10-29 17:23:26,017 [INFO] IPUIPlugin:80 - create IPUIPlugin
2023-10-29 17:23:26,018 [INFO] PluginManager:220 - loadIPPluginJar : add stm32_wpan
2023-10-29 17:23:26,029 [INFO] IPUIPlugin:80 - create IPUIPlugin
2023-10-29 17:23:26,029 [INFO] PluginManager:220 - loadIPPluginJar : add tim
2023-10-29 17:23:26,056 [INFO] IPUIPlugin:80 - create IPUIPlugin
2023-10-29 17:23:26,056 [INFO] PluginManager:220 - loadIPPluginJar : add touchsensing
2023-10-29 17:23:26,068 [INFO] IPUIPlugin:80 - create IPUIPlugin
2023-10-29 17:23:26,068 [INFO] PluginManager:220 - loadIPPluginJar : add tracer_emb
2023-10-29 17:23:26,079 [INFO] IPUIPlugin:80 - create IPUIPlugin
2023-10-29 17:23:26,079 [INFO] PluginManager:220 - loadIPPluginJar : add ts
2023-10-29 17:23:26,089 [INFO] IPUIPlugin:80 - create IPUIPlugin
2023-10-29 17:23:26,090 [INFO] PluginManager:220 - loadIPPluginJar : add tsc
2023-10-29 17:23:26,101 [INFO] IPUIPlugin:80 - create IPUIPlugin
2023-10-29 17:23:26,101 [INFO] PluginManager:220 - loadIPPluginJar : add ucpd
2023-10-29 17:23:26,148 [INFO] IPUIPlugin:80 - create IPUIPlugin
2023-10-29 17:23:26,148 [INFO] PluginManager:220 - loadIPPluginJar : add usart
2023-10-29 17:23:26,177 [INFO] IPUIPlugin:80 - create IPUIPlugin
2023-10-29 17:23:26,177 [INFO] PluginManager:220 - loadIPPluginJar : add usbx
2023-10-29 17:23:26,285 [INFO] CADModel:165 - CPN selected for project level
2023-10-29 17:23:26,285 [INFO] CADModel:114 - Register for checkConnection events
2023-10-29 17:23:26,286 [FATAL] Updater:308 - Updater called before beeing initialized
2023-10-29 17:23:26,286 [ERROR] CADModel:125 - Updater not yet initialized, retry later 
2023-10-29 17:23:26,408 [INFO] CADModel:165 - CPN selected for project level
2023-10-29 17:23:26,408 [INFO] CADModel:114 - Register for checkConnection events
2023-10-29 17:23:26,408 [FATAL] Updater:308 - Updater called before beeing initialized
2023-10-29 17:23:26,408 [ERROR] CADModel:125 - Updater not yet initialized, retry later 
2023-10-29 17:23:26,411 [FATAL] Updater:308 - Updater called before beeing initialized
2023-10-29 17:23:26,502 [FATAL] Updater:308 - Updater called before beeing initialized
2023-10-29 17:23:26,509 [INFO] DbMcusAds:53 - JSON generation date=Tue Mar 07 14:20:55 IST 2023 (1678179055114)
2023-10-29 17:23:26,509 [FATAL] Updater:308 - Updater called before beeing initialized
2023-10-29 17:23:26,555 [WARN] DetailPanel:346 - Failed to get advertising image, set to default
2023-10-29 17:23:26,615 [FATAL] Updater:308 - Updater called before beeing initialized
2023-10-29 17:23:26,616 [FATAL] Updater:308 - Updater called before beeing initialized
2023-10-29 17:23:26,616 [FATAL] Updater:308 - Updater called before beeing initialized
2023-10-29 17:23:26,616 [WARN] DetailPanel:346 - Failed to get advertising image, set to default
2023-10-29 17:23:26,617 [FATAL] Updater:308 - Updater called before beeing initialized
2023-10-29 17:23:26,653 [ERROR] Updater:1120 - MainUpdater not yet initialized. External WinMGr cannot be set.
2023-10-29 17:23:26,658 [INFO] Updater:1056 - Updater Version found : 6.9.2
2023-10-29 17:23:26,673 [INFO] ApplicationProperties:184 - Using Application install path: C:\ST\STM32CubeIDE_1.13.1\STM32CubeIDE\plugins\com.st.stm32cube.common.mx_6.9.2.202309101412
2023-10-29 17:23:27,661 [INFO] ThirdPartyUpdaterWithRetryManager:70 - Updater plugin not ready yet. [2/15]
2023-10-29 17:23:28,129 [INFO] MainUpdater:2868 - connection check result : 10
2023-10-29 17:23:28,129 [INFO] MainUpdater:3562 - Updater definition file requires update
2023-10-29 17:23:28,130 [INFO] MainUpdater:285 - Updater Check For Update Now.
2023-10-29 17:23:28,130 [INFO] MicroXplorer:498 - Change Database Version : DB.6.0.92
2023-10-29 17:23:28,145 [INFO] McuFinderGlobals:63 - Set McuFinder mode to 2 (CubeIDE integrated)
2023-10-29 17:23:28,145 [INFO] UserAuth:179 - activating auth plugin
2023-10-29 17:23:28,147 [INFO] UserAuth:393 - Internet connection configuration mode: 1
2023-10-29 17:23:28,169 [INFO] JxBrowserEngine:151 - Initiate JxBrowser Engine with user profile folder
2023-10-29 17:23:28,342 [INFO] ServerAccessManage:473 - Download File updaters.zip
2023-10-29 17:23:28,454 [INFO] FileExtend:240 - Unzip File : updaters.zip
2023-10-29 17:23:28,454 [INFO] FileExtend:255 - Standard Zip Deflate
2023-10-29 17:23:28,681 [INFO] ServerAccessManage:473 - Download File PacksControlFlags.xml
2023-10-29 17:23:29,508 [INFO] ServerAccessManage:473 - Download File cubemx.pidx
2023-10-29 17:23:29,976 [INFO] WebApp:157 - Instantiating new browser for Auth
2023-10-29 17:23:30,024 [INFO] ServerAccessManage:473 - Download File STMicroelectronics.X-CUBE-EEPRMA1.pdsc
2023-10-29 17:23:30,384 [INFO] WebApp:753 - Register for checkConnection events
2023-10-29 17:23:30,384 [INFO] WebApp:390 - Apply proxy settings
2023-10-29 17:23:30,384 [INFO] WebApp:475 - Chromium requires no authentication
2023-10-29 17:23:30,392 [INFO] WebApp:418 - Direct internet connection detected
2023-10-29 17:23:30,523 [INFO] WebApp:188 - Starting web application
2023-10-29 17:23:30,523 [INFO] WebApp:520 - Web application path used C:\ST\STM32CubeIDE_1.13.1\STM32CubeIDE\plugins\com.st.stm32cube.common.mx_6.9.2.202309101412\db\plugins\mcufinder\reactClient1\index.html
2023-10-29 17:23:30,662 [WARN] MainUpdater:1189 - Updater busy. Cannot search thirdparties
2023-10-29 17:23:30,662 [INFO] ThirdPartyUpdaterWithRetryManager:96 - Updater plugin is busy. [1/15]
2023-10-29 17:23:31,904 [ERROR] ServerAccessManage:1089 - Problem, file not found on Server
2023-10-29 17:23:33,664 [WARN] MainUpdater:1189 - Updater busy. Cannot search thirdparties
2023-10-29 17:23:33,664 [INFO] ThirdPartyUpdaterWithRetryManager:96 - Updater plugin is busy. [2/15]
2023-10-29 17:23:33,719 [INFO] ServerAccessManage:473 - Download File STMicroelectronics.X-CUBE-MEMS1.pdsc
2023-10-29 17:23:36,665 [WARN] MainUpdater:1189 - Updater busy. Cannot search thirdparties
2023-10-29 17:23:36,665 [INFO] ThirdPartyUpdaterWithRetryManager:96 - Updater plugin is busy. [3/15]
2023-10-29 17:23:39,666 [WARN] MainUpdater:1189 - Updater busy. Cannot search thirdparties
2023-10-29 17:23:39,666 [INFO] ThirdPartyUpdaterWithRetryManager:96 - Updater plugin is busy. [4/15]
2023-10-29 17:23:42,667 [WARN] MainUpdater:1189 - Updater busy. Cannot search thirdparties
2023-10-29 17:23:42,668 [INFO] ThirdPartyUpdaterWithRetryManager:96 - Updater plugin is busy. [5/15]
2023-10-29 17:23:43,441 [ERROR] LogOutputStream:75 - [STDERR_REDIRECT] SLF4J: Failed to load class "org.slf4j.impl.StaticLoggerBinder".
2023-10-29 17:23:43,441 [ERROR] LogOutputStream:75 - [STDERR_REDIRECT] SLF4J: Defaulting to no-operation (NOP) logger implementation
2023-10-29 17:23:43,441 [ERROR] LogOutputStream:75 - [STDERR_REDIRECT] SLF4J: See http://www.slf4j.org/codes.html#StaticLoggerBinder for further details.
2023-10-29 17:23:45,672 [WARN] MainUpdater:1189 - Updater busy. Cannot search thirdparties
2023-10-29 17:23:45,672 [INFO] ThirdPartyUpdaterWithRetryManager:96 - Updater plugin is busy. [6/15]
2023-10-29 17:23:48,182 [ERROR] ServerAccessManage:1096 - Problem, Http access forbiden
2023-10-29 17:23:48,183 [ERROR] ServerAccessManage:651 - Problem, Http access forbiden : RoweBots.I-CUBE-UNISONRTOS.pdsc.
2023-10-29 17:23:48,340 [WARN] PackLoader:240 - Cannot read IP mode file for STMicroelectronics.X-CUBE-EEPRMA1.4.2.0
2023-10-29 17:23:48,379 [WARN] PackLoader:240 - Cannot read IP mode file for STMicroelectronics.X-CUBE-MEMS1.10.0.0
2023-10-29 17:23:48,450 [INFO] CheckServerUpdateThread:120 - End of CheckServer Thread
2023-10-29 17:23:48,466 [INFO] PopulateThirdPartyThread:66 - Ending populate Thread
2023-10-29 17:23:48,468 [INFO] ThirdParty:1030 - CMSIS Pack Vendor :STMicroelectronics X-CUBE-MEMS1 10.0.0
2023-10-29 17:23:48,468 [INFO] ThirdParty:1030 - CMSIS Pack Vendor :STMicroelectronics X-CUBE-EEPRMA1 4.2.0
2023-10-29 17:23:48,468 [INFO] LoadServerUpdatesThread:373 - End of LoadServerUpdate Thread
2023-10-29 17:23:48,768 [WARN] PackLoader:240 - Cannot read IP mode file for STMicroelectronics.X-CUBE-SMBUS.2.1.0
2023-10-29 17:23:48,785 [WARN] PackLoader:240 - Cannot read IP mode file for STMicroelectronics.X-CUBE-AZRTOS-F7.1.1.0
2023-10-29 17:23:48,797 [WARN] PackLoader:240 - Cannot read IP mode file for STMicroelectronics.FP-SNS-MOTENV1.4.3.2
2023-10-29 17:23:48,801 [WARN] PackLoader:240 - Cannot read IP mode file for STMicroelectronics.FP-SNS-FLIGHT1.5.0.2
2023-10-29 17:23:48,811 [WARN] PackLoader:240 - Cannot read IP mode file for STMicroelectronics.X-CUBE-DISPLAY.3.0.0
2023-10-29 17:23:48,826 [WARN] PackLoader:240 - Cannot read IP mode file for STMicroelectronics.X-CUBE-BLE1.7.0.0
2023-10-29 17:23:48,835 [WARN] PackLoader:240 - Cannot read IP mode file for emotas.I-CUBE-CANOPEN.1.3.0
2023-10-29 17:23:48,842 [WARN] PackLoader:240 - Cannot read IP mode file for STMicroelectronics.X-CUBE-TOUCHGFX.4.22.0
2023-10-29 17:23:48,849 [WARN] PackLoader:240 - Cannot read IP mode file for STMicroelectronics.X-CUBE-TOUCHGFX.4.22.1
2023-10-29 17:23:48,855 [WARN] PackLoader:240 - Cannot read IP mode file for STMicroelectronics.FP-SNS-SMARTAG2.1.2.0
2023-10-29 17:23:48,865 [INFO] LogOutputStream:77 - [STDOUT_REDIRECT] 1 : Invalid condition id : UX_CORESTACK_Condition cause : null
2023-10-29 17:23:48,866 [INFO] LogOutputStream:77 - [STDOUT_REDIRECT] 1 : Invalid condition id : UX_CORESTACK_Condition cause : null
2023-10-29 17:23:48,866 [INFO] LogOutputStream:77 - [STDOUT_REDIRECT] 1 : Invalid condition id : UX_CORESTACK_Condition cause : null
2023-10-29 17:23:48,867 [INFO] LogOutputStream:77 - [STDOUT_REDIRECT] 1 : Invalid condition id : UX_CORESTACK_Condition cause : null
2023-10-29 17:23:48,867 [INFO] LogOutputStream:77 - [STDOUT_REDIRECT] 1 : Invalid condition id : UX_CORESTACK_Condition cause : null
2023-10-29 17:23:48,868 [WARN] PackLoader:240 - Cannot read IP mode file for STMicroelectronics.X-CUBE-AZRTOS-WL.2.0.0
2023-10-29 17:23:48,875 [WARN] PackLoader:240 - Cannot read IP mode file for WES.I-CUBE-Cesium.1.3.0
2023-10-29 17:23:48,880 [WARN] PackLoader:240 - Cannot read IP mode file for STMicroelectronics.X-CUBE-BLE2.3.3.0
2023-10-29 17:23:48,887 [WARN] PackLoader:240 - Cannot read IP mode file for STMicroelectronics.X-CUBE-ALGOBUILD.1.3.0
2023-10-29 17:23:48,901 [WARN] PackLoader:240 - Cannot read IP mode file for STMicroelectronics.X-CUBE-AZRTOS-G0.1.1.0
2023-10-29 17:23:48,912 [WARN] PackLoader:240 - Cannot read IP mode file for STMicroelectronics.X-CUBE-NFC4.3.0.0
2023-10-29 17:23:48,915 [WARN] PackLoader:240 - Cannot read IP mode file for STMicroelectronics.FP-ATR-SIGFOX1.3.2.0
2023-10-29 17:23:48,942 [WARN] PackLoader:240 - Cannot read IP mode file for SEGGER.I-CUBE-embOS.1.3.1
2023-10-29 17:23:48,984 [WARN] PackLoader:240 - Cannot read IP mode file for STMicroelectronics.X-CUBE-GNSS1.6.0.0
2023-10-29 17:23:49,006 [WARN] PackLoader:240 - Cannot read IP mode file for STMicroelectronics.X-CUBE-AZRTOS-F4.1.1.0
2023-10-29 17:23:49,018 [WARN] PackLoader:240 - Cannot read IP mode file for wolfSSL.I-CUBE-wolfSSL.5.6.3
2023-10-29 17:23:49,038 [WARN] PackLoader:240 - Cannot read IP mode file for STMicroelectronics.X-CUBE-AZRTOS-L5.2.0.0
2023-10-29 17:23:49,073 [WARN] PackLoader:240 - Cannot read IP mode file for STMicroelectronics.X-CUBE-MEMS1.9.6.0
2023-10-29 17:23:49,141 [WARN] PackLoader:240 - Cannot read IP mode file for STMicroelectronics.X-CUBE-EEPRMA1.4.2.0
2023-10-29 17:23:49,155 [WARN] PackLoader:240 - Cannot read IP mode file for ITTIA_DB.I-CUBE-ITTIADB.8.8.0
2023-10-29 17:23:49,169 [WARN] PackLoader:240 - Cannot read IP mode file for STMicroelectronics.X-CUBE-BLEMGR.2.0.0
2023-10-29 17:23:49,194 [WARN] ConditionMgr:438 - getConditionDescription Invalid condition id : UX DEVICE CLASS RTOS Condition cause : null
2023-10-29 17:23:49,195 [WARN] ConditionMgr:438 - getConditionDescription Invalid condition id : UX DEVICE CLASS RTOS Condition cause : null
2023-10-29 17:23:49,198 [WARN] PackLoader:240 - Cannot read IP mode file for STMicroelectronics.X-CUBE-AZRTOS-H7.3.1.0
2023-10-29 17:23:49,198 [WARN] ConditionMgr:1039 - genDependencies : Invalid condition id : UX DEVICE CLASS RTOS Condition cause : null
2023-10-29 17:23:49,199 [WARN] ConditionMgr:1039 - genDependencies : Invalid condition id : UX DEVICE CLASS RTOS Condition cause : null
2023-10-29 17:23:49,199 [WARN] ConditionMgr:1039 - genDependencies : Invalid condition id : UX DEVICE CLASS RTOS Condition cause : null
2023-10-29 17:23:49,199 [WARN] ConditionMgr:1039 - genDependencies : Invalid condition id : UX DEVICE CLASS RTOS Condition cause : null
2023-10-29 17:23:49,199 [WARN] ConditionMgr:1039 - genDependencies : Invalid condition id : UX DEVICE CLASS RTOS Condition cause : null
2023-10-29 17:23:49,211 [WARN] PackLoader:240 - Cannot read IP mode file for STMicroelectronics.X-CUBE-NFC7.1.0.1
2023-10-29 17:23:49,226 [WARN] PackLoader:240 - Cannot read IP mode file for STMicroelectronics.X-CUBE-NFC6.3.0.0
2023-10-29 17:23:49,239 [WARN] PackLoader:240 - Cannot read IP mode file for STMicroelectronics.X-CUBE-EEPRMA1.4.1.0
2023-10-29 17:23:49,252 [WARN] PackLoader:240 - Cannot read IP mode file for STMicroelectronics.X-CUBE-AI.8.1.0
2023-10-29 17:23:49,277 [WARN] ConditionMgr:438 - getConditionDescription Invalid condition id : LAN8742 Phy interface Condition cause : null
2023-10-29 17:23:49,278 [WARN] PackLoader:240 - Cannot read IP mode file for STMicroelectronics.X-CUBE-AZRTOS-L4.2.0.0
2023-10-29 17:23:49,279 [WARN] ConditionMgr:1039 - genDependencies : Invalid condition id : LAN8742 Phy interface Condition cause : null
2023-10-29 17:23:49,279 [WARN] ConditionMgr:1039 - genDependencies : Invalid condition id : LAN8742 Phy interface Condition cause : null
2023-10-29 17:23:49,280 [WARN] ConditionMgr:1039 - genDependencies : Invalid condition id : LAN8742 Phy interface Condition cause : null
2023-10-29 17:23:49,292 [WARN] PackLoader:240 - Cannot read IP mode file for STMicroelectronics.X-CUBE-SFXS2LP1.4.0.0
2023-10-29 17:23:49,302 [WARN] PackLoader:240 - Cannot read IP mode file for STMicroelectronics.X-CUBE-ISPU.1.1.0
2023-10-29 17:23:49,323 [WARN] ConditionMgr:438 - getConditionDescription Invalid condition id : UX DEVICE CLASS RTOS Condition cause : null
2023-10-29 17:23:49,323 [WARN] ConditionMgr:438 - getConditionDescription Invalid condition id : UX DEVICE CLASS RTOS Condition cause : null
2023-10-29 17:23:49,324 [WARN] PackLoader:240 - Cannot read IP mode file for STMicroelectronics.X-CUBE-AZRTOS-WB.2.0.0
2023-10-29 17:23:49,325 [WARN] ConditionMgr:1039 - genDependencies : Invalid condition id : UX DEVICE CLASS RTOS Condition cause : null
2023-10-29 17:23:49,325 [WARN] ConditionMgr:1039 - genDependencies : Invalid condition id : UX DEVICE CLASS RTOS Condition cause : null
2023-10-29 17:23:49,325 [WARN] ConditionMgr:1039 - genDependencies : Invalid condition id : UX DEVICE CLASS RTOS Condition cause : null
2023-10-29 17:23:49,325 [WARN] ConditionMgr:1039 - genDependencies : Invalid condition id : UX DEVICE CLASS RTOS Condition cause : null
2023-10-29 17:23:49,325 [WARN] ConditionMgr:1039 - genDependencies : Invalid condition id : UX DEVICE CLASS RTOS Condition cause : null
2023-10-29 17:23:49,337 [WARN] PackLoader:240 - Cannot read IP mode file for STMicroelectronics.X-CUBE-SUBG2.5.0.0
2023-10-29 17:23:49,355 [WARN] PackLoader:240 - Cannot read IP mode file for STMicroelectronics.X-CUBE-TOF1.3.3.1
2023-10-29 17:23:49,376 [WARN] PackLoader:240 - Cannot read IP mode file for STMicroelectronics.X-CUBE-AZRTOS-G4.2.0.0
2023-10-29 17:23:49,391 [WARN] PackLoader:240 - Cannot read IP mode file for Infineon.AIROC-Wi-Fi-Bluetooth-STM32.1.5.1
2023-10-29 17:23:49,410 [WARN] PackLoader:240 - Cannot read IP mode file for STMicroelectronics.X-CUBE-MEMS1.10.0.0
2023-10-29 17:23:49,476 [WARN] PackLoader:240 - Cannot read IP mode file for STMicroelectronics.X-CUBE-FREERTOS.1.1.0
2023-10-29 17:23:49,486 [WARN] PackLoader:240 - Cannot read IP mode file for portGmbH.I-Cube-SoM-uGOAL.1.1.0
2023-10-29 17:23:49,495 [WARN] PackLoader:240 - Cannot read IP mode file for STMicroelectronics.X-CUBE-ALS.1.0.1
2023-10-29 17:23:49,499 [WARN] PackLoader:240 - Cannot read IP mode file for STMicroelectronics.FP-ATR-ASTRA1.2.0.0
2023-10-29 17:23:49,500 [INFO] ThirdParty:978 - Integrity check success = true
2023-10-29 17:23:49,500 [INFO] IntegrityCheckThread:100 - exiting critical section [integrity check]
2023-10-29 17:23:49,500 [INFO] IntegrityCheckThread:103 - End integrity checks thread
2023-10-29 17:52:31,134 [ERROR] LogOutputStream:75 - [STDERR_REDIRECT] 
