2023-11-06 06:49:52,368 [INFO] Activator:176 - 


2023-11-06 06:49:52,368 [INFO] Activator:177 - !SESSION log4j initialized
2023-11-06 06:49:56,572 [INFO] LogOutputStream:77 - [STDOUT_REDIRECT] 
2023-11-06 06:49:58,184 [INFO] ApplicationProperties:184 - Using Application install path: C:\ST\STM32CubeIDE_1.13.1\STM32CubeIDE\plugins\com.st.stm32cube.common.mx_6.9.2.202309101412
2023-11-06 06:49:58,196 [INFO] DbMcusXml:78 - Set database path to: C:\ST\STM32CubeIDE_1.13.1\STM32CubeIDE\plugins\com.st.stm32cube.common.mx_6.9.2.202309101412\\db\/mcu/
2023-11-06 06:49:58,197 [INFO] ApiDb:274 - Set plugin database path to: C:\ST\STM32CubeIDE_1.13.1\STM32CubeIDE\plugins\com.st.stm32cube.common.mx_6.9.2.202309101412\\db\/plugins/boardmanager/
2023-11-06 06:49:58,197 [WARN] ApiDb:259 - Overriding images path with different value:  => C:\ST\STM32CubeIDE_1.13.1\STM32CubeIDE\plugins\com.st.stm32cube.common.mx_6.9.2.202309101412\\db\/plugins/mcufinder/images/
2023-11-06 06:49:58,209 [INFO] ApiDb:250 - Set database path to: C:\Users\Ubaid\.stmcufinder\plugins\mcufinder//mcu/
2023-11-06 06:49:58,210 [INFO] DbMcusAds:125 - Set database path to: C:\Users\Ubaid\.stmcufinder\plugins\mcufinder//mcu/
2023-11-06 06:49:58,211 [INFO] CrossReferenceDbSqlite:203 - Set database path to: C:\Users\Ubaid\.stmcufinder\plugins\mcufinder//mcu/cs/
2023-11-06 06:49:58,284 [INFO] RulesReader:64 - Compatibility file has been processed (293 Rules)
2023-11-06 06:49:58,337 [INFO] DbMcusXml:78 - Set database path to: C:\ST\STM32CubeIDE_1.13.1\STM32CubeIDE\plugins\com.st.stm32cube.common.mx_6.9.2.202309101412\\db\/mcu/
2023-11-06 06:49:58,337 [INFO] ApiDb:274 - Set plugin database path to: C:\ST\STM32CubeIDE_1.13.1\STM32CubeIDE\plugins\com.st.stm32cube.common.mx_6.9.2.202309101412\\db\/plugins/boardmanager/
2023-11-06 06:49:58,337 [INFO] ApiDb:261 - Set plugin images path to: C:\ST\STM32CubeIDE_1.13.1\STM32CubeIDE\plugins\com.st.stm32cube.common.mx_6.9.2.202309101412\\db\/plugins/mcufinder/images/
2023-11-06 06:49:58,337 [WARN] DbFile:41 - Overriding database path with different value: C:\Users\Ubaid\.stmcufinder\plugins\mcufinder/ => C:\Users\Ubaid\.stmcufinder\plugins\mcufinder
2023-11-06 06:49:58,337 [INFO] ApiDb:250 - Set database path to: C:\Users\Ubaid\.stmcufinder\plugins\mcufinder//mcu/
2023-11-06 06:49:58,337 [WARN] DbFile:41 - Overriding database path with different value: C:\Users\Ubaid\.stmcufinder\plugins\mcufinder/ => C:\Users\Ubaid\.stmcufinder\plugins\mcufinder
2023-11-06 06:49:58,338 [INFO] DbMcusAds:125 - Set database path to: C:\Users\Ubaid\.stmcufinder\plugins\mcufinder//mcu/
2023-11-06 06:49:58,338 [WARN] DbFile:41 - Overriding database path with different value: C:\Users\Ubaid\.stmcufinder\plugins\mcufinder/ => C:\Users\Ubaid\.stmcufinder\plugins\mcufinder
2023-11-06 06:49:58,338 [WARN] DbFile:41 - Overriding database path with different value: C:\Users\Ubaid\.stmcufinder\plugins\mcufinder/ => C:\Users\Ubaid\.stmcufinder\plugins\mcufinder
2023-11-06 06:49:58,338 [INFO] CrossReferenceDbSqlite:203 - Set database path to: C:\Users\Ubaid\.stmcufinder\plugins\mcufinder//mcu/cs/
2023-11-06 06:49:58,394 [INFO] MainPanel:262 - HeapMemory: 268435456
2023-11-06 06:49:58,460 [INFO] DbMcusXml:78 - Set database path to: C:\ST\STM32CubeIDE_1.13.1\STM32CubeIDE\plugins\com.st.stm32cube.common.mx_6.9.2.202309101412\\db\/mcu/
2023-11-06 06:49:58,460 [INFO] ApiDb:274 - Set plugin database path to: C:\ST\STM32CubeIDE_1.13.1\STM32CubeIDE\plugins\com.st.stm32cube.common.mx_6.9.2.202309101412\\db\/plugins/boardmanager/
2023-11-06 06:49:58,461 [INFO] ApiDb:261 - Set plugin images path to: C:\ST\STM32CubeIDE_1.13.1\STM32CubeIDE\plugins\com.st.stm32cube.common.mx_6.9.2.202309101412\\db\/plugins/mcufinder/images/
2023-11-06 06:49:58,461 [WARN] DbFile:41 - Overriding database path with different value: C:\Users\Ubaid\.stmcufinder\plugins\mcufinder/ => C:\Users\Ubaid\.stmcufinder\plugins\mcufinder
2023-11-06 06:49:58,461 [INFO] ApiDb:250 - Set database path to: C:\Users\Ubaid\.stmcufinder\plugins\mcufinder//mcu/
2023-11-06 06:49:58,461 [WARN] DbFile:41 - Overriding database path with different value: C:\Users\Ubaid\.stmcufinder\plugins\mcufinder/ => C:\Users\Ubaid\.stmcufinder\plugins\mcufinder
2023-11-06 06:49:58,461 [INFO] DbMcusAds:125 - Set database path to: C:\Users\Ubaid\.stmcufinder\plugins\mcufinder//mcu/
2023-11-06 06:49:58,461 [WARN] DbFile:41 - Overriding database path with different value: C:\Users\Ubaid\.stmcufinder\plugins\mcufinder/ => C:\Users\Ubaid\.stmcufinder\plugins\mcufinder
2023-11-06 06:49:58,461 [WARN] DbFile:41 - Overriding database path with different value: C:\Users\Ubaid\.stmcufinder\plugins\mcufinder/ => C:\Users\Ubaid\.stmcufinder\plugins\mcufinder
2023-11-06 06:49:58,461 [INFO] CrossReferenceDbSqlite:203 - Set database path to: C:\Users\Ubaid\.stmcufinder\plugins\mcufinder//mcu/cs/
2023-11-06 06:49:58,474 [INFO] ApplicationProperties:184 - Using Application install path: C:\ST\STM32CubeIDE_1.13.1\STM32CubeIDE\plugins\com.st.stm32cube.common.mx_6.9.2.202309101412
2023-11-06 06:49:58,475 [INFO] PluginManage:196 - Search for loadable plugins [exclusion list=, ]
2023-11-06 06:49:58,476 [INFO] PluginManage:310 - Check plugin analytics
2023-11-06 06:49:58,579 [INFO] AnalyticsPlugin:253 - Accepted Software Licenses: STM32CubeMX.6.9.1
2023-11-06 06:49:58,579 [INFO] AnalyticsPlugin:255 - Accepted CMSIS Pack Licenses: 
2023-11-06 06:49:58,579 [INFO] AnalyticsPlugin:257 - Accepted Firmware Licenses: FW.F4.1.27.0
2023-11-06 06:49:58,581 [INFO] PluginManage:359 - Loaded plugin analytics (category:tool,tabindex:-1)
2023-11-06 06:49:58,582 [INFO] PluginManage:310 - Check plugin cadmodel
2023-11-06 06:49:58,592 [INFO] CADModel:105 - Init CAD model plugin
2023-11-06 06:49:58,592 [INFO] PluginManage:359 - Loaded plugin cadmodel (category:power,tabindex:5)
2023-11-06 06:49:58,592 [INFO] PluginManage:310 - Check plugin clock
2023-11-06 06:49:58,604 [INFO] PluginManage:359 - Loaded plugin clock (category:base,tabindex:2)
2023-11-06 06:49:58,604 [INFO] PluginManage:310 - Check plugin ddr
2023-11-06 06:49:58,606 [INFO] PluginManage:359 - Loaded plugin ddr (category:tool,tabindex:6)
2023-11-06 06:49:58,606 [INFO] PluginManage:310 - Check plugin filemanager
2023-11-06 06:49:58,696 [INFO] PluginManage:359 - Loaded plugin filemanager (category:base,tabindex:10)
2023-11-06 06:49:58,696 [INFO] PluginManage:310 - Check plugin ipmanager
2023-11-06 06:49:58,701 [INFO] PluginManage:359 - Loaded plugin ipmanager (category:base,tabindex:5)
2023-11-06 06:49:58,701 [INFO] PluginManage:310 - Check plugin lpbam
2023-11-06 06:49:58,712 [INFO] PluginManage:359 - Loaded plugin lpbam (category:base,tabindex:0)
2023-11-06 06:49:58,712 [INFO] PluginManage:310 - Check plugin memorymap
2023-11-06 06:49:58,726 [INFO] PluginManage:359 - Loaded plugin memorymap (category:base,tabindex:4)
2023-11-06 06:49:58,726 [INFO] PluginManage:310 - Check plugin pinoutandconfiguration
2023-11-06 06:49:58,736 [INFO] PluginManage:359 - Loaded plugin pinoutandconfiguration (category:base,tabindex:1)
2023-11-06 06:49:58,736 [INFO] PluginManage:310 - Check plugin pinoutconfig
2023-11-06 06:49:58,795 [WARN] SupportedApi:132 - Cannot load RTOS API schema: s4s-elt-must-match.1: The content of 'definitions' must match (annotation?, (simpleType | complexType)?, (unique | key | keyref)*)). A problem was found starting at: attribute.
2023-11-06 06:49:58,903 [INFO] PluginManage:359 - Loaded plugin pinoutconfig (category:base,tabindex:0)
2023-11-06 06:49:58,903 [INFO] PluginManage:310 - Check plugin power
2023-11-06 06:49:58,921 [INFO] PluginManage:359 - Loaded plugin power (category:power,tabindex:4)
2023-11-06 06:49:58,921 [INFO] PluginManage:310 - Check plugin projectmanager
2023-11-06 06:49:58,930 [INFO] PluginManage:359 - Loaded plugin projectmanager (category:projectmanager,tabindex:3)
2023-11-06 06:49:58,930 [INFO] PluginManage:310 - Check plugin thirdparty
2023-11-06 06:49:59,129 [INFO] PluginManage:359 - Loaded plugin thirdparty (category:base,tabindex:-1)
2023-11-06 06:49:59,130 [INFO] PluginManage:310 - Check plugin tools
2023-11-06 06:49:59,129 [WARN] IntegrityCheckThread:84 - waiting for thirdparty lock release [integrity check]
2023-11-06 06:49:59,130 [INFO] IntegrityCheckThread:86 - entering critical section [integrity check]
2023-11-06 06:49:59,130 [INFO] ThirdPartyUpdaterWithRetryManager:70 - Updater plugin not ready yet. [1/15]
2023-11-06 06:49:59,184 [INFO] PluginManage:359 - Loaded plugin tools (category:base,tabindex:7)
2023-11-06 06:49:59,185 [INFO] PluginManage:310 - Check plugin tutovideos
2023-11-06 06:49:59,396 [INFO] PluginManage:359 - Loaded plugin tutovideos (category:base,tabindex:-1)
2023-11-06 06:49:59,397 [INFO] PluginManage:310 - Check plugin updater
2023-11-06 06:49:59,412 [INFO] PluginManage:359 - Loaded plugin updater (category:base,tabindex:12)
2023-11-06 06:49:59,413 [INFO] PluginManage:310 - Check plugin userauth
2023-11-06 06:49:59,419 [INFO] UserAuth:113 - Init User Auth plugin
2023-11-06 06:49:59,420 [INFO] PluginManage:359 - Loaded plugin userauth (category:base,tabindex:14)
2023-11-06 06:49:59,420 [INFO] PluginManage:283 - PluginManage : Loaded plugins [17]
2023-11-06 06:49:59,755 [INFO] PinOutPanel:1499 - setPackage(No Configuration,No Configuration)
2023-11-06 06:49:59,893 [INFO] CADModel:165 - CPN selected for project level
2023-11-06 06:49:59,894 [INFO] CADModel:114 - Register for checkConnection events
2023-11-06 06:49:59,921 [INFO] IPUIPlugin:80 - create IPUIPlugin
2023-11-06 06:49:59,921 [INFO] PluginManager:220 - loadIPPluginJar : add adc
2023-11-06 06:49:59,970 [INFO] IPUIPlugin:80 - create IPUIPlugin
2023-11-06 06:49:59,970 [INFO] PluginManager:220 - loadIPPluginJar : add aes
2023-11-06 06:50:00,039 [INFO] IPUIPlugin:80 - create IPUIPlugin
2023-11-06 06:50:00,039 [INFO] PluginManager:220 - loadIPPluginJar : add can
2023-11-06 06:50:00,066 [INFO] IPUIPlugin:80 - create IPUIPlugin
2023-11-06 06:50:00,066 [INFO] PluginManager:220 - loadIPPluginJar : add comp
2023-11-06 06:50:00,109 [INFO] IPUIPlugin:80 - create IPUIPlugin
2023-11-06 06:50:00,109 [INFO] PluginManager:220 - loadIPPluginJar : add cryp
2023-11-06 06:50:00,162 [INFO] IPUIPlugin:80 - create IPUIPlugin
2023-11-06 06:50:00,162 [INFO] PluginManager:220 - loadIPPluginJar : add dfsdm
2023-11-06 06:50:00,181 [INFO] IPUIPlugin:80 - create IPUIPlugin
2023-11-06 06:50:00,182 [INFO] PluginManager:220 - loadIPPluginJar : add dma
2023-11-06 06:50:00,235 [INFO] IPUIPlugin:80 - create IPUIPlugin
2023-11-06 06:50:00,250 [INFO] PluginManager:220 - loadIPPluginJar : add dma3
2023-11-06 06:50:00,279 [INFO] IPUIPlugin:80 - create IPUIPlugin
2023-11-06 06:50:00,279 [INFO] PluginManager:220 - loadIPPluginJar : add fatfs
2023-11-06 06:50:00,329 [INFO] IPUIPlugin:80 - create IPUIPlugin
2023-11-06 06:50:00,329 [INFO] PluginManager:220 - loadIPPluginJar : add fmc
2023-11-06 06:50:00,356 [INFO] IPUIPlugin:80 - create IPUIPlugin
2023-11-06 06:50:00,356 [INFO] PluginManager:220 - loadIPPluginJar : add freertos
2023-11-06 06:50:00,373 [INFO] IPUIPlugin:80 - create IPUIPlugin
2023-11-06 06:50:00,373 [INFO] PluginManager:220 - loadIPPluginJar : add genericplugin
2023-11-06 06:50:00,469 [INFO] IPUIPlugin:80 - create IPUIPlugin
2023-11-06 06:50:00,470 [INFO] PluginManager:220 - loadIPPluginJar : add gfxmmu
2023-11-06 06:50:00,582 [INFO] IPUIPlugin:80 - create IPUIPlugin
2023-11-06 06:50:00,582 [INFO] PluginManager:220 - loadIPPluginJar : add gic
2023-11-06 06:50:00,594 [INFO] IPUIPlugin:80 - create IPUIPlugin
2023-11-06 06:50:00,594 [INFO] PluginManager:220 - loadIPPluginJar : add gpio
2023-11-06 06:50:00,677 [INFO] IPUIPlugin:80 - create IPUIPlugin
2023-11-06 06:50:00,677 [INFO] PluginManager:220 - loadIPPluginJar : add gtzc
2023-11-06 06:50:00,703 [INFO] IPUIPlugin:80 - create IPUIPlugin
2023-11-06 06:50:00,703 [INFO] PluginManager:220 - loadIPPluginJar : add hash
2023-11-06 06:50:00,743 [INFO] IPUIPlugin:80 - create IPUIPlugin
2023-11-06 06:50:00,743 [INFO] PluginManager:220 - loadIPPluginJar : add i2c
2023-11-06 06:50:00,779 [INFO] IPUIPlugin:80 - create IPUIPlugin
2023-11-06 06:50:00,779 [INFO] PluginManager:220 - loadIPPluginJar : add i2s
2023-11-06 06:50:00,810 [INFO] IPUIPlugin:80 - create IPUIPlugin
2023-11-06 06:50:00,810 [INFO] PluginManager:220 - loadIPPluginJar : add i3c
2023-11-06 06:50:00,891 [INFO] IPUIPlugin:80 - create IPUIPlugin
2023-11-06 06:50:00,891 [INFO] PluginManager:220 - loadIPPluginJar : add ipddr
2023-11-06 06:50:00,938 [INFO] IPUIPlugin:80 - create IPUIPlugin
2023-11-06 06:50:00,938 [INFO] PluginManager:220 - loadIPPluginJar : add linkedlist
2023-11-06 06:50:00,968 [INFO] IPUIPlugin:80 - create IPUIPlugin
2023-11-06 06:50:00,970 [INFO] PluginManager:220 - loadIPPluginJar : add lorawan
2023-11-06 06:50:01,013 [INFO] IPUIPlugin:80 - create IPUIPlugin
2023-11-06 06:50:01,013 [INFO] PluginManager:220 - loadIPPluginJar : add ltdc
2023-11-06 06:50:01,025 [INFO] IPUIPlugin:80 - create IPUIPlugin
2023-11-06 06:50:01,025 [INFO] PluginManager:220 - loadIPPluginJar : add mdma
2023-11-06 06:50:01,039 [INFO] IPUIPlugin:80 - create IPUIPlugin
2023-11-06 06:50:01,039 [INFO] PluginManager:220 - loadIPPluginJar : add nvic
2023-11-06 06:50:01,079 [INFO] IPUIPlugin:80 - create IPUIPlugin
2023-11-06 06:50:01,079 [INFO] PluginManager:220 - loadIPPluginJar : add opamp
2023-11-06 06:50:01,175 [INFO] IPUIPlugin:80 - create IPUIPlugin
2023-11-06 06:50:01,175 [INFO] PluginManager:220 - loadIPPluginJar : add openamp
2023-11-06 06:50:01,236 [INFO] IPUIPlugin:80 - create IPUIPlugin
2023-11-06 06:50:01,236 [INFO] PluginManager:220 - loadIPPluginJar : add pdm2pcm
2023-11-06 06:50:01,249 [INFO] IPUIPlugin:80 - create IPUIPlugin
2023-11-06 06:50:01,250 [INFO] PluginManager:220 - loadIPPluginJar : add plateformsettings
2023-11-06 06:50:01,280 [INFO] IPUIPlugin:80 - create IPUIPlugin
2023-11-06 06:50:01,281 [INFO] PluginManager:220 - loadIPPluginJar : add quadspi
2023-11-06 06:50:01,298 [INFO] IPUIPlugin:80 - create IPUIPlugin
2023-11-06 06:50:01,298 [INFO] PluginManager:220 - loadIPPluginJar : add resmgrutility
2023-11-06 06:50:01,374 [INFO] IPUIPlugin:80 - create IPUIPlugin
2023-11-06 06:50:01,374 [INFO] PluginManager:220 - loadIPPluginJar : add sai
2023-11-06 06:50:01,431 [INFO] IPUIPlugin:80 - create IPUIPlugin
2023-11-06 06:50:01,432 [INFO] PluginManager:220 - loadIPPluginJar : add spi
2023-11-06 06:50:01,520 [INFO] IPUIPlugin:80 - create IPUIPlugin
2023-11-06 06:50:01,520 [INFO] PluginManager:220 - loadIPPluginJar : add stm32_wpan
2023-11-06 06:50:01,564 [INFO] IPUIPlugin:80 - create IPUIPlugin
2023-11-06 06:50:01,564 [INFO] PluginManager:220 - loadIPPluginJar : add tim
2023-11-06 06:50:01,642 [INFO] IPUIPlugin:80 - create IPUIPlugin
2023-11-06 06:50:01,642 [INFO] PluginManager:220 - loadIPPluginJar : add touchsensing
2023-11-06 06:50:01,681 [INFO] IPUIPlugin:80 - create IPUIPlugin
2023-11-06 06:50:01,681 [INFO] PluginManager:220 - loadIPPluginJar : add tracer_emb
2023-11-06 06:50:01,710 [INFO] IPUIPlugin:80 - create IPUIPlugin
2023-11-06 06:50:01,710 [INFO] PluginManager:220 - loadIPPluginJar : add ts
2023-11-06 06:50:01,750 [INFO] IPUIPlugin:80 - create IPUIPlugin
2023-11-06 06:50:01,750 [INFO] PluginManager:220 - loadIPPluginJar : add tsc
2023-11-06 06:50:01,767 [INFO] IPUIPlugin:80 - create IPUIPlugin
2023-11-06 06:50:01,767 [INFO] PluginManager:220 - loadIPPluginJar : add ucpd
2023-11-06 06:50:01,820 [INFO] IPUIPlugin:80 - create IPUIPlugin
2023-11-06 06:50:01,820 [INFO] PluginManager:220 - loadIPPluginJar : add usart
2023-11-06 06:50:01,883 [INFO] IPUIPlugin:80 - create IPUIPlugin
2023-11-06 06:50:01,883 [INFO] PluginManager:220 - loadIPPluginJar : add usbx
2023-11-06 06:50:02,038 [INFO] CADModel:165 - CPN selected for project level
2023-11-06 06:50:02,038 [INFO] CADModel:114 - Register for checkConnection events
2023-11-06 06:50:02,039 [FATAL] Updater:308 - Updater called before beeing initialized
2023-11-06 06:50:02,039 [ERROR] CADModel:125 - Updater not yet initialized, retry later 
2023-11-06 06:50:02,143 [INFO] ThirdPartyUpdaterWithRetryManager:70 - Updater plugin not ready yet. [2/15]
2023-11-06 06:50:02,254 [INFO] CADModel:165 - CPN selected for project level
2023-11-06 06:50:02,254 [INFO] CADModel:114 - Register for checkConnection events
2023-11-06 06:50:02,255 [FATAL] Updater:308 - Updater called before beeing initialized
2023-11-06 06:50:02,255 [ERROR] CADModel:125 - Updater not yet initialized, retry later 
2023-11-06 06:50:02,258 [FATAL] Updater:308 - Updater called before beeing initialized
2023-11-06 06:50:02,419 [FATAL] Updater:308 - Updater called before beeing initialized
2023-11-06 06:50:02,434 [INFO] DbMcusAds:53 - JSON generation date=Tue Mar 07 14:20:55 IST 2023 (1678179055114)
2023-11-06 06:50:02,435 [FATAL] Updater:308 - Updater called before beeing initialized
2023-11-06 06:50:02,508 [WARN] DetailPanel:346 - Failed to get advertising image, set to default
2023-11-06 06:50:02,607 [FATAL] Updater:308 - Updater called before beeing initialized
2023-11-06 06:50:02,609 [FATAL] Updater:308 - Updater called before beeing initialized
2023-11-06 06:50:02,609 [FATAL] Updater:308 - Updater called before beeing initialized
2023-11-06 06:50:02,609 [WARN] DetailPanel:346 - Failed to get advertising image, set to default
2023-11-06 06:50:02,611 [FATAL] Updater:308 - Updater called before beeing initialized
2023-11-06 06:50:02,670 [ERROR] Updater:1120 - MainUpdater not yet initialized. External WinMGr cannot be set.
2023-11-06 06:50:02,677 [INFO] Updater:1056 - Updater Version found : 6.9.2
2023-11-06 06:50:02,696 [INFO] ApplicationProperties:184 - Using Application install path: C:\ST\STM32CubeIDE_1.13.1\STM32CubeIDE\plugins\com.st.stm32cube.common.mx_6.9.2.202309101412
2023-11-06 06:50:03,922 [INFO] MainUpdater:2868 - connection check result : 10
2023-11-06 06:50:03,922 [INFO] MainUpdater:3562 - Updater definition file requires update
2023-11-06 06:50:03,930 [INFO] MainUpdater:285 - Updater Check For Update Now.
2023-11-06 06:50:03,930 [INFO] MicroXplorer:498 - Change Database Version : DB.6.0.92
2023-11-06 06:50:03,949 [INFO] McuFinderGlobals:63 - Set McuFinder mode to 2 (CubeIDE integrated)
2023-11-06 06:50:03,949 [INFO] UserAuth:179 - activating auth plugin
2023-11-06 06:50:03,952 [INFO] UserAuth:393 - Internet connection configuration mode: 1
2023-11-06 06:50:03,956 [INFO] ServerAccessManage:473 - Download File updaters.zip
2023-11-06 06:50:03,988 [INFO] JxBrowserEngine:151 - Initiate JxBrowser Engine with user profile folder
2023-11-06 06:50:04,051 [INFO] FileExtend:240 - Unzip File : updaters.zip
2023-11-06 06:50:04,051 [INFO] FileExtend:255 - Standard Zip Deflate
2023-11-06 06:50:04,386 [INFO] ServerAccessManage:473 - Download File PacksControlFlags.xml
2023-11-06 06:50:04,465 [INFO] ServerAccessManage:473 - Download File cubemx.pidx
2023-11-06 06:50:05,152 [WARN] MainUpdater:1189 - Updater busy. Cannot search thirdparties
2023-11-06 06:50:05,152 [INFO] ThirdPartyUpdaterWithRetryManager:96 - Updater plugin is busy. [1/15]
2023-11-06 06:50:06,148 [INFO] ServerAccessManage:473 - Download File STMicroelectronics.X-CUBE-BLEMGR.pdsc
2023-11-06 06:50:07,076 [INFO] WebApp:157 - Instantiating new browser for Auth
2023-11-06 06:50:07,920 [INFO] WebApp:753 - Register for checkConnection events
2023-11-06 06:50:07,920 [INFO] WebApp:390 - Apply proxy settings
2023-11-06 06:50:07,920 [INFO] WebApp:475 - Chromium requires no authentication
2023-11-06 06:50:07,930 [INFO] WebApp:418 - Direct internet connection detected
2023-11-06 06:50:08,141 [INFO] WebApp:188 - Starting web application
2023-11-06 06:50:08,142 [INFO] WebApp:520 - Web application path used C:\ST\STM32CubeIDE_1.13.1\STM32CubeIDE\plugins\com.st.stm32cube.common.mx_6.9.2.202309101412\db\plugins\mcufinder\reactClient1\index.html
2023-11-06 06:50:08,165 [WARN] MainUpdater:1189 - Updater busy. Cannot search thirdparties
2023-11-06 06:50:08,165 [INFO] ThirdPartyUpdaterWithRetryManager:96 - Updater plugin is busy. [2/15]
2023-11-06 06:50:11,179 [WARN] MainUpdater:1189 - Updater busy. Cannot search thirdparties
2023-11-06 06:50:11,179 [INFO] ThirdPartyUpdaterWithRetryManager:96 - Updater plugin is busy. [3/15]
2023-11-06 06:50:12,697 [ERROR] ServerAccessManage:1096 - Problem, Http access forbiden
2023-11-06 06:50:12,700 [ERROR] ServerAccessManage:651 - Problem, Http access forbiden : RoweBots.I-CUBE-UNISONRTOS.pdsc.
2023-11-06 06:50:12,959 [WARN] PackLoader:240 - Cannot read IP mode file for STMicroelectronics.X-CUBE-BLEMGR.3.0.0
2023-11-06 06:50:12,973 [INFO] PopulateThirdPartyThread:66 - Ending populate Thread
2023-11-06 06:50:12,977 [INFO] ThirdParty:1030 - CMSIS Pack Vendor :STMicroelectronics X-CUBE-BLEMGR 3.0.0
2023-11-06 06:50:12,977 [INFO] LoadServerUpdatesThread:373 - End of LoadServerUpdate Thread
2023-11-06 06:50:13,131 [INFO] CheckServerUpdateThread:120 - End of CheckServer Thread
2023-11-06 06:50:14,473 [WARN] PackLoader:240 - Cannot read IP mode file for STMicroelectronics.X-CUBE-SMBUS.2.1.0
2023-11-06 06:50:14,552 [WARN] PackLoader:240 - Cannot read IP mode file for STMicroelectronics.X-CUBE-AZRTOS-F7.1.1.0
2023-11-06 06:50:14,567 [WARN] PackLoader:240 - Cannot read IP mode file for STMicroelectronics.FP-SNS-MOTENV1.4.3.2
2023-11-06 06:50:14,583 [WARN] PackLoader:240 - Cannot read IP mode file for STMicroelectronics.FP-SNS-FLIGHT1.5.0.2
2023-11-06 06:50:14,614 [WARN] PackLoader:240 - Cannot read IP mode file for STMicroelectronics.X-CUBE-DISPLAY.3.0.0
2023-11-06 06:50:14,650 [WARN] PackLoader:240 - Cannot read IP mode file for STMicroelectronics.X-CUBE-BLE1.7.0.0
2023-11-06 06:50:14,661 [WARN] PackLoader:240 - Cannot read IP mode file for emotas.I-CUBE-CANOPEN.1.3.0
2023-11-06 06:50:14,677 [WARN] PackLoader:240 - Cannot read IP mode file for STMicroelectronics.X-CUBE-TOUCHGFX.4.22.0
2023-11-06 06:50:14,677 [WARN] PackLoader:240 - Cannot read IP mode file for STMicroelectronics.X-CUBE-TOUCHGFX.4.22.1
2023-11-06 06:50:14,693 [WARN] PackLoader:240 - Cannot read IP mode file for STMicroelectronics.FP-SNS-SMARTAG2.1.2.0
2023-11-06 06:50:14,708 [INFO] LogOutputStream:77 - [STDOUT_REDIRECT] 1 : Invalid condition id : UX_CORESTACK_Condition cause : null
2023-11-06 06:50:14,724 [INFO] LogOutputStream:77 - [STDOUT_REDIRECT] 1 : Invalid condition id : UX_CORESTACK_Condition cause : null
2023-11-06 06:50:14,724 [INFO] LogOutputStream:77 - [STDOUT_REDIRECT] 1 : Invalid condition id : UX_CORESTACK_Condition cause : null
2023-11-06 06:50:14,724 [INFO] LogOutputStream:77 - [STDOUT_REDIRECT] 1 : Invalid condition id : UX_CORESTACK_Condition cause : null
2023-11-06 06:50:14,724 [INFO] LogOutputStream:77 - [STDOUT_REDIRECT] 1 : Invalid condition id : UX_CORESTACK_Condition cause : null
2023-11-06 06:50:14,724 [WARN] PackLoader:240 - Cannot read IP mode file for STMicroelectronics.X-CUBE-AZRTOS-WL.2.0.0
2023-11-06 06:50:14,756 [WARN] PackLoader:240 - Cannot read IP mode file for WES.I-CUBE-Cesium.1.3.0
2023-11-06 06:50:14,771 [WARN] PackLoader:240 - Cannot read IP mode file for STMicroelectronics.X-CUBE-BLE2.3.3.0
2023-11-06 06:50:14,787 [WARN] PackLoader:240 - Cannot read IP mode file for STMicroelectronics.X-CUBE-ALGOBUILD.1.3.0
2023-11-06 06:50:14,834 [WARN] PackLoader:240 - Cannot read IP mode file for STMicroelectronics.X-CUBE-AZRTOS-G0.1.1.0
2023-11-06 06:50:14,897 [WARN] PackLoader:240 - Cannot read IP mode file for STMicroelectronics.X-CUBE-NFC4.3.0.0
2023-11-06 06:50:14,897 [WARN] PackLoader:240 - Cannot read IP mode file for STMicroelectronics.X-CUBE-BLEMGR.3.0.0
2023-11-06 06:50:14,912 [WARN] PackLoader:240 - Cannot read IP mode file for STMicroelectronics.FP-ATR-SIGFOX1.3.2.0
2023-11-06 06:50:15,012 [WARN] PackLoader:240 - Cannot read IP mode file for SEGGER.I-CUBE-embOS.1.3.1
2023-11-06 06:50:15,541 [WARN] PackLoader:240 - Cannot read IP mode file for STMicroelectronics.X-CUBE-GNSS1.6.0.0
2023-11-06 06:50:15,666 [WARN] PackLoader:240 - Cannot read IP mode file for STMicroelectronics.X-CUBE-AZRTOS-F4.1.1.0
2023-11-06 06:50:15,686 [WARN] PackLoader:240 - Cannot read IP mode file for wolfSSL.I-CUBE-wolfSSL.5.6.3
2023-11-06 06:50:15,729 [WARN] PackLoader:240 - Cannot read IP mode file for STMicroelectronics.X-CUBE-AZRTOS-L5.2.0.0
2023-11-06 06:50:15,902 [WARN] PackLoader:240 - Cannot read IP mode file for STMicroelectronics.X-CUBE-MEMS1.9.6.0
2023-11-06 06:50:16,106 [WARN] PackLoader:240 - Cannot read IP mode file for STMicroelectronics.X-CUBE-EEPRMA1.4.2.0
2023-11-06 06:50:16,122 [WARN] PackLoader:240 - Cannot read IP mode file for ITTIA_DB.I-CUBE-ITTIADB.8.8.0
2023-11-06 06:50:16,137 [WARN] PackLoader:240 - Cannot read IP mode file for STMicroelectronics.X-CUBE-BLEMGR.2.0.0
2023-11-06 06:50:16,302 [WARN] ConditionMgr:438 - getConditionDescription Invalid condition id : UX DEVICE CLASS RTOS Condition cause : null
2023-11-06 06:50:16,303 [WARN] ConditionMgr:438 - getConditionDescription Invalid condition id : UX DEVICE CLASS RTOS Condition cause : null
2023-11-06 06:50:16,305 [WARN] PackLoader:240 - Cannot read IP mode file for STMicroelectronics.X-CUBE-AZRTOS-H7.3.1.0
2023-11-06 06:50:16,305 [WARN] ConditionMgr:1039 - genDependencies : Invalid condition id : UX DEVICE CLASS RTOS Condition cause : null
2023-11-06 06:50:16,307 [WARN] ConditionMgr:1039 - genDependencies : Invalid condition id : UX DEVICE CLASS RTOS Condition cause : null
2023-11-06 06:50:16,309 [WARN] ConditionMgr:1039 - genDependencies : Invalid condition id : UX DEVICE CLASS RTOS Condition cause : null
2023-11-06 06:50:16,309 [WARN] ConditionMgr:1039 - genDependencies : Invalid condition id : UX DEVICE CLASS RTOS Condition cause : null
2023-11-06 06:50:16,309 [WARN] ConditionMgr:1039 - genDependencies : Invalid condition id : UX DEVICE CLASS RTOS Condition cause : null
2023-11-06 06:50:16,355 [WARN] PackLoader:240 - Cannot read IP mode file for STMicroelectronics.X-CUBE-NFC7.1.0.1
2023-11-06 06:50:16,377 [WARN] PackLoader:240 - Cannot read IP mode file for STMicroelectronics.X-CUBE-NFC6.3.0.0
2023-11-06 06:50:16,396 [WARN] PackLoader:240 - Cannot read IP mode file for STMicroelectronics.X-CUBE-EEPRMA1.4.1.0
2023-11-06 06:50:16,413 [WARN] PackLoader:240 - Cannot read IP mode file for STMicroelectronics.X-CUBE-AI.8.1.0
2023-11-06 06:50:16,451 [WARN] ConditionMgr:438 - getConditionDescription Invalid condition id : LAN8742 Phy interface Condition cause : null
2023-11-06 06:50:16,452 [WARN] PackLoader:240 - Cannot read IP mode file for STMicroelectronics.X-CUBE-AZRTOS-L4.2.0.0
2023-11-06 06:50:16,453 [WARN] ConditionMgr:1039 - genDependencies : Invalid condition id : LAN8742 Phy interface Condition cause : null
2023-11-06 06:50:16,453 [WARN] ConditionMgr:1039 - genDependencies : Invalid condition id : LAN8742 Phy interface Condition cause : null
2023-11-06 06:50:16,462 [WARN] ConditionMgr:1039 - genDependencies : Invalid condition id : LAN8742 Phy interface Condition cause : null
2023-11-06 06:50:16,480 [WARN] PackLoader:240 - Cannot read IP mode file for STMicroelectronics.X-CUBE-SFXS2LP1.4.0.0
2023-11-06 06:50:16,495 [WARN] PackLoader:240 - Cannot read IP mode file for STMicroelectronics.X-CUBE-ISPU.1.1.0
2023-11-06 06:50:16,542 [WARN] ConditionMgr:438 - getConditionDescription Invalid condition id : UX DEVICE CLASS RTOS Condition cause : null
2023-11-06 06:50:16,542 [WARN] ConditionMgr:438 - getConditionDescription Invalid condition id : UX DEVICE CLASS RTOS Condition cause : null
2023-11-06 06:50:16,545 [WARN] PackLoader:240 - Cannot read IP mode file for STMicroelectronics.X-CUBE-AZRTOS-WB.2.0.0
2023-11-06 06:50:16,545 [WARN] ConditionMgr:1039 - genDependencies : Invalid condition id : UX DEVICE CLASS RTOS Condition cause : null
2023-11-06 06:50:16,546 [WARN] ConditionMgr:1039 - genDependencies : Invalid condition id : UX DEVICE CLASS RTOS Condition cause : null
2023-11-06 06:50:16,546 [WARN] ConditionMgr:1039 - genDependencies : Invalid condition id : UX DEVICE CLASS RTOS Condition cause : null
2023-11-06 06:50:16,547 [WARN] ConditionMgr:1039 - genDependencies : Invalid condition id : UX DEVICE CLASS RTOS Condition cause : null
2023-11-06 06:50:16,547 [WARN] ConditionMgr:1039 - genDependencies : Invalid condition id : UX DEVICE CLASS RTOS Condition cause : null
2023-11-06 06:50:16,572 [WARN] PackLoader:240 - Cannot read IP mode file for STMicroelectronics.X-CUBE-SUBG2.5.0.0
2023-11-06 06:50:16,599 [WARN] PackLoader:240 - Cannot read IP mode file for STMicroelectronics.X-CUBE-TOF1.3.3.1
2023-11-06 06:50:16,634 [WARN] PackLoader:240 - Cannot read IP mode file for STMicroelectronics.X-CUBE-AZRTOS-G4.2.0.0
2023-11-06 06:50:16,661 [WARN] PackLoader:240 - Cannot read IP mode file for Infineon.AIROC-Wi-Fi-Bluetooth-STM32.1.5.1
2023-11-06 06:50:16,762 [WARN] PackLoader:240 - Cannot read IP mode file for STMicroelectronics.X-CUBE-MEMS1.10.0.0
2023-11-06 06:50:16,919 [WARN] PackLoader:240 - Cannot read IP mode file for STMicroelectronics.X-CUBE-FREERTOS.1.1.0
2023-11-06 06:50:16,934 [WARN] PackLoader:240 - Cannot read IP mode file for portGmbH.I-Cube-SoM-uGOAL.1.1.0
2023-11-06 06:50:16,955 [WARN] PackLoader:240 - Cannot read IP mode file for STMicroelectronics.X-CUBE-ALS.1.0.1
2023-11-06 06:50:16,955 [WARN] PackLoader:240 - Cannot read IP mode file for STMicroelectronics.FP-ATR-ASTRA1.2.0.0
2023-11-06 06:50:16,955 [INFO] ThirdParty:978 - Integrity check success = true
2023-11-06 06:50:16,955 [INFO] IntegrityCheckThread:100 - exiting critical section [integrity check]
2023-11-06 06:50:16,955 [INFO] IntegrityCheckThread:103 - End integrity checks thread
2023-11-06 06:50:18,859 [ERROR] LogOutputStream:75 - [STDERR_REDIRECT] SLF4J: Failed to load class "org.slf4j.impl.StaticLoggerBinder".
2023-11-06 06:50:18,859 [ERROR] LogOutputStream:75 - [STDERR_REDIRECT] SLF4J: Defaulting to no-operation (NOP) logger implementation
2023-11-06 06:50:18,865 [ERROR] LogOutputStream:75 - [STDERR_REDIRECT] SLF4J: See http://www.slf4j.org/codes.html#StaticLoggerBinder for further details.
2023-11-06 08:04:52,839 [ERROR] LogOutputStream:75 - [STDERR_REDIRECT] 
