2023-11-26 15:40:52,680 [INFO] Activator:176 - 


2023-11-26 15:40:52,680 [INFO] Activator:177 - !SESSION log4j initialized
2023-11-26 15:40:56,764 [INFO] LogOutputStream:77 - [STDOUT_REDIRECT] 
2023-11-26 15:40:58,242 [INFO] ApplicationProperties:184 - Using Application install path: C:\ST\STM32CubeIDE_1.13.1\STM32CubeIDE\plugins\com.st.stm32cube.common.mx_6.9.2.202309101412
2023-11-26 15:40:58,255 [INFO] DbMcusXml:78 - Set database path to: C:\ST\STM32CubeIDE_1.13.1\STM32CubeIDE\plugins\com.st.stm32cube.common.mx_6.9.2.202309101412\\db\/mcu/
2023-11-26 15:40:58,255 [INFO] ApiDb:274 - Set plugin database path to: C:\ST\STM32CubeIDE_1.13.1\STM32CubeIDE\plugins\com.st.stm32cube.common.mx_6.9.2.202309101412\\db\/plugins/boardmanager/
2023-11-26 15:40:58,256 [WARN] ApiDb:259 - Overriding images path with different value:  => C:\ST\STM32CubeIDE_1.13.1\STM32CubeIDE\plugins\com.st.stm32cube.common.mx_6.9.2.202309101412\\db\/plugins/mcufinder/images/
2023-11-26 15:40:58,267 [INFO] ApiDb:250 - Set database path to: C:\Users\Ubaid\.stmcufinder\plugins\mcufinder//mcu/
2023-11-26 15:40:58,267 [INFO] DbMcusAds:125 - Set database path to: C:\Users\Ubaid\.stmcufinder\plugins\mcufinder//mcu/
2023-11-26 15:40:58,268 [INFO] CrossReferenceDbSqlite:203 - Set database path to: C:\Users\Ubaid\.stmcufinder\plugins\mcufinder//mcu/cs/
2023-11-26 15:40:58,340 [INFO] RulesReader:64 - Compatibility file has been processed (293 Rules)
2023-11-26 15:40:58,392 [INFO] DbMcusXml:78 - Set database path to: C:\ST\STM32CubeIDE_1.13.1\STM32CubeIDE\plugins\com.st.stm32cube.common.mx_6.9.2.202309101412\\db\/mcu/
2023-11-26 15:40:58,393 [INFO] ApiDb:274 - Set plugin database path to: C:\ST\STM32CubeIDE_1.13.1\STM32CubeIDE\plugins\com.st.stm32cube.common.mx_6.9.2.202309101412\\db\/plugins/boardmanager/
2023-11-26 15:40:58,393 [INFO] ApiDb:261 - Set plugin images path to: C:\ST\STM32CubeIDE_1.13.1\STM32CubeIDE\plugins\com.st.stm32cube.common.mx_6.9.2.202309101412\\db\/plugins/mcufinder/images/
2023-11-26 15:40:58,393 [WARN] DbFile:41 - Overriding database path with different value: C:\Users\Ubaid\.stmcufinder\plugins\mcufinder/ => C:\Users\Ubaid\.stmcufinder\plugins\mcufinder
2023-11-26 15:40:58,393 [INFO] ApiDb:250 - Set database path to: C:\Users\Ubaid\.stmcufinder\plugins\mcufinder//mcu/
2023-11-26 15:40:58,393 [WARN] DbFile:41 - Overriding database path with different value: C:\Users\Ubaid\.stmcufinder\plugins\mcufinder/ => C:\Users\Ubaid\.stmcufinder\plugins\mcufinder
2023-11-26 15:40:58,393 [INFO] DbMcusAds:125 - Set database path to: C:\Users\Ubaid\.stmcufinder\plugins\mcufinder//mcu/
2023-11-26 15:40:58,393 [WARN] DbFile:41 - Overriding database path with different value: C:\Users\Ubaid\.stmcufinder\plugins\mcufinder/ => C:\Users\Ubaid\.stmcufinder\plugins\mcufinder
2023-11-26 15:40:58,393 [WARN] DbFile:41 - Overriding database path with different value: C:\Users\Ubaid\.stmcufinder\plugins\mcufinder/ => C:\Users\Ubaid\.stmcufinder\plugins\mcufinder
2023-11-26 15:40:58,394 [INFO] CrossReferenceDbSqlite:203 - Set database path to: C:\Users\Ubaid\.stmcufinder\plugins\mcufinder//mcu/cs/
2023-11-26 15:40:58,451 [INFO] MainPanel:262 - HeapMemory: 268435456
2023-11-26 15:40:58,512 [INFO] DbMcusXml:78 - Set database path to: C:\ST\STM32CubeIDE_1.13.1\STM32CubeIDE\plugins\com.st.stm32cube.common.mx_6.9.2.202309101412\\db\/mcu/
2023-11-26 15:40:58,512 [INFO] ApiDb:274 - Set plugin database path to: C:\ST\STM32CubeIDE_1.13.1\STM32CubeIDE\plugins\com.st.stm32cube.common.mx_6.9.2.202309101412\\db\/plugins/boardmanager/
2023-11-26 15:40:58,512 [INFO] ApiDb:261 - Set plugin images path to: C:\ST\STM32CubeIDE_1.13.1\STM32CubeIDE\plugins\com.st.stm32cube.common.mx_6.9.2.202309101412\\db\/plugins/mcufinder/images/
2023-11-26 15:40:58,512 [WARN] DbFile:41 - Overriding database path with different value: C:\Users\Ubaid\.stmcufinder\plugins\mcufinder/ => C:\Users\Ubaid\.stmcufinder\plugins\mcufinder
2023-11-26 15:40:58,512 [INFO] ApiDb:250 - Set database path to: C:\Users\Ubaid\.stmcufinder\plugins\mcufinder//mcu/
2023-11-26 15:40:58,512 [WARN] DbFile:41 - Overriding database path with different value: C:\Users\Ubaid\.stmcufinder\plugins\mcufinder/ => C:\Users\Ubaid\.stmcufinder\plugins\mcufinder
2023-11-26 15:40:58,513 [INFO] DbMcusAds:125 - Set database path to: C:\Users\Ubaid\.stmcufinder\plugins\mcufinder//mcu/
2023-11-26 15:40:58,513 [WARN] DbFile:41 - Overriding database path with different value: C:\Users\Ubaid\.stmcufinder\plugins\mcufinder/ => C:\Users\Ubaid\.stmcufinder\plugins\mcufinder
2023-11-26 15:40:58,513 [WARN] DbFile:41 - Overriding database path with different value: C:\Users\Ubaid\.stmcufinder\plugins\mcufinder/ => C:\Users\Ubaid\.stmcufinder\plugins\mcufinder
2023-11-26 15:40:58,513 [INFO] CrossReferenceDbSqlite:203 - Set database path to: C:\Users\Ubaid\.stmcufinder\plugins\mcufinder//mcu/cs/
2023-11-26 15:40:58,525 [INFO] ApplicationProperties:184 - Using Application install path: C:\ST\STM32CubeIDE_1.13.1\STM32CubeIDE\plugins\com.st.stm32cube.common.mx_6.9.2.202309101412
2023-11-26 15:40:58,526 [INFO] PluginManage:196 - Search for loadable plugins [exclusion list=, ]
2023-11-26 15:40:58,528 [INFO] PluginManage:310 - Check plugin analytics
2023-11-26 15:40:58,639 [INFO] AnalyticsPlugin:253 - Accepted Software Licenses: STM32CubeMX.6.9.1
2023-11-26 15:40:58,640 [INFO] AnalyticsPlugin:255 - Accepted CMSIS Pack Licenses: 
2023-11-26 15:40:58,640 [INFO] AnalyticsPlugin:257 - Accepted Firmware Licenses: FW.F4.1.27.0
2023-11-26 15:40:58,641 [INFO] PluginManage:359 - Loaded plugin analytics (category:tool,tabindex:-1)
2023-11-26 15:40:58,642 [INFO] PluginManage:310 - Check plugin cadmodel
2023-11-26 15:40:58,654 [INFO] CADModel:105 - Init CAD model plugin
2023-11-26 15:40:58,654 [INFO] PluginManage:359 - Loaded plugin cadmodel (category:power,tabindex:5)
2023-11-26 15:40:58,654 [INFO] PluginManage:310 - Check plugin clock
2023-11-26 15:40:58,667 [INFO] PluginManage:359 - Loaded plugin clock (category:base,tabindex:2)
2023-11-26 15:40:58,667 [INFO] PluginManage:310 - Check plugin ddr
2023-11-26 15:40:58,669 [INFO] PluginManage:359 - Loaded plugin ddr (category:tool,tabindex:6)
2023-11-26 15:40:58,669 [INFO] PluginManage:310 - Check plugin filemanager
2023-11-26 15:40:58,757 [INFO] PluginManage:359 - Loaded plugin filemanager (category:base,tabindex:10)
2023-11-26 15:40:58,757 [INFO] PluginManage:310 - Check plugin ipmanager
2023-11-26 15:40:58,761 [INFO] PluginManage:359 - Loaded plugin ipmanager (category:base,tabindex:5)
2023-11-26 15:40:58,761 [INFO] PluginManage:310 - Check plugin lpbam
2023-11-26 15:40:58,775 [INFO] PluginManage:359 - Loaded plugin lpbam (category:base,tabindex:0)
2023-11-26 15:40:58,775 [INFO] PluginManage:310 - Check plugin memorymap
2023-11-26 15:40:58,790 [INFO] PluginManage:359 - Loaded plugin memorymap (category:base,tabindex:4)
2023-11-26 15:40:58,790 [INFO] PluginManage:310 - Check plugin pinoutandconfiguration
2023-11-26 15:40:58,799 [INFO] PluginManage:359 - Loaded plugin pinoutandconfiguration (category:base,tabindex:1)
2023-11-26 15:40:58,799 [INFO] PluginManage:310 - Check plugin pinoutconfig
2023-11-26 15:40:58,857 [WARN] SupportedApi:132 - Cannot load RTOS API schema: s4s-elt-must-match.1: The content of 'definitions' must match (annotation?, (simpleType | complexType)?, (unique | key | keyref)*)). A problem was found starting at: attribute.
2023-11-26 15:40:58,940 [INFO] PluginManage:359 - Loaded plugin pinoutconfig (category:base,tabindex:0)
2023-11-26 15:40:58,941 [INFO] PluginManage:310 - Check plugin power
2023-11-26 15:40:58,957 [INFO] PluginManage:359 - Loaded plugin power (category:power,tabindex:4)
2023-11-26 15:40:58,957 [INFO] PluginManage:310 - Check plugin projectmanager
2023-11-26 15:40:58,966 [INFO] PluginManage:359 - Loaded plugin projectmanager (category:projectmanager,tabindex:3)
2023-11-26 15:40:58,966 [INFO] PluginManage:310 - Check plugin thirdparty
2023-11-26 15:40:59,129 [INFO] PluginManage:359 - Loaded plugin thirdparty (category:base,tabindex:-1)
2023-11-26 15:40:59,129 [WARN] IntegrityCheckThread:84 - waiting for thirdparty lock release [integrity check]
2023-11-26 15:40:59,129 [INFO] PluginManage:310 - Check plugin tools
2023-11-26 15:40:59,129 [INFO] IntegrityCheckThread:86 - entering critical section [integrity check]
2023-11-26 15:40:59,129 [INFO] ThirdPartyUpdaterWithRetryManager:70 - Updater plugin not ready yet. [1/15]
2023-11-26 15:40:59,149 [INFO] PluginManage:359 - Loaded plugin tools (category:base,tabindex:7)
2023-11-26 15:40:59,149 [INFO] PluginManage:310 - Check plugin tutovideos
2023-11-26 15:40:59,267 [INFO] PluginManage:359 - Loaded plugin tutovideos (category:base,tabindex:-1)
2023-11-26 15:40:59,267 [INFO] PluginManage:310 - Check plugin updater
2023-11-26 15:40:59,279 [INFO] PluginManage:359 - Loaded plugin updater (category:base,tabindex:12)
2023-11-26 15:40:59,279 [INFO] PluginManage:310 - Check plugin userauth
2023-11-26 15:40:59,283 [INFO] UserAuth:113 - Init User Auth plugin
2023-11-26 15:40:59,283 [INFO] PluginManage:359 - Loaded plugin userauth (category:base,tabindex:14)
2023-11-26 15:40:59,283 [INFO] PluginManage:283 - PluginManage : Loaded plugins [17]
2023-11-26 15:40:59,423 [INFO] PinOutPanel:1499 - setPackage(No Configuration,No Configuration)
2023-11-26 15:40:59,487 [INFO] CADModel:165 - CPN selected for project level
2023-11-26 15:40:59,488 [INFO] CADModel:114 - Register for checkConnection events
2023-11-26 15:40:59,505 [INFO] IPUIPlugin:80 - create IPUIPlugin
2023-11-26 15:40:59,505 [INFO] PluginManager:220 - loadIPPluginJar : add adc
2023-11-26 15:40:59,524 [INFO] IPUIPlugin:80 - create IPUIPlugin
2023-11-26 15:40:59,524 [INFO] PluginManager:220 - loadIPPluginJar : add aes
2023-11-26 15:40:59,547 [INFO] IPUIPlugin:80 - create IPUIPlugin
2023-11-26 15:40:59,547 [INFO] PluginManager:220 - loadIPPluginJar : add can
2023-11-26 15:40:59,560 [INFO] IPUIPlugin:80 - create IPUIPlugin
2023-11-26 15:40:59,560 [INFO] PluginManager:220 - loadIPPluginJar : add comp
2023-11-26 15:40:59,578 [INFO] IPUIPlugin:80 - create IPUIPlugin
2023-11-26 15:40:59,579 [INFO] PluginManager:220 - loadIPPluginJar : add cryp
2023-11-26 15:40:59,596 [INFO] IPUIPlugin:80 - create IPUIPlugin
2023-11-26 15:40:59,596 [INFO] PluginManager:220 - loadIPPluginJar : add dfsdm
2023-11-26 15:40:59,605 [INFO] IPUIPlugin:80 - create IPUIPlugin
2023-11-26 15:40:59,605 [INFO] PluginManager:220 - loadIPPluginJar : add dma
2023-11-26 15:40:59,628 [INFO] IPUIPlugin:80 - create IPUIPlugin
2023-11-26 15:40:59,628 [INFO] PluginManager:220 - loadIPPluginJar : add dma3
2023-11-26 15:40:59,639 [INFO] IPUIPlugin:80 - create IPUIPlugin
2023-11-26 15:40:59,639 [INFO] PluginManager:220 - loadIPPluginJar : add fatfs
2023-11-26 15:40:59,664 [INFO] IPUIPlugin:80 - create IPUIPlugin
2023-11-26 15:40:59,664 [INFO] PluginManager:220 - loadIPPluginJar : add fmc
2023-11-26 15:40:59,676 [INFO] IPUIPlugin:80 - create IPUIPlugin
2023-11-26 15:40:59,676 [INFO] PluginManager:220 - loadIPPluginJar : add freertos
2023-11-26 15:40:59,687 [INFO] IPUIPlugin:80 - create IPUIPlugin
2023-11-26 15:40:59,687 [INFO] PluginManager:220 - loadIPPluginJar : add genericplugin
2023-11-26 15:40:59,733 [INFO] IPUIPlugin:80 - create IPUIPlugin
2023-11-26 15:40:59,734 [INFO] PluginManager:220 - loadIPPluginJar : add gfxmmu
2023-11-26 15:40:59,815 [INFO] IPUIPlugin:80 - create IPUIPlugin
2023-11-26 15:40:59,815 [INFO] PluginManager:220 - loadIPPluginJar : add gic
2023-11-26 15:40:59,825 [INFO] IPUIPlugin:80 - create IPUIPlugin
2023-11-26 15:40:59,825 [INFO] PluginManager:220 - loadIPPluginJar : add gpio
2023-11-26 15:40:59,880 [INFO] IPUIPlugin:80 - create IPUIPlugin
2023-11-26 15:40:59,880 [INFO] PluginManager:220 - loadIPPluginJar : add gtzc
2023-11-26 15:40:59,920 [INFO] IPUIPlugin:80 - create IPUIPlugin
2023-11-26 15:40:59,920 [INFO] PluginManager:220 - loadIPPluginJar : add hash
2023-11-26 15:40:59,946 [INFO] IPUIPlugin:80 - create IPUIPlugin
2023-11-26 15:40:59,946 [INFO] PluginManager:220 - loadIPPluginJar : add i2c
2023-11-26 15:40:59,967 [INFO] IPUIPlugin:80 - create IPUIPlugin
2023-11-26 15:40:59,967 [INFO] PluginManager:220 - loadIPPluginJar : add i2s
2023-11-26 15:40:59,989 [INFO] IPUIPlugin:80 - create IPUIPlugin
2023-11-26 15:40:59,989 [INFO] PluginManager:220 - loadIPPluginJar : add i3c
2023-11-26 15:41:00,067 [INFO] IPUIPlugin:80 - create IPUIPlugin
2023-11-26 15:41:00,067 [INFO] PluginManager:220 - loadIPPluginJar : add ipddr
2023-11-26 15:41:00,122 [INFO] IPUIPlugin:80 - create IPUIPlugin
2023-11-26 15:41:00,122 [INFO] PluginManager:220 - loadIPPluginJar : add linkedlist
2023-11-26 15:41:00,141 [INFO] IPUIPlugin:80 - create IPUIPlugin
2023-11-26 15:41:00,141 [INFO] PluginManager:220 - loadIPPluginJar : add lorawan
2023-11-26 15:41:00,165 [INFO] IPUIPlugin:80 - create IPUIPlugin
2023-11-26 15:41:00,165 [INFO] PluginManager:220 - loadIPPluginJar : add ltdc
2023-11-26 15:41:00,175 [INFO] IPUIPlugin:80 - create IPUIPlugin
2023-11-26 15:41:00,176 [INFO] PluginManager:220 - loadIPPluginJar : add mdma
2023-11-26 15:41:00,183 [INFO] IPUIPlugin:80 - create IPUIPlugin
2023-11-26 15:41:00,183 [INFO] PluginManager:220 - loadIPPluginJar : add nvic
2023-11-26 15:41:00,204 [INFO] IPUIPlugin:80 - create IPUIPlugin
2023-11-26 15:41:00,204 [INFO] PluginManager:220 - loadIPPluginJar : add opamp
2023-11-26 15:41:00,235 [INFO] IPUIPlugin:80 - create IPUIPlugin
2023-11-26 15:41:00,235 [INFO] PluginManager:220 - loadIPPluginJar : add openamp
2023-11-26 15:41:00,258 [INFO] IPUIPlugin:80 - create IPUIPlugin
2023-11-26 15:41:00,258 [INFO] PluginManager:220 - loadIPPluginJar : add pdm2pcm
2023-11-26 15:41:00,267 [INFO] IPUIPlugin:80 - create IPUIPlugin
2023-11-26 15:41:00,269 [INFO] PluginManager:220 - loadIPPluginJar : add plateformsettings
2023-11-26 15:41:00,280 [INFO] IPUIPlugin:80 - create IPUIPlugin
2023-11-26 15:41:00,280 [INFO] PluginManager:220 - loadIPPluginJar : add quadspi
2023-11-26 15:41:00,289 [INFO] IPUIPlugin:80 - create IPUIPlugin
2023-11-26 15:41:00,289 [INFO] PluginManager:220 - loadIPPluginJar : add resmgrutility
2023-11-26 15:41:00,314 [INFO] IPUIPlugin:80 - create IPUIPlugin
2023-11-26 15:41:00,314 [INFO] PluginManager:220 - loadIPPluginJar : add sai
2023-11-26 15:41:00,333 [INFO] IPUIPlugin:80 - create IPUIPlugin
2023-11-26 15:41:00,333 [INFO] PluginManager:220 - loadIPPluginJar : add spi
2023-11-26 15:41:00,364 [INFO] IPUIPlugin:80 - create IPUIPlugin
2023-11-26 15:41:00,365 [INFO] PluginManager:220 - loadIPPluginJar : add stm32_wpan
2023-11-26 15:41:00,379 [INFO] IPUIPlugin:80 - create IPUIPlugin
2023-11-26 15:41:00,379 [INFO] PluginManager:220 - loadIPPluginJar : add tim
2023-11-26 15:41:00,407 [INFO] IPUIPlugin:80 - create IPUIPlugin
2023-11-26 15:41:00,407 [INFO] PluginManager:220 - loadIPPluginJar : add touchsensing
2023-11-26 15:41:00,420 [INFO] IPUIPlugin:80 - create IPUIPlugin
2023-11-26 15:41:00,420 [INFO] PluginManager:220 - loadIPPluginJar : add tracer_emb
2023-11-26 15:41:00,432 [INFO] IPUIPlugin:80 - create IPUIPlugin
2023-11-26 15:41:00,432 [INFO] PluginManager:220 - loadIPPluginJar : add ts
2023-11-26 15:41:00,442 [INFO] IPUIPlugin:80 - create IPUIPlugin
2023-11-26 15:41:00,442 [INFO] PluginManager:220 - loadIPPluginJar : add tsc
2023-11-26 15:41:00,455 [INFO] IPUIPlugin:80 - create IPUIPlugin
2023-11-26 15:41:00,455 [INFO] PluginManager:220 - loadIPPluginJar : add ucpd
2023-11-26 15:41:00,477 [INFO] IPUIPlugin:80 - create IPUIPlugin
2023-11-26 15:41:00,477 [INFO] PluginManager:220 - loadIPPluginJar : add usart
2023-11-26 15:41:00,501 [INFO] IPUIPlugin:80 - create IPUIPlugin
2023-11-26 15:41:00,501 [INFO] PluginManager:220 - loadIPPluginJar : add usbx
2023-11-26 15:41:00,605 [INFO] CADModel:165 - CPN selected for project level
2023-11-26 15:41:00,606 [INFO] CADModel:114 - Register for checkConnection events
2023-11-26 15:41:00,606 [FATAL] Updater:308 - Updater called before beeing initialized
2023-11-26 15:41:00,606 [ERROR] CADModel:125 - Updater not yet initialized, retry later 
2023-11-26 15:41:00,715 [INFO] CADModel:165 - CPN selected for project level
2023-11-26 15:41:00,715 [INFO] CADModel:114 - Register for checkConnection events
2023-11-26 15:41:00,715 [FATAL] Updater:308 - Updater called before beeing initialized
2023-11-26 15:41:00,715 [ERROR] CADModel:125 - Updater not yet initialized, retry later 
2023-11-26 15:41:00,718 [FATAL] Updater:308 - Updater called before beeing initialized
2023-11-26 15:41:00,804 [FATAL] Updater:308 - Updater called before beeing initialized
2023-11-26 15:41:00,812 [INFO] DbMcusAds:53 - JSON generation date=Tue Mar 07 14:20:55 IST 2023 (1678179055114)
2023-11-26 15:41:00,812 [FATAL] Updater:308 - Updater called before beeing initialized
2023-11-26 15:41:00,859 [WARN] DetailPanel:346 - Failed to get advertising image, set to default
2023-11-26 15:41:00,919 [FATAL] Updater:308 - Updater called before beeing initialized
2023-11-26 15:41:00,921 [FATAL] Updater:308 - Updater called before beeing initialized
2023-11-26 15:41:00,921 [FATAL] Updater:308 - Updater called before beeing initialized
2023-11-26 15:41:00,921 [WARN] DetailPanel:346 - Failed to get advertising image, set to default
2023-11-26 15:41:00,921 [FATAL] Updater:308 - Updater called before beeing initialized
2023-11-26 15:41:00,957 [ERROR] Updater:1120 - MainUpdater not yet initialized. External WinMGr cannot be set.
2023-11-26 15:41:00,963 [INFO] Updater:1056 - Updater Version found : 6.9.2
2023-11-26 15:41:00,979 [INFO] ApplicationProperties:184 - Using Application install path: C:\ST\STM32CubeIDE_1.13.1\STM32CubeIDE\plugins\com.st.stm32cube.common.mx_6.9.2.202309101412
2023-11-26 15:41:02,131 [INFO] ThirdPartyUpdaterWithRetryManager:70 - Updater plugin not ready yet. [2/15]
2023-11-26 15:41:02,239 [INFO] MainUpdater:2868 - connection check result : 10
2023-11-26 15:41:02,239 [INFO] MainUpdater:285 - Updater Check For Update Now.
2023-11-26 15:41:02,239 [INFO] MicroXplorer:498 - Change Database Version : DB.6.0.92
2023-11-26 15:41:02,269 [INFO] McuFinderGlobals:63 - Set McuFinder mode to 2 (CubeIDE integrated)
2023-11-26 15:41:02,269 [INFO] UserAuth:179 - activating auth plugin
2023-11-26 15:41:02,271 [INFO] UserAuth:393 - Internet connection configuration mode: 1
2023-11-26 15:41:02,312 [INFO] JxBrowserEngine:151 - Initiate JxBrowser Engine with user profile folder
2023-11-26 15:41:02,430 [INFO] CheckServerUpdateThread:120 - End of CheckServer Thread
2023-11-26 15:41:03,623 [INFO] WebApp:157 - Instantiating new browser for Auth
2023-11-26 15:41:03,994 [INFO] WebApp:753 - Register for checkConnection events
2023-11-26 15:41:03,994 [INFO] WebApp:390 - Apply proxy settings
2023-11-26 15:41:03,994 [INFO] WebApp:475 - Chromium requires no authentication
2023-11-26 15:41:03,999 [INFO] WebApp:418 - Direct internet connection detected
2023-11-26 15:41:04,105 [INFO] WebApp:188 - Starting web application
2023-11-26 15:41:04,105 [INFO] WebApp:520 - Web application path used C:\ST\STM32CubeIDE_1.13.1\STM32CubeIDE\plugins\com.st.stm32cube.common.mx_6.9.2.202309101412\db\plugins\mcufinder\reactClient1\index.html
2023-11-26 15:41:05,238 [WARN] PackLoader:240 - Cannot read IP mode file for STMicroelectronics.X-CUBE-SMBUS.2.1.0
2023-11-26 15:41:05,264 [WARN] PackLoader:240 - Cannot read IP mode file for STMicroelectronics.X-CUBE-AZRTOS-F7.1.1.0
2023-11-26 15:41:05,280 [WARN] PackLoader:240 - Cannot read IP mode file for STMicroelectronics.FP-SNS-MOTENV1.4.3.2
2023-11-26 15:41:05,288 [WARN] PackLoader:240 - Cannot read IP mode file for STMicroelectronics.FP-SNS-FLIGHT1.5.0.2
2023-11-26 15:41:05,299 [WARN] PackLoader:240 - Cannot read IP mode file for STMicroelectronics.X-CUBE-DISPLAY.3.0.0
2023-11-26 15:41:05,311 [WARN] PackLoader:240 - Cannot read IP mode file for STMicroelectronics.X-CUBE-BLE1.7.0.0
2023-11-26 15:41:05,320 [WARN] PackLoader:240 - Cannot read IP mode file for emotas.I-CUBE-CANOPEN.1.3.0
2023-11-26 15:41:05,329 [WARN] PackLoader:240 - Cannot read IP mode file for STMicroelectronics.X-CUBE-TOUCHGFX.4.22.0
2023-11-26 15:41:05,335 [WARN] PackLoader:240 - Cannot read IP mode file for STMicroelectronics.X-CUBE-TOUCHGFX.4.22.1
2023-11-26 15:41:05,341 [WARN] PackLoader:240 - Cannot read IP mode file for STMicroelectronics.FP-SNS-SMARTAG2.1.2.0
2023-11-26 15:41:05,353 [INFO] LogOutputStream:77 - [STDOUT_REDIRECT] 1 : Invalid condition id : UX_CORESTACK_Condition cause : null
2023-11-26 15:41:05,353 [INFO] LogOutputStream:77 - [STDOUT_REDIRECT] 1 : Invalid condition id : UX_CORESTACK_Condition cause : null
2023-11-26 15:41:05,354 [INFO] LogOutputStream:77 - [STDOUT_REDIRECT] 1 : Invalid condition id : UX_CORESTACK_Condition cause : null
2023-11-26 15:41:05,354 [INFO] LogOutputStream:77 - [STDOUT_REDIRECT] 1 : Invalid condition id : UX_CORESTACK_Condition cause : null
2023-11-26 15:41:05,355 [INFO] LogOutputStream:77 - [STDOUT_REDIRECT] 1 : Invalid condition id : UX_CORESTACK_Condition cause : null
2023-11-26 15:41:05,356 [WARN] PackLoader:240 - Cannot read IP mode file for STMicroelectronics.X-CUBE-AZRTOS-WL.2.0.0
2023-11-26 15:41:05,365 [WARN] PackLoader:240 - Cannot read IP mode file for WES.I-CUBE-Cesium.1.3.0
2023-11-26 15:41:05,372 [WARN] PackLoader:240 - Cannot read IP mode file for STMicroelectronics.X-CUBE-BLE2.3.3.0
2023-11-26 15:41:05,380 [WARN] PackLoader:240 - Cannot read IP mode file for STMicroelectronics.X-CUBE-ALGOBUILD.1.3.0
2023-11-26 15:41:05,395 [WARN] PackLoader:240 - Cannot read IP mode file for STMicroelectronics.X-CUBE-AZRTOS-G0.1.1.0
2023-11-26 15:41:05,406 [WARN] PackLoader:240 - Cannot read IP mode file for STMicroelectronics.X-CUBE-NFC4.3.0.0
2023-11-26 15:41:05,420 [WARN] PackLoader:240 - Cannot read IP mode file for STMicroelectronics.X-CUBE-BLEMGR.3.0.0
2023-11-26 15:41:05,428 [WARN] PackLoader:240 - Cannot read IP mode file for STMicroelectronics.FP-ATR-SIGFOX1.3.2.0
2023-11-26 15:41:05,466 [WARN] PackLoader:240 - Cannot read IP mode file for SEGGER.I-CUBE-embOS.1.3.1
2023-11-26 15:41:05,517 [WARN] PackLoader:240 - Cannot read IP mode file for STMicroelectronics.X-CUBE-GNSS1.6.0.0
2023-11-26 15:41:05,538 [WARN] PackLoader:240 - Cannot read IP mode file for STMicroelectronics.X-CUBE-AZRTOS-F4.1.1.0
2023-11-26 15:41:05,550 [WARN] PackLoader:240 - Cannot read IP mode file for wolfSSL.I-CUBE-wolfSSL.5.6.3
2023-11-26 15:41:05,570 [WARN] PackLoader:240 - Cannot read IP mode file for STMicroelectronics.X-CUBE-AZRTOS-L5.2.0.0
2023-11-26 15:41:05,606 [WARN] PackLoader:240 - Cannot read IP mode file for STMicroelectronics.X-CUBE-MEMS1.9.6.0
2023-11-26 15:41:05,713 [WARN] PackLoader:240 - Cannot read IP mode file for STMicroelectronics.X-CUBE-EEPRMA1.4.2.0
2023-11-26 15:41:05,725 [WARN] PackLoader:240 - Cannot read IP mode file for ITTIA_DB.I-CUBE-ITTIADB.8.8.0
2023-11-26 15:41:05,734 [WARN] PackLoader:240 - Cannot read IP mode file for STMicroelectronics.X-CUBE-BLEMGR.2.0.0
2023-11-26 15:41:05,752 [WARN] ConditionMgr:438 - getConditionDescription Invalid condition id : UX DEVICE CLASS RTOS Condition cause : null
2023-11-26 15:41:05,752 [WARN] ConditionMgr:438 - getConditionDescription Invalid condition id : UX DEVICE CLASS RTOS Condition cause : null
2023-11-26 15:41:05,753 [WARN] PackLoader:240 - Cannot read IP mode file for STMicroelectronics.X-CUBE-AZRTOS-H7.3.1.0
2023-11-26 15:41:05,754 [WARN] ConditionMgr:1039 - genDependencies : Invalid condition id : UX DEVICE CLASS RTOS Condition cause : null
2023-11-26 15:41:05,754 [WARN] ConditionMgr:1039 - genDependencies : Invalid condition id : UX DEVICE CLASS RTOS Condition cause : null
2023-11-26 15:41:05,754 [WARN] ConditionMgr:1039 - genDependencies : Invalid condition id : UX DEVICE CLASS RTOS Condition cause : null
2023-11-26 15:41:05,754 [WARN] ConditionMgr:1039 - genDependencies : Invalid condition id : UX DEVICE CLASS RTOS Condition cause : null
2023-11-26 15:41:05,754 [WARN] ConditionMgr:1039 - genDependencies : Invalid condition id : UX DEVICE CLASS RTOS Condition cause : null
2023-11-26 15:41:05,764 [WARN] PackLoader:240 - Cannot read IP mode file for STMicroelectronics.X-CUBE-NFC7.1.0.1
2023-11-26 15:41:05,776 [WARN] PackLoader:240 - Cannot read IP mode file for STMicroelectronics.X-CUBE-NFC6.3.0.0
2023-11-26 15:41:05,787 [WARN] PackLoader:240 - Cannot read IP mode file for STMicroelectronics.X-CUBE-EEPRMA1.4.1.0
2023-11-26 15:41:05,798 [WARN] PackLoader:240 - Cannot read IP mode file for STMicroelectronics.X-CUBE-AI.8.1.0
2023-11-26 15:41:05,820 [WARN] ConditionMgr:438 - getConditionDescription Invalid condition id : LAN8742 Phy interface Condition cause : null
2023-11-26 15:41:05,821 [WARN] PackLoader:240 - Cannot read IP mode file for STMicroelectronics.X-CUBE-AZRTOS-L4.2.0.0
2023-11-26 15:41:05,821 [WARN] ConditionMgr:1039 - genDependencies : Invalid condition id : LAN8742 Phy interface Condition cause : null
2023-11-26 15:41:05,821 [WARN] ConditionMgr:1039 - genDependencies : Invalid condition id : LAN8742 Phy interface Condition cause : null
2023-11-26 15:41:05,822 [WARN] ConditionMgr:1039 - genDependencies : Invalid condition id : LAN8742 Phy interface Condition cause : null
2023-11-26 15:41:05,835 [WARN] PackLoader:240 - Cannot read IP mode file for STMicroelectronics.X-CUBE-SFXS2LP1.4.0.0
2023-11-26 15:41:05,846 [WARN] PackLoader:240 - Cannot read IP mode file for STMicroelectronics.X-CUBE-ISPU.1.1.0
2023-11-26 15:41:05,866 [WARN] ConditionMgr:438 - getConditionDescription Invalid condition id : UX DEVICE CLASS RTOS Condition cause : null
2023-11-26 15:41:05,866 [WARN] ConditionMgr:438 - getConditionDescription Invalid condition id : UX DEVICE CLASS RTOS Condition cause : null
2023-11-26 15:41:05,867 [WARN] PackLoader:240 - Cannot read IP mode file for STMicroelectronics.X-CUBE-AZRTOS-WB.2.0.0
2023-11-26 15:41:05,868 [WARN] ConditionMgr:1039 - genDependencies : Invalid condition id : UX DEVICE CLASS RTOS Condition cause : null
2023-11-26 15:41:05,868 [WARN] ConditionMgr:1039 - genDependencies : Invalid condition id : UX DEVICE CLASS RTOS Condition cause : null
2023-11-26 15:41:05,868 [WARN] ConditionMgr:1039 - genDependencies : Invalid condition id : UX DEVICE CLASS RTOS Condition cause : null
2023-11-26 15:41:05,868 [WARN] ConditionMgr:1039 - genDependencies : Invalid condition id : UX DEVICE CLASS RTOS Condition cause : null
2023-11-26 15:41:05,869 [WARN] ConditionMgr:1039 - genDependencies : Invalid condition id : UX DEVICE CLASS RTOS Condition cause : null
2023-11-26 15:41:05,887 [WARN] PackLoader:240 - Cannot read IP mode file for STMicroelectronics.X-CUBE-SUBG2.5.0.0
2023-11-26 15:41:05,905 [WARN] PackLoader:240 - Cannot read IP mode file for STMicroelectronics.X-CUBE-TOF1.3.3.1
2023-11-26 15:41:05,928 [WARN] PackLoader:240 - Cannot read IP mode file for STMicroelectronics.X-CUBE-AZRTOS-G4.2.0.0
2023-11-26 15:41:05,954 [WARN] PackLoader:240 - Cannot read IP mode file for Infineon.AIROC-Wi-Fi-Bluetooth-STM32.1.5.1
2023-11-26 15:41:05,970 [WARN] PackLoader:240 - Cannot read IP mode file for STMicroelectronics.FP-SNS-MOTENVWB1.1.3.0
2023-11-26 15:41:06,007 [WARN] PackLoader:240 - Cannot read IP mode file for STMicroelectronics.X-CUBE-MEMS1.10.0.0
2023-11-26 15:41:06,075 [WARN] PackLoader:240 - Cannot read IP mode file for STMicroelectronics.X-CUBE-FREERTOS.1.1.0
2023-11-26 15:41:06,089 [WARN] PackLoader:240 - Cannot read IP mode file for portGmbH.I-Cube-SoM-uGOAL.1.1.0
2023-11-26 15:41:06,104 [WARN] PackLoader:240 - Cannot read IP mode file for STMicroelectronics.X-CUBE-ALS.1.0.1
2023-11-26 15:41:06,118 [WARN] PackLoader:240 - Cannot read IP mode file for STMicroelectronics.FP-ATR-ASTRA1.2.0.0
2023-11-26 15:41:06,141 [WARN] PackLoader:240 - Cannot read IP mode file for STMicroelectronics.X-CUBE-TOF1.3.4.0
2023-11-26 15:41:06,148 [INFO] ThirdParty:978 - Integrity check success = true
2023-11-26 15:41:06,148 [INFO] IntegrityCheckThread:100 - exiting critical section [integrity check]
2023-11-26 15:41:06,148 [INFO] IntegrityCheckThread:103 - End integrity checks thread
2023-11-26 15:41:18,047 [ERROR] LogOutputStream:75 - [STDERR_REDIRECT] SLF4J: Failed to load class "org.slf4j.impl.StaticLoggerBinder".
2023-11-26 15:41:18,047 [ERROR] LogOutputStream:75 - [STDERR_REDIRECT] SLF4J: Defaulting to no-operation (NOP) logger implementation
2023-11-26 15:41:18,047 [ERROR] LogOutputStream:75 - [STDERR_REDIRECT] SLF4J: See http://www.slf4j.org/codes.html#StaticLoggerBinder for further details.
2023-11-26 16:16:10,976 [ERROR] LogOutputStream:75 - [STDERR_REDIRECT] 
